2023-12-02 19:37:18,232 [INFO] Activator:176 - 


2023-12-02 19:37:18,239 [INFO] Activator:177 - !SESSION log4j initialized
2023-12-02 19:37:25,691 [INFO] LogOutputStream:77 - [STDOUT_REDIRECT] 
2023-12-02 19:37:27,970 [INFO] ApplicationProperties:184 - Using Application install path: C:\ST\STM32CubeIDE_1.14.0\STM32CubeIDE\plugins\com.st.stm32cube.common.mx_6.10.0.202311202037
2023-12-02 19:37:27,992 [INFO] DbMcusXml:78 - Set database path to: C:\ST\STM32CubeIDE_1.14.0\STM32CubeIDE\plugins\com.st.stm32cube.common.mx_6.10.0.202311202037\\db\/mcu/
2023-12-02 19:37:27,993 [INFO] ApiDb:274 - Set plugin database path to: C:\ST\STM32CubeIDE_1.14.0\STM32CubeIDE\plugins\com.st.stm32cube.common.mx_6.10.0.202311202037\\db\/plugins/boardmanager/
2023-12-02 19:37:27,995 [WARN] ApiDb:259 - Overriding images path with different value:  => C:\ST\STM32CubeIDE_1.14.0\STM32CubeIDE\plugins\com.st.stm32cube.common.mx_6.10.0.202311202037\\db\/plugins/mcufinder/images/
2023-12-02 19:37:28,011 [INFO] ApiDb:250 - Set database path to: C:\Users\Steven\.stmcufinder\plugins\mcufinder//mcu/
2023-12-02 19:37:28,014 [INFO] DbMcusAds:125 - Set database path to: C:\Users\Steven\.stmcufinder\plugins\mcufinder//mcu/
2023-12-02 19:37:28,016 [INFO] CrossReferenceDbSqlite:203 - Set database path to: C:\Users\Steven\.stmcufinder\plugins\mcufinder//mcu/cs/
2023-12-02 19:37:28,134 [INFO] RulesReader:64 - Compatibility file has been processed (297 Rules)
2023-12-02 19:37:28,255 [INFO] DbMcusXml:78 - Set database path to: C:\ST\STM32CubeIDE_1.14.0\STM32CubeIDE\plugins\com.st.stm32cube.common.mx_6.10.0.202311202037\\db\/mcu/
2023-12-02 19:37:28,256 [INFO] ApiDb:274 - Set plugin database path to: C:\ST\STM32CubeIDE_1.14.0\STM32CubeIDE\plugins\com.st.stm32cube.common.mx_6.10.0.202311202037\\db\/plugins/boardmanager/
2023-12-02 19:37:28,257 [INFO] ApiDb:261 - Set plugin images path to: C:\ST\STM32CubeIDE_1.14.0\STM32CubeIDE\plugins\com.st.stm32cube.common.mx_6.10.0.202311202037\\db\/plugins/mcufinder/images/
2023-12-02 19:37:28,258 [WARN] DbFile:41 - Overriding database path with different value: C:\Users\Steven\.stmcufinder\plugins\mcufinder/ => C:\Users\Steven\.stmcufinder\plugins\mcufinder
2023-12-02 19:37:28,258 [INFO] ApiDb:250 - Set database path to: C:\Users\Steven\.stmcufinder\plugins\mcufinder//mcu/
2023-12-02 19:37:28,259 [WARN] DbFile:41 - Overriding database path with different value: C:\Users\Steven\.stmcufinder\plugins\mcufinder/ => C:\Users\Steven\.stmcufinder\plugins\mcufinder
2023-12-02 19:37:28,259 [INFO] DbMcusAds:125 - Set database path to: C:\Users\Steven\.stmcufinder\plugins\mcufinder//mcu/
2023-12-02 19:37:28,259 [WARN] DbFile:41 - Overriding database path with different value: C:\Users\Steven\.stmcufinder\plugins\mcufinder/ => C:\Users\Steven\.stmcufinder\plugins\mcufinder
2023-12-02 19:37:28,259 [WARN] DbFile:41 - Overriding database path with different value: C:\Users\Steven\.stmcufinder\plugins\mcufinder/ => C:\Users\Steven\.stmcufinder\plugins\mcufinder
2023-12-02 19:37:28,260 [INFO] CrossReferenceDbSqlite:203 - Set database path to: C:\Users\Steven\.stmcufinder\plugins\mcufinder//mcu/cs/
2023-12-02 19:37:28,366 [INFO] MainPanel:264 - HeapMemory: 268435456
2023-12-02 19:37:28,483 [INFO] DbMcusXml:78 - Set database path to: C:\ST\STM32CubeIDE_1.14.0\STM32CubeIDE\plugins\com.st.stm32cube.common.mx_6.10.0.202311202037\\db\/mcu/
2023-12-02 19:37:28,483 [INFO] ApiDb:274 - Set plugin database path to: C:\ST\STM32CubeIDE_1.14.0\STM32CubeIDE\plugins\com.st.stm32cube.common.mx_6.10.0.202311202037\\db\/plugins/boardmanager/
2023-12-02 19:37:28,483 [INFO] ApiDb:261 - Set plugin images path to: C:\ST\STM32CubeIDE_1.14.0\STM32CubeIDE\plugins\com.st.stm32cube.common.mx_6.10.0.202311202037\\db\/plugins/mcufinder/images/
2023-12-02 19:37:28,484 [WARN] DbFile:41 - Overriding database path with different value: C:\Users\Steven\.stmcufinder\plugins\mcufinder/ => C:\Users\Steven\.stmcufinder\plugins\mcufinder
2023-12-02 19:37:28,484 [INFO] ApiDb:250 - Set database path to: C:\Users\Steven\.stmcufinder\plugins\mcufinder//mcu/
2023-12-02 19:37:28,484 [WARN] DbFile:41 - Overriding database path with different value: C:\Users\Steven\.stmcufinder\plugins\mcufinder/ => C:\Users\Steven\.stmcufinder\plugins\mcufinder
2023-12-02 19:37:28,485 [INFO] DbMcusAds:125 - Set database path to: C:\Users\Steven\.stmcufinder\plugins\mcufinder//mcu/
2023-12-02 19:37:28,485 [WARN] DbFile:41 - Overriding database path with different value: C:\Users\Steven\.stmcufinder\plugins\mcufinder/ => C:\Users\Steven\.stmcufinder\plugins\mcufinder
2023-12-02 19:37:28,485 [WARN] DbFile:41 - Overriding database path with different value: C:\Users\Steven\.stmcufinder\plugins\mcufinder/ => C:\Users\Steven\.stmcufinder\plugins\mcufinder
2023-12-02 19:37:28,486 [INFO] CrossReferenceDbSqlite:203 - Set database path to: C:\Users\Steven\.stmcufinder\plugins\mcufinder//mcu/cs/
2023-12-02 19:37:28,511 [INFO] ApplicationProperties:184 - Using Application install path: C:\ST\STM32CubeIDE_1.14.0\STM32CubeIDE\plugins\com.st.stm32cube.common.mx_6.10.0.202311202037
2023-12-02 19:37:28,513 [INFO] PluginManage:196 - Search for loadable plugins [exclusion list=, ]
2023-12-02 19:37:28,516 [INFO] PluginManage:310 - Check plugin analytics
2023-12-02 19:37:28,729 [INFO] AnalyticsPlugin:253 - Accepted Software Licenses: STM32CubeMX.6.9.2,STM32CubeMX.6.10.0
2023-12-02 19:37:28,730 [INFO] AnalyticsPlugin:255 - Accepted CMSIS Pack Licenses: 
2023-12-02 19:37:28,730 [INFO] AnalyticsPlugin:257 - Accepted Firmware Licenses: FW.F4.1.28.0
2023-12-02 19:37:28,734 [INFO] PluginManage:359 - Loaded plugin analytics (category:tool,tabindex:-1)
2023-12-02 19:37:28,734 [INFO] PluginManage:310 - Check plugin cadmodel
2023-12-02 19:37:28,742 [INFO] CADModel:105 - Init CAD model plugin
2023-12-02 19:37:28,742 [INFO] PluginManage:359 - Loaded plugin cadmodel (category:power,tabindex:5)
2023-12-02 19:37:28,743 [INFO] PluginManage:310 - Check plugin clock
2023-12-02 19:37:28,758 [INFO] PluginManage:359 - Loaded plugin clock (category:base,tabindex:2)
2023-12-02 19:37:28,760 [INFO] PluginManage:310 - Check plugin ddr
2023-12-02 19:37:28,764 [INFO] PluginManage:359 - Loaded plugin ddr (category:tool,tabindex:6)
2023-12-02 19:37:28,764 [INFO] PluginManage:310 - Check plugin filemanager
2023-12-02 19:37:28,924 [INFO] PluginManage:359 - Loaded plugin filemanager (category:base,tabindex:10)
2023-12-02 19:37:28,924 [INFO] PluginManage:310 - Check plugin ipmanager
2023-12-02 19:37:28,933 [INFO] PluginManage:359 - Loaded plugin ipmanager (category:base,tabindex:5)
2023-12-02 19:37:28,933 [INFO] PluginManage:310 - Check plugin lpbam
2023-12-02 19:37:28,942 [INFO] PluginManage:359 - Loaded plugin lpbam (category:base,tabindex:0)
2023-12-02 19:37:28,943 [INFO] PluginManage:310 - Check plugin memorymap
2023-12-02 19:37:28,957 [INFO] PluginManage:359 - Loaded plugin memorymap (category:base,tabindex:4)
2023-12-02 19:37:28,957 [INFO] PluginManage:310 - Check plugin pinoutandconfiguration
2023-12-02 19:37:28,966 [INFO] PluginManage:359 - Loaded plugin pinoutandconfiguration (category:base,tabindex:1)
2023-12-02 19:37:28,966 [INFO] PluginManage:310 - Check plugin pinoutconfig
2023-12-02 19:37:29,065 [WARN] SupportedApi:132 - Cannot load RTOS API schema: s4s-elt-must-match.1: The content of 'definitions' must match (annotation?, (simpleType | complexType)?, (unique | key | keyref)*)). A problem was found starting at: attribute.
2023-12-02 19:37:29,200 [INFO] PluginManage:359 - Loaded plugin pinoutconfig (category:base,tabindex:0)
2023-12-02 19:37:29,201 [INFO] PluginManage:310 - Check plugin power
2023-12-02 19:37:29,214 [INFO] PluginManage:359 - Loaded plugin power (category:power,tabindex:4)
2023-12-02 19:37:29,214 [INFO] PluginManage:310 - Check plugin projectmanager
2023-12-02 19:37:29,234 [INFO] PluginManage:359 - Loaded plugin projectmanager (category:projectmanager,tabindex:3)
2023-12-02 19:37:29,234 [INFO] PluginManage:310 - Check plugin thirdparty
2023-12-02 19:37:29,385 [INFO] PluginManage:359 - Loaded plugin thirdparty (category:base,tabindex:-1)
2023-12-02 19:37:29,385 [WARN] IntegrityCheckThread:84 - waiting for thirdparty lock release [integrity check]
2023-12-02 19:37:29,385 [INFO] PluginManage:310 - Check plugin tools
2023-12-02 19:37:29,385 [INFO] IntegrityCheckThread:86 - entering critical section [integrity check]
2023-12-02 19:37:29,386 [INFO] ThirdPartyUpdaterWithRetryManager:70 - Updater plugin not ready yet. [1/15]
2023-12-02 19:37:29,389 [INFO] PluginManage:359 - Loaded plugin tools (category:base,tabindex:7)
2023-12-02 19:37:29,389 [INFO] PluginManage:310 - Check plugin tutovideos
2023-12-02 19:37:29,581 [INFO] PluginManage:359 - Loaded plugin tutovideos (category:base,tabindex:-1)
2023-12-02 19:37:29,581 [INFO] PluginManage:310 - Check plugin updater
2023-12-02 19:37:29,594 [INFO] PluginManage:359 - Loaded plugin updater (category:base,tabindex:12)
2023-12-02 19:37:29,594 [INFO] PluginManage:310 - Check plugin userauth
2023-12-02 19:37:29,601 [INFO] UserAuth:114 - Init User Auth plugin
2023-12-02 19:37:29,601 [INFO] PluginManage:359 - Loaded plugin userauth (category:base,tabindex:14)
2023-12-02 19:37:29,602 [INFO] PluginManage:283 - PluginManage : Loaded plugins [17]
2023-12-02 19:37:29,845 [INFO] PinOutPanel:1499 - setPackage(No Configuration,No Configuration)
2023-12-02 19:37:29,937 [INFO] CADModel:165 - CPN selected for project level
2023-12-02 19:37:29,937 [INFO] CADModel:114 - Register for checkConnection events
2023-12-02 19:37:29,954 [INFO] IPUIPlugin:80 - create IPUIPlugin
2023-12-02 19:37:29,955 [INFO] PluginManager:220 - loadIPPluginJar : add adc
2023-12-02 19:37:29,958 [INFO] IPUIPlugin:80 - create IPUIPlugin
2023-12-02 19:37:29,958 [INFO] PluginManager:220 - loadIPPluginJar : add aes
2023-12-02 19:37:29,962 [INFO] IPUIPlugin:80 - create IPUIPlugin
2023-12-02 19:37:29,963 [INFO] PluginManager:220 - loadIPPluginJar : add can
2023-12-02 19:37:29,965 [INFO] IPUIPlugin:80 - create IPUIPlugin
2023-12-02 19:37:29,965 [INFO] PluginManager:220 - loadIPPluginJar : add comp
2023-12-02 19:37:29,968 [INFO] IPUIPlugin:80 - create IPUIPlugin
2023-12-02 19:37:29,969 [INFO] PluginManager:220 - loadIPPluginJar : add cryp
2023-12-02 19:37:29,972 [INFO] IPUIPlugin:80 - create IPUIPlugin
2023-12-02 19:37:29,972 [INFO] PluginManager:220 - loadIPPluginJar : add dfsdm
2023-12-02 19:37:29,979 [INFO] IPUIPlugin:80 - create IPUIPlugin
2023-12-02 19:37:29,980 [INFO] PluginManager:220 - loadIPPluginJar : add dma
2023-12-02 19:37:29,983 [INFO] IPUIPlugin:80 - create IPUIPlugin
2023-12-02 19:37:29,983 [INFO] PluginManager:220 - loadIPPluginJar : add dma3
2023-12-02 19:37:29,985 [INFO] IPUIPlugin:80 - create IPUIPlugin
2023-12-02 19:37:29,986 [INFO] PluginManager:220 - loadIPPluginJar : add fatfs
2023-12-02 19:37:29,991 [INFO] IPUIPlugin:80 - create IPUIPlugin
2023-12-02 19:37:29,991 [INFO] PluginManager:220 - loadIPPluginJar : add fmc
2023-12-02 19:37:29,999 [INFO] IPUIPlugin:80 - create IPUIPlugin
2023-12-02 19:37:29,999 [INFO] PluginManager:220 - loadIPPluginJar : add freertos
2023-12-02 19:37:30,001 [INFO] IPUIPlugin:80 - create IPUIPlugin
2023-12-02 19:37:30,002 [INFO] PluginManager:220 - loadIPPluginJar : add genericplugin
2023-12-02 19:37:30,005 [INFO] IPUIPlugin:80 - create IPUIPlugin
2023-12-02 19:37:30,005 [INFO] PluginManager:220 - loadIPPluginJar : add gfxmmu
2023-12-02 19:37:30,012 [INFO] IPUIPlugin:80 - create IPUIPlugin
2023-12-02 19:37:30,012 [INFO] PluginManager:220 - loadIPPluginJar : add gic
2023-12-02 19:37:30,018 [INFO] IPUIPlugin:80 - create IPUIPlugin
2023-12-02 19:37:30,018 [INFO] PluginManager:220 - loadIPPluginJar : add gpio
2023-12-02 19:37:30,022 [INFO] IPUIPlugin:80 - create IPUIPlugin
2023-12-02 19:37:30,022 [INFO] PluginManager:220 - loadIPPluginJar : add gtzc
2023-12-02 19:37:30,026 [INFO] IPUIPlugin:80 - create IPUIPlugin
2023-12-02 19:37:30,027 [INFO] PluginManager:220 - loadIPPluginJar : add hash
2023-12-02 19:37:30,030 [INFO] IPUIPlugin:80 - create IPUIPlugin
2023-12-02 19:37:30,031 [INFO] PluginManager:220 - loadIPPluginJar : add i2c
2023-12-02 19:37:30,034 [INFO] IPUIPlugin:80 - create IPUIPlugin
2023-12-02 19:37:30,035 [INFO] PluginManager:220 - loadIPPluginJar : add i2s
2023-12-02 19:37:30,039 [INFO] IPUIPlugin:80 - create IPUIPlugin
2023-12-02 19:37:30,039 [INFO] PluginManager:220 - loadIPPluginJar : add i3c
2023-12-02 19:37:30,044 [INFO] IPUIPlugin:80 - create IPUIPlugin
2023-12-02 19:37:30,044 [INFO] PluginManager:220 - loadIPPluginJar : add ipddr
2023-12-02 19:37:30,052 [INFO] IPUIPlugin:80 - create IPUIPlugin
2023-12-02 19:37:30,052 [INFO] PluginManager:220 - loadIPPluginJar : add linkedlist
2023-12-02 19:37:30,056 [INFO] IPUIPlugin:80 - create IPUIPlugin
2023-12-02 19:37:30,056 [INFO] PluginManager:220 - loadIPPluginJar : add lorawan
2023-12-02 19:37:30,058 [INFO] IPUIPlugin:80 - create IPUIPlugin
2023-12-02 19:37:30,059 [INFO] PluginManager:220 - loadIPPluginJar : add ltdc
2023-12-02 19:37:30,065 [INFO] IPUIPlugin:80 - create IPUIPlugin
2023-12-02 19:37:30,065 [INFO] PluginManager:220 - loadIPPluginJar : add mdma
2023-12-02 19:37:30,084 [INFO] IPUIPlugin:80 - create IPUIPlugin
2023-12-02 19:37:30,084 [INFO] PluginManager:220 - loadIPPluginJar : add nvic
2023-12-02 19:37:30,087 [INFO] IPUIPlugin:80 - create IPUIPlugin
2023-12-02 19:37:30,088 [INFO] PluginManager:220 - loadIPPluginJar : add opamp
2023-12-02 19:37:30,092 [INFO] IPUIPlugin:80 - create IPUIPlugin
2023-12-02 19:37:30,092 [INFO] PluginManager:220 - loadIPPluginJar : add openamp
2023-12-02 19:37:30,096 [INFO] IPUIPlugin:80 - create IPUIPlugin
2023-12-02 19:37:30,096 [INFO] PluginManager:220 - loadIPPluginJar : add pdm2pcm
2023-12-02 19:37:30,109 [INFO] IPUIPlugin:80 - create IPUIPlugin
2023-12-02 19:37:30,112 [INFO] PluginManager:220 - loadIPPluginJar : add plateformsettings
2023-12-02 19:37:30,115 [INFO] IPUIPlugin:80 - create IPUIPlugin
2023-12-02 19:37:30,115 [INFO] PluginManager:220 - loadIPPluginJar : add quadspi
2023-12-02 19:37:30,120 [INFO] IPUIPlugin:80 - create IPUIPlugin
2023-12-02 19:37:30,120 [INFO] PluginManager:220 - loadIPPluginJar : add resmgrutility
2023-12-02 19:37:30,123 [INFO] IPUIPlugin:80 - create IPUIPlugin
2023-12-02 19:37:30,123 [INFO] PluginManager:220 - loadIPPluginJar : add sai
2023-12-02 19:37:30,127 [INFO] IPUIPlugin:80 - create IPUIPlugin
2023-12-02 19:37:30,128 [INFO] PluginManager:220 - loadIPPluginJar : add spi
2023-12-02 19:37:30,133 [INFO] IPUIPlugin:80 - create IPUIPlugin
2023-12-02 19:37:30,133 [INFO] PluginManager:220 - loadIPPluginJar : add stm32_wpan
2023-12-02 19:37:30,135 [INFO] IPUIPlugin:80 - create IPUIPlugin
2023-12-02 19:37:30,136 [INFO] PluginManager:220 - loadIPPluginJar : add tim
2023-12-02 19:37:30,139 [INFO] IPUIPlugin:80 - create IPUIPlugin
2023-12-02 19:37:30,139 [INFO] PluginManager:220 - loadIPPluginJar : add touchsensing
2023-12-02 19:37:30,142 [INFO] IPUIPlugin:80 - create IPUIPlugin
2023-12-02 19:37:30,142 [INFO] PluginManager:220 - loadIPPluginJar : add tracer_emb
2023-12-02 19:37:30,145 [INFO] IPUIPlugin:80 - create IPUIPlugin
2023-12-02 19:37:30,145 [INFO] PluginManager:220 - loadIPPluginJar : add ts
2023-12-02 19:37:30,147 [INFO] IPUIPlugin:80 - create IPUIPlugin
2023-12-02 19:37:30,147 [INFO] PluginManager:220 - loadIPPluginJar : add tsc
2023-12-02 19:37:30,149 [INFO] IPUIPlugin:80 - create IPUIPlugin
2023-12-02 19:37:30,150 [INFO] PluginManager:220 - loadIPPluginJar : add ucpd
2023-12-02 19:37:30,153 [INFO] IPUIPlugin:80 - create IPUIPlugin
2023-12-02 19:37:30,153 [INFO] PluginManager:220 - loadIPPluginJar : add usart
2023-12-02 19:37:30,156 [INFO] IPUIPlugin:80 - create IPUIPlugin
2023-12-02 19:37:30,156 [INFO] PluginManager:220 - loadIPPluginJar : add usbx
2023-12-02 19:37:30,296 [INFO] CADModel:165 - CPN selected for project level
2023-12-02 19:37:30,297 [INFO] CADModel:114 - Register for checkConnection events
2023-12-02 19:37:30,298 [FATAL] Updater:308 - Updater called before beeing initialized
2023-12-02 19:37:30,299 [ERROR] CADModel:125 - Updater not yet initialized, retry later 
2023-12-02 19:37:30,456 [INFO] CADModel:165 - CPN selected for project level
2023-12-02 19:37:30,456 [INFO] CADModel:114 - Register for checkConnection events
2023-12-02 19:37:30,457 [FATAL] Updater:308 - Updater called before beeing initialized
2023-12-02 19:37:30,457 [ERROR] CADModel:125 - Updater not yet initialized, retry later 
2023-12-02 19:37:30,461 [FATAL] Updater:308 - Updater called before beeing initialized
2023-12-02 19:37:30,593 [FATAL] Updater:308 - Updater called before beeing initialized
2023-12-02 19:37:30,597 [INFO] DbMcusAds:53 - JSON generation date=Tue Mar 07 08:50:55 GMT 2023 (1678179055335)
2023-12-02 19:37:30,598 [FATAL] Updater:308 - Updater called before beeing initialized
2023-12-02 19:37:30,679 [WARN] DetailPanel:346 - Failed to get advertising image, set to default
2023-12-02 19:37:30,778 [FATAL] Updater:308 - Updater called before beeing initialized
2023-12-02 19:37:30,780 [FATAL] Updater:308 - Updater called before beeing initialized
2023-12-02 19:37:30,781 [FATAL] Updater:308 - Updater called before beeing initialized
2023-12-02 19:37:30,781 [WARN] DetailPanel:346 - Failed to get advertising image, set to default
2023-12-02 19:37:30,782 [FATAL] Updater:308 - Updater called before beeing initialized
2023-12-02 19:37:30,840 [ERROR] Updater:1120 - MainUpdater not yet initialized. External WinMGr cannot be set.
2023-12-02 19:37:30,843 [INFO] Updater:1056 - Updater Version found : 6.10.0
2023-12-02 19:37:30,867 [INFO] ApplicationProperties:184 - Using Application install path: C:\ST\STM32CubeIDE_1.14.0\STM32CubeIDE\plugins\com.st.stm32cube.common.mx_6.10.0.202311202037
2023-12-02 19:37:31,343 [INFO] MainUpdater:2873 - connection check result : 10
2023-12-02 19:37:31,345 [INFO] MainUpdater:290 - Updater Check For Update Now.
2023-12-02 19:37:31,346 [INFO] MicroXplorer:498 - Change Database Version : DB.6.0.100
2023-12-02 19:37:31,357 [INFO] McuFinderGlobals:63 - Set McuFinder mode to 2 (CubeIDE integrated)
2023-12-02 19:37:31,475 [INFO] UserAuth:404 - Internet connection configuration mode: 1
2023-12-02 19:37:31,508 [INFO] JxBrowserEngine:152 - Initiate JxBrowser Engine with user profile folder
2023-12-02 19:37:31,549 [INFO] CheckServerUpdateThread:120 - End of CheckServer Thread
2023-12-02 19:37:32,888 [ERROR] LogOutputStream:75 - [STDERR_REDIRECT] 
