2024-03-24 09:34:43,573 [INFO] Activator:176 - 


2024-03-24 09:34:43,578 [INFO] Activator:177 - !SESSION log4j initialized
2024-03-24 09:34:50,808 [INFO] LogOutputStream:77 - [STDOUT_REDIRECT] 
2024-03-24 09:34:59,124 [INFO] ApplicationProperties:184 - Using Application install path: C:\ST\STM32CubeIDE_1.14.0\STM32CubeIDE\plugins\com.st.stm32cube.common.mx_6.11.0.202403141607
2024-03-24 09:34:59,140 [INFO] DbMcusXml:78 - Set database path to: C:\ST\STM32CubeIDE_1.14.0\STM32CubeIDE\plugins\com.st.stm32cube.common.mx_6.11.0.202403141607\\db\/mcu/
2024-03-24 09:34:59,140 [INFO] ApiDb:274 - Set plugin database path to: C:\ST\STM32CubeIDE_1.14.0\STM32CubeIDE\plugins\com.st.stm32cube.common.mx_6.11.0.202403141607\\db\/plugins/boardmanager/
2024-03-24 09:34:59,141 [WARN] ApiDb:259 - Overriding images path with different value:  => C:\ST\STM32CubeIDE_1.14.0\STM32CubeIDE\plugins\com.st.stm32cube.common.mx_6.11.0.202403141607\\db\/plugins/mcufinder/images/
2024-03-24 09:34:59,150 [INFO] ApiDb:250 - Set database path to: C:\Users\Steven\.stmcufinder\plugins\mcufinder//mcu/
2024-03-24 09:34:59,151 [INFO] DbMcusAds:125 - Set database path to: C:\Users\Steven\.stmcufinder\plugins\mcufinder//mcu/
2024-03-24 09:34:59,153 [INFO] CrossReferenceDbSqlite:203 - Set database path to: C:\Users\Steven\.stmcufinder\plugins\mcufinder//mcu/cs/
2024-03-24 09:34:59,262 [INFO] RulesReader:64 - Compatibility file has been processed (297 Rules)
2024-03-24 09:34:59,360 [INFO] DbMcusXml:78 - Set database path to: C:\ST\STM32CubeIDE_1.14.0\STM32CubeIDE\plugins\com.st.stm32cube.common.mx_6.11.0.202403141607\\db\/mcu/
2024-03-24 09:34:59,360 [INFO] ApiDb:274 - Set plugin database path to: C:\ST\STM32CubeIDE_1.14.0\STM32CubeIDE\plugins\com.st.stm32cube.common.mx_6.11.0.202403141607\\db\/plugins/boardmanager/
2024-03-24 09:34:59,360 [INFO] ApiDb:261 - Set plugin images path to: C:\ST\STM32CubeIDE_1.14.0\STM32CubeIDE\plugins\com.st.stm32cube.common.mx_6.11.0.202403141607\\db\/plugins/mcufinder/images/
2024-03-24 09:34:59,360 [WARN] DbFile:41 - Overriding database path with different value: C:\Users\Steven\.stmcufinder\plugins\mcufinder/ => C:\Users\Steven\.stmcufinder\plugins\mcufinder
2024-03-24 09:34:59,360 [INFO] ApiDb:250 - Set database path to: C:\Users\Steven\.stmcufinder\plugins\mcufinder//mcu/
2024-03-24 09:34:59,360 [WARN] DbFile:41 - Overriding database path with different value: C:\Users\Steven\.stmcufinder\plugins\mcufinder/ => C:\Users\Steven\.stmcufinder\plugins\mcufinder
2024-03-24 09:34:59,360 [INFO] DbMcusAds:125 - Set database path to: C:\Users\Steven\.stmcufinder\plugins\mcufinder//mcu/
2024-03-24 09:34:59,360 [WARN] DbFile:41 - Overriding database path with different value: C:\Users\Steven\.stmcufinder\plugins\mcufinder/ => C:\Users\Steven\.stmcufinder\plugins\mcufinder
2024-03-24 09:34:59,360 [WARN] DbFile:41 - Overriding database path with different value: C:\Users\Steven\.stmcufinder\plugins\mcufinder/ => C:\Users\Steven\.stmcufinder\plugins\mcufinder
2024-03-24 09:34:59,361 [INFO] CrossReferenceDbSqlite:203 - Set database path to: C:\Users\Steven\.stmcufinder\plugins\mcufinder//mcu/cs/
2024-03-24 09:34:59,442 [INFO] MainPanel:264 - HeapMemory: 268435456
2024-03-24 09:34:59,574 [INFO] DbMcusXml:78 - Set database path to: C:\ST\STM32CubeIDE_1.14.0\STM32CubeIDE\plugins\com.st.stm32cube.common.mx_6.11.0.202403141607\\db\/mcu/
2024-03-24 09:34:59,574 [INFO] ApiDb:274 - Set plugin database path to: C:\ST\STM32CubeIDE_1.14.0\STM32CubeIDE\plugins\com.st.stm32cube.common.mx_6.11.0.202403141607\\db\/plugins/boardmanager/
2024-03-24 09:34:59,574 [INFO] ApiDb:261 - Set plugin images path to: C:\ST\STM32CubeIDE_1.14.0\STM32CubeIDE\plugins\com.st.stm32cube.common.mx_6.11.0.202403141607\\db\/plugins/mcufinder/images/
2024-03-24 09:34:59,574 [WARN] DbFile:41 - Overriding database path with different value: C:\Users\Steven\.stmcufinder\plugins\mcufinder/ => C:\Users\Steven\.stmcufinder\plugins\mcufinder
2024-03-24 09:34:59,574 [INFO] ApiDb:250 - Set database path to: C:\Users\Steven\.stmcufinder\plugins\mcufinder//mcu/
2024-03-24 09:34:59,575 [WARN] DbFile:41 - Overriding database path with different value: C:\Users\Steven\.stmcufinder\plugins\mcufinder/ => C:\Users\Steven\.stmcufinder\plugins\mcufinder
2024-03-24 09:34:59,575 [INFO] DbMcusAds:125 - Set database path to: C:\Users\Steven\.stmcufinder\plugins\mcufinder//mcu/
2024-03-24 09:34:59,575 [WARN] DbFile:41 - Overriding database path with different value: C:\Users\Steven\.stmcufinder\plugins\mcufinder/ => C:\Users\Steven\.stmcufinder\plugins\mcufinder
2024-03-24 09:34:59,575 [WARN] DbFile:41 - Overriding database path with different value: C:\Users\Steven\.stmcufinder\plugins\mcufinder/ => C:\Users\Steven\.stmcufinder\plugins\mcufinder
2024-03-24 09:34:59,575 [INFO] CrossReferenceDbSqlite:203 - Set database path to: C:\Users\Steven\.stmcufinder\plugins\mcufinder//mcu/cs/
2024-03-24 09:34:59,595 [INFO] ApplicationProperties:184 - Using Application install path: C:\ST\STM32CubeIDE_1.14.0\STM32CubeIDE\plugins\com.st.stm32cube.common.mx_6.11.0.202403141607
2024-03-24 09:34:59,596 [INFO] PluginManage:196 - Search for loadable plugins [exclusion list=, ]
2024-03-24 09:34:59,598 [INFO] PluginManage:310 - Check plugin analytics
2024-03-24 09:34:59,811 [INFO] AnalyticsPlugin:253 - Accepted Software Licenses: STM32CubeMX.6.10.0
2024-03-24 09:34:59,811 [INFO] AnalyticsPlugin:255 - Accepted CMSIS Pack Licenses: 
2024-03-24 09:34:59,811 [INFO] AnalyticsPlugin:257 - Accepted Firmware Licenses: 
2024-03-24 09:34:59,814 [INFO] PluginManage:359 - Loaded plugin analytics (category:tool,tabindex:-1)
2024-03-24 09:34:59,814 [INFO] PluginManage:310 - Check plugin cadmodel
2024-03-24 09:34:59,821 [INFO] CADModel:105 - Init CAD model plugin
2024-03-24 09:34:59,821 [INFO] PluginManage:359 - Loaded plugin cadmodel (category:power,tabindex:5)
2024-03-24 09:34:59,821 [INFO] PluginManage:310 - Check plugin clock
2024-03-24 09:34:59,834 [INFO] PluginManage:359 - Loaded plugin clock (category:base,tabindex:2)
2024-03-24 09:34:59,834 [INFO] PluginManage:310 - Check plugin ddr
2024-03-24 09:34:59,837 [INFO] PluginManage:359 - Loaded plugin ddr (category:tool,tabindex:6)
2024-03-24 09:34:59,837 [INFO] PluginManage:310 - Check plugin filemanager
2024-03-24 09:34:59,973 [INFO] PluginManage:359 - Loaded plugin filemanager (category:base,tabindex:10)
2024-03-24 09:34:59,973 [INFO] PluginManage:310 - Check plugin ipmanager
2024-03-24 09:34:59,981 [INFO] PluginManage:359 - Loaded plugin ipmanager (category:base,tabindex:5)
2024-03-24 09:34:59,982 [INFO] PluginManage:310 - Check plugin lpbam
2024-03-24 09:34:59,992 [INFO] PluginManage:359 - Loaded plugin lpbam (category:base,tabindex:0)
2024-03-24 09:34:59,992 [INFO] PluginManage:310 - Check plugin memorymap
2024-03-24 09:35:00,010 [INFO] PluginManage:359 - Loaded plugin memorymap (category:base,tabindex:4)
2024-03-24 09:35:00,010 [INFO] PluginManage:310 - Check plugin pinoutandconfiguration
2024-03-24 09:35:00,022 [INFO] PluginManage:359 - Loaded plugin pinoutandconfiguration (category:base,tabindex:1)
2024-03-24 09:35:00,023 [INFO] PluginManage:310 - Check plugin pinoutconfig
2024-03-24 09:35:00,121 [WARN] SupportedApi:132 - Cannot load RTOS API schema: s4s-elt-must-match.1: The content of 'definitions' must match (annotation?, (simpleType | complexType)?, (unique | key | keyref)*)). A problem was found starting at: attribute.
2024-03-24 09:35:00,257 [INFO] PluginManage:359 - Loaded plugin pinoutconfig (category:base,tabindex:0)
2024-03-24 09:35:00,258 [INFO] PluginManage:310 - Check plugin power
2024-03-24 09:35:00,269 [INFO] PluginManage:359 - Loaded plugin power (category:power,tabindex:4)
2024-03-24 09:35:00,269 [INFO] PluginManage:310 - Check plugin projectmanager
2024-03-24 09:35:00,284 [INFO] PluginManage:359 - Loaded plugin projectmanager (category:projectmanager,tabindex:3)
2024-03-24 09:35:00,285 [INFO] PluginManage:310 - Check plugin thirdparty
2024-03-24 09:35:00,424 [INFO] PluginManage:359 - Loaded plugin thirdparty (category:base,tabindex:-1)
2024-03-24 09:35:00,424 [WARN] IntegrityCheckThread:84 - waiting for thirdparty lock release [integrity check]
2024-03-24 09:35:00,424 [INFO] PluginManage:310 - Check plugin tools
2024-03-24 09:35:00,424 [INFO] IntegrityCheckThread:86 - entering critical section [integrity check]
2024-03-24 09:35:00,425 [INFO] ThirdPartyUpdaterWithRetryManager:70 - Updater plugin not ready yet. [1/15]
2024-03-24 09:35:00,427 [INFO] PluginManage:359 - Loaded plugin tools (category:base,tabindex:7)
2024-03-24 09:35:00,428 [INFO] PluginManage:310 - Check plugin tutovideos
2024-03-24 09:35:00,609 [INFO] PluginManage:359 - Loaded plugin tutovideos (category:base,tabindex:-1)
2024-03-24 09:35:00,609 [INFO] PluginManage:310 - Check plugin updater
2024-03-24 09:35:00,621 [INFO] PluginManage:359 - Loaded plugin updater (category:base,tabindex:12)
2024-03-24 09:35:00,621 [INFO] PluginManage:310 - Check plugin userauth
2024-03-24 09:35:00,626 [INFO] UserAuth:114 - Init User Auth plugin
2024-03-24 09:35:00,626 [INFO] PluginManage:359 - Loaded plugin userauth (category:base,tabindex:14)
2024-03-24 09:35:00,627 [INFO] PluginManage:283 - PluginManage : Loaded plugins [17]
2024-03-24 09:35:00,884 [INFO] PinOutPanel:1561 - setPackage(No Configuration,No Configuration)
2024-03-24 09:35:00,967 [INFO] CADModel:165 - CPN selected for project level
2024-03-24 09:35:00,967 [INFO] CADModel:114 - Register for checkConnection events
2024-03-24 09:35:00,983 [INFO] IPUIPlugin:80 - create IPUIPlugin
2024-03-24 09:35:00,983 [INFO] PluginManager:220 - loadIPPluginJar : add adc
2024-03-24 09:35:00,986 [INFO] IPUIPlugin:80 - create IPUIPlugin
2024-03-24 09:35:00,987 [INFO] PluginManager:220 - loadIPPluginJar : add aes
2024-03-24 09:35:00,991 [INFO] IPUIPlugin:80 - create IPUIPlugin
2024-03-24 09:35:00,991 [INFO] PluginManager:220 - loadIPPluginJar : add can
2024-03-24 09:35:00,993 [INFO] IPUIPlugin:80 - create IPUIPlugin
2024-03-24 09:35:00,993 [INFO] PluginManager:220 - loadIPPluginJar : add comp
2024-03-24 09:35:00,997 [INFO] IPUIPlugin:80 - create IPUIPlugin
2024-03-24 09:35:00,997 [INFO] PluginManager:220 - loadIPPluginJar : add cryp
2024-03-24 09:35:00,999 [INFO] IPUIPlugin:80 - create IPUIPlugin
2024-03-24 09:35:00,999 [INFO] PluginManager:220 - loadIPPluginJar : add dfsdm
2024-03-24 09:35:01,005 [INFO] IPUIPlugin:80 - create IPUIPlugin
2024-03-24 09:35:01,006 [INFO] PluginManager:220 - loadIPPluginJar : add dma
2024-03-24 09:35:01,010 [INFO] IPUIPlugin:80 - create IPUIPlugin
2024-03-24 09:35:01,010 [INFO] PluginManager:220 - loadIPPluginJar : add dma3
2024-03-24 09:35:01,012 [INFO] IPUIPlugin:80 - create IPUIPlugin
2024-03-24 09:35:01,012 [INFO] PluginManager:220 - loadIPPluginJar : add extmemmanager
2024-03-24 09:35:01,014 [INFO] IPUIPlugin:80 - create IPUIPlugin
2024-03-24 09:35:01,014 [INFO] PluginManager:220 - loadIPPluginJar : add fatfs
2024-03-24 09:35:01,018 [INFO] IPUIPlugin:80 - create IPUIPlugin
2024-03-24 09:35:01,018 [INFO] PluginManager:220 - loadIPPluginJar : add fmc
2024-03-24 09:35:01,023 [INFO] IPUIPlugin:80 - create IPUIPlugin
2024-03-24 09:35:01,024 [INFO] PluginManager:220 - loadIPPluginJar : add freertos
2024-03-24 09:35:01,025 [INFO] IPUIPlugin:80 - create IPUIPlugin
2024-03-24 09:35:01,025 [INFO] PluginManager:220 - loadIPPluginJar : add genericplugin
2024-03-24 09:35:01,028 [INFO] IPUIPlugin:80 - create IPUIPlugin
2024-03-24 09:35:01,028 [INFO] PluginManager:220 - loadIPPluginJar : add gfxmmu
2024-03-24 09:35:01,032 [INFO] IPUIPlugin:80 - create IPUIPlugin
2024-03-24 09:35:01,032 [INFO] PluginManager:220 - loadIPPluginJar : add gic
2024-03-24 09:35:01,036 [INFO] IPUIPlugin:80 - create IPUIPlugin
2024-03-24 09:35:01,036 [INFO] PluginManager:220 - loadIPPluginJar : add gpio
2024-03-24 09:35:01,039 [INFO] IPUIPlugin:80 - create IPUIPlugin
2024-03-24 09:35:01,039 [INFO] PluginManager:220 - loadIPPluginJar : add gtzc
2024-03-24 09:35:01,041 [INFO] IPUIPlugin:80 - create IPUIPlugin
2024-03-24 09:35:01,041 [INFO] PluginManager:220 - loadIPPluginJar : add hash
2024-03-24 09:35:01,044 [INFO] IPUIPlugin:80 - create IPUIPlugin
2024-03-24 09:35:01,044 [INFO] PluginManager:220 - loadIPPluginJar : add i2c
2024-03-24 09:35:01,046 [INFO] IPUIPlugin:80 - create IPUIPlugin
2024-03-24 09:35:01,046 [INFO] PluginManager:220 - loadIPPluginJar : add i2s
2024-03-24 09:35:01,049 [INFO] IPUIPlugin:80 - create IPUIPlugin
2024-03-24 09:35:01,049 [INFO] PluginManager:220 - loadIPPluginJar : add i3c
2024-03-24 09:35:01,053 [INFO] IPUIPlugin:80 - create IPUIPlugin
2024-03-24 09:35:01,053 [INFO] PluginManager:220 - loadIPPluginJar : add ipddr
2024-03-24 09:35:01,061 [INFO] IPUIPlugin:80 - create IPUIPlugin
2024-03-24 09:35:01,061 [INFO] PluginManager:220 - loadIPPluginJar : add linkedlist
2024-03-24 09:35:01,064 [INFO] IPUIPlugin:80 - create IPUIPlugin
2024-03-24 09:35:01,064 [INFO] PluginManager:220 - loadIPPluginJar : add lorawan
2024-03-24 09:35:01,067 [INFO] IPUIPlugin:80 - create IPUIPlugin
2024-03-24 09:35:01,067 [INFO] PluginManager:220 - loadIPPluginJar : add ltdc
2024-03-24 09:35:01,075 [INFO] IPUIPlugin:80 - create IPUIPlugin
2024-03-24 09:35:01,075 [INFO] PluginManager:220 - loadIPPluginJar : add mdma
2024-03-24 09:35:01,079 [INFO] IPUIPlugin:80 - create IPUIPlugin
2024-03-24 09:35:01,080 [INFO] PluginManager:220 - loadIPPluginJar : add nvic
2024-03-24 09:35:01,083 [INFO] IPUIPlugin:80 - create IPUIPlugin
2024-03-24 09:35:01,083 [INFO] PluginManager:220 - loadIPPluginJar : add opamp
2024-03-24 09:35:01,087 [INFO] IPUIPlugin:80 - create IPUIPlugin
2024-03-24 09:35:01,087 [INFO] PluginManager:220 - loadIPPluginJar : add openamp
2024-03-24 09:35:01,091 [INFO] IPUIPlugin:80 - create IPUIPlugin
2024-03-24 09:35:01,091 [INFO] PluginManager:220 - loadIPPluginJar : add pdm2pcm
2024-03-24 09:35:01,098 [INFO] IPUIPlugin:80 - create IPUIPlugin
2024-03-24 09:35:01,101 [INFO] PluginManager:220 - loadIPPluginJar : add plateformsettings
2024-03-24 09:35:01,103 [INFO] IPUIPlugin:80 - create IPUIPlugin
2024-03-24 09:35:01,103 [INFO] PluginManager:220 - loadIPPluginJar : add quadspi
2024-03-24 09:35:01,107 [INFO] IPUIPlugin:80 - create IPUIPlugin
2024-03-24 09:35:01,107 [INFO] PluginManager:220 - loadIPPluginJar : add resmgrutility
2024-03-24 09:35:01,111 [INFO] IPUIPlugin:80 - create IPUIPlugin
2024-03-24 09:35:01,111 [INFO] PluginManager:220 - loadIPPluginJar : add sai
2024-03-24 09:35:01,114 [INFO] IPUIPlugin:80 - create IPUIPlugin
2024-03-24 09:35:01,115 [INFO] PluginManager:220 - loadIPPluginJar : add spi
2024-03-24 09:35:01,120 [INFO] IPUIPlugin:80 - create IPUIPlugin
2024-03-24 09:35:01,120 [INFO] PluginManager:220 - loadIPPluginJar : add stm32_wpan
2024-03-24 09:35:01,123 [INFO] IPUIPlugin:80 - create IPUIPlugin
2024-03-24 09:35:01,123 [INFO] PluginManager:220 - loadIPPluginJar : add tim
2024-03-24 09:35:01,127 [INFO] IPUIPlugin:80 - create IPUIPlugin
2024-03-24 09:35:01,127 [INFO] PluginManager:220 - loadIPPluginJar : add touchsensing
2024-03-24 09:35:01,130 [INFO] IPUIPlugin:80 - create IPUIPlugin
2024-03-24 09:35:01,130 [INFO] PluginManager:220 - loadIPPluginJar : add tracer_emb
2024-03-24 09:35:01,132 [INFO] IPUIPlugin:80 - create IPUIPlugin
2024-03-24 09:35:01,132 [INFO] PluginManager:220 - loadIPPluginJar : add ts
2024-03-24 09:35:01,135 [INFO] IPUIPlugin:80 - create IPUIPlugin
2024-03-24 09:35:01,135 [INFO] PluginManager:220 - loadIPPluginJar : add tsc
2024-03-24 09:35:01,137 [INFO] IPUIPlugin:80 - create IPUIPlugin
2024-03-24 09:35:01,137 [INFO] PluginManager:220 - loadIPPluginJar : add ucpd
2024-03-24 09:35:01,141 [INFO] IPUIPlugin:80 - create IPUIPlugin
2024-03-24 09:35:01,141 [INFO] PluginManager:220 - loadIPPluginJar : add usart
2024-03-24 09:35:01,145 [INFO] IPUIPlugin:80 - create IPUIPlugin
2024-03-24 09:35:01,145 [INFO] PluginManager:220 - loadIPPluginJar : add usbx
2024-03-24 09:35:01,278 [INFO] CADModel:165 - CPN selected for project level
2024-03-24 09:35:01,278 [INFO] CADModel:114 - Register for checkConnection events
2024-03-24 09:35:01,278 [FATAL] Updater:308 - Updater called before beeing initialized
2024-03-24 09:35:01,278 [ERROR] CADModel:125 - Updater not yet initialized, retry later 
2024-03-24 09:35:01,443 [INFO] CADModel:165 - CPN selected for project level
2024-03-24 09:35:01,443 [INFO] CADModel:114 - Register for checkConnection events
2024-03-24 09:35:01,443 [FATAL] Updater:308 - Updater called before beeing initialized
2024-03-24 09:35:01,443 [ERROR] CADModel:125 - Updater not yet initialized, retry later 
2024-03-24 09:35:01,446 [FATAL] Updater:308 - Updater called before beeing initialized
2024-03-24 09:35:01,556 [FATAL] Updater:308 - Updater called before beeing initialized
2024-03-24 09:35:01,561 [INFO] DbMcusAds:53 - JSON generation date=Thu Sep 30 07:55:09 BST 2021 (1632984909247)
2024-03-24 09:35:01,561 [FATAL] Updater:308 - Updater called before beeing initialized
2024-03-24 09:35:01,606 [WARN] DetailPanel:346 - Failed to get advertising image, set to default
2024-03-24 09:35:01,690 [FATAL] Updater:308 - Updater called before beeing initialized
2024-03-24 09:35:01,691 [FATAL] Updater:308 - Updater called before beeing initialized
2024-03-24 09:35:01,691 [FATAL] Updater:308 - Updater called before beeing initialized
2024-03-24 09:35:01,692 [WARN] DetailPanel:346 - Failed to get advertising image, set to default
2024-03-24 09:35:01,692 [FATAL] Updater:308 - Updater called before beeing initialized
2024-03-24 09:35:01,737 [ERROR] Updater:1120 - MainUpdater not yet initialized. External WinMGr cannot be set.
2024-03-24 09:35:01,739 [INFO] Updater:1056 - Updater Version found : 6.11.0
2024-03-24 09:35:01,759 [INFO] ApplicationProperties:184 - Using Application install path: C:\ST\STM32CubeIDE_1.14.0\STM32CubeIDE\plugins\com.st.stm32cube.common.mx_6.11.0.202403141607
2024-03-24 09:35:03,344 [ERROR] LogOutputStream:75 - [STDERR_REDIRECT] Mar 24, 2024 9:35:03 AM java.util.prefs.WindowsPreferences <init>
2024-03-24 09:35:03,345 [ERROR] LogOutputStream:75 - [STDERR_REDIRECT] WARNING: Could not open/create prefs root node Software\JavaSoft\Prefs at root 0xffffffff80000002. Windows RegCreateKeyEx(...) returned error code 5.
2024-03-24 09:35:03,345 [ERROR] LogOutputStream:75 - [STDERR_REDIRECT] 
2024-03-24 09:35:03,426 [INFO] ThirdPartyUpdaterWithRetryManager:70 - Updater plugin not ready yet. [2/15]
2024-03-24 09:35:03,667 [INFO] MainUpdater:2873 - connection check result : 10
2024-03-24 09:35:03,667 [INFO] MainUpdater:290 - Updater Check For Update Now.
2024-03-24 09:35:03,668 [INFO] MicroXplorer:498 - Change Database Version : DB.6.0.110
2024-03-24 09:35:03,675 [INFO] McuFinderGlobals:63 - Set McuFinder mode to 2 (CubeIDE integrated)
2024-03-24 09:35:03,684 [INFO] UserAuth:415 - Internet connection configuration mode: 1
2024-03-24 09:35:03,715 [INFO] JxBrowserEngine:152 - Initiate JxBrowser Engine with user profile folder
2024-03-24 09:35:03,843 [INFO] CheckServerUpdateThread:120 - End of CheckServer Thread
2024-03-24 09:35:04,733 [INFO] WebApp:161 - Instantiating new browser for Auth
2024-03-24 09:35:05,450 [INFO] WebApp:779 - Register for checkConnection events
2024-03-24 09:35:05,451 [INFO] WebApp:414 - Apply proxy settings
2024-03-24 09:35:05,451 [INFO] WebApp:499 - Chromium requires no authentication
2024-03-24 09:35:05,460 [INFO] WebApp:442 - Direct internet connection detected
2024-03-24 09:35:05,671 [INFO] WebApp:192 - Starting web application
2024-03-24 09:35:05,671 [INFO] WebApp:544 - Web application path used C:\ST\STM32CubeIDE_1.14.0\STM32CubeIDE\plugins\com.st.stm32cube.common.mx_6.11.0.202403141607\db\plugins\mcufinder\reactClient1\index.html
2024-03-24 09:35:06,615 [WARN] PackLoader:240 - Cannot read IP mode file for STMicroelectronics.X-CUBE-SMBUS.2.1.0
2024-03-24 09:35:06,627 [WARN] PackLoader:240 - Cannot read IP mode file for STMicroelectronics.X-CUBE-TOUCHGFX.4.23.0
2024-03-24 09:35:06,658 [WARN] PackLoader:240 - Cannot read IP mode file for STMicroelectronics.X-CUBE-AZRTOS-F7.1.1.0
2024-03-24 09:35:06,672 [WARN] PackLoader:240 - Cannot read IP mode file for STMicroelectronics.FP-SNS-MOTENV1.4.3.2
2024-03-24 09:35:06,682 [WARN] PackLoader:240 - Cannot read IP mode file for STMicroelectronics.FP-SNS-FLIGHT1.5.0.2
2024-03-24 09:35:06,695 [WARN] PackLoader:240 - Cannot read IP mode file for STMicroelectronics.X-CUBE-DISPLAY.3.0.0
2024-03-24 09:35:06,712 [WARN] PackLoader:240 - Cannot read IP mode file for STMicroelectronics.X-CUBE-BLE1.7.0.0
2024-03-24 09:35:06,719 [WARN] PackLoader:240 - Cannot read IP mode file for emotas.I-CUBE-CANOPEN.1.3.0
2024-03-24 09:35:06,732 [WARN] PackLoader:240 - Cannot read IP mode file for STMicroelectronics.X-CUBE-BLEMGR.3.1.0
2024-03-24 09:35:06,742 [WARN] PackLoader:240 - Cannot read IP mode file for STMicroelectronics.FP-SNS-SMARTAG2.1.2.0
2024-03-24 09:35:06,755 [INFO] LogOutputStream:77 - [STDOUT_REDIRECT] 1 : Invalid condition id : UX_CORESTACK_Condition cause : null
2024-03-24 09:35:06,756 [INFO] LogOutputStream:77 - [STDOUT_REDIRECT] 1 : Invalid condition id : UX_CORESTACK_Condition cause : null
2024-03-24 09:35:06,757 [INFO] LogOutputStream:77 - [STDOUT_REDIRECT] 1 : Invalid condition id : UX_CORESTACK_Condition cause : null
2024-03-24 09:35:06,758 [INFO] LogOutputStream:77 - [STDOUT_REDIRECT] 1 : Invalid condition id : UX_CORESTACK_Condition cause : null
2024-03-24 09:35:06,759 [INFO] LogOutputStream:77 - [STDOUT_REDIRECT] 1 : Invalid condition id : UX_CORESTACK_Condition cause : null
2024-03-24 09:35:06,763 [WARN] PackLoader:240 - Cannot read IP mode file for STMicroelectronics.X-CUBE-AZRTOS-WL.2.0.0
2024-03-24 09:35:06,775 [WARN] PackLoader:240 - Cannot read IP mode file for WES.I-CUBE-Cesium.1.3.0
2024-03-24 09:35:06,780 [WARN] PackLoader:240 - Cannot read IP mode file for STMicroelectronics.X-CUBE-BLE2.3.3.0
2024-03-24 09:35:06,789 [WARN] PackLoader:240 - Cannot read IP mode file for STMicroelectronics.X-CUBE-ALGOBUILD.1.3.0
2024-03-24 09:35:06,810 [WARN] PackLoader:240 - Cannot read IP mode file for STMicroelectronics.X-CUBE-AZRTOS-G0.1.1.0
2024-03-24 09:35:06,819 [WARN] PackLoader:240 - Cannot read IP mode file for STMicroelectronics.X-CUBE-NFC4.3.0.0
2024-03-24 09:35:06,829 [WARN] PackLoader:240 - Cannot read IP mode file for STMicroelectronics.X-CUBE-BLEMGR.3.0.0
2024-03-24 09:35:06,836 [WARN] PackLoader:240 - Cannot read IP mode file for STMicroelectronics.FP-ATR-SIGFOX1.3.2.0
2024-03-24 09:35:06,850 [WARN] PackLoader:240 - Cannot read IP mode file for STMicroelectronics.X-CUBE-EEPRMA1.5.1.0
2024-03-24 09:35:06,898 [WARN] PackLoader:240 - Cannot read IP mode file for SEGGER.I-CUBE-embOS.1.3.1
2024-03-24 09:35:06,977 [WARN] PackLoader:240 - Cannot read IP mode file for STMicroelectronics.X-CUBE-GNSS1.6.0.0
2024-03-24 09:35:07,000 [WARN] PackLoader:240 - Cannot read IP mode file for STMicroelectronics.X-CUBE-AZRTOS-F4.1.1.0
2024-03-24 09:35:07,006 [WARN] PackLoader:240 - Cannot read IP mode file for wolfSSL.I-CUBE-wolfSSL.5.6.6
2024-03-24 09:35:07,026 [WARN] PackLoader:240 - Cannot read IP mode file for STMicroelectronics.X-CUBE-AZRTOS-L5.2.0.0
2024-03-24 09:35:07,035 [WARN] PackLoader:240 - Cannot read IP mode file for STMicroelectronics.X-CUBE-EEPRMA1.4.2.0
2024-03-24 09:35:07,043 [WARN] PackLoader:240 - Cannot read IP mode file for STMicroelectronics.X-CUBE-NFC6.3.1.0
2024-03-24 09:35:07,052 [WARN] PackLoader:240 - Cannot read IP mode file for ITTIA_DB.I-CUBE-ITTIADB.8.8.0
2024-03-24 09:35:07,058 [WARN] PackLoader:240 - Cannot read IP mode file for STMicroelectronics.X-CUBE-NFC7.1.0.1
2024-03-24 09:35:07,067 [WARN] PackLoader:240 - Cannot read IP mode file for STMicroelectronics.X-CUBE-NFC6.3.0.0
2024-03-24 09:35:07,075 [WARN] PackLoader:240 - Cannot read IP mode file for STMicroelectronics.X-CUBE-AI.8.1.0
2024-03-24 09:35:07,094 [WARN] ConditionMgr:438 - getConditionDescription Invalid condition id : LAN8742 Phy interface Condition cause : null
2024-03-24 09:35:07,095 [WARN] PackLoader:240 - Cannot read IP mode file for STMicroelectronics.X-CUBE-AZRTOS-L4.2.0.0
2024-03-24 09:35:07,096 [WARN] ConditionMgr:1039 - genDependencies : Invalid condition id : LAN8742 Phy interface Condition cause : null
2024-03-24 09:35:07,097 [WARN] ConditionMgr:1039 - genDependencies : Invalid condition id : LAN8742 Phy interface Condition cause : null
2024-03-24 09:35:07,097 [WARN] ConditionMgr:1039 - genDependencies : Invalid condition id : LAN8742 Phy interface Condition cause : null
2024-03-24 09:35:07,105 [WARN] PackLoader:240 - Cannot read IP mode file for STMicroelectronics.X-CUBE-SFXS2LP1.4.0.0
2024-03-24 09:35:07,119 [WARN] ConditionMgr:438 - getConditionDescription Invalid condition id : UX DEVICE CLASS RTOS Condition cause : null
2024-03-24 09:35:07,119 [WARN] ConditionMgr:438 - getConditionDescription Invalid condition id : UX DEVICE CLASS RTOS Condition cause : null
2024-03-24 09:35:07,121 [WARN] PackLoader:240 - Cannot read IP mode file for STMicroelectronics.X-CUBE-AZRTOS-WB.2.0.0
2024-03-24 09:35:07,121 [WARN] ConditionMgr:1039 - genDependencies : Invalid condition id : UX DEVICE CLASS RTOS Condition cause : null
2024-03-24 09:35:07,121 [WARN] ConditionMgr:1039 - genDependencies : Invalid condition id : UX DEVICE CLASS RTOS Condition cause : null
2024-03-24 09:35:07,122 [WARN] ConditionMgr:1039 - genDependencies : Invalid condition id : UX DEVICE CLASS RTOS Condition cause : null
2024-03-24 09:35:07,122 [WARN] ConditionMgr:1039 - genDependencies : Invalid condition id : UX DEVICE CLASS RTOS Condition cause : null
2024-03-24 09:35:07,122 [WARN] ConditionMgr:1039 - genDependencies : Invalid condition id : UX DEVICE CLASS RTOS Condition cause : null
2024-03-24 09:35:07,132 [WARN] PackLoader:240 - Cannot read IP mode file for STMicroelectronics.X-CUBE-SUBG2.5.0.0
2024-03-24 09:35:07,159 [WARN] PackLoader:240 - Cannot read IP mode file for STMicroelectronics.X-CUBE-AZRTOS-G4.2.0.0
2024-03-24 09:35:07,176 [WARN] PackLoader:240 - Cannot read IP mode file for Infineon.AIROC-Wi-Fi-Bluetooth-STM32.1.5.1
2024-03-24 09:35:07,184 [WARN] PackLoader:240 - Cannot read IP mode file for STMicroelectronics.FP-SNS-MOTENVWB1.1.3.1
2024-03-24 09:35:07,188 [WARN] PackLoader:240 - Cannot read IP mode file for STMicroelectronics.X-CUBE-ISPU.2.0.0
2024-03-24 09:35:07,218 [WARN] PackLoader:240 - Cannot read IP mode file for STMicroelectronics.X-CUBE-MEMS1.10.0.0
2024-03-24 09:35:07,340 [WARN] PackLoader:240 - Cannot read IP mode file for STMicroelectronics.X-CUBE-FREERTOS.1.1.0
2024-03-24 09:35:07,346 [WARN] PackLoader:240 - Cannot read IP mode file for portGmbH.I-Cube-SoM-uGOAL.1.1.0
2024-03-24 09:35:07,350 [WARN] PackLoader:240 - Cannot read IP mode file for STMicroelectronics.X-CUBE-ALS.1.0.1
2024-03-24 09:35:07,356 [WARN] PackLoader:240 - Cannot read IP mode file for STMicroelectronics.FP-ATR-ASTRA1.2.0.0
2024-03-24 09:35:07,366 [WARN] PackLoader:240 - Cannot read IP mode file for STMicroelectronics.X-CUBE-TOF1.3.4.0
2024-03-24 09:35:07,389 [WARN] PackLoader:240 - Cannot read IP mode file for STMicroelectronics.X-CUBE-TOF1.3.4.1
2024-03-24 09:35:07,425 [WARN] PackLoader:240 - Cannot read IP mode file for STMicroelectronics.X-CUBE-AZRTOS-H7.3.2.0
2024-03-24 09:35:07,428 [INFO] ThirdParty:978 - Integrity check success = true
2024-03-24 09:35:07,428 [INFO] IntegrityCheckThread:100 - exiting critical section [integrity check]
2024-03-24 09:35:07,428 [INFO] IntegrityCheckThread:103 - End integrity checks thread
2024-03-24 09:35:13,212 [ERROR] LogOutputStream:75 - [STDERR_REDIRECT] 
2024-03-24 09:35:13,214 [ERROR] LogOutputStream:75 - [STDERR_REDIRECT] 
2024-03-24 09:35:32,317 [INFO] Activator:176 - 


2024-03-24 09:35:32,320 [INFO] Activator:177 - !SESSION log4j initialized
2024-03-24 09:35:37,919 [INFO] LogOutputStream:77 - [STDOUT_REDIRECT] 
2024-03-24 09:35:39,982 [INFO] ApplicationProperties:184 - Using Application install path: C:\ST\STM32CubeIDE_1.14.0\STM32CubeIDE\plugins\com.st.stm32cube.common.mx_6.11.0.202403141607
2024-03-24 09:35:40,000 [INFO] DbMcusXml:78 - Set database path to: C:\ST\STM32CubeIDE_1.14.0\STM32CubeIDE\plugins\com.st.stm32cube.common.mx_6.11.0.202403141607\\db\/mcu/
2024-03-24 09:35:40,001 [INFO] ApiDb:274 - Set plugin database path to: C:\ST\STM32CubeIDE_1.14.0\STM32CubeIDE\plugins\com.st.stm32cube.common.mx_6.11.0.202403141607\\db\/plugins/boardmanager/
2024-03-24 09:35:40,001 [WARN] ApiDb:259 - Overriding images path with different value:  => C:\ST\STM32CubeIDE_1.14.0\STM32CubeIDE\plugins\com.st.stm32cube.common.mx_6.11.0.202403141607\\db\/plugins/mcufinder/images/
2024-03-24 09:35:40,008 [INFO] ApiDb:250 - Set database path to: C:\Users\Steven\.stmcufinder\plugins\mcufinder//mcu/
2024-03-24 09:35:40,010 [INFO] DbMcusAds:125 - Set database path to: C:\Users\Steven\.stmcufinder\plugins\mcufinder//mcu/
2024-03-24 09:35:40,013 [INFO] CrossReferenceDbSqlite:203 - Set database path to: C:\Users\Steven\.stmcufinder\plugins\mcufinder//mcu/cs/
2024-03-24 09:35:40,139 [INFO] RulesReader:64 - Compatibility file has been processed (297 Rules)
2024-03-24 09:35:40,232 [INFO] DbMcusXml:78 - Set database path to: C:\ST\STM32CubeIDE_1.14.0\STM32CubeIDE\plugins\com.st.stm32cube.common.mx_6.11.0.202403141607\\db\/mcu/
2024-03-24 09:35:40,232 [INFO] ApiDb:274 - Set plugin database path to: C:\ST\STM32CubeIDE_1.14.0\STM32CubeIDE\plugins\com.st.stm32cube.common.mx_6.11.0.202403141607\\db\/plugins/boardmanager/
2024-03-24 09:35:40,233 [INFO] ApiDb:261 - Set plugin images path to: C:\ST\STM32CubeIDE_1.14.0\STM32CubeIDE\plugins\com.st.stm32cube.common.mx_6.11.0.202403141607\\db\/plugins/mcufinder/images/
2024-03-24 09:35:40,233 [WARN] DbFile:41 - Overriding database path with different value: C:\Users\Steven\.stmcufinder\plugins\mcufinder/ => C:\Users\Steven\.stmcufinder\plugins\mcufinder
2024-03-24 09:35:40,233 [INFO] ApiDb:250 - Set database path to: C:\Users\Steven\.stmcufinder\plugins\mcufinder//mcu/
2024-03-24 09:35:40,233 [WARN] DbFile:41 - Overriding database path with different value: C:\Users\Steven\.stmcufinder\plugins\mcufinder/ => C:\Users\Steven\.stmcufinder\plugins\mcufinder
2024-03-24 09:35:40,233 [INFO] DbMcusAds:125 - Set database path to: C:\Users\Steven\.stmcufinder\plugins\mcufinder//mcu/
2024-03-24 09:35:40,233 [WARN] DbFile:41 - Overriding database path with different value: C:\Users\Steven\.stmcufinder\plugins\mcufinder/ => C:\Users\Steven\.stmcufinder\plugins\mcufinder
2024-03-24 09:35:40,233 [WARN] DbFile:41 - Overriding database path with different value: C:\Users\Steven\.stmcufinder\plugins\mcufinder/ => C:\Users\Steven\.stmcufinder\plugins\mcufinder
2024-03-24 09:35:40,233 [INFO] CrossReferenceDbSqlite:203 - Set database path to: C:\Users\Steven\.stmcufinder\plugins\mcufinder//mcu/cs/
2024-03-24 09:35:40,304 [INFO] MainPanel:264 - HeapMemory: 268435456
2024-03-24 09:35:40,390 [INFO] DbMcusXml:78 - Set database path to: C:\ST\STM32CubeIDE_1.14.0\STM32CubeIDE\plugins\com.st.stm32cube.common.mx_6.11.0.202403141607\\db\/mcu/
2024-03-24 09:35:40,390 [INFO] ApiDb:274 - Set plugin database path to: C:\ST\STM32CubeIDE_1.14.0\STM32CubeIDE\plugins\com.st.stm32cube.common.mx_6.11.0.202403141607\\db\/plugins/boardmanager/
2024-03-24 09:35:40,390 [INFO] ApiDb:261 - Set plugin images path to: C:\ST\STM32CubeIDE_1.14.0\STM32CubeIDE\plugins\com.st.stm32cube.common.mx_6.11.0.202403141607\\db\/plugins/mcufinder/images/
2024-03-24 09:35:40,391 [WARN] DbFile:41 - Overriding database path with different value: C:\Users\Steven\.stmcufinder\plugins\mcufinder/ => C:\Users\Steven\.stmcufinder\plugins\mcufinder
2024-03-24 09:35:40,391 [INFO] ApiDb:250 - Set database path to: C:\Users\Steven\.stmcufinder\plugins\mcufinder//mcu/
2024-03-24 09:35:40,392 [WARN] DbFile:41 - Overriding database path with different value: C:\Users\Steven\.stmcufinder\plugins\mcufinder/ => C:\Users\Steven\.stmcufinder\plugins\mcufinder
2024-03-24 09:35:40,392 [INFO] DbMcusAds:125 - Set database path to: C:\Users\Steven\.stmcufinder\plugins\mcufinder//mcu/
2024-03-24 09:35:40,392 [WARN] DbFile:41 - Overriding database path with different value: C:\Users\Steven\.stmcufinder\plugins\mcufinder/ => C:\Users\Steven\.stmcufinder\plugins\mcufinder
2024-03-24 09:35:40,392 [WARN] DbFile:41 - Overriding database path with different value: C:\Users\Steven\.stmcufinder\plugins\mcufinder/ => C:\Users\Steven\.stmcufinder\plugins\mcufinder
2024-03-24 09:35:40,392 [INFO] CrossReferenceDbSqlite:203 - Set database path to: C:\Users\Steven\.stmcufinder\plugins\mcufinder//mcu/cs/
2024-03-24 09:35:40,410 [INFO] ApplicationProperties:184 - Using Application install path: C:\ST\STM32CubeIDE_1.14.0\STM32CubeIDE\plugins\com.st.stm32cube.common.mx_6.11.0.202403141607
2024-03-24 09:35:40,412 [INFO] PluginManage:196 - Search for loadable plugins [exclusion list=, ]
2024-03-24 09:35:40,413 [INFO] PluginManage:310 - Check plugin analytics
2024-03-24 09:35:40,616 [INFO] AnalyticsPlugin:253 - Accepted Software Licenses: STM32CubeMX.6.10.0
2024-03-24 09:35:40,617 [INFO] AnalyticsPlugin:255 - Accepted CMSIS Pack Licenses: 
2024-03-24 09:35:40,617 [INFO] AnalyticsPlugin:257 - Accepted Firmware Licenses: 
2024-03-24 09:35:40,620 [INFO] PluginManage:359 - Loaded plugin analytics (category:tool,tabindex:-1)
2024-03-24 09:35:40,621 [INFO] PluginManage:310 - Check plugin cadmodel
2024-03-24 09:35:40,625 [INFO] CADModel:105 - Init CAD model plugin
2024-03-24 09:35:40,626 [INFO] PluginManage:359 - Loaded plugin cadmodel (category:power,tabindex:5)
2024-03-24 09:35:40,626 [INFO] PluginManage:310 - Check plugin clock
2024-03-24 09:35:40,637 [INFO] PluginManage:359 - Loaded plugin clock (category:base,tabindex:2)
2024-03-24 09:35:40,637 [INFO] PluginManage:310 - Check plugin ddr
2024-03-24 09:35:40,639 [INFO] PluginManage:359 - Loaded plugin ddr (category:tool,tabindex:6)
2024-03-24 09:35:40,639 [INFO] PluginManage:310 - Check plugin filemanager
2024-03-24 09:35:40,783 [INFO] PluginManage:359 - Loaded plugin filemanager (category:base,tabindex:10)
2024-03-24 09:35:40,784 [INFO] PluginManage:310 - Check plugin ipmanager
2024-03-24 09:35:40,790 [INFO] PluginManage:359 - Loaded plugin ipmanager (category:base,tabindex:5)
2024-03-24 09:35:40,790 [INFO] PluginManage:310 - Check plugin lpbam
2024-03-24 09:35:40,798 [INFO] PluginManage:359 - Loaded plugin lpbam (category:base,tabindex:0)
2024-03-24 09:35:40,798 [INFO] PluginManage:310 - Check plugin memorymap
2024-03-24 09:35:40,807 [INFO] PluginManage:359 - Loaded plugin memorymap (category:base,tabindex:4)
2024-03-24 09:35:40,807 [INFO] PluginManage:310 - Check plugin pinoutandconfiguration
2024-03-24 09:35:40,814 [INFO] PluginManage:359 - Loaded plugin pinoutandconfiguration (category:base,tabindex:1)
2024-03-24 09:35:40,814 [INFO] PluginManage:310 - Check plugin pinoutconfig
2024-03-24 09:35:40,910 [WARN] SupportedApi:132 - Cannot load RTOS API schema: s4s-elt-must-match.1: The content of 'definitions' must match (annotation?, (simpleType | complexType)?, (unique | key | keyref)*)). A problem was found starting at: attribute.
2024-03-24 09:35:41,040 [INFO] PluginManage:359 - Loaded plugin pinoutconfig (category:base,tabindex:0)
2024-03-24 09:35:41,041 [INFO] PluginManage:310 - Check plugin power
2024-03-24 09:35:41,047 [INFO] PluginManage:359 - Loaded plugin power (category:power,tabindex:4)
2024-03-24 09:35:41,047 [INFO] PluginManage:310 - Check plugin projectmanager
2024-03-24 09:35:41,061 [INFO] PluginManage:359 - Loaded plugin projectmanager (category:projectmanager,tabindex:3)
2024-03-24 09:35:41,061 [INFO] PluginManage:310 - Check plugin thirdparty
2024-03-24 09:35:41,173 [WARN] IntegrityCheckThread:84 - waiting for thirdparty lock release [integrity check]
2024-03-24 09:35:41,173 [INFO] IntegrityCheckThread:86 - entering critical section [integrity check]
2024-03-24 09:35:41,173 [INFO] PluginManage:359 - Loaded plugin thirdparty (category:base,tabindex:-1)
2024-03-24 09:35:41,173 [INFO] PluginManage:310 - Check plugin tools
2024-03-24 09:35:41,173 [INFO] ThirdPartyUpdaterWithRetryManager:70 - Updater plugin not ready yet. [1/15]
2024-03-24 09:35:41,176 [INFO] PluginManage:359 - Loaded plugin tools (category:base,tabindex:7)
2024-03-24 09:35:41,177 [INFO] PluginManage:310 - Check plugin tutovideos
2024-03-24 09:35:41,324 [INFO] PluginManage:359 - Loaded plugin tutovideos (category:base,tabindex:-1)
2024-03-24 09:35:41,324 [INFO] PluginManage:310 - Check plugin updater
2024-03-24 09:35:41,333 [INFO] PluginManage:359 - Loaded plugin updater (category:base,tabindex:12)
2024-03-24 09:35:41,333 [INFO] PluginManage:310 - Check plugin userauth
2024-03-24 09:35:41,337 [INFO] UserAuth:114 - Init User Auth plugin
2024-03-24 09:35:41,338 [INFO] PluginManage:359 - Loaded plugin userauth (category:base,tabindex:14)
2024-03-24 09:35:41,338 [INFO] PluginManage:283 - PluginManage : Loaded plugins [17]
2024-03-24 09:35:41,535 [INFO] PinOutPanel:1561 - setPackage(No Configuration,No Configuration)
2024-03-24 09:35:41,606 [INFO] CADModel:165 - CPN selected for project level
2024-03-24 09:35:41,606 [INFO] CADModel:114 - Register for checkConnection events
2024-03-24 09:35:41,621 [INFO] IPUIPlugin:80 - create IPUIPlugin
2024-03-24 09:35:41,622 [INFO] PluginManager:220 - loadIPPluginJar : add adc
2024-03-24 09:35:41,624 [INFO] IPUIPlugin:80 - create IPUIPlugin
2024-03-24 09:35:41,624 [INFO] PluginManager:220 - loadIPPluginJar : add aes
2024-03-24 09:35:41,627 [INFO] IPUIPlugin:80 - create IPUIPlugin
2024-03-24 09:35:41,627 [INFO] PluginManager:220 - loadIPPluginJar : add can
2024-03-24 09:35:41,629 [INFO] IPUIPlugin:80 - create IPUIPlugin
2024-03-24 09:35:41,629 [INFO] PluginManager:220 - loadIPPluginJar : add comp
2024-03-24 09:35:41,631 [INFO] IPUIPlugin:80 - create IPUIPlugin
2024-03-24 09:35:41,631 [INFO] PluginManager:220 - loadIPPluginJar : add cryp
2024-03-24 09:35:41,634 [INFO] IPUIPlugin:80 - create IPUIPlugin
2024-03-24 09:35:41,634 [INFO] PluginManager:220 - loadIPPluginJar : add dfsdm
2024-03-24 09:35:41,639 [INFO] IPUIPlugin:80 - create IPUIPlugin
2024-03-24 09:35:41,640 [INFO] PluginManager:220 - loadIPPluginJar : add dma
2024-03-24 09:35:41,643 [INFO] IPUIPlugin:80 - create IPUIPlugin
2024-03-24 09:35:41,643 [INFO] PluginManager:220 - loadIPPluginJar : add dma3
2024-03-24 09:35:41,646 [INFO] IPUIPlugin:80 - create IPUIPlugin
2024-03-24 09:35:41,646 [INFO] PluginManager:220 - loadIPPluginJar : add extmemmanager
2024-03-24 09:35:41,648 [INFO] IPUIPlugin:80 - create IPUIPlugin
2024-03-24 09:35:41,648 [INFO] PluginManager:220 - loadIPPluginJar : add fatfs
2024-03-24 09:35:41,652 [INFO] IPUIPlugin:80 - create IPUIPlugin
2024-03-24 09:35:41,652 [INFO] PluginManager:220 - loadIPPluginJar : add fmc
2024-03-24 09:35:41,659 [INFO] IPUIPlugin:80 - create IPUIPlugin
2024-03-24 09:35:41,660 [INFO] PluginManager:220 - loadIPPluginJar : add freertos
2024-03-24 09:35:41,662 [INFO] IPUIPlugin:80 - create IPUIPlugin
2024-03-24 09:35:41,662 [INFO] PluginManager:220 - loadIPPluginJar : add genericplugin
2024-03-24 09:35:41,664 [INFO] IPUIPlugin:80 - create IPUIPlugin
2024-03-24 09:35:41,665 [INFO] PluginManager:220 - loadIPPluginJar : add gfxmmu
2024-03-24 09:35:41,670 [INFO] IPUIPlugin:80 - create IPUIPlugin
2024-03-24 09:35:41,670 [INFO] PluginManager:220 - loadIPPluginJar : add gic
2024-03-24 09:35:41,674 [INFO] IPUIPlugin:80 - create IPUIPlugin
2024-03-24 09:35:41,675 [INFO] PluginManager:220 - loadIPPluginJar : add gpio
2024-03-24 09:35:41,678 [INFO] IPUIPlugin:80 - create IPUIPlugin
2024-03-24 09:35:41,678 [INFO] PluginManager:220 - loadIPPluginJar : add gtzc
2024-03-24 09:35:41,681 [INFO] IPUIPlugin:80 - create IPUIPlugin
2024-03-24 09:35:41,681 [INFO] PluginManager:220 - loadIPPluginJar : add hash
2024-03-24 09:35:41,684 [INFO] IPUIPlugin:80 - create IPUIPlugin
2024-03-24 09:35:41,684 [INFO] PluginManager:220 - loadIPPluginJar : add i2c
2024-03-24 09:35:41,687 [INFO] IPUIPlugin:80 - create IPUIPlugin
2024-03-24 09:35:41,687 [INFO] PluginManager:220 - loadIPPluginJar : add i2s
2024-03-24 09:35:41,691 [INFO] IPUIPlugin:80 - create IPUIPlugin
2024-03-24 09:35:41,691 [INFO] PluginManager:220 - loadIPPluginJar : add i3c
2024-03-24 09:35:41,695 [INFO] IPUIPlugin:80 - create IPUIPlugin
2024-03-24 09:35:41,695 [INFO] PluginManager:220 - loadIPPluginJar : add ipddr
2024-03-24 09:35:41,703 [INFO] IPUIPlugin:80 - create IPUIPlugin
2024-03-24 09:35:41,703 [INFO] PluginManager:220 - loadIPPluginJar : add linkedlist
2024-03-24 09:35:41,706 [INFO] IPUIPlugin:80 - create IPUIPlugin
2024-03-24 09:35:41,706 [INFO] PluginManager:220 - loadIPPluginJar : add lorawan
2024-03-24 09:35:41,708 [INFO] IPUIPlugin:80 - create IPUIPlugin
2024-03-24 09:35:41,709 [INFO] PluginManager:220 - loadIPPluginJar : add ltdc
2024-03-24 09:35:41,717 [INFO] IPUIPlugin:80 - create IPUIPlugin
2024-03-24 09:35:41,717 [INFO] PluginManager:220 - loadIPPluginJar : add mdma
2024-03-24 09:35:41,720 [INFO] IPUIPlugin:80 - create IPUIPlugin
2024-03-24 09:35:41,720 [INFO] PluginManager:220 - loadIPPluginJar : add nvic
2024-03-24 09:35:41,723 [INFO] IPUIPlugin:80 - create IPUIPlugin
2024-03-24 09:35:41,723 [INFO] PluginManager:220 - loadIPPluginJar : add opamp
2024-03-24 09:35:41,727 [INFO] IPUIPlugin:80 - create IPUIPlugin
2024-03-24 09:35:41,727 [INFO] PluginManager:220 - loadIPPluginJar : add openamp
2024-03-24 09:35:41,730 [INFO] IPUIPlugin:80 - create IPUIPlugin
2024-03-24 09:35:41,731 [INFO] PluginManager:220 - loadIPPluginJar : add pdm2pcm
2024-03-24 09:35:41,738 [INFO] IPUIPlugin:80 - create IPUIPlugin
2024-03-24 09:35:41,741 [INFO] PluginManager:220 - loadIPPluginJar : add plateformsettings
2024-03-24 09:35:41,742 [INFO] IPUIPlugin:80 - create IPUIPlugin
2024-03-24 09:35:41,742 [INFO] PluginManager:220 - loadIPPluginJar : add quadspi
2024-03-24 09:35:41,745 [INFO] IPUIPlugin:80 - create IPUIPlugin
2024-03-24 09:35:41,745 [INFO] PluginManager:220 - loadIPPluginJar : add resmgrutility
2024-03-24 09:35:41,750 [INFO] IPUIPlugin:80 - create IPUIPlugin
2024-03-24 09:35:41,750 [INFO] PluginManager:220 - loadIPPluginJar : add sai
2024-03-24 09:35:41,753 [INFO] IPUIPlugin:80 - create IPUIPlugin
2024-03-24 09:35:41,753 [INFO] PluginManager:220 - loadIPPluginJar : add spi
2024-03-24 09:35:41,759 [INFO] IPUIPlugin:80 - create IPUIPlugin
2024-03-24 09:35:41,759 [INFO] PluginManager:220 - loadIPPluginJar : add stm32_wpan
2024-03-24 09:35:41,762 [INFO] IPUIPlugin:80 - create IPUIPlugin
2024-03-24 09:35:41,762 [INFO] PluginManager:220 - loadIPPluginJar : add tim
2024-03-24 09:35:41,766 [INFO] IPUIPlugin:80 - create IPUIPlugin
2024-03-24 09:35:41,766 [INFO] PluginManager:220 - loadIPPluginJar : add touchsensing
2024-03-24 09:35:41,769 [INFO] IPUIPlugin:80 - create IPUIPlugin
2024-03-24 09:35:41,769 [INFO] PluginManager:220 - loadIPPluginJar : add tracer_emb
2024-03-24 09:35:41,772 [INFO] IPUIPlugin:80 - create IPUIPlugin
2024-03-24 09:35:41,772 [INFO] PluginManager:220 - loadIPPluginJar : add ts
2024-03-24 09:35:41,774 [INFO] IPUIPlugin:80 - create IPUIPlugin
2024-03-24 09:35:41,774 [INFO] PluginManager:220 - loadIPPluginJar : add tsc
2024-03-24 09:35:41,777 [INFO] IPUIPlugin:80 - create IPUIPlugin
2024-03-24 09:35:41,777 [INFO] PluginManager:220 - loadIPPluginJar : add ucpd
2024-03-24 09:35:41,780 [INFO] IPUIPlugin:80 - create IPUIPlugin
2024-03-24 09:35:41,780 [INFO] PluginManager:220 - loadIPPluginJar : add usart
2024-03-24 09:35:41,784 [INFO] IPUIPlugin:80 - create IPUIPlugin
2024-03-24 09:35:41,784 [INFO] PluginManager:220 - loadIPPluginJar : add usbx
2024-03-24 09:35:41,916 [INFO] CADModel:165 - CPN selected for project level
2024-03-24 09:35:41,916 [INFO] CADModel:114 - Register for checkConnection events
2024-03-24 09:35:41,917 [FATAL] Updater:308 - Updater called before beeing initialized
2024-03-24 09:35:41,917 [ERROR] CADModel:125 - Updater not yet initialized, retry later 
2024-03-24 09:35:42,039 [INFO] CADModel:165 - CPN selected for project level
2024-03-24 09:35:42,039 [INFO] CADModel:114 - Register for checkConnection events
2024-03-24 09:35:42,039 [FATAL] Updater:308 - Updater called before beeing initialized
2024-03-24 09:35:42,039 [ERROR] CADModel:125 - Updater not yet initialized, retry later 
2024-03-24 09:35:42,041 [FATAL] Updater:308 - Updater called before beeing initialized
2024-03-24 09:35:42,147 [FATAL] Updater:308 - Updater called before beeing initialized
2024-03-24 09:35:42,153 [INFO] DbMcusAds:53 - JSON generation date=Thu Sep 30 07:55:09 BST 2021 (1632984909247)
2024-03-24 09:35:42,153 [FATAL] Updater:308 - Updater called before beeing initialized
2024-03-24 09:35:42,186 [WARN] DetailPanel:346 - Failed to get advertising image, set to default
2024-03-24 09:35:42,273 [FATAL] Updater:308 - Updater called before beeing initialized
2024-03-24 09:35:42,274 [FATAL] Updater:308 - Updater called before beeing initialized
2024-03-24 09:35:42,274 [FATAL] Updater:308 - Updater called before beeing initialized
2024-03-24 09:35:42,274 [WARN] DetailPanel:346 - Failed to get advertising image, set to default
2024-03-24 09:35:42,275 [FATAL] Updater:308 - Updater called before beeing initialized
2024-03-24 09:35:42,321 [ERROR] Updater:1120 - MainUpdater not yet initialized. External WinMGr cannot be set.
2024-03-24 09:35:42,323 [INFO] Updater:1056 - Updater Version found : 6.11.0
2024-03-24 09:35:42,347 [INFO] ApplicationProperties:184 - Using Application install path: C:\ST\STM32CubeIDE_1.14.0\STM32CubeIDE\plugins\com.st.stm32cube.common.mx_6.11.0.202403141607
2024-03-24 09:35:43,924 [ERROR] LogOutputStream:75 - [STDERR_REDIRECT] Mar 24, 2024 9:35:43 AM java.util.prefs.WindowsPreferences <init>
2024-03-24 09:35:43,925 [ERROR] LogOutputStream:75 - [STDERR_REDIRECT] WARNING: Could not open/create prefs root node Software\JavaSoft\Prefs at root 0xffffffff80000002. Windows RegCreateKeyEx(...) returned error code 5.
2024-03-24 09:35:43,925 [ERROR] LogOutputStream:75 - [STDERR_REDIRECT] 
2024-03-24 09:35:44,175 [INFO] ThirdPartyUpdaterWithRetryManager:70 - Updater plugin not ready yet. [2/15]
2024-03-24 09:35:44,200 [INFO] MainUpdater:2873 - connection check result : 10
2024-03-24 09:35:44,200 [INFO] MainUpdater:290 - Updater Check For Update Now.
2024-03-24 09:35:44,201 [INFO] MicroXplorer:498 - Change Database Version : DB.6.0.110
2024-03-24 09:35:44,207 [INFO] McuFinderGlobals:63 - Set McuFinder mode to 2 (CubeIDE integrated)
2024-03-24 09:35:44,215 [INFO] UserAuth:415 - Internet connection configuration mode: 1
2024-03-24 09:35:44,237 [INFO] JxBrowserEngine:152 - Initiate JxBrowser Engine with user profile folder
2024-03-24 09:35:44,370 [INFO] CheckServerUpdateThread:120 - End of CheckServer Thread
2024-03-24 09:35:45,120 [INFO] WebApp:161 - Instantiating new browser for Auth
2024-03-24 09:35:45,858 [INFO] WebApp:779 - Register for checkConnection events
2024-03-24 09:35:45,858 [INFO] WebApp:414 - Apply proxy settings
2024-03-24 09:35:45,858 [INFO] WebApp:499 - Chromium requires no authentication
2024-03-24 09:35:45,864 [INFO] WebApp:442 - Direct internet connection detected
2024-03-24 09:35:46,034 [INFO] WebApp:192 - Starting web application
2024-03-24 09:35:46,034 [INFO] WebApp:544 - Web application path used C:\ST\STM32CubeIDE_1.14.0\STM32CubeIDE\plugins\com.st.stm32cube.common.mx_6.11.0.202403141607\db\plugins\mcufinder\reactClient1\index.html
2024-03-24 09:35:47,349 [WARN] PackLoader:240 - Cannot read IP mode file for STMicroelectronics.X-CUBE-SMBUS.2.1.0
2024-03-24 09:35:47,359 [WARN] PackLoader:240 - Cannot read IP mode file for STMicroelectronics.X-CUBE-TOUCHGFX.4.23.0
2024-03-24 09:35:47,392 [WARN] PackLoader:240 - Cannot read IP mode file for STMicroelectronics.X-CUBE-AZRTOS-F7.1.1.0
2024-03-24 09:35:47,402 [WARN] PackLoader:240 - Cannot read IP mode file for STMicroelectronics.FP-SNS-MOTENV1.4.3.2
2024-03-24 09:35:47,407 [WARN] PackLoader:240 - Cannot read IP mode file for STMicroelectronics.FP-SNS-FLIGHT1.5.0.2
2024-03-24 09:35:47,417 [WARN] PackLoader:240 - Cannot read IP mode file for STMicroelectronics.X-CUBE-DISPLAY.3.0.0
2024-03-24 09:35:47,431 [WARN] PackLoader:240 - Cannot read IP mode file for STMicroelectronics.X-CUBE-BLE1.7.0.0
2024-03-24 09:35:47,438 [WARN] PackLoader:240 - Cannot read IP mode file for emotas.I-CUBE-CANOPEN.1.3.0
2024-03-24 09:35:47,452 [WARN] PackLoader:240 - Cannot read IP mode file for STMicroelectronics.X-CUBE-BLEMGR.3.1.0
2024-03-24 09:35:47,461 [WARN] PackLoader:240 - Cannot read IP mode file for STMicroelectronics.FP-SNS-SMARTAG2.1.2.0
2024-03-24 09:35:47,473 [INFO] LogOutputStream:77 - [STDOUT_REDIRECT] 1 : Invalid condition id : UX_CORESTACK_Condition cause : null
2024-03-24 09:35:47,474 [INFO] LogOutputStream:77 - [STDOUT_REDIRECT] 1 : Invalid condition id : UX_CORESTACK_Condition cause : null
2024-03-24 09:35:47,475 [INFO] LogOutputStream:77 - [STDOUT_REDIRECT] 1 : Invalid condition id : UX_CORESTACK_Condition cause : null
2024-03-24 09:35:47,478 [INFO] LogOutputStream:77 - [STDOUT_REDIRECT] 1 : Invalid condition id : UX_CORESTACK_Condition cause : null
2024-03-24 09:35:47,480 [INFO] LogOutputStream:77 - [STDOUT_REDIRECT] 1 : Invalid condition id : UX_CORESTACK_Condition cause : null
2024-03-24 09:35:47,484 [WARN] PackLoader:240 - Cannot read IP mode file for STMicroelectronics.X-CUBE-AZRTOS-WL.2.0.0
2024-03-24 09:35:47,498 [WARN] PackLoader:240 - Cannot read IP mode file for WES.I-CUBE-Cesium.1.3.0
2024-03-24 09:35:47,507 [WARN] PackLoader:240 - Cannot read IP mode file for STMicroelectronics.X-CUBE-BLE2.3.3.0
2024-03-24 09:35:47,516 [WARN] PackLoader:240 - Cannot read IP mode file for STMicroelectronics.X-CUBE-ALGOBUILD.1.3.0
2024-03-24 09:35:47,540 [WARN] PackLoader:240 - Cannot read IP mode file for STMicroelectronics.X-CUBE-AZRTOS-G0.1.1.0
2024-03-24 09:35:47,550 [WARN] PackLoader:240 - Cannot read IP mode file for STMicroelectronics.X-CUBE-NFC4.3.0.0
2024-03-24 09:35:47,566 [WARN] PackLoader:240 - Cannot read IP mode file for STMicroelectronics.X-CUBE-BLEMGR.3.0.0
2024-03-24 09:35:47,576 [WARN] PackLoader:240 - Cannot read IP mode file for STMicroelectronics.FP-ATR-SIGFOX1.3.2.0
2024-03-24 09:35:47,583 [WARN] PackLoader:240 - Cannot read IP mode file for STMicroelectronics.X-CUBE-EEPRMA1.5.1.0
2024-03-24 09:35:47,626 [WARN] PackLoader:240 - Cannot read IP mode file for SEGGER.I-CUBE-embOS.1.3.1
2024-03-24 09:35:47,714 [WARN] PackLoader:240 - Cannot read IP mode file for STMicroelectronics.X-CUBE-GNSS1.6.0.0
2024-03-24 09:35:47,732 [WARN] PackLoader:240 - Cannot read IP mode file for STMicroelectronics.X-CUBE-AZRTOS-F4.1.1.0
2024-03-24 09:35:47,739 [WARN] PackLoader:240 - Cannot read IP mode file for wolfSSL.I-CUBE-wolfSSL.5.6.6
2024-03-24 09:35:47,761 [WARN] PackLoader:240 - Cannot read IP mode file for STMicroelectronics.X-CUBE-AZRTOS-L5.2.0.0
2024-03-24 09:35:47,769 [WARN] PackLoader:240 - Cannot read IP mode file for STMicroelectronics.X-CUBE-EEPRMA1.4.2.0
2024-03-24 09:35:47,778 [WARN] PackLoader:240 - Cannot read IP mode file for STMicroelectronics.X-CUBE-NFC6.3.1.0
2024-03-24 09:35:47,786 [WARN] PackLoader:240 - Cannot read IP mode file for ITTIA_DB.I-CUBE-ITTIADB.8.8.0
2024-03-24 09:35:47,791 [WARN] PackLoader:240 - Cannot read IP mode file for STMicroelectronics.X-CUBE-NFC7.1.0.1
2024-03-24 09:35:47,797 [WARN] PackLoader:240 - Cannot read IP mode file for STMicroelectronics.X-CUBE-NFC6.3.0.0
2024-03-24 09:35:47,802 [WARN] PackLoader:240 - Cannot read IP mode file for STMicroelectronics.X-CUBE-AI.8.1.0
2024-03-24 09:35:47,818 [WARN] ConditionMgr:438 - getConditionDescription Invalid condition id : LAN8742 Phy interface Condition cause : null
2024-03-24 09:35:47,819 [WARN] PackLoader:240 - Cannot read IP mode file for STMicroelectronics.X-CUBE-AZRTOS-L4.2.0.0
2024-03-24 09:35:47,820 [WARN] ConditionMgr:1039 - genDependencies : Invalid condition id : LAN8742 Phy interface Condition cause : null
2024-03-24 09:35:47,820 [WARN] ConditionMgr:1039 - genDependencies : Invalid condition id : LAN8742 Phy interface Condition cause : null
2024-03-24 09:35:47,821 [WARN] ConditionMgr:1039 - genDependencies : Invalid condition id : LAN8742 Phy interface Condition cause : null
2024-03-24 09:35:47,829 [WARN] PackLoader:240 - Cannot read IP mode file for STMicroelectronics.X-CUBE-SFXS2LP1.4.0.0
2024-03-24 09:35:47,844 [WARN] ConditionMgr:438 - getConditionDescription Invalid condition id : UX DEVICE CLASS RTOS Condition cause : null
2024-03-24 09:35:47,844 [WARN] ConditionMgr:438 - getConditionDescription Invalid condition id : UX DEVICE CLASS RTOS Condition cause : null
2024-03-24 09:35:47,847 [WARN] PackLoader:240 - Cannot read IP mode file for STMicroelectronics.X-CUBE-AZRTOS-WB.2.0.0
2024-03-24 09:35:47,847 [WARN] ConditionMgr:1039 - genDependencies : Invalid condition id : UX DEVICE CLASS RTOS Condition cause : null
2024-03-24 09:35:47,847 [WARN] ConditionMgr:1039 - genDependencies : Invalid condition id : UX DEVICE CLASS RTOS Condition cause : null
2024-03-24 09:35:47,848 [WARN] ConditionMgr:1039 - genDependencies : Invalid condition id : UX DEVICE CLASS RTOS Condition cause : null
2024-03-24 09:35:47,848 [WARN] ConditionMgr:1039 - genDependencies : Invalid condition id : UX DEVICE CLASS RTOS Condition cause : null
2024-03-24 09:35:47,848 [WARN] ConditionMgr:1039 - genDependencies : Invalid condition id : UX DEVICE CLASS RTOS Condition cause : null
2024-03-24 09:35:47,858 [WARN] PackLoader:240 - Cannot read IP mode file for STMicroelectronics.X-CUBE-SUBG2.5.0.0
2024-03-24 09:35:47,880 [WARN] PackLoader:240 - Cannot read IP mode file for STMicroelectronics.X-CUBE-AZRTOS-G4.2.0.0
2024-03-24 09:35:47,900 [WARN] PackLoader:240 - Cannot read IP mode file for Infineon.AIROC-Wi-Fi-Bluetooth-STM32.1.5.1
2024-03-24 09:35:47,909 [WARN] PackLoader:240 - Cannot read IP mode file for STMicroelectronics.FP-SNS-MOTENVWB1.1.3.1
2024-03-24 09:35:47,914 [WARN] PackLoader:240 - Cannot read IP mode file for STMicroelectronics.X-CUBE-ISPU.2.0.0
2024-03-24 09:35:47,947 [WARN] PackLoader:240 - Cannot read IP mode file for STMicroelectronics.X-CUBE-MEMS1.10.0.0
2024-03-24 09:35:48,073 [WARN] PackLoader:240 - Cannot read IP mode file for STMicroelectronics.X-CUBE-FREERTOS.1.1.0
2024-03-24 09:35:48,079 [WARN] PackLoader:240 - Cannot read IP mode file for portGmbH.I-Cube-SoM-uGOAL.1.1.0
2024-03-24 09:35:48,083 [WARN] PackLoader:240 - Cannot read IP mode file for STMicroelectronics.X-CUBE-ALS.1.0.1
2024-03-24 09:35:48,087 [WARN] PackLoader:240 - Cannot read IP mode file for STMicroelectronics.FP-ATR-ASTRA1.2.0.0
2024-03-24 09:35:48,098 [WARN] PackLoader:240 - Cannot read IP mode file for STMicroelectronics.X-CUBE-TOF1.3.4.0
2024-03-24 09:35:48,119 [WARN] PackLoader:240 - Cannot read IP mode file for STMicroelectronics.X-CUBE-TOF1.3.4.1
2024-03-24 09:35:48,149 [WARN] PackLoader:240 - Cannot read IP mode file for STMicroelectronics.X-CUBE-AZRTOS-H7.3.2.0
2024-03-24 09:35:48,152 [INFO] ThirdParty:978 - Integrity check success = true
2024-03-24 09:35:48,152 [INFO] IntegrityCheckThread:100 - exiting critical section [integrity check]
2024-03-24 09:35:48,152 [INFO] IntegrityCheckThread:103 - End integrity checks thread
2024-03-24 09:37:35,515 [ERROR] LogOutputStream:75 - [STDERR_REDIRECT] 
2024-03-24 09:37:35,515 [ERROR] LogOutputStream:75 - [STDERR_REDIRECT] 
