2023-12-05 18:33:11,977 [INFO] Activator:176 - 


2023-12-05 18:33:11,985 [INFO] Activator:177 - !SESSION log4j initialized
2023-12-05 18:33:18,442 [INFO] LogOutputStream:77 - [STDOUT_REDIRECT] 
2023-12-05 18:33:31,494 [INFO] ApplicationProperties:184 - Using Application install path: C:\ST\STM32CubeIDE_1.14.0\STM32CubeIDE\plugins\com.st.stm32cube.common.mx_6.10.0.202311202037
2023-12-05 18:33:31,515 [INFO] DbMcusXml:78 - Set database path to: C:\ST\STM32CubeIDE_1.14.0\STM32CubeIDE\plugins\com.st.stm32cube.common.mx_6.10.0.202311202037\\db\/mcu/
2023-12-05 18:33:31,515 [INFO] ApiDb:274 - Set plugin database path to: C:\ST\STM32CubeIDE_1.14.0\STM32CubeIDE\plugins\com.st.stm32cube.common.mx_6.10.0.202311202037\\db\/plugins/boardmanager/
2023-12-05 18:33:31,516 [WARN] ApiDb:259 - Overriding images path with different value:  => C:\ST\STM32CubeIDE_1.14.0\STM32CubeIDE\plugins\com.st.stm32cube.common.mx_6.10.0.202311202037\\db\/plugins/mcufinder/images/
2023-12-05 18:33:31,530 [INFO] ApiDb:250 - Set database path to: C:\Users\Steven\.stmcufinder\plugins\mcufinder//mcu/
2023-12-05 18:33:31,532 [INFO] DbMcusAds:125 - Set database path to: C:\Users\Steven\.stmcufinder\plugins\mcufinder//mcu/
2023-12-05 18:33:31,562 [INFO] CrossReferenceDbSqlite:203 - Set database path to: C:\Users\Steven\.stmcufinder\plugins\mcufinder//mcu/cs/
2023-12-05 18:33:31,672 [INFO] RulesReader:64 - Compatibility file has been processed (297 Rules)
2023-12-05 18:33:31,768 [INFO] DbMcusXml:78 - Set database path to: C:\ST\STM32CubeIDE_1.14.0\STM32CubeIDE\plugins\com.st.stm32cube.common.mx_6.10.0.202311202037\\db\/mcu/
2023-12-05 18:33:31,813 [INFO] ApiDb:274 - Set plugin database path to: C:\ST\STM32CubeIDE_1.14.0\STM32CubeIDE\plugins\com.st.stm32cube.common.mx_6.10.0.202311202037\\db\/plugins/boardmanager/
2023-12-05 18:33:31,815 [INFO] ApiDb:261 - Set plugin images path to: C:\ST\STM32CubeIDE_1.14.0\STM32CubeIDE\plugins\com.st.stm32cube.common.mx_6.10.0.202311202037\\db\/plugins/mcufinder/images/
2023-12-05 18:33:31,816 [WARN] DbFile:41 - Overriding database path with different value: C:\Users\Steven\.stmcufinder\plugins\mcufinder/ => C:\Users\Steven\.stmcufinder\plugins\mcufinder
2023-12-05 18:33:31,816 [INFO] ApiDb:250 - Set database path to: C:\Users\Steven\.stmcufinder\plugins\mcufinder//mcu/
2023-12-05 18:33:31,816 [WARN] DbFile:41 - Overriding database path with different value: C:\Users\Steven\.stmcufinder\plugins\mcufinder/ => C:\Users\Steven\.stmcufinder\plugins\mcufinder
2023-12-05 18:33:31,816 [INFO] DbMcusAds:125 - Set database path to: C:\Users\Steven\.stmcufinder\plugins\mcufinder//mcu/
2023-12-05 18:33:31,816 [WARN] DbFile:41 - Overriding database path with different value: C:\Users\Steven\.stmcufinder\plugins\mcufinder/ => C:\Users\Steven\.stmcufinder\plugins\mcufinder
2023-12-05 18:33:31,816 [WARN] DbFile:41 - Overriding database path with different value: C:\Users\Steven\.stmcufinder\plugins\mcufinder/ => C:\Users\Steven\.stmcufinder\plugins\mcufinder
2023-12-05 18:33:31,817 [INFO] CrossReferenceDbSqlite:203 - Set database path to: C:\Users\Steven\.stmcufinder\plugins\mcufinder//mcu/cs/
2023-12-05 18:33:31,905 [INFO] MainPanel:264 - HeapMemory: 268435456
2023-12-05 18:33:32,010 [INFO] DbMcusXml:78 - Set database path to: C:\ST\STM32CubeIDE_1.14.0\STM32CubeIDE\plugins\com.st.stm32cube.common.mx_6.10.0.202311202037\\db\/mcu/
2023-12-05 18:33:32,010 [INFO] ApiDb:274 - Set plugin database path to: C:\ST\STM32CubeIDE_1.14.0\STM32CubeIDE\plugins\com.st.stm32cube.common.mx_6.10.0.202311202037\\db\/plugins/boardmanager/
2023-12-05 18:33:32,010 [INFO] ApiDb:261 - Set plugin images path to: C:\ST\STM32CubeIDE_1.14.0\STM32CubeIDE\plugins\com.st.stm32cube.common.mx_6.10.0.202311202037\\db\/plugins/mcufinder/images/
2023-12-05 18:33:32,011 [WARN] DbFile:41 - Overriding database path with different value: C:\Users\Steven\.stmcufinder\plugins\mcufinder/ => C:\Users\Steven\.stmcufinder\plugins\mcufinder
2023-12-05 18:33:32,011 [INFO] ApiDb:250 - Set database path to: C:\Users\Steven\.stmcufinder\plugins\mcufinder//mcu/
2023-12-05 18:33:32,011 [WARN] DbFile:41 - Overriding database path with different value: C:\Users\Steven\.stmcufinder\plugins\mcufinder/ => C:\Users\Steven\.stmcufinder\plugins\mcufinder
2023-12-05 18:33:32,011 [INFO] DbMcusAds:125 - Set database path to: C:\Users\Steven\.stmcufinder\plugins\mcufinder//mcu/
2023-12-05 18:33:32,012 [WARN] DbFile:41 - Overriding database path with different value: C:\Users\Steven\.stmcufinder\plugins\mcufinder/ => C:\Users\Steven\.stmcufinder\plugins\mcufinder
2023-12-05 18:33:32,012 [WARN] DbFile:41 - Overriding database path with different value: C:\Users\Steven\.stmcufinder\plugins\mcufinder/ => C:\Users\Steven\.stmcufinder\plugins\mcufinder
2023-12-05 18:33:32,012 [INFO] CrossReferenceDbSqlite:203 - Set database path to: C:\Users\Steven\.stmcufinder\plugins\mcufinder//mcu/cs/
2023-12-05 18:33:32,034 [INFO] ApplicationProperties:184 - Using Application install path: C:\ST\STM32CubeIDE_1.14.0\STM32CubeIDE\plugins\com.st.stm32cube.common.mx_6.10.0.202311202037
2023-12-05 18:33:32,035 [INFO] PluginManage:196 - Search for loadable plugins [exclusion list=, ]
2023-12-05 18:33:32,037 [INFO] PluginManage:310 - Check plugin analytics
2023-12-05 18:33:32,242 [INFO] AnalyticsPlugin:253 - Accepted Software Licenses: STM32CubeMX.6.9.2,STM32CubeMX.6.10.0
2023-12-05 18:33:32,243 [INFO] AnalyticsPlugin:255 - Accepted CMSIS Pack Licenses: 
2023-12-05 18:33:32,244 [INFO] AnalyticsPlugin:257 - Accepted Firmware Licenses: FW.F4.1.28.0
2023-12-05 18:33:32,247 [INFO] PluginManage:359 - Loaded plugin analytics (category:tool,tabindex:-1)
2023-12-05 18:33:32,248 [INFO] PluginManage:310 - Check plugin cadmodel
2023-12-05 18:33:32,255 [INFO] CADModel:105 - Init CAD model plugin
2023-12-05 18:33:32,255 [INFO] PluginManage:359 - Loaded plugin cadmodel (category:power,tabindex:5)
2023-12-05 18:33:32,256 [INFO] PluginManage:310 - Check plugin clock
2023-12-05 18:33:32,270 [INFO] PluginManage:359 - Loaded plugin clock (category:base,tabindex:2)
2023-12-05 18:33:32,270 [INFO] PluginManage:310 - Check plugin ddr
2023-12-05 18:33:32,273 [INFO] PluginManage:359 - Loaded plugin ddr (category:tool,tabindex:6)
2023-12-05 18:33:32,274 [INFO] PluginManage:310 - Check plugin filemanager
2023-12-05 18:33:32,425 [INFO] PluginManage:359 - Loaded plugin filemanager (category:base,tabindex:10)
2023-12-05 18:33:32,426 [INFO] PluginManage:310 - Check plugin ipmanager
2023-12-05 18:33:32,436 [INFO] PluginManage:359 - Loaded plugin ipmanager (category:base,tabindex:5)
2023-12-05 18:33:32,436 [INFO] PluginManage:310 - Check plugin lpbam
2023-12-05 18:33:32,447 [INFO] PluginManage:359 - Loaded plugin lpbam (category:base,tabindex:0)
2023-12-05 18:33:32,447 [INFO] PluginManage:310 - Check plugin memorymap
2023-12-05 18:33:32,465 [INFO] PluginManage:359 - Loaded plugin memorymap (category:base,tabindex:4)
2023-12-05 18:33:32,466 [INFO] PluginManage:310 - Check plugin pinoutandconfiguration
2023-12-05 18:33:32,476 [INFO] PluginManage:359 - Loaded plugin pinoutandconfiguration (category:base,tabindex:1)
2023-12-05 18:33:32,476 [INFO] PluginManage:310 - Check plugin pinoutconfig
2023-12-05 18:33:32,569 [WARN] SupportedApi:132 - Cannot load RTOS API schema: s4s-elt-must-match.1: The content of 'definitions' must match (annotation?, (simpleType | complexType)?, (unique | key | keyref)*)). A problem was found starting at: attribute.
2023-12-05 18:33:32,705 [INFO] PluginManage:359 - Loaded plugin pinoutconfig (category:base,tabindex:0)
2023-12-05 18:33:32,705 [INFO] PluginManage:310 - Check plugin power
2023-12-05 18:33:32,718 [INFO] PluginManage:359 - Loaded plugin power (category:power,tabindex:4)
2023-12-05 18:33:32,718 [INFO] PluginManage:310 - Check plugin projectmanager
2023-12-05 18:33:32,734 [INFO] PluginManage:359 - Loaded plugin projectmanager (category:projectmanager,tabindex:3)
2023-12-05 18:33:32,735 [INFO] PluginManage:310 - Check plugin thirdparty
2023-12-05 18:33:32,874 [INFO] PluginManage:359 - Loaded plugin thirdparty (category:base,tabindex:-1)
2023-12-05 18:33:32,874 [WARN] IntegrityCheckThread:84 - waiting for thirdparty lock release [integrity check]
2023-12-05 18:33:32,874 [INFO] PluginManage:310 - Check plugin tools
2023-12-05 18:33:32,875 [INFO] IntegrityCheckThread:86 - entering critical section [integrity check]
2023-12-05 18:33:32,875 [INFO] ThirdPartyUpdaterWithRetryManager:70 - Updater plugin not ready yet. [1/15]
2023-12-05 18:33:32,890 [INFO] PluginManage:359 - Loaded plugin tools (category:base,tabindex:7)
2023-12-05 18:33:32,890 [INFO] PluginManage:310 - Check plugin tutovideos
2023-12-05 18:33:33,074 [INFO] PluginManage:359 - Loaded plugin tutovideos (category:base,tabindex:-1)
2023-12-05 18:33:33,075 [INFO] PluginManage:310 - Check plugin updater
2023-12-05 18:33:33,087 [INFO] PluginManage:359 - Loaded plugin updater (category:base,tabindex:12)
2023-12-05 18:33:33,087 [INFO] PluginManage:310 - Check plugin userauth
2023-12-05 18:33:33,093 [INFO] UserAuth:114 - Init User Auth plugin
2023-12-05 18:33:33,094 [INFO] PluginManage:359 - Loaded plugin userauth (category:base,tabindex:14)
2023-12-05 18:33:33,095 [INFO] PluginManage:283 - PluginManage : Loaded plugins [17]
2023-12-05 18:33:33,328 [INFO] PinOutPanel:1499 - setPackage(No Configuration,No Configuration)
2023-12-05 18:33:33,420 [INFO] CADModel:165 - CPN selected for project level
2023-12-05 18:33:33,421 [INFO] CADModel:114 - Register for checkConnection events
2023-12-05 18:33:33,441 [INFO] IPUIPlugin:80 - create IPUIPlugin
2023-12-05 18:33:33,441 [INFO] PluginManager:220 - loadIPPluginJar : add adc
2023-12-05 18:33:33,444 [INFO] IPUIPlugin:80 - create IPUIPlugin
2023-12-05 18:33:33,445 [INFO] PluginManager:220 - loadIPPluginJar : add aes
2023-12-05 18:33:33,449 [INFO] IPUIPlugin:80 - create IPUIPlugin
2023-12-05 18:33:33,449 [INFO] PluginManager:220 - loadIPPluginJar : add can
2023-12-05 18:33:33,452 [INFO] IPUIPlugin:80 - create IPUIPlugin
2023-12-05 18:33:33,452 [INFO] PluginManager:220 - loadIPPluginJar : add comp
2023-12-05 18:33:33,456 [INFO] IPUIPlugin:80 - create IPUIPlugin
2023-12-05 18:33:33,456 [INFO] PluginManager:220 - loadIPPluginJar : add cryp
2023-12-05 18:33:33,459 [INFO] IPUIPlugin:80 - create IPUIPlugin
2023-12-05 18:33:33,460 [INFO] PluginManager:220 - loadIPPluginJar : add dfsdm
2023-12-05 18:33:33,466 [INFO] IPUIPlugin:80 - create IPUIPlugin
2023-12-05 18:33:33,467 [INFO] PluginManager:220 - loadIPPluginJar : add dma
2023-12-05 18:33:33,470 [INFO] IPUIPlugin:80 - create IPUIPlugin
2023-12-05 18:33:33,470 [INFO] PluginManager:220 - loadIPPluginJar : add dma3
2023-12-05 18:33:33,472 [INFO] IPUIPlugin:80 - create IPUIPlugin
2023-12-05 18:33:33,472 [INFO] PluginManager:220 - loadIPPluginJar : add fatfs
2023-12-05 18:33:33,477 [INFO] IPUIPlugin:80 - create IPUIPlugin
2023-12-05 18:33:33,477 [INFO] PluginManager:220 - loadIPPluginJar : add fmc
2023-12-05 18:33:33,484 [INFO] IPUIPlugin:80 - create IPUIPlugin
2023-12-05 18:33:33,484 [INFO] PluginManager:220 - loadIPPluginJar : add freertos
2023-12-05 18:33:33,486 [INFO] IPUIPlugin:80 - create IPUIPlugin
2023-12-05 18:33:33,487 [INFO] PluginManager:220 - loadIPPluginJar : add genericplugin
2023-12-05 18:33:33,490 [INFO] IPUIPlugin:80 - create IPUIPlugin
2023-12-05 18:33:33,491 [INFO] PluginManager:220 - loadIPPluginJar : add gfxmmu
2023-12-05 18:33:33,497 [INFO] IPUIPlugin:80 - create IPUIPlugin
2023-12-05 18:33:33,497 [INFO] PluginManager:220 - loadIPPluginJar : add gic
2023-12-05 18:33:33,502 [INFO] IPUIPlugin:80 - create IPUIPlugin
2023-12-05 18:33:33,502 [INFO] PluginManager:220 - loadIPPluginJar : add gpio
2023-12-05 18:33:33,506 [INFO] IPUIPlugin:80 - create IPUIPlugin
2023-12-05 18:33:33,506 [INFO] PluginManager:220 - loadIPPluginJar : add gtzc
2023-12-05 18:33:33,510 [INFO] IPUIPlugin:80 - create IPUIPlugin
2023-12-05 18:33:33,510 [INFO] PluginManager:220 - loadIPPluginJar : add hash
2023-12-05 18:33:33,514 [INFO] IPUIPlugin:80 - create IPUIPlugin
2023-12-05 18:33:33,514 [INFO] PluginManager:220 - loadIPPluginJar : add i2c
2023-12-05 18:33:33,518 [INFO] IPUIPlugin:80 - create IPUIPlugin
2023-12-05 18:33:33,518 [INFO] PluginManager:220 - loadIPPluginJar : add i2s
2023-12-05 18:33:33,522 [INFO] IPUIPlugin:80 - create IPUIPlugin
2023-12-05 18:33:33,522 [INFO] PluginManager:220 - loadIPPluginJar : add i3c
2023-12-05 18:33:33,527 [INFO] IPUIPlugin:80 - create IPUIPlugin
2023-12-05 18:33:33,528 [INFO] PluginManager:220 - loadIPPluginJar : add ipddr
2023-12-05 18:33:33,537 [INFO] IPUIPlugin:80 - create IPUIPlugin
2023-12-05 18:33:33,537 [INFO] PluginManager:220 - loadIPPluginJar : add linkedlist
2023-12-05 18:33:33,541 [INFO] IPUIPlugin:80 - create IPUIPlugin
2023-12-05 18:33:33,542 [INFO] PluginManager:220 - loadIPPluginJar : add lorawan
2023-12-05 18:33:33,544 [INFO] IPUIPlugin:80 - create IPUIPlugin
2023-12-05 18:33:33,545 [INFO] PluginManager:220 - loadIPPluginJar : add ltdc
2023-12-05 18:33:33,552 [INFO] IPUIPlugin:80 - create IPUIPlugin
2023-12-05 18:33:33,552 [INFO] PluginManager:220 - loadIPPluginJar : add mdma
2023-12-05 18:33:33,557 [INFO] IPUIPlugin:80 - create IPUIPlugin
2023-12-05 18:33:33,558 [INFO] PluginManager:220 - loadIPPluginJar : add nvic
2023-12-05 18:33:33,561 [INFO] IPUIPlugin:80 - create IPUIPlugin
2023-12-05 18:33:33,562 [INFO] PluginManager:220 - loadIPPluginJar : add opamp
2023-12-05 18:33:33,565 [INFO] IPUIPlugin:80 - create IPUIPlugin
2023-12-05 18:33:33,566 [INFO] PluginManager:220 - loadIPPluginJar : add openamp
2023-12-05 18:33:33,570 [INFO] IPUIPlugin:80 - create IPUIPlugin
2023-12-05 18:33:33,571 [INFO] PluginManager:220 - loadIPPluginJar : add pdm2pcm
2023-12-05 18:33:33,577 [INFO] IPUIPlugin:80 - create IPUIPlugin
2023-12-05 18:33:33,580 [INFO] PluginManager:220 - loadIPPluginJar : add plateformsettings
2023-12-05 18:33:33,582 [INFO] IPUIPlugin:80 - create IPUIPlugin
2023-12-05 18:33:33,583 [INFO] PluginManager:220 - loadIPPluginJar : add quadspi
2023-12-05 18:33:33,587 [INFO] IPUIPlugin:80 - create IPUIPlugin
2023-12-05 18:33:33,588 [INFO] PluginManager:220 - loadIPPluginJar : add resmgrutility
2023-12-05 18:33:33,591 [INFO] IPUIPlugin:80 - create IPUIPlugin
2023-12-05 18:33:33,591 [INFO] PluginManager:220 - loadIPPluginJar : add sai
2023-12-05 18:33:33,594 [INFO] IPUIPlugin:80 - create IPUIPlugin
2023-12-05 18:33:33,595 [INFO] PluginManager:220 - loadIPPluginJar : add spi
2023-12-05 18:33:33,600 [INFO] IPUIPlugin:80 - create IPUIPlugin
2023-12-05 18:33:33,600 [INFO] PluginManager:220 - loadIPPluginJar : add stm32_wpan
2023-12-05 18:33:33,602 [INFO] IPUIPlugin:80 - create IPUIPlugin
2023-12-05 18:33:33,602 [INFO] PluginManager:220 - loadIPPluginJar : add tim
2023-12-05 18:33:33,606 [INFO] IPUIPlugin:80 - create IPUIPlugin
2023-12-05 18:33:33,606 [INFO] PluginManager:220 - loadIPPluginJar : add touchsensing
2023-12-05 18:33:33,608 [INFO] IPUIPlugin:80 - create IPUIPlugin
2023-12-05 18:33:33,609 [INFO] PluginManager:220 - loadIPPluginJar : add tracer_emb
2023-12-05 18:33:33,611 [INFO] IPUIPlugin:80 - create IPUIPlugin
2023-12-05 18:33:33,611 [INFO] PluginManager:220 - loadIPPluginJar : add ts
2023-12-05 18:33:33,613 [INFO] IPUIPlugin:80 - create IPUIPlugin
2023-12-05 18:33:33,614 [INFO] PluginManager:220 - loadIPPluginJar : add tsc
2023-12-05 18:33:33,616 [INFO] IPUIPlugin:80 - create IPUIPlugin
2023-12-05 18:33:33,616 [INFO] PluginManager:220 - loadIPPluginJar : add ucpd
2023-12-05 18:33:33,620 [INFO] IPUIPlugin:80 - create IPUIPlugin
2023-12-05 18:33:33,620 [INFO] PluginManager:220 - loadIPPluginJar : add usart
2023-12-05 18:33:33,624 [INFO] IPUIPlugin:80 - create IPUIPlugin
2023-12-05 18:33:33,625 [INFO] PluginManager:220 - loadIPPluginJar : add usbx
2023-12-05 18:33:33,761 [INFO] CADModel:165 - CPN selected for project level
2023-12-05 18:33:33,761 [INFO] CADModel:114 - Register for checkConnection events
2023-12-05 18:33:33,762 [FATAL] Updater:308 - Updater called before beeing initialized
2023-12-05 18:33:33,762 [ERROR] CADModel:125 - Updater not yet initialized, retry later 
2023-12-05 18:33:33,905 [INFO] CADModel:165 - CPN selected for project level
2023-12-05 18:33:33,905 [INFO] CADModel:114 - Register for checkConnection events
2023-12-05 18:33:33,906 [FATAL] Updater:308 - Updater called before beeing initialized
2023-12-05 18:33:33,906 [ERROR] CADModel:125 - Updater not yet initialized, retry later 
2023-12-05 18:33:33,910 [FATAL] Updater:308 - Updater called before beeing initialized
2023-12-05 18:33:34,046 [FATAL] Updater:308 - Updater called before beeing initialized
2023-12-05 18:33:34,050 [INFO] DbMcusAds:53 - JSON generation date=Tue Mar 07 08:50:55 GMT 2023 (1678179055335)
2023-12-05 18:33:34,050 [FATAL] Updater:308 - Updater called before beeing initialized
2023-12-05 18:33:34,127 [WARN] DetailPanel:346 - Failed to get advertising image, set to default
2023-12-05 18:33:34,216 [FATAL] Updater:308 - Updater called before beeing initialized
2023-12-05 18:33:34,218 [FATAL] Updater:308 - Updater called before beeing initialized
2023-12-05 18:33:34,218 [FATAL] Updater:308 - Updater called before beeing initialized
2023-12-05 18:33:34,218 [WARN] DetailPanel:346 - Failed to get advertising image, set to default
2023-12-05 18:33:34,219 [FATAL] Updater:308 - Updater called before beeing initialized
2023-12-05 18:33:34,270 [ERROR] Updater:1120 - MainUpdater not yet initialized. External WinMGr cannot be set.
2023-12-05 18:33:34,272 [INFO] Updater:1056 - Updater Version found : 6.10.0
2023-12-05 18:33:34,291 [INFO] ApplicationProperties:184 - Using Application install path: C:\ST\STM32CubeIDE_1.14.0\STM32CubeIDE\plugins\com.st.stm32cube.common.mx_6.10.0.202311202037
2023-12-05 18:33:34,682 [INFO] MainUpdater:2873 - connection check result : 10
2023-12-05 18:33:34,683 [INFO] MainUpdater:290 - Updater Check For Update Now.
2023-12-05 18:33:34,683 [INFO] MicroXplorer:498 - Change Database Version : DB.6.0.100
2023-12-05 18:33:34,693 [INFO] McuFinderGlobals:63 - Set McuFinder mode to 2 (CubeIDE integrated)
2023-12-05 18:33:34,856 [INFO] CheckServerUpdateThread:120 - End of CheckServer Thread
2023-12-05 18:33:35,235 [INFO] UserAuth:404 - Internet connection configuration mode: 1
2023-12-05 18:33:35,253 [INFO] JxBrowserEngine:152 - Initiate JxBrowser Engine with user profile folder
2023-12-05 18:33:36,841 [WARN] PackLoader:240 - Cannot read IP mode file for STMicroelectronics.X-CUBE-SMBUS.2.1.0
2023-12-05 18:33:36,876 [WARN] PackLoader:240 - Cannot read IP mode file for STMicroelectronics.X-CUBE-SUBG2.4.1.0
2023-12-05 18:33:36,891 [INFO] WebApp:161 - Instantiating new browser for Auth
2023-12-05 18:33:36,923 [WARN] PackLoader:240 - Cannot read IP mode file for STMicroelectronics.X-CUBE-AZRTOS-F7.1.1.0
2023-12-05 18:33:36,941 [WARN] PackLoader:240 - Cannot read IP mode file for STMicroelectronics.FP-SNS-MOTENV1.4.3.2
2023-12-05 18:33:36,953 [WARN] PackLoader:240 - Cannot read IP mode file for STMicroelectronics.X-CUBE-BLE1.6.2.3
2023-12-05 18:33:36,963 [WARN] PackLoader:240 - Cannot read IP mode file for STMicroelectronics.X-CUBE-EEPRMA1.3.0.0
2023-12-05 18:33:36,972 [WARN] PackLoader:240 - Cannot read IP mode file for STMicroelectronics.X-CUBE-BLE1.6.2.4
2023-12-05 18:33:36,980 [WARN] PackLoader:240 - Cannot read IP mode file for STMicroelectronics.X-CUBE-BLE1.6.2.0
2023-12-05 18:33:36,989 [WARN] PackLoader:240 - Cannot read IP mode file for STMicroelectronics.FP-SNS-FLIGHT1.5.0.2
2023-12-05 18:33:37,008 [WARN] PackLoader:240 - Cannot read IP mode file for STMicroelectronics.X-CUBE-TOF1.3.1.0
2023-12-05 18:33:37,022 [WARN] PackLoader:240 - Cannot read IP mode file for STMicroelectronics.X-CUBE-BLE2.3.2.0
2023-12-05 18:33:37,034 [WARN] PackLoader:240 - Cannot read IP mode file for STMicroelectronics.X-CUBE-DISPLAY.3.0.0
2023-12-05 18:33:37,046 [WARN] PackLoader:240 - Cannot read IP mode file for STMicroelectronics.X-CUBE-BLE1.7.0.0
2023-12-05 18:33:37,054 [WARN] PackLoader:240 - Cannot read IP mode file for STMicroelectronics.X-CUBE-TOUCHGFX.4.22.1
2023-12-05 18:33:37,082 [WARN] PackLoader:240 - Cannot read IP mode file for STMicroelectronics.X-CUBE-AZRTOS-H7.1.0.0
2023-12-05 18:33:37,145 [WARN] PackLoader:240 - Cannot read IP mode file for STMicroelectronics.X-CUBE-MEMS1.9.3.0
2023-12-05 18:33:37,325 [WARN] PackLoader:240 - Cannot read IP mode file for STMicroelectronics.X-CUBE-AI.7.2.0
2023-12-05 18:33:37,333 [WARN] PackLoader:240 - Cannot read IP mode file for STMicroelectronics.FP-SNS-SMARTAG2.1.2.0
2023-12-05 18:33:37,347 [INFO] LogOutputStream:77 - [STDOUT_REDIRECT] 1 : Invalid condition id : UX_CORESTACK_Condition cause : null
2023-12-05 18:33:37,348 [INFO] LogOutputStream:77 - [STDOUT_REDIRECT] 1 : Invalid condition id : UX_CORESTACK_Condition cause : null
2023-12-05 18:33:37,350 [INFO] LogOutputStream:77 - [STDOUT_REDIRECT] 1 : Invalid condition id : UX_CORESTACK_Condition cause : null
2023-12-05 18:33:37,352 [INFO] LogOutputStream:77 - [STDOUT_REDIRECT] 1 : Invalid condition id : UX_CORESTACK_Condition cause : null
2023-12-05 18:33:37,354 [INFO] LogOutputStream:77 - [STDOUT_REDIRECT] 1 : Invalid condition id : UX_CORESTACK_Condition cause : null
2023-12-05 18:33:37,358 [WARN] PackLoader:240 - Cannot read IP mode file for STMicroelectronics.X-CUBE-AZRTOS-WL.2.0.0
2023-12-05 18:33:37,368 [WARN] PackLoader:240 - Cannot read IP mode file for STMicroelectronics.X-CUBE-ALGOBUILD.1.2.0
2023-12-05 18:33:37,381 [WARN] PackLoader:240 - Cannot read IP mode file for WES.I-CUBE-Cesium.1.3.0
2023-12-05 18:33:37,387 [WARN] PackLoader:240 - Cannot read IP mode file for STMicroelectronics.X-CUBE-BLE2.3.3.0
2023-12-05 18:33:37,395 [WARN] PackLoader:240 - Cannot read IP mode file for STMicroelectronics.X-CUBE-DISPLAY.2.2.0
2023-12-05 18:33:37,408 [WARN] PackLoader:240 - Cannot read IP mode file for STMicroelectronics.X-CUBE-TOF1.3.2.0
2023-12-05 18:33:37,432 [WARN] PackLoader:240 - Cannot read IP mode file for STMicroelectronics.X-CUBE-AZRTOS-H7.2.1.0
2023-12-05 18:33:37,447 [WARN] PackLoader:240 - Cannot read IP mode file for STMicroelectronics.X-CUBE-TOUCHGFX.4.21.1
2023-12-05 18:33:37,460 [WARN] PackLoader:240 - Cannot read IP mode file for STMicroelectronics.X-CUBE-ALGOBUILD.1.3.0
2023-12-05 18:33:37,490 [WARN] PackLoader:240 - Cannot read IP mode file for STMicroelectronics.X-CUBE-AZRTOS-G0.1.1.0
2023-12-05 18:33:37,502 [WARN] PackLoader:240 - Cannot read IP mode file for STMicroelectronics.X-CUBE-NFC4.3.0.0
2023-12-05 18:33:37,580 [WARN] PackLoader:240 - Cannot read IP mode file for SEGGER.I-CUBE-embOS.1.2.0
2023-12-05 18:33:37,650 [WARN] PackLoader:240 - Cannot read IP mode file for STMicroelectronics.X-CUBE-BLEMGR.3.0.0
2023-12-05 18:33:37,659 [WARN] PackLoader:240 - Cannot read IP mode file for STMicroelectronics.FP-ATR-SIGFOX1.3.2.0
2023-12-05 18:33:37,669 [WARN] PackLoader:240 - Cannot read IP mode file for emotas.I-CUBE-CANOPEN.1.1.2
2023-12-05 18:33:37,675 [WARN] PackLoader:240 - Cannot read IP mode file for STMicroelectronics.X-CUBE-TOUCHGFX.4.20.0
2023-12-05 18:33:37,729 [WARN] PackLoader:240 - Cannot read IP mode file for STMicroelectronics.X-CUBE-MEMS1.9.5.0
2023-12-05 18:33:37,923 [WARN] PackLoader:240 - Cannot read IP mode file for SEGGER.I-CUBE-embOS.1.3.1
2023-12-05 18:33:37,976 [WARN] PackLoader:240 - Cannot read IP mode file for STMicroelectronics.X-CUBE-TOUCHGFX.4.16.1
2023-12-05 18:33:37,988 [WARN] PackLoader:240 - Cannot read IP mode file for STMicroelectronics.X-CUBE-GNSS1.6.0.0
2023-12-05 18:33:38,021 [WARN] PackLoader:240 - Cannot read IP mode file for STMicroelectronics.X-CUBE-AZRTOS-F4.1.1.0
2023-12-05 18:33:38,103 [WARN] PackLoader:240 - Cannot read IP mode file for STMicroelectronics.X-CUBE-AZRTOS-L5.2.0.0
2023-12-05 18:33:38,127 [WARN] PackLoader:240 - Cannot read IP mode file for STMicroelectronics.X-CUBE-EEPRMA1.4.2.0
2023-12-05 18:33:38,138 [WARN] PackLoader:240 - Cannot read IP mode file for ITTIA_DB.I-CUBE-ITTIADB.8.8.0
2023-12-05 18:33:38,152 [WARN] PackLoader:240 - Cannot read IP mode file for STMicroelectronics.X-CUBE-BLEMGR.2.0.0
2023-12-05 18:33:38,162 [WARN] PackLoader:240 - Cannot read IP mode file for STMicroelectronics.X-CUBE-NFC4.2.0.4
2023-12-05 18:33:38,171 [WARN] PackLoader:240 - Cannot read IP mode file for STMicroelectronics.X-CUBE-NFC4.2.0.2
2023-12-05 18:33:38,193 [WARN] ConditionMgr:438 - getConditionDescription Invalid condition id : UX DEVICE CLASS RTOS Condition cause : null
2023-12-05 18:33:38,194 [WARN] ConditionMgr:438 - getConditionDescription Invalid condition id : UX DEVICE CLASS RTOS Condition cause : null
2023-12-05 18:33:38,198 [WARN] PackLoader:240 - Cannot read IP mode file for STMicroelectronics.X-CUBE-AZRTOS-H7.3.1.0
2023-12-05 18:33:38,200 [WARN] ConditionMgr:1039 - genDependencies : Invalid condition id : UX DEVICE CLASS RTOS Condition cause : null
2023-12-05 18:33:38,201 [WARN] ConditionMgr:1039 - genDependencies : Invalid condition id : UX DEVICE CLASS RTOS Condition cause : null
2023-12-05 18:33:38,202 [WARN] ConditionMgr:1039 - genDependencies : Invalid condition id : UX DEVICE CLASS RTOS Condition cause : null
2023-12-05 18:33:38,202 [WARN] ConditionMgr:1039 - genDependencies : Invalid condition id : UX DEVICE CLASS RTOS Condition cause : null
2023-12-05 18:33:38,203 [WARN] ConditionMgr:1039 - genDependencies : Invalid condition id : UX DEVICE CLASS RTOS Condition cause : null
2023-12-05 18:33:38,223 [WARN] PackLoader:240 - Cannot read IP mode file for STMicroelectronics.X-CUBE-AZRTOS-F4.1.0.0
2023-12-05 18:33:38,233 [WARN] PackLoader:240 - Cannot read IP mode file for STMicroelectronics.X-CUBE-NFC7.1.0.1
2023-12-05 18:33:38,246 [WARN] PackLoader:240 - Cannot read IP mode file for STMicroelectronics.X-CUBE-NFC7.1.0.0
2023-12-05 18:33:38,256 [WARN] PackLoader:240 - Cannot read IP mode file for STMicroelectronics.X-CUBE-NFC6.3.0.0
2023-12-05 18:33:38,266 [WARN] PackLoader:240 - Cannot read IP mode file for STMicroelectronics.X-CUBE-EEPRMA1.4.1.0
2023-12-05 18:33:38,273 [WARN] PackLoader:240 - Cannot read IP mode file for STMicroelectronics.X-CUBE-DISPLAY.1.0.0
2023-12-05 18:33:38,277 [WARN] PackLoader:240 - Cannot read IP mode file for STMicroelectronics.X-CUBE-AI.8.1.0
2023-12-05 18:33:38,282 [WARN] PackLoader:240 - Cannot read IP mode file for STMicroelectronics.X-CUBE-AI.6.0.0
2023-12-05 18:33:38,301 [WARN] ConditionMgr:438 - getConditionDescription Invalid condition id : LAN8742 Phy interface Condition cause : null
2023-12-05 18:33:38,303 [WARN] PackLoader:240 - Cannot read IP mode file for STMicroelectronics.X-CUBE-AZRTOS-L4.2.0.0
2023-12-05 18:33:38,304 [WARN] ConditionMgr:1039 - genDependencies : Invalid condition id : LAN8742 Phy interface Condition cause : null
2023-12-05 18:33:38,305 [WARN] ConditionMgr:1039 - genDependencies : Invalid condition id : LAN8742 Phy interface Condition cause : null
2023-12-05 18:33:38,306 [WARN] ConditionMgr:1039 - genDependencies : Invalid condition id : LAN8742 Phy interface Condition cause : null
2023-12-05 18:33:38,314 [WARN] PackLoader:240 - Cannot read IP mode file for STMicroelectronics.X-CUBE-SFXS2LP1.4.0.0
2023-12-05 18:33:38,321 [WARN] PackLoader:240 - Cannot read IP mode file for wolfSSL.I-CUBE-wolfSSL.4.7.0
2023-12-05 18:33:38,340 [WARN] PackLoader:240 - Cannot read IP mode file for STMicroelectronics.X-CUBE-AZRTOS-H7.3.0.0
2023-12-05 18:33:38,351 [WARN] PackLoader:240 - Cannot read IP mode file for STMicroelectronics.X-CUBE-ISPU.1.1.0
2023-12-05 18:33:38,362 [WARN] PackLoader:240 - Cannot read IP mode file for RoweBots.I-CUBE-UNISONRTOS.5.5.0-4
2023-12-05 18:33:38,370 [WARN] PackLoader:240 - Cannot read IP mode file for STMicroelectronics.X-CUBE-SFXS2LP1.3.0.0
2023-12-05 18:33:38,376 [WARN] PackLoader:240 - Cannot read IP mode file for STMicroelectronics.X-CUBE-AI.8.0.0
2023-12-05 18:33:38,389 [WARN] ConditionMgr:438 - getConditionDescription Invalid condition id : UX DEVICE CLASS RTOS Condition cause : null
2023-12-05 18:33:38,390 [WARN] ConditionMgr:438 - getConditionDescription Invalid condition id : UX DEVICE CLASS RTOS Condition cause : null
2023-12-05 18:33:38,392 [WARN] PackLoader:240 - Cannot read IP mode file for STMicroelectronics.X-CUBE-AZRTOS-WB.2.0.0
2023-12-05 18:33:38,393 [WARN] ConditionMgr:1039 - genDependencies : Invalid condition id : UX DEVICE CLASS RTOS Condition cause : null
2023-12-05 18:33:38,394 [WARN] ConditionMgr:1039 - genDependencies : Invalid condition id : UX DEVICE CLASS RTOS Condition cause : null
2023-12-05 18:33:38,394 [WARN] ConditionMgr:1039 - genDependencies : Invalid condition id : UX DEVICE CLASS RTOS Condition cause : null
2023-12-05 18:33:38,395 [WARN] ConditionMgr:1039 - genDependencies : Invalid condition id : UX DEVICE CLASS RTOS Condition cause : null
2023-12-05 18:33:38,395 [WARN] ConditionMgr:1039 - genDependencies : Invalid condition id : UX DEVICE CLASS RTOS Condition cause : null
2023-12-05 18:33:38,403 [WARN] PackLoader:240 - Cannot read IP mode file for STMicroelectronics.X-CUBE-FREERTOS.1.0.0
2023-12-05 18:33:38,411 [WARN] PackLoader:240 - Cannot read IP mode file for STMicroelectronics.X-CUBE-BLEMGR.1.0.0
2023-12-05 18:33:38,432 [WARN] PackLoader:240 - Cannot read IP mode file for STMicroelectronics.X-CUBE-AZRTOS-L5.1.1.0
2023-12-05 18:33:38,449 [WARN] PackLoader:240 - Cannot read IP mode file for STMicroelectronics.X-CUBE-SUBG2.5.0.0
2023-12-05 18:33:38,469 [WARN] PackLoader:240 - Cannot read IP mode file for STMicroelectronics.X-CUBE-TOF1.3.3.1
2023-12-05 18:33:38,505 [WARN] PackLoader:240 - Cannot read IP mode file for STMicroelectronics.X-CUBE-AZRTOS-G4.2.0.0
2023-12-05 18:33:38,517 [WARN] PackLoader:240 - Cannot read IP mode file for STMicroelectronics.FP-ATR-ASTRA1.1.1.1
2023-12-05 18:33:38,541 [WARN] PackLoader:240 - Cannot read IP mode file for Infineon.AIROC-Wi-Fi-Bluetooth-STM32.1.5.1
2023-12-05 18:33:38,542 [INFO] WebApp:780 - Register for checkConnection events
2023-12-05 18:33:38,544 [INFO] WebApp:414 - Apply proxy settings
2023-12-05 18:33:38,544 [INFO] WebApp:499 - Chromium requires no authentication
2023-12-05 18:33:38,552 [WARN] PackLoader:240 - Cannot read IP mode file for STMicroelectronics.FP-ATR-ASTRA1.1.1.0
2023-12-05 18:33:38,562 [WARN] PackLoader:240 - Cannot read IP mode file for STMicroelectronics.FP-SNS-MOTENVWB1.1.3.0
2023-12-05 18:33:38,572 [WARN] PackLoader:240 - Cannot read IP mode file for STMicroelectronics.FP-SNS-MOTENVWB1.1.3.1
2023-12-05 18:33:38,581 [INFO] WebApp:442 - Direct internet connection detected
2023-12-05 18:33:38,596 [WARN] PackLoader:240 - Cannot read IP mode file for STMicroelectronics.X-CUBE-AZRTOS-G4.1.0.0
2023-12-05 18:33:38,639 [WARN] PackLoader:240 - Cannot read IP mode file for STMicroelectronics.X-CUBE-AZRTOS-L4.1.0.0
2023-12-05 18:33:38,654 [WARN] PackLoader:240 - Cannot read IP mode file for STMicroelectronics.X-CUBE-ISPU.2.0.0
2023-12-05 18:33:38,728 [WARN] PackLoader:240 - Cannot read IP mode file for STMicroelectronics.X-CUBE-MEMS1.10.0.0
2023-12-05 18:33:38,885 [WARN] PackLoader:240 - Cannot read IP mode file for STMicroelectronics.X-CUBE-FREERTOS.1.1.0
2023-12-05 18:33:38,902 [WARN] PackLoader:240 - Cannot read IP mode file for STMicroelectronics.X-CUBE-AZRTOS-WL.1.0.0
2023-12-05 18:33:38,911 [WARN] PackLoader:240 - Cannot read IP mode file for STMicroelectronics.X-CUBE-TOF1.1.0.0
2023-12-05 18:33:38,919 [WARN] PackLoader:240 - Cannot read IP mode file for portGmbH.I-Cube-SoM-uGOAL.1.1.0
2023-12-05 18:33:38,925 [WARN] PackLoader:240 - Cannot read IP mode file for STMicroelectronics.X-CUBE-ALS.1.0.1
2023-12-05 18:33:38,948 [WARN] PackLoader:240 - Cannot read IP mode file for STMicroelectronics.X-CUBE-AZRTOS-WB.1.1.0
2023-12-05 18:33:38,994 [WARN] PackLoader:240 - Cannot read IP mode file for STMicroelectronics.X-CUBE-MEMS1.8.3.0
2023-12-05 18:33:39,105 [WARN] PackLoader:240 - Cannot read IP mode file for STMicroelectronics.X-CUBE-AZRTOS-L5.1.0.0
2023-12-05 18:33:39,114 [WARN] PackLoader:240 - Cannot read IP mode file for STMicroelectronics.X-CUBE-EEPRMA1.3.1.1
2023-12-05 18:33:39,122 [WARN] PackLoader:240 - Cannot read IP mode file for STMicroelectronics.X-CUBE-GNSS1.5.2.0
2023-12-05 18:33:39,131 [WARN] PackLoader:240 - Cannot read IP mode file for STMicroelectronics.FP-ATR-ASTRA1.2.0.0
2023-12-05 18:33:39,147 [WARN] PackLoader:240 - Cannot read IP mode file for STMicroelectronics.X-CUBE-TOF1.3.4.0
2023-12-05 18:33:39,171 [INFO] WebApp:192 - Starting web application
2023-12-05 18:33:39,172 [INFO] WebApp:544 - Web application path used C:\ST\STM32CubeIDE_1.14.0\STM32CubeIDE\plugins\com.st.stm32cube.common.mx_6.10.0.202311202037\db\plugins\mcufinder\reactClient1\index.html
2023-12-05 18:33:39,182 [WARN] PackLoader:240 - Cannot read IP mode file for STMicroelectronics.X-CUBE-AZRTOS-H7.3.2.0
2023-12-05 18:33:39,186 [INFO] ThirdParty:978 - Integrity check success = true
2023-12-05 18:33:39,186 [INFO] IntegrityCheckThread:100 - exiting critical section [integrity check]
2023-12-05 18:33:39,186 [INFO] IntegrityCheckThread:103 - End integrity checks thread
2023-12-05 18:33:59,909 [ERROR] LogOutputStream:75 - [STDERR_REDIRECT] SLF4J: Failed to load class "org.slf4j.impl.StaticLoggerBinder".
2023-12-05 18:33:59,909 [ERROR] LogOutputStream:75 - [STDERR_REDIRECT] SLF4J: Defaulting to no-operation (NOP) logger implementation
2023-12-05 18:33:59,911 [ERROR] LogOutputStream:75 - [STDERR_REDIRECT] SLF4J: See http://www.slf4j.org/codes.html#StaticLoggerBinder for further details.
2023-12-05 19:10:48,733 [ERROR] LogOutputStream:75 - [STDERR_REDIRECT] 
