2023-12-03 12:26:57,961 [INFO] Activator:176 - 


2023-12-03 12:26:57,970 [INFO] Activator:177 - !SESSION log4j initialized
2023-12-03 12:27:06,179 [INFO] LogOutputStream:77 - [STDOUT_REDIRECT] 
2023-12-03 12:27:09,160 [INFO] ApplicationProperties:184 - Using Application install path: C:\ST\STM32CubeIDE_1.14.0\STM32CubeIDE\plugins\com.st.stm32cube.common.mx_6.10.0.202311202037
2023-12-03 12:27:09,194 [INFO] DbMcusXml:78 - Set database path to: C:\ST\STM32CubeIDE_1.14.0\STM32CubeIDE\plugins\com.st.stm32cube.common.mx_6.10.0.202311202037\\db\/mcu/
2023-12-03 12:27:09,194 [INFO] ApiDb:274 - Set plugin database path to: C:\ST\STM32CubeIDE_1.14.0\STM32CubeIDE\plugins\com.st.stm32cube.common.mx_6.10.0.202311202037\\db\/plugins/boardmanager/
2023-12-03 12:27:09,198 [WARN] ApiDb:259 - Overriding images path with different value:  => C:\ST\STM32CubeIDE_1.14.0\STM32CubeIDE\plugins\com.st.stm32cube.common.mx_6.10.0.202311202037\\db\/plugins/mcufinder/images/
2023-12-03 12:27:09,214 [INFO] ApiDb:250 - Set database path to: C:\Users\Steven\.stmcufinder\plugins\mcufinder//mcu/
2023-12-03 12:27:09,222 [INFO] DbMcusAds:125 - Set database path to: C:\Users\Steven\.stmcufinder\plugins\mcufinder//mcu/
2023-12-03 12:27:09,226 [INFO] CrossReferenceDbSqlite:203 - Set database path to: C:\Users\Steven\.stmcufinder\plugins\mcufinder//mcu/cs/
2023-12-03 12:27:09,386 [INFO] RulesReader:64 - Compatibility file has been processed (297 Rules)
2023-12-03 12:27:09,550 [INFO] DbMcusXml:78 - Set database path to: C:\ST\STM32CubeIDE_1.14.0\STM32CubeIDE\plugins\com.st.stm32cube.common.mx_6.10.0.202311202037\\db\/mcu/
2023-12-03 12:27:09,551 [INFO] ApiDb:274 - Set plugin database path to: C:\ST\STM32CubeIDE_1.14.0\STM32CubeIDE\plugins\com.st.stm32cube.common.mx_6.10.0.202311202037\\db\/plugins/boardmanager/
2023-12-03 12:27:09,553 [INFO] ApiDb:261 - Set plugin images path to: C:\ST\STM32CubeIDE_1.14.0\STM32CubeIDE\plugins\com.st.stm32cube.common.mx_6.10.0.202311202037\\db\/plugins/mcufinder/images/
2023-12-03 12:27:09,554 [WARN] DbFile:41 - Overriding database path with different value: C:\Users\Steven\.stmcufinder\plugins\mcufinder/ => C:\Users\Steven\.stmcufinder\plugins\mcufinder
2023-12-03 12:27:09,554 [INFO] ApiDb:250 - Set database path to: C:\Users\Steven\.stmcufinder\plugins\mcufinder//mcu/
2023-12-03 12:27:09,554 [WARN] DbFile:41 - Overriding database path with different value: C:\Users\Steven\.stmcufinder\plugins\mcufinder/ => C:\Users\Steven\.stmcufinder\plugins\mcufinder
2023-12-03 12:27:09,554 [INFO] DbMcusAds:125 - Set database path to: C:\Users\Steven\.stmcufinder\plugins\mcufinder//mcu/
2023-12-03 12:27:09,555 [WARN] DbFile:41 - Overriding database path with different value: C:\Users\Steven\.stmcufinder\plugins\mcufinder/ => C:\Users\Steven\.stmcufinder\plugins\mcufinder
2023-12-03 12:27:09,555 [WARN] DbFile:41 - Overriding database path with different value: C:\Users\Steven\.stmcufinder\plugins\mcufinder/ => C:\Users\Steven\.stmcufinder\plugins\mcufinder
2023-12-03 12:27:09,555 [INFO] CrossReferenceDbSqlite:203 - Set database path to: C:\Users\Steven\.stmcufinder\plugins\mcufinder//mcu/cs/
2023-12-03 12:27:09,720 [INFO] MainPanel:264 - HeapMemory: 268435456
2023-12-03 12:27:09,908 [INFO] DbMcusXml:78 - Set database path to: C:\ST\STM32CubeIDE_1.14.0\STM32CubeIDE\plugins\com.st.stm32cube.common.mx_6.10.0.202311202037\\db\/mcu/
2023-12-03 12:27:09,909 [INFO] ApiDb:274 - Set plugin database path to: C:\ST\STM32CubeIDE_1.14.0\STM32CubeIDE\plugins\com.st.stm32cube.common.mx_6.10.0.202311202037\\db\/plugins/boardmanager/
2023-12-03 12:27:09,910 [INFO] ApiDb:261 - Set plugin images path to: C:\ST\STM32CubeIDE_1.14.0\STM32CubeIDE\plugins\com.st.stm32cube.common.mx_6.10.0.202311202037\\db\/plugins/mcufinder/images/
2023-12-03 12:27:09,911 [WARN] DbFile:41 - Overriding database path with different value: C:\Users\Steven\.stmcufinder\plugins\mcufinder/ => C:\Users\Steven\.stmcufinder\plugins\mcufinder
2023-12-03 12:27:09,911 [INFO] ApiDb:250 - Set database path to: C:\Users\Steven\.stmcufinder\plugins\mcufinder//mcu/
2023-12-03 12:27:09,911 [WARN] DbFile:41 - Overriding database path with different value: C:\Users\Steven\.stmcufinder\plugins\mcufinder/ => C:\Users\Steven\.stmcufinder\plugins\mcufinder
2023-12-03 12:27:09,912 [INFO] DbMcusAds:125 - Set database path to: C:\Users\Steven\.stmcufinder\plugins\mcufinder//mcu/
2023-12-03 12:27:09,912 [WARN] DbFile:41 - Overriding database path with different value: C:\Users\Steven\.stmcufinder\plugins\mcufinder/ => C:\Users\Steven\.stmcufinder\plugins\mcufinder
2023-12-03 12:27:09,912 [WARN] DbFile:41 - Overriding database path with different value: C:\Users\Steven\.stmcufinder\plugins\mcufinder/ => C:\Users\Steven\.stmcufinder\plugins\mcufinder
2023-12-03 12:27:09,913 [INFO] CrossReferenceDbSqlite:203 - Set database path to: C:\Users\Steven\.stmcufinder\plugins\mcufinder//mcu/cs/
2023-12-03 12:27:09,947 [INFO] ApplicationProperties:184 - Using Application install path: C:\ST\STM32CubeIDE_1.14.0\STM32CubeIDE\plugins\com.st.stm32cube.common.mx_6.10.0.202311202037
2023-12-03 12:27:09,950 [INFO] PluginManage:196 - Search for loadable plugins [exclusion list=, ]
2023-12-03 12:27:09,953 [INFO] PluginManage:310 - Check plugin analytics
2023-12-03 12:27:10,254 [INFO] AnalyticsPlugin:253 - Accepted Software Licenses: STM32CubeMX.6.9.2,STM32CubeMX.6.10.0
2023-12-03 12:27:10,256 [INFO] AnalyticsPlugin:255 - Accepted CMSIS Pack Licenses: 
2023-12-03 12:27:10,257 [INFO] AnalyticsPlugin:257 - Accepted Firmware Licenses: FW.F4.1.28.0
2023-12-03 12:27:10,261 [INFO] PluginManage:359 - Loaded plugin analytics (category:tool,tabindex:-1)
2023-12-03 12:27:10,262 [INFO] PluginManage:310 - Check plugin cadmodel
2023-12-03 12:27:10,269 [INFO] CADModel:105 - Init CAD model plugin
2023-12-03 12:27:10,270 [INFO] PluginManage:359 - Loaded plugin cadmodel (category:power,tabindex:5)
2023-12-03 12:27:10,270 [INFO] PluginManage:310 - Check plugin clock
2023-12-03 12:27:10,284 [INFO] PluginManage:359 - Loaded plugin clock (category:base,tabindex:2)
2023-12-03 12:27:10,284 [INFO] PluginManage:310 - Check plugin ddr
2023-12-03 12:27:10,289 [INFO] PluginManage:359 - Loaded plugin ddr (category:tool,tabindex:6)
2023-12-03 12:27:10,289 [INFO] PluginManage:310 - Check plugin filemanager
2023-12-03 12:27:10,440 [INFO] PluginManage:359 - Loaded plugin filemanager (category:base,tabindex:10)
2023-12-03 12:27:10,441 [INFO] PluginManage:310 - Check plugin ipmanager
2023-12-03 12:27:10,450 [INFO] PluginManage:359 - Loaded plugin ipmanager (category:base,tabindex:5)
2023-12-03 12:27:10,451 [INFO] PluginManage:310 - Check plugin lpbam
2023-12-03 12:27:10,460 [INFO] PluginManage:359 - Loaded plugin lpbam (category:base,tabindex:0)
2023-12-03 12:27:10,460 [INFO] PluginManage:310 - Check plugin memorymap
2023-12-03 12:27:10,476 [INFO] PluginManage:359 - Loaded plugin memorymap (category:base,tabindex:4)
2023-12-03 12:27:10,477 [INFO] PluginManage:310 - Check plugin pinoutandconfiguration
2023-12-03 12:27:10,486 [INFO] PluginManage:359 - Loaded plugin pinoutandconfiguration (category:base,tabindex:1)
2023-12-03 12:27:10,486 [INFO] PluginManage:310 - Check plugin pinoutconfig
2023-12-03 12:27:10,587 [WARN] SupportedApi:132 - Cannot load RTOS API schema: s4s-elt-must-match.1: The content of 'definitions' must match (annotation?, (simpleType | complexType)?, (unique | key | keyref)*)). A problem was found starting at: attribute.
2023-12-03 12:27:10,784 [INFO] PluginManage:359 - Loaded plugin pinoutconfig (category:base,tabindex:0)
2023-12-03 12:27:10,784 [INFO] PluginManage:310 - Check plugin power
2023-12-03 12:27:10,803 [INFO] PluginManage:359 - Loaded plugin power (category:power,tabindex:4)
2023-12-03 12:27:10,804 [INFO] PluginManage:310 - Check plugin projectmanager
2023-12-03 12:27:10,830 [INFO] PluginManage:359 - Loaded plugin projectmanager (category:projectmanager,tabindex:3)
2023-12-03 12:27:10,831 [INFO] PluginManage:310 - Check plugin thirdparty
2023-12-03 12:27:11,037 [WARN] IntegrityCheckThread:84 - waiting for thirdparty lock release [integrity check]
2023-12-03 12:27:11,038 [INFO] IntegrityCheckThread:86 - entering critical section [integrity check]
2023-12-03 12:27:11,038 [INFO] PluginManage:359 - Loaded plugin thirdparty (category:base,tabindex:-1)
2023-12-03 12:27:11,039 [INFO] PluginManage:310 - Check plugin tools
2023-12-03 12:27:11,039 [INFO] ThirdPartyUpdaterWithRetryManager:70 - Updater plugin not ready yet. [1/15]
2023-12-03 12:27:11,043 [INFO] PluginManage:359 - Loaded plugin tools (category:base,tabindex:7)
2023-12-03 12:27:11,043 [INFO] PluginManage:310 - Check plugin tutovideos
2023-12-03 12:27:11,329 [INFO] PluginManage:359 - Loaded plugin tutovideos (category:base,tabindex:-1)
2023-12-03 12:27:11,330 [INFO] PluginManage:310 - Check plugin updater
2023-12-03 12:27:11,351 [INFO] PluginManage:359 - Loaded plugin updater (category:base,tabindex:12)
2023-12-03 12:27:11,352 [INFO] PluginManage:310 - Check plugin userauth
2023-12-03 12:27:11,360 [INFO] UserAuth:114 - Init User Auth plugin
2023-12-03 12:27:11,360 [INFO] PluginManage:359 - Loaded plugin userauth (category:base,tabindex:14)
2023-12-03 12:27:11,361 [INFO] PluginManage:283 - PluginManage : Loaded plugins [17]
2023-12-03 12:27:11,709 [INFO] PinOutPanel:1499 - setPackage(No Configuration,No Configuration)
2023-12-03 12:27:11,837 [INFO] CADModel:165 - CPN selected for project level
2023-12-03 12:27:11,838 [INFO] CADModel:114 - Register for checkConnection events
2023-12-03 12:27:11,862 [INFO] IPUIPlugin:80 - create IPUIPlugin
2023-12-03 12:27:11,862 [INFO] PluginManager:220 - loadIPPluginJar : add adc
2023-12-03 12:27:11,866 [INFO] IPUIPlugin:80 - create IPUIPlugin
2023-12-03 12:27:11,867 [INFO] PluginManager:220 - loadIPPluginJar : add aes
2023-12-03 12:27:11,871 [INFO] IPUIPlugin:80 - create IPUIPlugin
2023-12-03 12:27:11,871 [INFO] PluginManager:220 - loadIPPluginJar : add can
2023-12-03 12:27:11,873 [INFO] IPUIPlugin:80 - create IPUIPlugin
2023-12-03 12:27:11,874 [INFO] PluginManager:220 - loadIPPluginJar : add comp
2023-12-03 12:27:11,877 [INFO] IPUIPlugin:80 - create IPUIPlugin
2023-12-03 12:27:11,877 [INFO] PluginManager:220 - loadIPPluginJar : add cryp
2023-12-03 12:27:11,881 [INFO] IPUIPlugin:80 - create IPUIPlugin
2023-12-03 12:27:11,881 [INFO] PluginManager:220 - loadIPPluginJar : add dfsdm
2023-12-03 12:27:11,888 [INFO] IPUIPlugin:80 - create IPUIPlugin
2023-12-03 12:27:11,889 [INFO] PluginManager:220 - loadIPPluginJar : add dma
2023-12-03 12:27:11,893 [INFO] IPUIPlugin:80 - create IPUIPlugin
2023-12-03 12:27:11,894 [INFO] PluginManager:220 - loadIPPluginJar : add dma3
2023-12-03 12:27:11,896 [INFO] IPUIPlugin:80 - create IPUIPlugin
2023-12-03 12:27:11,897 [INFO] PluginManager:220 - loadIPPluginJar : add fatfs
2023-12-03 12:27:11,903 [INFO] IPUIPlugin:80 - create IPUIPlugin
2023-12-03 12:27:11,904 [INFO] PluginManager:220 - loadIPPluginJar : add fmc
2023-12-03 12:27:11,911 [INFO] IPUIPlugin:80 - create IPUIPlugin
2023-12-03 12:27:11,911 [INFO] PluginManager:220 - loadIPPluginJar : add freertos
2023-12-03 12:27:11,914 [INFO] IPUIPlugin:80 - create IPUIPlugin
2023-12-03 12:27:11,914 [INFO] PluginManager:220 - loadIPPluginJar : add genericplugin
2023-12-03 12:27:11,918 [INFO] IPUIPlugin:80 - create IPUIPlugin
2023-12-03 12:27:11,918 [INFO] PluginManager:220 - loadIPPluginJar : add gfxmmu
2023-12-03 12:27:11,926 [INFO] IPUIPlugin:80 - create IPUIPlugin
2023-12-03 12:27:11,927 [INFO] PluginManager:220 - loadIPPluginJar : add gic
2023-12-03 12:27:11,934 [INFO] IPUIPlugin:80 - create IPUIPlugin
2023-12-03 12:27:11,934 [INFO] PluginManager:220 - loadIPPluginJar : add gpio
2023-12-03 12:27:11,941 [INFO] IPUIPlugin:80 - create IPUIPlugin
2023-12-03 12:27:11,941 [INFO] PluginManager:220 - loadIPPluginJar : add gtzc
2023-12-03 12:27:11,946 [INFO] IPUIPlugin:80 - create IPUIPlugin
2023-12-03 12:27:11,946 [INFO] PluginManager:220 - loadIPPluginJar : add hash
2023-12-03 12:27:11,951 [INFO] IPUIPlugin:80 - create IPUIPlugin
2023-12-03 12:27:11,952 [INFO] PluginManager:220 - loadIPPluginJar : add i2c
2023-12-03 12:27:11,957 [INFO] IPUIPlugin:80 - create IPUIPlugin
2023-12-03 12:27:11,957 [INFO] PluginManager:220 - loadIPPluginJar : add i2s
2023-12-03 12:27:11,962 [INFO] IPUIPlugin:80 - create IPUIPlugin
2023-12-03 12:27:11,962 [INFO] PluginManager:220 - loadIPPluginJar : add i3c
2023-12-03 12:27:11,968 [INFO] IPUIPlugin:80 - create IPUIPlugin
2023-12-03 12:27:11,969 [INFO] PluginManager:220 - loadIPPluginJar : add ipddr
2023-12-03 12:27:11,980 [INFO] IPUIPlugin:80 - create IPUIPlugin
2023-12-03 12:27:11,980 [INFO] PluginManager:220 - loadIPPluginJar : add linkedlist
2023-12-03 12:27:11,986 [INFO] IPUIPlugin:80 - create IPUIPlugin
2023-12-03 12:27:11,986 [INFO] PluginManager:220 - loadIPPluginJar : add lorawan
2023-12-03 12:27:11,990 [INFO] IPUIPlugin:80 - create IPUIPlugin
2023-12-03 12:27:11,991 [INFO] PluginManager:220 - loadIPPluginJar : add ltdc
2023-12-03 12:27:12,001 [INFO] IPUIPlugin:80 - create IPUIPlugin
2023-12-03 12:27:12,001 [INFO] PluginManager:220 - loadIPPluginJar : add mdma
2023-12-03 12:27:12,009 [INFO] IPUIPlugin:80 - create IPUIPlugin
2023-12-03 12:27:12,010 [INFO] PluginManager:220 - loadIPPluginJar : add nvic
2023-12-03 12:27:12,014 [INFO] IPUIPlugin:80 - create IPUIPlugin
2023-12-03 12:27:12,015 [INFO] PluginManager:220 - loadIPPluginJar : add opamp
2023-12-03 12:27:12,020 [INFO] IPUIPlugin:80 - create IPUIPlugin
2023-12-03 12:27:12,020 [INFO] PluginManager:220 - loadIPPluginJar : add openamp
2023-12-03 12:27:12,024 [INFO] IPUIPlugin:80 - create IPUIPlugin
2023-12-03 12:27:12,024 [INFO] PluginManager:220 - loadIPPluginJar : add pdm2pcm
2023-12-03 12:27:12,033 [INFO] IPUIPlugin:80 - create IPUIPlugin
2023-12-03 12:27:12,036 [INFO] PluginManager:220 - loadIPPluginJar : add plateformsettings
2023-12-03 12:27:12,039 [INFO] IPUIPlugin:80 - create IPUIPlugin
2023-12-03 12:27:12,039 [INFO] PluginManager:220 - loadIPPluginJar : add quadspi
2023-12-03 12:27:12,043 [INFO] IPUIPlugin:80 - create IPUIPlugin
2023-12-03 12:27:12,044 [INFO] PluginManager:220 - loadIPPluginJar : add resmgrutility
2023-12-03 12:27:12,048 [INFO] IPUIPlugin:80 - create IPUIPlugin
2023-12-03 12:27:12,048 [INFO] PluginManager:220 - loadIPPluginJar : add sai
2023-12-03 12:27:12,052 [INFO] IPUIPlugin:80 - create IPUIPlugin
2023-12-03 12:27:12,052 [INFO] PluginManager:220 - loadIPPluginJar : add spi
2023-12-03 12:27:12,057 [INFO] IPUIPlugin:80 - create IPUIPlugin
2023-12-03 12:27:12,057 [INFO] PluginManager:220 - loadIPPluginJar : add stm32_wpan
2023-12-03 12:27:12,060 [INFO] IPUIPlugin:80 - create IPUIPlugin
2023-12-03 12:27:12,060 [INFO] PluginManager:220 - loadIPPluginJar : add tim
2023-12-03 12:27:12,064 [INFO] IPUIPlugin:80 - create IPUIPlugin
2023-12-03 12:27:12,064 [INFO] PluginManager:220 - loadIPPluginJar : add touchsensing
2023-12-03 12:27:12,068 [INFO] IPUIPlugin:80 - create IPUIPlugin
2023-12-03 12:27:12,068 [INFO] PluginManager:220 - loadIPPluginJar : add tracer_emb
2023-12-03 12:27:12,071 [INFO] IPUIPlugin:80 - create IPUIPlugin
2023-12-03 12:27:12,071 [INFO] PluginManager:220 - loadIPPluginJar : add ts
2023-12-03 12:27:12,073 [INFO] IPUIPlugin:80 - create IPUIPlugin
2023-12-03 12:27:12,074 [INFO] PluginManager:220 - loadIPPluginJar : add tsc
2023-12-03 12:27:12,076 [INFO] IPUIPlugin:80 - create IPUIPlugin
2023-12-03 12:27:12,076 [INFO] PluginManager:220 - loadIPPluginJar : add ucpd
2023-12-03 12:27:12,080 [INFO] IPUIPlugin:80 - create IPUIPlugin
2023-12-03 12:27:12,081 [INFO] PluginManager:220 - loadIPPluginJar : add usart
2023-12-03 12:27:12,086 [INFO] IPUIPlugin:80 - create IPUIPlugin
2023-12-03 12:27:12,086 [INFO] PluginManager:220 - loadIPPluginJar : add usbx
2023-12-03 12:27:12,240 [INFO] CADModel:165 - CPN selected for project level
2023-12-03 12:27:12,240 [INFO] CADModel:114 - Register for checkConnection events
2023-12-03 12:27:12,240 [FATAL] Updater:308 - Updater called before beeing initialized
2023-12-03 12:27:12,241 [ERROR] CADModel:125 - Updater not yet initialized, retry later 
2023-12-03 12:27:12,436 [INFO] CADModel:165 - CPN selected for project level
2023-12-03 12:27:12,436 [INFO] CADModel:114 - Register for checkConnection events
2023-12-03 12:27:12,436 [FATAL] Updater:308 - Updater called before beeing initialized
2023-12-03 12:27:12,437 [ERROR] CADModel:125 - Updater not yet initialized, retry later 
2023-12-03 12:27:12,440 [FATAL] Updater:308 - Updater called before beeing initialized
2023-12-03 12:27:12,581 [FATAL] Updater:308 - Updater called before beeing initialized
2023-12-03 12:27:12,587 [INFO] DbMcusAds:53 - JSON generation date=Tue Mar 07 08:50:55 GMT 2023 (1678179055335)
2023-12-03 12:27:12,587 [FATAL] Updater:308 - Updater called before beeing initialized
2023-12-03 12:27:12,651 [WARN] DetailPanel:346 - Failed to get advertising image, set to default
2023-12-03 12:27:12,754 [FATAL] Updater:308 - Updater called before beeing initialized
2023-12-03 12:27:12,756 [FATAL] Updater:308 - Updater called before beeing initialized
2023-12-03 12:27:12,756 [FATAL] Updater:308 - Updater called before beeing initialized
2023-12-03 12:27:12,757 [WARN] DetailPanel:346 - Failed to get advertising image, set to default
2023-12-03 12:27:12,757 [FATAL] Updater:308 - Updater called before beeing initialized
2023-12-03 12:27:12,814 [ERROR] Updater:1120 - MainUpdater not yet initialized. External WinMGr cannot be set.
2023-12-03 12:27:12,816 [INFO] Updater:1056 - Updater Version found : 6.10.0
2023-12-03 12:27:12,839 [INFO] ApplicationProperties:184 - Using Application install path: C:\ST\STM32CubeIDE_1.14.0\STM32CubeIDE\plugins\com.st.stm32cube.common.mx_6.10.0.202311202037
2023-12-03 12:27:13,329 [INFO] MainUpdater:2873 - connection check result : 10
2023-12-03 12:27:13,330 [INFO] MainUpdater:290 - Updater Check For Update Now.
2023-12-03 12:27:13,330 [INFO] MicroXplorer:498 - Change Database Version : DB.6.0.100
2023-12-03 12:27:13,340 [INFO] McuFinderGlobals:63 - Set McuFinder mode to 2 (CubeIDE integrated)
2023-12-03 12:27:13,534 [INFO] CheckServerUpdateThread:120 - End of CheckServer Thread
2023-12-03 12:27:13,590 [INFO] UserAuth:404 - Internet connection configuration mode: 1
2023-12-03 12:27:13,609 [INFO] JxBrowserEngine:152 - Initiate JxBrowser Engine with user profile folder
2023-12-03 12:27:14,741 [WARN] PackLoader:240 - Cannot read IP mode file for STMicroelectronics.X-CUBE-SMBUS.2.1.0
2023-12-03 12:27:14,765 [WARN] PackLoader:240 - Cannot read IP mode file for STMicroelectronics.X-CUBE-SUBG2.4.1.0
2023-12-03 12:27:14,806 [WARN] PackLoader:240 - Cannot read IP mode file for STMicroelectronics.X-CUBE-AZRTOS-F7.1.1.0
2023-12-03 12:27:14,821 [WARN] PackLoader:240 - Cannot read IP mode file for STMicroelectronics.FP-SNS-MOTENV1.4.3.2
2023-12-03 12:27:14,831 [WARN] PackLoader:240 - Cannot read IP mode file for STMicroelectronics.X-CUBE-BLE1.6.2.3
2023-12-03 12:27:14,840 [WARN] PackLoader:240 - Cannot read IP mode file for STMicroelectronics.X-CUBE-EEPRMA1.3.0.0
2023-12-03 12:27:14,849 [WARN] PackLoader:240 - Cannot read IP mode file for STMicroelectronics.X-CUBE-BLE1.6.2.4
2023-12-03 12:27:14,867 [WARN] PackLoader:240 - Cannot read IP mode file for STMicroelectronics.X-CUBE-BLE1.6.2.0
2023-12-03 12:27:14,877 [WARN] PackLoader:240 - Cannot read IP mode file for STMicroelectronics.FP-SNS-FLIGHT1.5.0.2
2023-12-03 12:27:14,894 [WARN] PackLoader:240 - Cannot read IP mode file for STMicroelectronics.X-CUBE-TOF1.3.1.0
2023-12-03 12:27:14,932 [WARN] PackLoader:240 - Cannot read IP mode file for STMicroelectronics.X-CUBE-BLE2.3.2.0
2023-12-03 12:27:14,954 [WARN] PackLoader:240 - Cannot read IP mode file for STMicroelectronics.X-CUBE-DISPLAY.3.0.0
2023-12-03 12:27:14,976 [WARN] PackLoader:240 - Cannot read IP mode file for STMicroelectronics.X-CUBE-BLE1.7.0.0
2023-12-03 12:27:14,996 [WARN] PackLoader:240 - Cannot read IP mode file for STMicroelectronics.X-CUBE-TOUCHGFX.4.22.1
2023-12-03 12:27:15,037 [WARN] PackLoader:240 - Cannot read IP mode file for STMicroelectronics.X-CUBE-AZRTOS-H7.1.0.0
2023-12-03 12:27:15,106 [WARN] PackLoader:240 - Cannot read IP mode file for STMicroelectronics.X-CUBE-MEMS1.9.3.0
2023-12-03 12:27:15,257 [INFO] WebApp:161 - Instantiating new browser for Auth
2023-12-03 12:27:15,289 [WARN] PackLoader:240 - Cannot read IP mode file for STMicroelectronics.X-CUBE-AI.7.2.0
2023-12-03 12:27:15,296 [WARN] PackLoader:240 - Cannot read IP mode file for STMicroelectronics.FP-SNS-SMARTAG2.1.2.0
2023-12-03 12:27:15,341 [INFO] LogOutputStream:77 - [STDOUT_REDIRECT] 1 : Invalid condition id : UX_CORESTACK_Condition cause : null
2023-12-03 12:27:15,363 [INFO] LogOutputStream:77 - [STDOUT_REDIRECT] 1 : Invalid condition id : UX_CORESTACK_Condition cause : null
2023-12-03 12:27:15,383 [INFO] LogOutputStream:77 - [STDOUT_REDIRECT] 1 : Invalid condition id : UX_CORESTACK_Condition cause : null
2023-12-03 12:27:15,387 [INFO] LogOutputStream:77 - [STDOUT_REDIRECT] 1 : Invalid condition id : UX_CORESTACK_Condition cause : null
2023-12-03 12:27:15,390 [INFO] LogOutputStream:77 - [STDOUT_REDIRECT] 1 : Invalid condition id : UX_CORESTACK_Condition cause : null
2023-12-03 12:27:15,408 [WARN] PackLoader:240 - Cannot read IP mode file for STMicroelectronics.X-CUBE-AZRTOS-WL.2.0.0
2023-12-03 12:27:15,479 [WARN] PackLoader:240 - Cannot read IP mode file for STMicroelectronics.X-CUBE-ALGOBUILD.1.2.0
2023-12-03 12:27:15,489 [WARN] PackLoader:240 - Cannot read IP mode file for WES.I-CUBE-Cesium.1.3.0
2023-12-03 12:27:15,496 [WARN] PackLoader:240 - Cannot read IP mode file for STMicroelectronics.X-CUBE-BLE2.3.3.0
2023-12-03 12:27:15,506 [WARN] PackLoader:240 - Cannot read IP mode file for STMicroelectronics.X-CUBE-DISPLAY.2.2.0
2023-12-03 12:27:15,522 [WARN] PackLoader:240 - Cannot read IP mode file for STMicroelectronics.X-CUBE-TOF1.3.2.0
2023-12-03 12:27:15,550 [WARN] PackLoader:240 - Cannot read IP mode file for STMicroelectronics.X-CUBE-AZRTOS-H7.2.1.0
2023-12-03 12:27:15,559 [WARN] PackLoader:240 - Cannot read IP mode file for STMicroelectronics.X-CUBE-TOUCHGFX.4.21.1
2023-12-03 12:27:15,570 [WARN] PackLoader:240 - Cannot read IP mode file for STMicroelectronics.X-CUBE-ALGOBUILD.1.3.0
2023-12-03 12:27:15,591 [WARN] PackLoader:240 - Cannot read IP mode file for STMicroelectronics.X-CUBE-AZRTOS-G0.1.1.0
2023-12-03 12:27:15,608 [WARN] PackLoader:240 - Cannot read IP mode file for STMicroelectronics.X-CUBE-NFC4.3.0.0
2023-12-03 12:27:15,653 [WARN] PackLoader:240 - Cannot read IP mode file for SEGGER.I-CUBE-embOS.1.2.0
2023-12-03 12:27:15,706 [WARN] PackLoader:240 - Cannot read IP mode file for STMicroelectronics.X-CUBE-BLEMGR.3.0.0
2023-12-03 12:27:15,721 [WARN] PackLoader:240 - Cannot read IP mode file for STMicroelectronics.FP-ATR-SIGFOX1.3.2.0
2023-12-03 12:27:15,731 [WARN] PackLoader:240 - Cannot read IP mode file for emotas.I-CUBE-CANOPEN.1.1.2
2023-12-03 12:27:15,736 [WARN] PackLoader:240 - Cannot read IP mode file for STMicroelectronics.X-CUBE-TOUCHGFX.4.20.0
2023-12-03 12:27:15,801 [WARN] PackLoader:240 - Cannot read IP mode file for STMicroelectronics.X-CUBE-MEMS1.9.5.0
2023-12-03 12:27:15,999 [WARN] PackLoader:240 - Cannot read IP mode file for SEGGER.I-CUBE-embOS.1.3.1
2023-12-03 12:27:16,041 [WARN] PackLoader:240 - Cannot read IP mode file for STMicroelectronics.X-CUBE-TOUCHGFX.4.16.1
2023-12-03 12:27:16,054 [WARN] PackLoader:240 - Cannot read IP mode file for STMicroelectronics.X-CUBE-GNSS1.6.0.0
2023-12-03 12:27:16,084 [WARN] PackLoader:240 - Cannot read IP mode file for STMicroelectronics.X-CUBE-AZRTOS-F4.1.1.0
2023-12-03 12:27:16,157 [WARN] PackLoader:240 - Cannot read IP mode file for STMicroelectronics.X-CUBE-AZRTOS-L5.2.0.0
2023-12-03 12:27:16,179 [WARN] PackLoader:240 - Cannot read IP mode file for STMicroelectronics.X-CUBE-EEPRMA1.4.2.0
2023-12-03 12:27:16,190 [WARN] PackLoader:240 - Cannot read IP mode file for ITTIA_DB.I-CUBE-ITTIADB.8.8.0
2023-12-03 12:27:16,198 [WARN] PackLoader:240 - Cannot read IP mode file for STMicroelectronics.X-CUBE-BLEMGR.2.0.0
2023-12-03 12:27:16,209 [WARN] PackLoader:240 - Cannot read IP mode file for STMicroelectronics.X-CUBE-NFC4.2.0.4
2023-12-03 12:27:16,215 [WARN] PackLoader:240 - Cannot read IP mode file for STMicroelectronics.X-CUBE-NFC4.2.0.2
2023-12-03 12:27:16,234 [WARN] ConditionMgr:438 - getConditionDescription Invalid condition id : UX DEVICE CLASS RTOS Condition cause : null
2023-12-03 12:27:16,235 [WARN] ConditionMgr:438 - getConditionDescription Invalid condition id : UX DEVICE CLASS RTOS Condition cause : null
2023-12-03 12:27:16,239 [WARN] PackLoader:240 - Cannot read IP mode file for STMicroelectronics.X-CUBE-AZRTOS-H7.3.1.0
2023-12-03 12:27:16,241 [WARN] ConditionMgr:1039 - genDependencies : Invalid condition id : UX DEVICE CLASS RTOS Condition cause : null
2023-12-03 12:27:16,242 [WARN] ConditionMgr:1039 - genDependencies : Invalid condition id : UX DEVICE CLASS RTOS Condition cause : null
2023-12-03 12:27:16,243 [WARN] ConditionMgr:1039 - genDependencies : Invalid condition id : UX DEVICE CLASS RTOS Condition cause : null
2023-12-03 12:27:16,243 [WARN] ConditionMgr:1039 - genDependencies : Invalid condition id : UX DEVICE CLASS RTOS Condition cause : null
2023-12-03 12:27:16,244 [WARN] ConditionMgr:1039 - genDependencies : Invalid condition id : UX DEVICE CLASS RTOS Condition cause : null
2023-12-03 12:27:16,266 [WARN] PackLoader:240 - Cannot read IP mode file for STMicroelectronics.X-CUBE-AZRTOS-F4.1.0.0
2023-12-03 12:27:16,277 [WARN] PackLoader:240 - Cannot read IP mode file for STMicroelectronics.X-CUBE-NFC7.1.0.1
2023-12-03 12:27:16,284 [WARN] PackLoader:240 - Cannot read IP mode file for STMicroelectronics.X-CUBE-NFC7.1.0.0
2023-12-03 12:27:16,295 [WARN] PackLoader:240 - Cannot read IP mode file for STMicroelectronics.X-CUBE-NFC6.3.0.0
2023-12-03 12:27:16,303 [WARN] PackLoader:240 - Cannot read IP mode file for STMicroelectronics.X-CUBE-EEPRMA1.4.1.0
2023-12-03 12:27:16,310 [WARN] PackLoader:240 - Cannot read IP mode file for STMicroelectronics.X-CUBE-DISPLAY.1.0.0
2023-12-03 12:27:16,315 [WARN] PackLoader:240 - Cannot read IP mode file for STMicroelectronics.X-CUBE-AI.8.1.0
2023-12-03 12:27:16,323 [WARN] PackLoader:240 - Cannot read IP mode file for STMicroelectronics.X-CUBE-AI.6.0.0
2023-12-03 12:27:16,348 [WARN] ConditionMgr:438 - getConditionDescription Invalid condition id : LAN8742 Phy interface Condition cause : null
2023-12-03 12:27:16,350 [WARN] PackLoader:240 - Cannot read IP mode file for STMicroelectronics.X-CUBE-AZRTOS-L4.2.0.0
2023-12-03 12:27:16,354 [WARN] ConditionMgr:1039 - genDependencies : Invalid condition id : LAN8742 Phy interface Condition cause : null
2023-12-03 12:27:16,364 [WARN] ConditionMgr:1039 - genDependencies : Invalid condition id : LAN8742 Phy interface Condition cause : null
2023-12-03 12:27:16,376 [WARN] ConditionMgr:1039 - genDependencies : Invalid condition id : LAN8742 Phy interface Condition cause : null
2023-12-03 12:27:16,391 [WARN] PackLoader:240 - Cannot read IP mode file for STMicroelectronics.X-CUBE-SFXS2LP1.4.0.0
2023-12-03 12:27:16,401 [WARN] PackLoader:240 - Cannot read IP mode file for wolfSSL.I-CUBE-wolfSSL.4.7.0
2023-12-03 12:27:16,430 [WARN] PackLoader:240 - Cannot read IP mode file for STMicroelectronics.X-CUBE-AZRTOS-H7.3.0.0
2023-12-03 12:27:16,449 [WARN] PackLoader:240 - Cannot read IP mode file for STMicroelectronics.X-CUBE-ISPU.1.1.0
2023-12-03 12:27:16,461 [WARN] PackLoader:240 - Cannot read IP mode file for RoweBots.I-CUBE-UNISONRTOS.5.5.0-4
2023-12-03 12:27:16,469 [WARN] PackLoader:240 - Cannot read IP mode file for STMicroelectronics.X-CUBE-SFXS2LP1.3.0.0
2023-12-03 12:27:16,476 [WARN] PackLoader:240 - Cannot read IP mode file for STMicroelectronics.X-CUBE-AI.8.0.0
2023-12-03 12:27:16,492 [WARN] ConditionMgr:438 - getConditionDescription Invalid condition id : UX DEVICE CLASS RTOS Condition cause : null
2023-12-03 12:27:16,493 [WARN] ConditionMgr:438 - getConditionDescription Invalid condition id : UX DEVICE CLASS RTOS Condition cause : null
2023-12-03 12:27:16,496 [WARN] PackLoader:240 - Cannot read IP mode file for STMicroelectronics.X-CUBE-AZRTOS-WB.2.0.0
2023-12-03 12:27:16,497 [WARN] ConditionMgr:1039 - genDependencies : Invalid condition id : UX DEVICE CLASS RTOS Condition cause : null
2023-12-03 12:27:16,498 [WARN] ConditionMgr:1039 - genDependencies : Invalid condition id : UX DEVICE CLASS RTOS Condition cause : null
2023-12-03 12:27:16,499 [WARN] ConditionMgr:1039 - genDependencies : Invalid condition id : UX DEVICE CLASS RTOS Condition cause : null
2023-12-03 12:27:16,499 [WARN] ConditionMgr:1039 - genDependencies : Invalid condition id : UX DEVICE CLASS RTOS Condition cause : null
2023-12-03 12:27:16,501 [WARN] ConditionMgr:1039 - genDependencies : Invalid condition id : UX DEVICE CLASS RTOS Condition cause : null
2023-12-03 12:27:16,511 [WARN] PackLoader:240 - Cannot read IP mode file for STMicroelectronics.X-CUBE-FREERTOS.1.0.0
2023-12-03 12:27:16,522 [WARN] PackLoader:240 - Cannot read IP mode file for STMicroelectronics.X-CUBE-BLEMGR.1.0.0
2023-12-03 12:27:16,543 [WARN] PackLoader:240 - Cannot read IP mode file for STMicroelectronics.X-CUBE-AZRTOS-L5.1.1.0
2023-12-03 12:27:16,557 [WARN] PackLoader:240 - Cannot read IP mode file for STMicroelectronics.X-CUBE-SUBG2.5.0.0
2023-12-03 12:27:16,577 [WARN] PackLoader:240 - Cannot read IP mode file for STMicroelectronics.X-CUBE-TOF1.3.3.1
2023-12-03 12:27:16,608 [WARN] PackLoader:240 - Cannot read IP mode file for STMicroelectronics.X-CUBE-AZRTOS-G4.2.0.0
2023-12-03 12:27:16,617 [WARN] PackLoader:240 - Cannot read IP mode file for STMicroelectronics.FP-ATR-ASTRA1.1.1.1
2023-12-03 12:27:16,633 [WARN] PackLoader:240 - Cannot read IP mode file for Infineon.AIROC-Wi-Fi-Bluetooth-STM32.1.5.1
2023-12-03 12:27:16,643 [WARN] PackLoader:240 - Cannot read IP mode file for STMicroelectronics.FP-ATR-ASTRA1.1.1.0
2023-12-03 12:27:16,650 [WARN] PackLoader:240 - Cannot read IP mode file for STMicroelectronics.FP-SNS-MOTENVWB1.1.3.0
2023-12-03 12:27:16,664 [WARN] PackLoader:240 - Cannot read IP mode file for STMicroelectronics.FP-SNS-MOTENVWB1.1.3.1
2023-12-03 12:27:16,678 [WARN] PackLoader:240 - Cannot read IP mode file for STMicroelectronics.X-CUBE-AZRTOS-G4.1.0.0
2023-12-03 12:27:16,701 [WARN] PackLoader:240 - Cannot read IP mode file for STMicroelectronics.X-CUBE-AZRTOS-L4.1.0.0
2023-12-03 12:27:16,753 [WARN] PackLoader:240 - Cannot read IP mode file for STMicroelectronics.X-CUBE-MEMS1.10.0.0
2023-12-03 12:27:16,911 [WARN] PackLoader:240 - Cannot read IP mode file for STMicroelectronics.X-CUBE-FREERTOS.1.1.0
2023-12-03 12:27:16,926 [WARN] PackLoader:240 - Cannot read IP mode file for STMicroelectronics.X-CUBE-AZRTOS-WL.1.0.0
2023-12-03 12:27:16,933 [WARN] PackLoader:240 - Cannot read IP mode file for STMicroelectronics.X-CUBE-TOF1.1.0.0
2023-12-03 12:27:16,946 [WARN] PackLoader:240 - Cannot read IP mode file for portGmbH.I-Cube-SoM-uGOAL.1.1.0
2023-12-03 12:27:16,953 [WARN] PackLoader:240 - Cannot read IP mode file for STMicroelectronics.X-CUBE-ALS.1.0.1
2023-12-03 12:27:16,974 [WARN] PackLoader:240 - Cannot read IP mode file for STMicroelectronics.X-CUBE-AZRTOS-WB.1.1.0
2023-12-03 12:27:16,983 [INFO] WebApp:780 - Register for checkConnection events
2023-12-03 12:27:16,986 [INFO] WebApp:414 - Apply proxy settings
2023-12-03 12:27:16,987 [INFO] WebApp:499 - Chromium requires no authentication
2023-12-03 12:27:17,008 [INFO] WebApp:442 - Direct internet connection detected
2023-12-03 12:27:17,014 [WARN] PackLoader:240 - Cannot read IP mode file for STMicroelectronics.X-CUBE-MEMS1.8.3.0
2023-12-03 12:27:17,166 [WARN] PackLoader:240 - Cannot read IP mode file for STMicroelectronics.X-CUBE-AZRTOS-L5.1.0.0
2023-12-03 12:27:17,174 [WARN] PackLoader:240 - Cannot read IP mode file for STMicroelectronics.X-CUBE-EEPRMA1.3.1.1
2023-12-03 12:27:17,180 [WARN] PackLoader:240 - Cannot read IP mode file for STMicroelectronics.X-CUBE-GNSS1.5.2.0
2023-12-03 12:27:17,187 [WARN] PackLoader:240 - Cannot read IP mode file for STMicroelectronics.FP-ATR-ASTRA1.2.0.0
2023-12-03 12:27:17,198 [WARN] PackLoader:240 - Cannot read IP mode file for STMicroelectronics.X-CUBE-TOF1.3.4.0
2023-12-03 12:27:17,209 [INFO] ThirdParty:978 - Integrity check success = true
2023-12-03 12:27:17,209 [INFO] IntegrityCheckThread:100 - exiting critical section [integrity check]
2023-12-03 12:27:17,209 [INFO] IntegrityCheckThread:103 - End integrity checks thread
2023-12-03 12:27:17,412 [INFO] WebApp:192 - Starting web application
2023-12-03 12:27:17,412 [INFO] WebApp:544 - Web application path used C:\ST\STM32CubeIDE_1.14.0\STM32CubeIDE\plugins\com.st.stm32cube.common.mx_6.10.0.202311202037\db\plugins\mcufinder\reactClient1\index.html
2023-12-03 12:27:38,199 [ERROR] LogOutputStream:75 - [STDERR_REDIRECT] SLF4J: Failed to load class "org.slf4j.impl.StaticLoggerBinder".
2023-12-03 12:27:38,200 [ERROR] LogOutputStream:75 - [STDERR_REDIRECT] SLF4J: Defaulting to no-operation (NOP) logger implementation
2023-12-03 12:27:38,201 [ERROR] LogOutputStream:75 - [STDERR_REDIRECT] SLF4J: See http://www.slf4j.org/codes.html#StaticLoggerBinder for further details.
