2024-01-07 13:50:14,118 [INFO] Activator:176 - 


2024-01-07 13:50:14,123 [INFO] Activator:177 - !SESSION log4j initialized
2024-01-07 13:50:19,614 [INFO] LogOutputStream:77 - [STDOUT_REDIRECT] 
2024-01-07 13:50:23,465 [INFO] ApplicationProperties:184 - Using Application install path: C:\ST\STM32CubeIDE_1.14.0\STM32CubeIDE\plugins\com.st.stm32cube.common.mx_6.10.0.202311202037
2024-01-07 13:50:23,482 [INFO] DbMcusXml:78 - Set database path to: C:\ST\STM32CubeIDE_1.14.0\STM32CubeIDE\plugins\com.st.stm32cube.common.mx_6.10.0.202311202037\\db\/mcu/
2024-01-07 13:50:23,482 [INFO] ApiDb:274 - Set plugin database path to: C:\ST\STM32CubeIDE_1.14.0\STM32CubeIDE\plugins\com.st.stm32cube.common.mx_6.10.0.202311202037\\db\/plugins/boardmanager/
2024-01-07 13:50:23,483 [WARN] ApiDb:259 - Overriding images path with different value:  => C:\ST\STM32CubeIDE_1.14.0\STM32CubeIDE\plugins\com.st.stm32cube.common.mx_6.10.0.202311202037\\db\/plugins/mcufinder/images/
2024-01-07 13:50:23,489 [INFO] ApiDb:250 - Set database path to: C:\Users\Steven\.stmcufinder\plugins\mcufinder//mcu/
2024-01-07 13:50:23,490 [INFO] DbMcusAds:125 - Set database path to: C:\Users\Steven\.stmcufinder\plugins\mcufinder//mcu/
2024-01-07 13:50:23,492 [INFO] CrossReferenceDbSqlite:203 - Set database path to: C:\Users\Steven\.stmcufinder\plugins\mcufinder//mcu/cs/
2024-01-07 13:50:23,630 [INFO] RulesReader:64 - Compatibility file has been processed (297 Rules)
2024-01-07 13:50:23,725 [INFO] DbMcusXml:78 - Set database path to: C:\ST\STM32CubeIDE_1.14.0\STM32CubeIDE\plugins\com.st.stm32cube.common.mx_6.10.0.202311202037\\db\/mcu/
2024-01-07 13:50:23,726 [INFO] ApiDb:274 - Set plugin database path to: C:\ST\STM32CubeIDE_1.14.0\STM32CubeIDE\plugins\com.st.stm32cube.common.mx_6.10.0.202311202037\\db\/plugins/boardmanager/
2024-01-07 13:50:23,726 [INFO] ApiDb:261 - Set plugin images path to: C:\ST\STM32CubeIDE_1.14.0\STM32CubeIDE\plugins\com.st.stm32cube.common.mx_6.10.0.202311202037\\db\/plugins/mcufinder/images/
2024-01-07 13:50:23,726 [WARN] DbFile:41 - Overriding database path with different value: C:\Users\Steven\.stmcufinder\plugins\mcufinder/ => C:\Users\Steven\.stmcufinder\plugins\mcufinder
2024-01-07 13:50:23,726 [INFO] ApiDb:250 - Set database path to: C:\Users\Steven\.stmcufinder\plugins\mcufinder//mcu/
2024-01-07 13:50:23,726 [WARN] DbFile:41 - Overriding database path with different value: C:\Users\Steven\.stmcufinder\plugins\mcufinder/ => C:\Users\Steven\.stmcufinder\plugins\mcufinder
2024-01-07 13:50:23,726 [INFO] DbMcusAds:125 - Set database path to: C:\Users\Steven\.stmcufinder\plugins\mcufinder//mcu/
2024-01-07 13:50:23,727 [WARN] DbFile:41 - Overriding database path with different value: C:\Users\Steven\.stmcufinder\plugins\mcufinder/ => C:\Users\Steven\.stmcufinder\plugins\mcufinder
2024-01-07 13:50:23,727 [WARN] DbFile:41 - Overriding database path with different value: C:\Users\Steven\.stmcufinder\plugins\mcufinder/ => C:\Users\Steven\.stmcufinder\plugins\mcufinder
2024-01-07 13:50:23,727 [INFO] CrossReferenceDbSqlite:203 - Set database path to: C:\Users\Steven\.stmcufinder\plugins\mcufinder//mcu/cs/
2024-01-07 13:50:23,844 [INFO] MainPanel:264 - HeapMemory: 268435456
2024-01-07 13:50:23,935 [INFO] DbMcusXml:78 - Set database path to: C:\ST\STM32CubeIDE_1.14.0\STM32CubeIDE\plugins\com.st.stm32cube.common.mx_6.10.0.202311202037\\db\/mcu/
2024-01-07 13:50:23,935 [INFO] ApiDb:274 - Set plugin database path to: C:\ST\STM32CubeIDE_1.14.0\STM32CubeIDE\plugins\com.st.stm32cube.common.mx_6.10.0.202311202037\\db\/plugins/boardmanager/
2024-01-07 13:50:23,936 [INFO] ApiDb:261 - Set plugin images path to: C:\ST\STM32CubeIDE_1.14.0\STM32CubeIDE\plugins\com.st.stm32cube.common.mx_6.10.0.202311202037\\db\/plugins/mcufinder/images/
2024-01-07 13:50:23,936 [WARN] DbFile:41 - Overriding database path with different value: C:\Users\Steven\.stmcufinder\plugins\mcufinder/ => C:\Users\Steven\.stmcufinder\plugins\mcufinder
2024-01-07 13:50:23,936 [INFO] ApiDb:250 - Set database path to: C:\Users\Steven\.stmcufinder\plugins\mcufinder//mcu/
2024-01-07 13:50:23,936 [WARN] DbFile:41 - Overriding database path with different value: C:\Users\Steven\.stmcufinder\plugins\mcufinder/ => C:\Users\Steven\.stmcufinder\plugins\mcufinder
2024-01-07 13:50:23,936 [INFO] DbMcusAds:125 - Set database path to: C:\Users\Steven\.stmcufinder\plugins\mcufinder//mcu/
2024-01-07 13:50:23,936 [WARN] DbFile:41 - Overriding database path with different value: C:\Users\Steven\.stmcufinder\plugins\mcufinder/ => C:\Users\Steven\.stmcufinder\plugins\mcufinder
2024-01-07 13:50:23,936 [WARN] DbFile:41 - Overriding database path with different value: C:\Users\Steven\.stmcufinder\plugins\mcufinder/ => C:\Users\Steven\.stmcufinder\plugins\mcufinder
2024-01-07 13:50:23,936 [INFO] CrossReferenceDbSqlite:203 - Set database path to: C:\Users\Steven\.stmcufinder\plugins\mcufinder//mcu/cs/
2024-01-07 13:50:23,963 [INFO] ApplicationProperties:184 - Using Application install path: C:\ST\STM32CubeIDE_1.14.0\STM32CubeIDE\plugins\com.st.stm32cube.common.mx_6.10.0.202311202037
2024-01-07 13:50:23,965 [INFO] PluginManage:196 - Search for loadable plugins [exclusion list=, ]
2024-01-07 13:50:23,966 [INFO] PluginManage:310 - Check plugin analytics
2024-01-07 13:50:24,257 [INFO] AnalyticsPlugin:253 - Accepted Software Licenses: STM32CubeMX.6.10.0
2024-01-07 13:50:24,257 [INFO] AnalyticsPlugin:255 - Accepted CMSIS Pack Licenses: 
2024-01-07 13:50:24,257 [INFO] AnalyticsPlugin:257 - Accepted Firmware Licenses: 
2024-01-07 13:50:24,261 [INFO] PluginManage:359 - Loaded plugin analytics (category:tool,tabindex:-1)
2024-01-07 13:50:24,261 [INFO] PluginManage:310 - Check plugin cadmodel
2024-01-07 13:50:24,266 [INFO] CADModel:105 - Init CAD model plugin
2024-01-07 13:50:24,266 [INFO] PluginManage:359 - Loaded plugin cadmodel (category:power,tabindex:5)
2024-01-07 13:50:24,266 [INFO] PluginManage:310 - Check plugin clock
2024-01-07 13:50:24,277 [INFO] PluginManage:359 - Loaded plugin clock (category:base,tabindex:2)
2024-01-07 13:50:24,277 [INFO] PluginManage:310 - Check plugin ddr
2024-01-07 13:50:24,279 [INFO] PluginManage:359 - Loaded plugin ddr (category:tool,tabindex:6)
2024-01-07 13:50:24,279 [INFO] PluginManage:310 - Check plugin filemanager
2024-01-07 13:50:24,427 [INFO] PluginManage:359 - Loaded plugin filemanager (category:base,tabindex:10)
2024-01-07 13:50:24,427 [INFO] PluginManage:310 - Check plugin ipmanager
2024-01-07 13:50:24,433 [INFO] PluginManage:359 - Loaded plugin ipmanager (category:base,tabindex:5)
2024-01-07 13:50:24,433 [INFO] PluginManage:310 - Check plugin lpbam
2024-01-07 13:50:24,439 [INFO] PluginManage:359 - Loaded plugin lpbam (category:base,tabindex:0)
2024-01-07 13:50:24,439 [INFO] PluginManage:310 - Check plugin memorymap
2024-01-07 13:50:24,449 [INFO] PluginManage:359 - Loaded plugin memorymap (category:base,tabindex:4)
2024-01-07 13:50:24,450 [INFO] PluginManage:310 - Check plugin pinoutandconfiguration
2024-01-07 13:50:24,455 [INFO] PluginManage:359 - Loaded plugin pinoutandconfiguration (category:base,tabindex:1)
2024-01-07 13:50:24,456 [INFO] PluginManage:310 - Check plugin pinoutconfig
2024-01-07 13:50:24,528 [WARN] SupportedApi:132 - Cannot load RTOS API schema: s4s-elt-must-match.1: The content of 'definitions' must match (annotation?, (simpleType | complexType)?, (unique | key | keyref)*)). A problem was found starting at: attribute.
2024-01-07 13:50:24,640 [INFO] PluginManage:359 - Loaded plugin pinoutconfig (category:base,tabindex:0)
2024-01-07 13:50:24,640 [INFO] PluginManage:310 - Check plugin power
2024-01-07 13:50:24,649 [INFO] PluginManage:359 - Loaded plugin power (category:power,tabindex:4)
2024-01-07 13:50:24,649 [INFO] PluginManage:310 - Check plugin projectmanager
2024-01-07 13:50:24,665 [INFO] PluginManage:359 - Loaded plugin projectmanager (category:projectmanager,tabindex:3)
2024-01-07 13:50:24,665 [INFO] PluginManage:310 - Check plugin thirdparty
2024-01-07 13:50:24,776 [INFO] PluginManage:359 - Loaded plugin thirdparty (category:base,tabindex:-1)
2024-01-07 13:50:24,775 [WARN] IntegrityCheckThread:84 - waiting for thirdparty lock release [integrity check]
2024-01-07 13:50:24,776 [INFO] PluginManage:310 - Check plugin tools
2024-01-07 13:50:24,776 [INFO] IntegrityCheckThread:86 - entering critical section [integrity check]
2024-01-07 13:50:24,776 [INFO] ThirdPartyUpdaterWithRetryManager:70 - Updater plugin not ready yet. [1/15]
2024-01-07 13:50:24,778 [INFO] PluginManage:359 - Loaded plugin tools (category:base,tabindex:7)
2024-01-07 13:50:24,778 [INFO] PluginManage:310 - Check plugin tutovideos
2024-01-07 13:50:24,928 [INFO] PluginManage:359 - Loaded plugin tutovideos (category:base,tabindex:-1)
2024-01-07 13:50:24,928 [INFO] PluginManage:310 - Check plugin updater
2024-01-07 13:50:24,939 [INFO] PluginManage:359 - Loaded plugin updater (category:base,tabindex:12)
2024-01-07 13:50:24,939 [INFO] PluginManage:310 - Check plugin userauth
2024-01-07 13:50:24,944 [INFO] UserAuth:114 - Init User Auth plugin
2024-01-07 13:50:24,944 [INFO] PluginManage:359 - Loaded plugin userauth (category:base,tabindex:14)
2024-01-07 13:50:24,944 [INFO] PluginManage:283 - PluginManage : Loaded plugins [17]
2024-01-07 13:50:25,148 [INFO] PinOutPanel:1499 - setPackage(No Configuration,No Configuration)
2024-01-07 13:50:25,213 [INFO] CADModel:165 - CPN selected for project level
2024-01-07 13:50:25,213 [INFO] CADModel:114 - Register for checkConnection events
2024-01-07 13:50:25,227 [INFO] IPUIPlugin:80 - create IPUIPlugin
2024-01-07 13:50:25,227 [INFO] PluginManager:220 - loadIPPluginJar : add adc
2024-01-07 13:50:25,229 [INFO] IPUIPlugin:80 - create IPUIPlugin
2024-01-07 13:50:25,230 [INFO] PluginManager:220 - loadIPPluginJar : add aes
2024-01-07 13:50:25,233 [INFO] IPUIPlugin:80 - create IPUIPlugin
2024-01-07 13:50:25,233 [INFO] PluginManager:220 - loadIPPluginJar : add can
2024-01-07 13:50:25,235 [INFO] IPUIPlugin:80 - create IPUIPlugin
2024-01-07 13:50:25,235 [INFO] PluginManager:220 - loadIPPluginJar : add comp
2024-01-07 13:50:25,236 [INFO] IPUIPlugin:80 - create IPUIPlugin
2024-01-07 13:50:25,236 [INFO] PluginManager:220 - loadIPPluginJar : add cryp
2024-01-07 13:50:25,239 [INFO] IPUIPlugin:80 - create IPUIPlugin
2024-01-07 13:50:25,239 [INFO] PluginManager:220 - loadIPPluginJar : add dfsdm
2024-01-07 13:50:25,244 [INFO] IPUIPlugin:80 - create IPUIPlugin
2024-01-07 13:50:25,245 [INFO] PluginManager:220 - loadIPPluginJar : add dma
2024-01-07 13:50:25,246 [INFO] IPUIPlugin:80 - create IPUIPlugin
2024-01-07 13:50:25,246 [INFO] PluginManager:220 - loadIPPluginJar : add dma3
2024-01-07 13:50:25,247 [INFO] IPUIPlugin:80 - create IPUIPlugin
2024-01-07 13:50:25,247 [INFO] PluginManager:220 - loadIPPluginJar : add fatfs
2024-01-07 13:50:25,250 [INFO] IPUIPlugin:80 - create IPUIPlugin
2024-01-07 13:50:25,251 [INFO] PluginManager:220 - loadIPPluginJar : add fmc
2024-01-07 13:50:25,255 [INFO] IPUIPlugin:80 - create IPUIPlugin
2024-01-07 13:50:25,255 [INFO] PluginManager:220 - loadIPPluginJar : add freertos
2024-01-07 13:50:25,256 [INFO] IPUIPlugin:80 - create IPUIPlugin
2024-01-07 13:50:25,256 [INFO] PluginManager:220 - loadIPPluginJar : add genericplugin
2024-01-07 13:50:25,258 [INFO] IPUIPlugin:80 - create IPUIPlugin
2024-01-07 13:50:25,258 [INFO] PluginManager:220 - loadIPPluginJar : add gfxmmu
2024-01-07 13:50:25,262 [INFO] IPUIPlugin:80 - create IPUIPlugin
2024-01-07 13:50:25,262 [INFO] PluginManager:220 - loadIPPluginJar : add gic
2024-01-07 13:50:25,265 [INFO] IPUIPlugin:80 - create IPUIPlugin
2024-01-07 13:50:25,265 [INFO] PluginManager:220 - loadIPPluginJar : add gpio
2024-01-07 13:50:25,268 [INFO] IPUIPlugin:80 - create IPUIPlugin
2024-01-07 13:50:25,269 [INFO] PluginManager:220 - loadIPPluginJar : add gtzc
2024-01-07 13:50:25,271 [INFO] IPUIPlugin:80 - create IPUIPlugin
2024-01-07 13:50:25,271 [INFO] PluginManager:220 - loadIPPluginJar : add hash
2024-01-07 13:50:25,272 [INFO] IPUIPlugin:80 - create IPUIPlugin
2024-01-07 13:50:25,272 [INFO] PluginManager:220 - loadIPPluginJar : add i2c
2024-01-07 13:50:25,274 [INFO] IPUIPlugin:80 - create IPUIPlugin
2024-01-07 13:50:25,275 [INFO] PluginManager:220 - loadIPPluginJar : add i2s
2024-01-07 13:50:25,277 [INFO] IPUIPlugin:80 - create IPUIPlugin
2024-01-07 13:50:25,277 [INFO] PluginManager:220 - loadIPPluginJar : add i3c
2024-01-07 13:50:25,280 [INFO] IPUIPlugin:80 - create IPUIPlugin
2024-01-07 13:50:25,280 [INFO] PluginManager:220 - loadIPPluginJar : add ipddr
2024-01-07 13:50:25,286 [INFO] IPUIPlugin:80 - create IPUIPlugin
2024-01-07 13:50:25,286 [INFO] PluginManager:220 - loadIPPluginJar : add linkedlist
2024-01-07 13:50:25,289 [INFO] IPUIPlugin:80 - create IPUIPlugin
2024-01-07 13:50:25,289 [INFO] PluginManager:220 - loadIPPluginJar : add lorawan
2024-01-07 13:50:25,291 [INFO] IPUIPlugin:80 - create IPUIPlugin
2024-01-07 13:50:25,291 [INFO] PluginManager:220 - loadIPPluginJar : add ltdc
2024-01-07 13:50:25,297 [INFO] IPUIPlugin:80 - create IPUIPlugin
2024-01-07 13:50:25,297 [INFO] PluginManager:220 - loadIPPluginJar : add mdma
2024-01-07 13:50:25,301 [INFO] IPUIPlugin:80 - create IPUIPlugin
2024-01-07 13:50:25,301 [INFO] PluginManager:220 - loadIPPluginJar : add nvic
2024-01-07 13:50:25,304 [INFO] IPUIPlugin:80 - create IPUIPlugin
2024-01-07 13:50:25,304 [INFO] PluginManager:220 - loadIPPluginJar : add opamp
2024-01-07 13:50:25,307 [INFO] IPUIPlugin:80 - create IPUIPlugin
2024-01-07 13:50:25,307 [INFO] PluginManager:220 - loadIPPluginJar : add openamp
2024-01-07 13:50:25,310 [INFO] IPUIPlugin:80 - create IPUIPlugin
2024-01-07 13:50:25,310 [INFO] PluginManager:220 - loadIPPluginJar : add pdm2pcm
2024-01-07 13:50:25,317 [INFO] IPUIPlugin:80 - create IPUIPlugin
2024-01-07 13:50:25,319 [INFO] PluginManager:220 - loadIPPluginJar : add plateformsettings
2024-01-07 13:50:25,321 [INFO] IPUIPlugin:80 - create IPUIPlugin
2024-01-07 13:50:25,321 [INFO] PluginManager:220 - loadIPPluginJar : add quadspi
2024-01-07 13:50:25,324 [INFO] IPUIPlugin:80 - create IPUIPlugin
2024-01-07 13:50:25,324 [INFO] PluginManager:220 - loadIPPluginJar : add resmgrutility
2024-01-07 13:50:25,327 [INFO] IPUIPlugin:80 - create IPUIPlugin
2024-01-07 13:50:25,327 [INFO] PluginManager:220 - loadIPPluginJar : add sai
2024-01-07 13:50:25,330 [INFO] IPUIPlugin:80 - create IPUIPlugin
2024-01-07 13:50:25,330 [INFO] PluginManager:220 - loadIPPluginJar : add spi
2024-01-07 13:50:25,334 [INFO] IPUIPlugin:80 - create IPUIPlugin
2024-01-07 13:50:25,334 [INFO] PluginManager:220 - loadIPPluginJar : add stm32_wpan
2024-01-07 13:50:25,337 [INFO] IPUIPlugin:80 - create IPUIPlugin
2024-01-07 13:50:25,337 [INFO] PluginManager:220 - loadIPPluginJar : add tim
2024-01-07 13:50:25,340 [INFO] IPUIPlugin:80 - create IPUIPlugin
2024-01-07 13:50:25,340 [INFO] PluginManager:220 - loadIPPluginJar : add touchsensing
2024-01-07 13:50:25,342 [INFO] IPUIPlugin:80 - create IPUIPlugin
2024-01-07 13:50:25,342 [INFO] PluginManager:220 - loadIPPluginJar : add tracer_emb
2024-01-07 13:50:25,344 [INFO] IPUIPlugin:80 - create IPUIPlugin
2024-01-07 13:50:25,344 [INFO] PluginManager:220 - loadIPPluginJar : add ts
2024-01-07 13:50:25,345 [INFO] IPUIPlugin:80 - create IPUIPlugin
2024-01-07 13:50:25,345 [INFO] PluginManager:220 - loadIPPluginJar : add tsc
2024-01-07 13:50:25,347 [INFO] IPUIPlugin:80 - create IPUIPlugin
2024-01-07 13:50:25,347 [INFO] PluginManager:220 - loadIPPluginJar : add ucpd
2024-01-07 13:50:25,349 [INFO] IPUIPlugin:80 - create IPUIPlugin
2024-01-07 13:50:25,349 [INFO] PluginManager:220 - loadIPPluginJar : add usart
2024-01-07 13:50:25,352 [INFO] IPUIPlugin:80 - create IPUIPlugin
2024-01-07 13:50:25,352 [INFO] PluginManager:220 - loadIPPluginJar : add usbx
2024-01-07 13:50:25,478 [INFO] CADModel:165 - CPN selected for project level
2024-01-07 13:50:25,478 [INFO] CADModel:114 - Register for checkConnection events
2024-01-07 13:50:25,479 [FATAL] Updater:308 - Updater called before beeing initialized
2024-01-07 13:50:25,479 [ERROR] CADModel:125 - Updater not yet initialized, retry later 
2024-01-07 13:50:25,581 [INFO] CADModel:165 - CPN selected for project level
2024-01-07 13:50:25,581 [INFO] CADModel:114 - Register for checkConnection events
2024-01-07 13:50:25,582 [FATAL] Updater:308 - Updater called before beeing initialized
2024-01-07 13:50:25,582 [ERROR] CADModel:125 - Updater not yet initialized, retry later 
2024-01-07 13:50:25,584 [FATAL] Updater:308 - Updater called before beeing initialized
2024-01-07 13:50:25,684 [FATAL] Updater:308 - Updater called before beeing initialized
2024-01-07 13:50:25,689 [INFO] DbMcusAds:53 - JSON generation date=Wed Nov 29 10:52:27 GMT 2023 (1701255147349)
2024-01-07 13:50:25,690 [FATAL] Updater:308 - Updater called before beeing initialized
2024-01-07 13:50:25,741 [WARN] DetailPanel:346 - Failed to get advertising image, set to default
2024-01-07 13:50:25,819 [FATAL] Updater:308 - Updater called before beeing initialized
2024-01-07 13:50:25,821 [FATAL] Updater:308 - Updater called before beeing initialized
2024-01-07 13:50:25,821 [FATAL] Updater:308 - Updater called before beeing initialized
2024-01-07 13:50:25,821 [WARN] DetailPanel:346 - Failed to get advertising image, set to default
2024-01-07 13:50:25,822 [FATAL] Updater:308 - Updater called before beeing initialized
2024-01-07 13:50:25,869 [ERROR] Updater:1120 - MainUpdater not yet initialized. External WinMGr cannot be set.
2024-01-07 13:50:25,872 [INFO] Updater:1056 - Updater Version found : 6.10.0
2024-01-07 13:50:25,895 [INFO] ApplicationProperties:184 - Using Application install path: C:\ST\STM32CubeIDE_1.14.0\STM32CubeIDE\plugins\com.st.stm32cube.common.mx_6.10.0.202311202037
2024-01-07 13:50:27,471 [ERROR] LogOutputStream:75 - [STDERR_REDIRECT] Jan 07, 2024 1:50:27 PM java.util.prefs.WindowsPreferences <init>
2024-01-07 13:50:27,473 [ERROR] LogOutputStream:75 - [STDERR_REDIRECT] WARNING: Could not open/create prefs root node Software\JavaSoft\Prefs at root 0xffffffff80000002. Windows RegCreateKeyEx(...) returned error code 5.
2024-01-07 13:50:27,473 [ERROR] LogOutputStream:75 - [STDERR_REDIRECT] 
2024-01-07 13:50:27,763 [INFO] MainUpdater:2873 - connection check result : 10
2024-01-07 13:50:27,764 [INFO] MainUpdater:290 - Updater Check For Update Now.
2024-01-07 13:50:27,764 [INFO] MicroXplorer:498 - Change Database Version : DB.6.0.100
2024-01-07 13:50:27,773 [INFO] McuFinderGlobals:63 - Set McuFinder mode to 2 (CubeIDE integrated)
2024-01-07 13:50:27,777 [WARN] MainUpdater:1194 - Updater busy. Cannot search thirdparties
2024-01-07 13:50:27,777 [INFO] ThirdPartyUpdaterWithRetryManager:96 - Updater plugin is busy. [1/15]
2024-01-07 13:50:27,781 [INFO] UserAuth:404 - Internet connection configuration mode: 1
2024-01-07 13:50:27,802 [INFO] JxBrowserEngine:152 - Initiate JxBrowser Engine with user profile folder
2024-01-07 13:50:27,938 [INFO] CheckServerUpdateThread:120 - End of CheckServer Thread
2024-01-07 13:50:30,974 [WARN] PackLoader:240 - Cannot read IP mode file for STMicroelectronics.X-CUBE-SMBUS.2.1.0
2024-01-07 13:50:30,985 [WARN] PackLoader:240 - Cannot read IP mode file for STMicroelectronics.X-CUBE-TOUCHGFX.4.23.0
2024-01-07 13:50:31,014 [WARN] PackLoader:240 - Cannot read IP mode file for STMicroelectronics.X-CUBE-AZRTOS-F7.1.1.0
2024-01-07 13:50:31,042 [WARN] PackLoader:240 - Cannot read IP mode file for STMicroelectronics.FP-SNS-MOTENV1.4.3.2
2024-01-07 13:50:31,052 [WARN] PackLoader:240 - Cannot read IP mode file for STMicroelectronics.FP-SNS-FLIGHT1.5.0.2
2024-01-07 13:50:31,064 [WARN] PackLoader:240 - Cannot read IP mode file for STMicroelectronics.X-CUBE-DISPLAY.3.0.0
2024-01-07 13:50:31,080 [WARN] PackLoader:240 - Cannot read IP mode file for STMicroelectronics.X-CUBE-BLE1.7.0.0
2024-01-07 13:50:31,090 [WARN] PackLoader:240 - Cannot read IP mode file for emotas.I-CUBE-CANOPEN.1.3.0
2024-01-07 13:50:31,097 [WARN] PackLoader:240 - Cannot read IP mode file for STMicroelectronics.FP-SNS-SMARTAG2.1.2.0
2024-01-07 13:50:31,111 [INFO] LogOutputStream:77 - [STDOUT_REDIRECT] 1 : Invalid condition id : UX_CORESTACK_Condition cause : null
2024-01-07 13:50:31,112 [INFO] LogOutputStream:77 - [STDOUT_REDIRECT] 1 : Invalid condition id : UX_CORESTACK_Condition cause : null
2024-01-07 13:50:31,114 [INFO] LogOutputStream:77 - [STDOUT_REDIRECT] 1 : Invalid condition id : UX_CORESTACK_Condition cause : null
2024-01-07 13:50:31,116 [INFO] LogOutputStream:77 - [STDOUT_REDIRECT] 1 : Invalid condition id : UX_CORESTACK_Condition cause : null
2024-01-07 13:50:31,118 [INFO] LogOutputStream:77 - [STDOUT_REDIRECT] 1 : Invalid condition id : UX_CORESTACK_Condition cause : null
2024-01-07 13:50:31,123 [WARN] PackLoader:240 - Cannot read IP mode file for STMicroelectronics.X-CUBE-AZRTOS-WL.2.0.0
2024-01-07 13:50:31,139 [WARN] PackLoader:240 - Cannot read IP mode file for WES.I-CUBE-Cesium.1.3.0
2024-01-07 13:50:31,147 [WARN] PackLoader:240 - Cannot read IP mode file for STMicroelectronics.X-CUBE-BLE2.3.3.0
2024-01-07 13:50:31,155 [WARN] PackLoader:240 - Cannot read IP mode file for STMicroelectronics.X-CUBE-ALGOBUILD.1.3.0
2024-01-07 13:50:31,183 [WARN] PackLoader:240 - Cannot read IP mode file for STMicroelectronics.X-CUBE-AZRTOS-G0.1.1.0
2024-01-07 13:50:31,191 [WARN] PackLoader:240 - Cannot read IP mode file for STMicroelectronics.X-CUBE-NFC4.3.0.0
2024-01-07 13:50:31,203 [WARN] PackLoader:240 - Cannot read IP mode file for STMicroelectronics.X-CUBE-BLEMGR.3.0.0
2024-01-07 13:50:31,213 [WARN] PackLoader:240 - Cannot read IP mode file for STMicroelectronics.FP-ATR-SIGFOX1.3.2.0
2024-01-07 13:50:31,255 [WARN] PackLoader:240 - Cannot read IP mode file for SEGGER.I-CUBE-embOS.1.3.1
2024-01-07 13:50:31,303 [WARN] PackLoader:240 - Cannot read IP mode file for STMicroelectronics.X-CUBE-GNSS1.6.0.0
2024-01-07 13:50:31,346 [WARN] PackLoader:240 - Cannot read IP mode file for STMicroelectronics.X-CUBE-AZRTOS-F4.1.1.0
2024-01-07 13:50:31,361 [WARN] PackLoader:240 - Cannot read IP mode file for wolfSSL.I-CUBE-wolfSSL.5.6.6
2024-01-07 13:50:31,427 [WARN] PackLoader:240 - Cannot read IP mode file for STMicroelectronics.X-CUBE-AZRTOS-L5.2.0.0
2024-01-07 13:50:31,442 [WARN] PackLoader:240 - Cannot read IP mode file for STMicroelectronics.X-CUBE-EEPRMA1.4.2.0
2024-01-07 13:50:31,449 [WARN] PackLoader:240 - Cannot read IP mode file for ITTIA_DB.I-CUBE-ITTIADB.8.8.0
2024-01-07 13:50:31,456 [WARN] PackLoader:240 - Cannot read IP mode file for STMicroelectronics.X-CUBE-NFC7.1.0.1
2024-01-07 13:50:31,470 [WARN] PackLoader:240 - Cannot read IP mode file for STMicroelectronics.X-CUBE-NFC6.3.0.0
2024-01-07 13:50:31,477 [WARN] PackLoader:240 - Cannot read IP mode file for STMicroelectronics.X-CUBE-AI.8.1.0
2024-01-07 13:50:31,532 [WARN] ConditionMgr:438 - getConditionDescription Invalid condition id : LAN8742 Phy interface Condition cause : null
2024-01-07 13:50:31,533 [WARN] PackLoader:240 - Cannot read IP mode file for STMicroelectronics.X-CUBE-AZRTOS-L4.2.0.0
2024-01-07 13:50:31,536 [WARN] ConditionMgr:1039 - genDependencies : Invalid condition id : LAN8742 Phy interface Condition cause : null
2024-01-07 13:50:31,536 [WARN] ConditionMgr:1039 - genDependencies : Invalid condition id : LAN8742 Phy interface Condition cause : null
2024-01-07 13:50:31,537 [WARN] ConditionMgr:1039 - genDependencies : Invalid condition id : LAN8742 Phy interface Condition cause : null
2024-01-07 13:50:31,547 [WARN] PackLoader:240 - Cannot read IP mode file for STMicroelectronics.X-CUBE-SFXS2LP1.4.0.0
2024-01-07 13:50:31,584 [WARN] ConditionMgr:438 - getConditionDescription Invalid condition id : UX DEVICE CLASS RTOS Condition cause : null
2024-01-07 13:50:31,585 [WARN] ConditionMgr:438 - getConditionDescription Invalid condition id : UX DEVICE CLASS RTOS Condition cause : null
2024-01-07 13:50:31,587 [WARN] PackLoader:240 - Cannot read IP mode file for STMicroelectronics.X-CUBE-AZRTOS-WB.2.0.0
2024-01-07 13:50:31,588 [WARN] ConditionMgr:1039 - genDependencies : Invalid condition id : UX DEVICE CLASS RTOS Condition cause : null
2024-01-07 13:50:31,588 [WARN] ConditionMgr:1039 - genDependencies : Invalid condition id : UX DEVICE CLASS RTOS Condition cause : null
2024-01-07 13:50:31,588 [WARN] ConditionMgr:1039 - genDependencies : Invalid condition id : UX DEVICE CLASS RTOS Condition cause : null
2024-01-07 13:50:31,589 [WARN] ConditionMgr:1039 - genDependencies : Invalid condition id : UX DEVICE CLASS RTOS Condition cause : null
2024-01-07 13:50:31,589 [WARN] ConditionMgr:1039 - genDependencies : Invalid condition id : UX DEVICE CLASS RTOS Condition cause : null
2024-01-07 13:50:31,599 [WARN] PackLoader:240 - Cannot read IP mode file for STMicroelectronics.X-CUBE-SUBG2.5.0.0
2024-01-07 13:50:31,623 [WARN] PackLoader:240 - Cannot read IP mode file for STMicroelectronics.X-CUBE-AZRTOS-G4.2.0.0
2024-01-07 13:50:31,643 [WARN] PackLoader:240 - Cannot read IP mode file for Infineon.AIROC-Wi-Fi-Bluetooth-STM32.1.5.1
2024-01-07 13:50:31,654 [WARN] PackLoader:240 - Cannot read IP mode file for STMicroelectronics.FP-SNS-MOTENVWB1.1.3.1
2024-01-07 13:50:31,660 [WARN] PackLoader:240 - Cannot read IP mode file for STMicroelectronics.X-CUBE-ISPU.2.0.0
2024-01-07 13:50:31,707 [INFO] WebApp:161 - Instantiating new browser for Auth
2024-01-07 13:50:31,720 [WARN] PackLoader:240 - Cannot read IP mode file for STMicroelectronics.X-CUBE-MEMS1.10.0.0
2024-01-07 13:50:31,939 [WARN] PackLoader:240 - Cannot read IP mode file for STMicroelectronics.X-CUBE-FREERTOS.1.1.0
2024-01-07 13:50:31,946 [WARN] PackLoader:240 - Cannot read IP mode file for portGmbH.I-Cube-SoM-uGOAL.1.1.0
2024-01-07 13:50:31,951 [WARN] PackLoader:240 - Cannot read IP mode file for STMicroelectronics.X-CUBE-ALS.1.0.1
2024-01-07 13:50:31,959 [WARN] PackLoader:240 - Cannot read IP mode file for STMicroelectronics.FP-ATR-ASTRA1.2.0.0
2024-01-07 13:50:31,972 [WARN] PackLoader:240 - Cannot read IP mode file for STMicroelectronics.X-CUBE-TOF1.3.4.0
2024-01-07 13:50:32,002 [WARN] PackLoader:240 - Cannot read IP mode file for STMicroelectronics.X-CUBE-AZRTOS-H7.3.2.0
2024-01-07 13:50:32,006 [INFO] ThirdParty:978 - Integrity check success = true
2024-01-07 13:50:32,006 [INFO] IntegrityCheckThread:100 - exiting critical section [integrity check]
2024-01-07 13:50:32,006 [INFO] IntegrityCheckThread:103 - End integrity checks thread
2024-01-07 13:50:32,655 [INFO] WebApp:780 - Register for checkConnection events
2024-01-07 13:50:32,655 [INFO] WebApp:414 - Apply proxy settings
2024-01-07 13:50:32,655 [INFO] WebApp:499 - Chromium requires no authentication
2024-01-07 13:50:32,663 [INFO] WebApp:442 - Direct internet connection detected
2024-01-07 13:50:32,842 [INFO] WebApp:192 - Starting web application
2024-01-07 13:50:32,842 [INFO] WebApp:544 - Web application path used C:\ST\STM32CubeIDE_1.14.0\STM32CubeIDE\plugins\com.st.stm32cube.common.mx_6.10.0.202311202037\db\plugins\mcufinder\reactClient1\index.html
2024-01-07 13:50:50,725 [ERROR] LogOutputStream:75 - [STDERR_REDIRECT] 
2024-01-07 13:50:50,726 [ERROR] LogOutputStream:75 - [STDERR_REDIRECT] 
