2024-03-23 19:07:06,857 [INFO] Activator:176 - 


2024-03-23 19:07:06,863 [INFO] Activator:177 - !SESSION log4j initialized
2024-03-23 19:07:13,975 [INFO] LogOutputStream:77 - [STDOUT_REDIRECT] 
2024-03-23 19:07:15,993 [INFO] ApplicationProperties:184 - Using Application install path: C:\ST\STM32CubeIDE_1.14.0\STM32CubeIDE\plugins\com.st.stm32cube.common.mx_6.10.0.202311202037
2024-03-23 19:07:16,022 [INFO] DbMcusXml:78 - Set database path to: C:\ST\STM32CubeIDE_1.14.0\STM32CubeIDE\plugins\com.st.stm32cube.common.mx_6.10.0.202311202037\\db\/mcu/
2024-03-23 19:07:16,023 [INFO] ApiDb:274 - Set plugin database path to: C:\ST\STM32CubeIDE_1.14.0\STM32CubeIDE\plugins\com.st.stm32cube.common.mx_6.10.0.202311202037\\db\/plugins/boardmanager/
2024-03-23 19:07:16,024 [WARN] ApiDb:259 - Overriding images path with different value:  => C:\ST\STM32CubeIDE_1.14.0\STM32CubeIDE\plugins\com.st.stm32cube.common.mx_6.10.0.202311202037\\db\/plugins/mcufinder/images/
2024-03-23 19:07:16,037 [INFO] ApiDb:250 - Set database path to: C:\Users\Steven\.stmcufinder\plugins\mcufinder//mcu/
2024-03-23 19:07:16,039 [INFO] DbMcusAds:125 - Set database path to: C:\Users\Steven\.stmcufinder\plugins\mcufinder//mcu/
2024-03-23 19:07:16,043 [INFO] CrossReferenceDbSqlite:203 - Set database path to: C:\Users\Steven\.stmcufinder\plugins\mcufinder//mcu/cs/
2024-03-23 19:07:16,243 [INFO] RulesReader:64 - Compatibility file has been processed (297 Rules)
2024-03-23 19:07:16,372 [INFO] DbMcusXml:78 - Set database path to: C:\ST\STM32CubeIDE_1.14.0\STM32CubeIDE\plugins\com.st.stm32cube.common.mx_6.10.0.202311202037\\db\/mcu/
2024-03-23 19:07:16,372 [INFO] ApiDb:274 - Set plugin database path to: C:\ST\STM32CubeIDE_1.14.0\STM32CubeIDE\plugins\com.st.stm32cube.common.mx_6.10.0.202311202037\\db\/plugins/boardmanager/
2024-03-23 19:07:16,372 [INFO] ApiDb:261 - Set plugin images path to: C:\ST\STM32CubeIDE_1.14.0\STM32CubeIDE\plugins\com.st.stm32cube.common.mx_6.10.0.202311202037\\db\/plugins/mcufinder/images/
2024-03-23 19:07:16,372 [WARN] DbFile:41 - Overriding database path with different value: C:\Users\Steven\.stmcufinder\plugins\mcufinder/ => C:\Users\Steven\.stmcufinder\plugins\mcufinder
2024-03-23 19:07:16,373 [INFO] ApiDb:250 - Set database path to: C:\Users\Steven\.stmcufinder\plugins\mcufinder//mcu/
2024-03-23 19:07:16,373 [WARN] DbFile:41 - Overriding database path with different value: C:\Users\Steven\.stmcufinder\plugins\mcufinder/ => C:\Users\Steven\.stmcufinder\plugins\mcufinder
2024-03-23 19:07:16,373 [INFO] DbMcusAds:125 - Set database path to: C:\Users\Steven\.stmcufinder\plugins\mcufinder//mcu/
2024-03-23 19:07:16,373 [WARN] DbFile:41 - Overriding database path with different value: C:\Users\Steven\.stmcufinder\plugins\mcufinder/ => C:\Users\Steven\.stmcufinder\plugins\mcufinder
2024-03-23 19:07:16,373 [WARN] DbFile:41 - Overriding database path with different value: C:\Users\Steven\.stmcufinder\plugins\mcufinder/ => C:\Users\Steven\.stmcufinder\plugins\mcufinder
2024-03-23 19:07:16,373 [INFO] CrossReferenceDbSqlite:203 - Set database path to: C:\Users\Steven\.stmcufinder\plugins\mcufinder//mcu/cs/
2024-03-23 19:07:16,511 [INFO] MainPanel:264 - HeapMemory: 268435456
2024-03-23 19:07:16,687 [INFO] DbMcusXml:78 - Set database path to: C:\ST\STM32CubeIDE_1.14.0\STM32CubeIDE\plugins\com.st.stm32cube.common.mx_6.10.0.202311202037\\db\/mcu/
2024-03-23 19:07:16,687 [INFO] ApiDb:274 - Set plugin database path to: C:\ST\STM32CubeIDE_1.14.0\STM32CubeIDE\plugins\com.st.stm32cube.common.mx_6.10.0.202311202037\\db\/plugins/boardmanager/
2024-03-23 19:07:16,687 [INFO] ApiDb:261 - Set plugin images path to: C:\ST\STM32CubeIDE_1.14.0\STM32CubeIDE\plugins\com.st.stm32cube.common.mx_6.10.0.202311202037\\db\/plugins/mcufinder/images/
2024-03-23 19:07:16,688 [WARN] DbFile:41 - Overriding database path with different value: C:\Users\Steven\.stmcufinder\plugins\mcufinder/ => C:\Users\Steven\.stmcufinder\plugins\mcufinder
2024-03-23 19:07:16,688 [INFO] ApiDb:250 - Set database path to: C:\Users\Steven\.stmcufinder\plugins\mcufinder//mcu/
2024-03-23 19:07:16,688 [WARN] DbFile:41 - Overriding database path with different value: C:\Users\Steven\.stmcufinder\plugins\mcufinder/ => C:\Users\Steven\.stmcufinder\plugins\mcufinder
2024-03-23 19:07:16,688 [INFO] DbMcusAds:125 - Set database path to: C:\Users\Steven\.stmcufinder\plugins\mcufinder//mcu/
2024-03-23 19:07:16,689 [WARN] DbFile:41 - Overriding database path with different value: C:\Users\Steven\.stmcufinder\plugins\mcufinder/ => C:\Users\Steven\.stmcufinder\plugins\mcufinder
2024-03-23 19:07:16,689 [WARN] DbFile:41 - Overriding database path with different value: C:\Users\Steven\.stmcufinder\plugins\mcufinder/ => C:\Users\Steven\.stmcufinder\plugins\mcufinder
2024-03-23 19:07:16,689 [INFO] CrossReferenceDbSqlite:203 - Set database path to: C:\Users\Steven\.stmcufinder\plugins\mcufinder//mcu/cs/
2024-03-23 19:07:16,720 [INFO] ApplicationProperties:184 - Using Application install path: C:\ST\STM32CubeIDE_1.14.0\STM32CubeIDE\plugins\com.st.stm32cube.common.mx_6.10.0.202311202037
2024-03-23 19:07:16,722 [INFO] PluginManage:196 - Search for loadable plugins [exclusion list=, ]
2024-03-23 19:07:16,725 [INFO] PluginManage:310 - Check plugin analytics
2024-03-23 19:07:16,986 [INFO] AnalyticsPlugin:253 - Accepted Software Licenses: STM32CubeMX.6.10.0
2024-03-23 19:07:16,986 [INFO] AnalyticsPlugin:255 - Accepted CMSIS Pack Licenses: 
2024-03-23 19:07:16,987 [INFO] AnalyticsPlugin:257 - Accepted Firmware Licenses: 
2024-03-23 19:07:16,991 [INFO] PluginManage:359 - Loaded plugin analytics (category:tool,tabindex:-1)
2024-03-23 19:07:16,992 [INFO] PluginManage:310 - Check plugin cadmodel
2024-03-23 19:07:17,000 [INFO] CADModel:105 - Init CAD model plugin
2024-03-23 19:07:17,000 [INFO] PluginManage:359 - Loaded plugin cadmodel (category:power,tabindex:5)
2024-03-23 19:07:17,001 [INFO] PluginManage:310 - Check plugin clock
2024-03-23 19:07:17,024 [INFO] PluginManage:359 - Loaded plugin clock (category:base,tabindex:2)
2024-03-23 19:07:17,024 [INFO] PluginManage:310 - Check plugin ddr
2024-03-23 19:07:17,027 [INFO] PluginManage:359 - Loaded plugin ddr (category:tool,tabindex:6)
2024-03-23 19:07:17,028 [INFO] PluginManage:310 - Check plugin filemanager
2024-03-23 19:07:17,233 [INFO] PluginManage:359 - Loaded plugin filemanager (category:base,tabindex:10)
2024-03-23 19:07:17,233 [INFO] PluginManage:310 - Check plugin ipmanager
2024-03-23 19:07:17,246 [INFO] PluginManage:359 - Loaded plugin ipmanager (category:base,tabindex:5)
2024-03-23 19:07:17,246 [INFO] PluginManage:310 - Check plugin lpbam
2024-03-23 19:07:17,258 [INFO] PluginManage:359 - Loaded plugin lpbam (category:base,tabindex:0)
2024-03-23 19:07:17,259 [INFO] PluginManage:310 - Check plugin memorymap
2024-03-23 19:07:17,295 [INFO] PluginManage:359 - Loaded plugin memorymap (category:base,tabindex:4)
2024-03-23 19:07:17,295 [INFO] PluginManage:310 - Check plugin pinoutandconfiguration
2024-03-23 19:07:17,312 [INFO] PluginManage:359 - Loaded plugin pinoutandconfiguration (category:base,tabindex:1)
2024-03-23 19:07:17,312 [INFO] PluginManage:310 - Check plugin pinoutconfig
2024-03-23 19:07:17,450 [WARN] SupportedApi:132 - Cannot load RTOS API schema: s4s-elt-must-match.1: The content of 'definitions' must match (annotation?, (simpleType | complexType)?, (unique | key | keyref)*)). A problem was found starting at: attribute.
2024-03-23 19:07:17,679 [INFO] PluginManage:359 - Loaded plugin pinoutconfig (category:base,tabindex:0)
2024-03-23 19:07:17,679 [INFO] PluginManage:310 - Check plugin power
2024-03-23 19:07:17,695 [INFO] PluginManage:359 - Loaded plugin power (category:power,tabindex:4)
2024-03-23 19:07:17,696 [INFO] PluginManage:310 - Check plugin projectmanager
2024-03-23 19:07:17,719 [INFO] PluginManage:359 - Loaded plugin projectmanager (category:projectmanager,tabindex:3)
2024-03-23 19:07:17,720 [INFO] PluginManage:310 - Check plugin thirdparty
2024-03-23 19:07:17,929 [INFO] PluginManage:359 - Loaded plugin thirdparty (category:base,tabindex:-1)
2024-03-23 19:07:17,929 [INFO] PluginManage:310 - Check plugin tools
2024-03-23 19:07:17,929 [WARN] IntegrityCheckThread:84 - waiting for thirdparty lock release [integrity check]
2024-03-23 19:07:17,930 [INFO] IntegrityCheckThread:86 - entering critical section [integrity check]
2024-03-23 19:07:17,932 [INFO] ThirdPartyUpdaterWithRetryManager:70 - Updater plugin not ready yet. [1/15]
2024-03-23 19:07:17,934 [INFO] PluginManage:359 - Loaded plugin tools (category:base,tabindex:7)
2024-03-23 19:07:17,934 [INFO] PluginManage:310 - Check plugin tutovideos
2024-03-23 19:07:18,256 [INFO] PluginManage:359 - Loaded plugin tutovideos (category:base,tabindex:-1)
2024-03-23 19:07:18,256 [INFO] PluginManage:310 - Check plugin updater
2024-03-23 19:07:18,270 [INFO] PluginManage:359 - Loaded plugin updater (category:base,tabindex:12)
2024-03-23 19:07:18,271 [INFO] PluginManage:310 - Check plugin userauth
2024-03-23 19:07:18,278 [INFO] UserAuth:114 - Init User Auth plugin
2024-03-23 19:07:18,278 [INFO] PluginManage:359 - Loaded plugin userauth (category:base,tabindex:14)
2024-03-23 19:07:18,279 [INFO] PluginManage:283 - PluginManage : Loaded plugins [17]
2024-03-23 19:07:18,627 [INFO] PinOutPanel:1499 - setPackage(No Configuration,No Configuration)
2024-03-23 19:07:18,745 [INFO] CADModel:165 - CPN selected for project level
2024-03-23 19:07:18,745 [INFO] CADModel:114 - Register for checkConnection events
2024-03-23 19:07:18,774 [INFO] IPUIPlugin:80 - create IPUIPlugin
2024-03-23 19:07:18,774 [INFO] PluginManager:220 - loadIPPluginJar : add adc
2024-03-23 19:07:18,780 [INFO] IPUIPlugin:80 - create IPUIPlugin
2024-03-23 19:07:18,780 [INFO] PluginManager:220 - loadIPPluginJar : add aes
2024-03-23 19:07:18,784 [INFO] IPUIPlugin:80 - create IPUIPlugin
2024-03-23 19:07:18,785 [INFO] PluginManager:220 - loadIPPluginJar : add can
2024-03-23 19:07:18,787 [INFO] IPUIPlugin:80 - create IPUIPlugin
2024-03-23 19:07:18,788 [INFO] PluginManager:220 - loadIPPluginJar : add comp
2024-03-23 19:07:18,792 [INFO] IPUIPlugin:80 - create IPUIPlugin
2024-03-23 19:07:18,792 [INFO] PluginManager:220 - loadIPPluginJar : add cryp
2024-03-23 19:07:18,797 [INFO] IPUIPlugin:80 - create IPUIPlugin
2024-03-23 19:07:18,797 [INFO] PluginManager:220 - loadIPPluginJar : add dfsdm
2024-03-23 19:07:18,805 [INFO] IPUIPlugin:80 - create IPUIPlugin
2024-03-23 19:07:18,805 [INFO] PluginManager:220 - loadIPPluginJar : add dma
2024-03-23 19:07:18,810 [INFO] IPUIPlugin:80 - create IPUIPlugin
2024-03-23 19:07:18,810 [INFO] PluginManager:220 - loadIPPluginJar : add dma3
2024-03-23 19:07:18,813 [INFO] IPUIPlugin:80 - create IPUIPlugin
2024-03-23 19:07:18,813 [INFO] PluginManager:220 - loadIPPluginJar : add fatfs
2024-03-23 19:07:18,820 [INFO] IPUIPlugin:80 - create IPUIPlugin
2024-03-23 19:07:18,821 [INFO] PluginManager:220 - loadIPPluginJar : add fmc
2024-03-23 19:07:18,829 [INFO] IPUIPlugin:80 - create IPUIPlugin
2024-03-23 19:07:18,829 [INFO] PluginManager:220 - loadIPPluginJar : add freertos
2024-03-23 19:07:18,831 [INFO] IPUIPlugin:80 - create IPUIPlugin
2024-03-23 19:07:18,832 [INFO] PluginManager:220 - loadIPPluginJar : add genericplugin
2024-03-23 19:07:18,835 [INFO] IPUIPlugin:80 - create IPUIPlugin
2024-03-23 19:07:18,836 [INFO] PluginManager:220 - loadIPPluginJar : add gfxmmu
2024-03-23 19:07:18,843 [INFO] IPUIPlugin:80 - create IPUIPlugin
2024-03-23 19:07:18,843 [INFO] PluginManager:220 - loadIPPluginJar : add gic
2024-03-23 19:07:18,848 [INFO] IPUIPlugin:80 - create IPUIPlugin
2024-03-23 19:07:18,849 [INFO] PluginManager:220 - loadIPPluginJar : add gpio
2024-03-23 19:07:18,852 [INFO] IPUIPlugin:80 - create IPUIPlugin
2024-03-23 19:07:18,853 [INFO] PluginManager:220 - loadIPPluginJar : add gtzc
2024-03-23 19:07:18,856 [INFO] IPUIPlugin:80 - create IPUIPlugin
2024-03-23 19:07:18,856 [INFO] PluginManager:220 - loadIPPluginJar : add hash
2024-03-23 19:07:18,861 [INFO] IPUIPlugin:80 - create IPUIPlugin
2024-03-23 19:07:18,861 [INFO] PluginManager:220 - loadIPPluginJar : add i2c
2024-03-23 19:07:18,866 [INFO] IPUIPlugin:80 - create IPUIPlugin
2024-03-23 19:07:18,866 [INFO] PluginManager:220 - loadIPPluginJar : add i2s
2024-03-23 19:07:18,870 [INFO] IPUIPlugin:80 - create IPUIPlugin
2024-03-23 19:07:18,871 [INFO] PluginManager:220 - loadIPPluginJar : add i3c
2024-03-23 19:07:18,877 [INFO] IPUIPlugin:80 - create IPUIPlugin
2024-03-23 19:07:18,877 [INFO] PluginManager:220 - loadIPPluginJar : add ipddr
2024-03-23 19:07:18,886 [INFO] IPUIPlugin:80 - create IPUIPlugin
2024-03-23 19:07:18,886 [INFO] PluginManager:220 - loadIPPluginJar : add linkedlist
2024-03-23 19:07:18,890 [INFO] IPUIPlugin:80 - create IPUIPlugin
2024-03-23 19:07:18,891 [INFO] PluginManager:220 - loadIPPluginJar : add lorawan
2024-03-23 19:07:18,893 [INFO] IPUIPlugin:80 - create IPUIPlugin
2024-03-23 19:07:18,893 [INFO] PluginManager:220 - loadIPPluginJar : add ltdc
2024-03-23 19:07:18,901 [INFO] IPUIPlugin:80 - create IPUIPlugin
2024-03-23 19:07:18,901 [INFO] PluginManager:220 - loadIPPluginJar : add mdma
2024-03-23 19:07:18,908 [INFO] IPUIPlugin:80 - create IPUIPlugin
2024-03-23 19:07:18,908 [INFO] PluginManager:220 - loadIPPluginJar : add nvic
2024-03-23 19:07:18,913 [INFO] IPUIPlugin:80 - create IPUIPlugin
2024-03-23 19:07:18,913 [INFO] PluginManager:220 - loadIPPluginJar : add opamp
2024-03-23 19:07:18,918 [INFO] IPUIPlugin:80 - create IPUIPlugin
2024-03-23 19:07:18,919 [INFO] PluginManager:220 - loadIPPluginJar : add openamp
2024-03-23 19:07:18,923 [INFO] IPUIPlugin:80 - create IPUIPlugin
2024-03-23 19:07:18,923 [INFO] PluginManager:220 - loadIPPluginJar : add pdm2pcm
2024-03-23 19:07:18,931 [INFO] IPUIPlugin:80 - create IPUIPlugin
2024-03-23 19:07:18,936 [INFO] PluginManager:220 - loadIPPluginJar : add plateformsettings
2024-03-23 19:07:18,939 [INFO] IPUIPlugin:80 - create IPUIPlugin
2024-03-23 19:07:18,939 [INFO] PluginManager:220 - loadIPPluginJar : add quadspi
2024-03-23 19:07:18,945 [INFO] IPUIPlugin:80 - create IPUIPlugin
2024-03-23 19:07:18,945 [INFO] PluginManager:220 - loadIPPluginJar : add resmgrutility
2024-03-23 19:07:18,949 [INFO] IPUIPlugin:80 - create IPUIPlugin
2024-03-23 19:07:18,950 [INFO] PluginManager:220 - loadIPPluginJar : add sai
2024-03-23 19:07:18,954 [INFO] IPUIPlugin:80 - create IPUIPlugin
2024-03-23 19:07:18,954 [INFO] PluginManager:220 - loadIPPluginJar : add spi
2024-03-23 19:07:18,960 [INFO] IPUIPlugin:80 - create IPUIPlugin
2024-03-23 19:07:18,960 [INFO] PluginManager:220 - loadIPPluginJar : add stm32_wpan
2024-03-23 19:07:18,963 [INFO] IPUIPlugin:80 - create IPUIPlugin
2024-03-23 19:07:18,963 [INFO] PluginManager:220 - loadIPPluginJar : add tim
2024-03-23 19:07:18,967 [INFO] IPUIPlugin:80 - create IPUIPlugin
2024-03-23 19:07:18,967 [INFO] PluginManager:220 - loadIPPluginJar : add touchsensing
2024-03-23 19:07:18,971 [INFO] IPUIPlugin:80 - create IPUIPlugin
2024-03-23 19:07:18,971 [INFO] PluginManager:220 - loadIPPluginJar : add tracer_emb
2024-03-23 19:07:18,975 [INFO] IPUIPlugin:80 - create IPUIPlugin
2024-03-23 19:07:18,975 [INFO] PluginManager:220 - loadIPPluginJar : add ts
2024-03-23 19:07:18,978 [INFO] IPUIPlugin:80 - create IPUIPlugin
2024-03-23 19:07:18,978 [INFO] PluginManager:220 - loadIPPluginJar : add tsc
2024-03-23 19:07:18,981 [INFO] IPUIPlugin:80 - create IPUIPlugin
2024-03-23 19:07:18,981 [INFO] PluginManager:220 - loadIPPluginJar : add ucpd
2024-03-23 19:07:18,985 [INFO] IPUIPlugin:80 - create IPUIPlugin
2024-03-23 19:07:18,985 [INFO] PluginManager:220 - loadIPPluginJar : add usart
2024-03-23 19:07:18,990 [INFO] IPUIPlugin:80 - create IPUIPlugin
2024-03-23 19:07:18,990 [INFO] PluginManager:220 - loadIPPluginJar : add usbx
2024-03-23 19:07:19,141 [INFO] CADModel:165 - CPN selected for project level
2024-03-23 19:07:19,141 [INFO] CADModel:114 - Register for checkConnection events
2024-03-23 19:07:19,142 [FATAL] Updater:308 - Updater called before beeing initialized
2024-03-23 19:07:19,142 [ERROR] CADModel:125 - Updater not yet initialized, retry later 
2024-03-23 19:07:19,330 [INFO] CADModel:165 - CPN selected for project level
2024-03-23 19:07:19,330 [INFO] CADModel:114 - Register for checkConnection events
2024-03-23 19:07:19,331 [FATAL] Updater:308 - Updater called before beeing initialized
2024-03-23 19:07:19,331 [ERROR] CADModel:125 - Updater not yet initialized, retry later 
2024-03-23 19:07:19,335 [FATAL] Updater:308 - Updater called before beeing initialized
2024-03-23 19:07:19,452 [FATAL] Updater:308 - Updater called before beeing initialized
2024-03-23 19:07:19,463 [INFO] DbMcusAds:53 - JSON generation date=Wed Nov 29 10:52:27 GMT 2023 (1701255147349)
2024-03-23 19:07:19,463 [FATAL] Updater:308 - Updater called before beeing initialized
2024-03-23 19:07:19,528 [WARN] DetailPanel:346 - Failed to get advertising image, set to default
2024-03-23 19:07:19,630 [FATAL] Updater:308 - Updater called before beeing initialized
2024-03-23 19:07:19,632 [FATAL] Updater:308 - Updater called before beeing initialized
2024-03-23 19:07:19,632 [FATAL] Updater:308 - Updater called before beeing initialized
2024-03-23 19:07:19,632 [WARN] DetailPanel:346 - Failed to get advertising image, set to default
2024-03-23 19:07:19,633 [FATAL] Updater:308 - Updater called before beeing initialized
2024-03-23 19:07:19,695 [ERROR] Updater:1120 - MainUpdater not yet initialized. External WinMGr cannot be set.
2024-03-23 19:07:19,698 [INFO] Updater:1056 - Updater Version found : 6.10.0
2024-03-23 19:07:19,730 [INFO] ApplicationProperties:184 - Using Application install path: C:\ST\STM32CubeIDE_1.14.0\STM32CubeIDE\plugins\com.st.stm32cube.common.mx_6.10.0.202311202037
2024-03-23 19:07:20,933 [INFO] ThirdPartyUpdaterWithRetryManager:70 - Updater plugin not ready yet. [2/15]
2024-03-23 19:07:21,314 [ERROR] LogOutputStream:75 - [STDERR_REDIRECT] Mar 23, 2024 7:07:21 PM java.util.prefs.WindowsPreferences <init>
2024-03-23 19:07:21,316 [ERROR] LogOutputStream:75 - [STDERR_REDIRECT] WARNING: Could not open/create prefs root node Software\JavaSoft\Prefs at root 0xffffffff80000002. Windows RegCreateKeyEx(...) returned error code 5.
2024-03-23 19:07:21,316 [ERROR] LogOutputStream:75 - [STDERR_REDIRECT] 
2024-03-23 19:07:21,638 [INFO] MainUpdater:2873 - connection check result : 10
2024-03-23 19:07:21,638 [INFO] MainUpdater:3567 - Updater definition file requires update
2024-03-23 19:07:21,640 [INFO] MainUpdater:290 - Updater Check For Update Now.
2024-03-23 19:07:21,640 [INFO] MicroXplorer:498 - Change Database Version : DB.6.0.100
2024-03-23 19:07:21,645 [INFO] McuFinderGlobals:63 - Set McuFinder mode to 2 (CubeIDE integrated)
2024-03-23 19:07:21,755 [INFO] ServerAccessManage:473 - Download File updaters.zip
2024-03-23 19:07:22,270 [INFO] FileExtend:240 - Unzip File : updaters.zip
2024-03-23 19:07:22,271 [INFO] FileExtend:255 - Standard Zip Deflate
2024-03-23 19:07:22,291 [INFO] UserAuth:404 - Internet connection configuration mode: 1
2024-03-23 19:07:22,322 [INFO] JxBrowserEngine:152 - Initiate JxBrowser Engine with user profile folder
2024-03-23 19:07:22,678 [INFO] ServerAccessManage:473 - Download File PacksControlFlags.xml
2024-03-23 19:07:22,855 [INFO] ServerAccessManage:473 - Download File cubemx.pidx
2024-03-23 19:07:23,400 [INFO] ServerAccessManage:473 - Download File STMicroelectronics.X-CUBE-BLEMGR.pdsc
2024-03-23 19:07:23,457 [INFO] WebApp:161 - Instantiating new browser for Auth
2024-03-23 19:07:23,937 [WARN] MainUpdater:1194 - Updater busy. Cannot search thirdparties
2024-03-23 19:07:23,937 [INFO] ThirdPartyUpdaterWithRetryManager:96 - Updater plugin is busy. [1/15]
2024-03-23 19:07:24,085 [INFO] ServerAccessManage:473 - Download File STMicroelectronics.X-CUBE-EEPRMA1.pdsc
2024-03-23 19:07:24,354 [ERROR] ServerAccessManage:1089 - Problem, file not found on Server
2024-03-23 19:07:24,391 [INFO] WebApp:780 - Register for checkConnection events
2024-03-23 19:07:24,391 [INFO] WebApp:414 - Apply proxy settings
2024-03-23 19:07:24,391 [INFO] WebApp:499 - Chromium requires no authentication
2024-03-23 19:07:24,400 [INFO] WebApp:442 - Direct internet connection detected
2024-03-23 19:07:24,603 [INFO] WebApp:192 - Starting web application
2024-03-23 19:07:24,603 [INFO] WebApp:544 - Web application path used C:\ST\STM32CubeIDE_1.14.0\STM32CubeIDE\plugins\com.st.stm32cube.common.mx_6.10.0.202311202037\db\plugins\mcufinder\reactClient1\index.html
2024-03-23 19:07:24,613 [ERROR] ServerAccessManage:1089 - Problem, file not found on Server
2024-03-23 19:07:25,031 [INFO] ServerAccessManage:473 - Download File STMicroelectronics.X-CUBE-NFC6.pdsc
2024-03-23 19:07:25,382 [INFO] ServerAccessManage:473 - Download File STMicroelectronics.X-CUBE-TOF1.pdsc
2024-03-23 19:07:26,467 [ERROR] ServerAccessManage:1089 - Problem, file not found on Server
2024-03-23 19:07:26,902 [WARN] PackLoader:240 - Cannot read IP mode file for STMicroelectronics.X-CUBE-BLEMGR.3.1.0
2024-03-23 19:07:26,918 [WARN] PackLoader:240 - Cannot read IP mode file for STMicroelectronics.X-CUBE-EEPRMA1.5.1.0
2024-03-23 19:07:26,931 [WARN] PackLoader:240 - Cannot read IP mode file for STMicroelectronics.X-CUBE-NFC6.3.1.0
2024-03-23 19:07:26,940 [WARN] MainUpdater:1194 - Updater busy. Cannot search thirdparties
2024-03-23 19:07:26,940 [INFO] ThirdPartyUpdaterWithRetryManager:96 - Updater plugin is busy. [2/15]
2024-03-23 19:07:26,949 [WARN] PackLoader:240 - Cannot read IP mode file for STMicroelectronics.X-CUBE-TOF1.3.4.1
2024-03-23 19:07:26,972 [INFO] PopulateThirdPartyThread:66 - Ending populate Thread
2024-03-23 19:07:26,974 [INFO] ThirdParty:1030 - CMSIS Pack Vendor :STMicroelectronics X-CUBE-EEPRMA1 5.1.0
2024-03-23 19:07:26,974 [INFO] ThirdParty:1030 - CMSIS Pack Vendor :STMicroelectronics X-CUBE-BLEMGR 3.1.0
2024-03-23 19:07:26,974 [INFO] ThirdParty:1030 - CMSIS Pack Vendor :STMicroelectronics X-CUBE-TOF1 3.4.1
2024-03-23 19:07:26,974 [INFO] ThirdParty:1030 - CMSIS Pack Vendor :STMicroelectronics X-CUBE-NFC6 3.1.0
2024-03-23 19:07:26,974 [INFO] LoadServerUpdatesThread:375 - End of LoadServerUpdate Thread
2024-03-23 19:07:27,003 [INFO] CheckServerUpdateThread:120 - End of CheckServer Thread
2024-03-23 19:07:30,119 [WARN] PackLoader:240 - Cannot read IP mode file for STMicroelectronics.X-CUBE-SMBUS.2.1.0
2024-03-23 19:07:30,125 [WARN] PackLoader:240 - Cannot read IP mode file for STMicroelectronics.X-CUBE-TOUCHGFX.4.23.0
2024-03-23 19:07:30,149 [WARN] PackLoader:240 - Cannot read IP mode file for STMicroelectronics.X-CUBE-AZRTOS-F7.1.1.0
2024-03-23 19:07:30,158 [WARN] PackLoader:240 - Cannot read IP mode file for STMicroelectronics.FP-SNS-MOTENV1.4.3.2
2024-03-23 19:07:30,165 [WARN] PackLoader:240 - Cannot read IP mode file for STMicroelectronics.FP-SNS-FLIGHT1.5.0.2
2024-03-23 19:07:30,173 [WARN] PackLoader:240 - Cannot read IP mode file for STMicroelectronics.X-CUBE-DISPLAY.3.0.0
2024-03-23 19:07:30,186 [WARN] PackLoader:240 - Cannot read IP mode file for STMicroelectronics.X-CUBE-BLE1.7.0.0
2024-03-23 19:07:30,193 [WARN] PackLoader:240 - Cannot read IP mode file for emotas.I-CUBE-CANOPEN.1.3.0
2024-03-23 19:07:30,204 [WARN] PackLoader:240 - Cannot read IP mode file for STMicroelectronics.X-CUBE-BLEMGR.3.1.0
2024-03-23 19:07:30,214 [WARN] PackLoader:240 - Cannot read IP mode file for STMicroelectronics.FP-SNS-SMARTAG2.1.2.0
2024-03-23 19:07:30,225 [INFO] LogOutputStream:77 - [STDOUT_REDIRECT] 1 : Invalid condition id : UX_CORESTACK_Condition cause : null
2024-03-23 19:07:30,225 [INFO] LogOutputStream:77 - [STDOUT_REDIRECT] 1 : Invalid condition id : UX_CORESTACK_Condition cause : null
2024-03-23 19:07:30,227 [INFO] LogOutputStream:77 - [STDOUT_REDIRECT] 1 : Invalid condition id : UX_CORESTACK_Condition cause : null
2024-03-23 19:07:30,229 [INFO] LogOutputStream:77 - [STDOUT_REDIRECT] 1 : Invalid condition id : UX_CORESTACK_Condition cause : null
2024-03-23 19:07:30,230 [INFO] LogOutputStream:77 - [STDOUT_REDIRECT] 1 : Invalid condition id : UX_CORESTACK_Condition cause : null
2024-03-23 19:07:30,234 [WARN] PackLoader:240 - Cannot read IP mode file for STMicroelectronics.X-CUBE-AZRTOS-WL.2.0.0
2024-03-23 19:07:30,243 [WARN] PackLoader:240 - Cannot read IP mode file for WES.I-CUBE-Cesium.1.3.0
2024-03-23 19:07:30,249 [WARN] PackLoader:240 - Cannot read IP mode file for STMicroelectronics.X-CUBE-BLE2.3.3.0
2024-03-23 19:07:30,258 [WARN] PackLoader:240 - Cannot read IP mode file for STMicroelectronics.X-CUBE-ALGOBUILD.1.3.0
2024-03-23 19:07:30,277 [WARN] PackLoader:240 - Cannot read IP mode file for STMicroelectronics.X-CUBE-AZRTOS-G0.1.1.0
2024-03-23 19:07:30,285 [WARN] PackLoader:240 - Cannot read IP mode file for STMicroelectronics.X-CUBE-NFC4.3.0.0
2024-03-23 19:07:30,295 [WARN] PackLoader:240 - Cannot read IP mode file for STMicroelectronics.X-CUBE-BLEMGR.3.0.0
2024-03-23 19:07:30,300 [WARN] PackLoader:240 - Cannot read IP mode file for STMicroelectronics.FP-ATR-SIGFOX1.3.2.0
2024-03-23 19:07:30,307 [WARN] PackLoader:240 - Cannot read IP mode file for STMicroelectronics.X-CUBE-EEPRMA1.5.1.0
2024-03-23 19:07:30,348 [WARN] PackLoader:240 - Cannot read IP mode file for SEGGER.I-CUBE-embOS.1.3.1
2024-03-23 19:07:30,385 [WARN] PackLoader:240 - Cannot read IP mode file for STMicroelectronics.X-CUBE-GNSS1.6.0.0
2024-03-23 19:07:30,400 [WARN] PackLoader:240 - Cannot read IP mode file for STMicroelectronics.X-CUBE-AZRTOS-F4.1.1.0
2024-03-23 19:07:30,407 [WARN] PackLoader:240 - Cannot read IP mode file for wolfSSL.I-CUBE-wolfSSL.5.6.6
2024-03-23 19:07:30,425 [WARN] PackLoader:240 - Cannot read IP mode file for STMicroelectronics.X-CUBE-AZRTOS-L5.2.0.0
2024-03-23 19:07:30,431 [WARN] PackLoader:240 - Cannot read IP mode file for STMicroelectronics.X-CUBE-EEPRMA1.4.2.0
2024-03-23 19:07:30,440 [WARN] PackLoader:240 - Cannot read IP mode file for STMicroelectronics.X-CUBE-NFC6.3.1.0
2024-03-23 19:07:30,447 [WARN] PackLoader:240 - Cannot read IP mode file for ITTIA_DB.I-CUBE-ITTIADB.8.8.0
2024-03-23 19:07:30,454 [WARN] PackLoader:240 - Cannot read IP mode file for STMicroelectronics.X-CUBE-NFC7.1.0.1
2024-03-23 19:07:30,461 [WARN] PackLoader:240 - Cannot read IP mode file for STMicroelectronics.X-CUBE-NFC6.3.0.0
2024-03-23 19:07:30,469 [WARN] PackLoader:240 - Cannot read IP mode file for STMicroelectronics.X-CUBE-AI.8.1.0
2024-03-23 19:07:30,486 [WARN] ConditionMgr:438 - getConditionDescription Invalid condition id : LAN8742 Phy interface Condition cause : null
2024-03-23 19:07:30,486 [WARN] PackLoader:240 - Cannot read IP mode file for STMicroelectronics.X-CUBE-AZRTOS-L4.2.0.0
2024-03-23 19:07:30,487 [WARN] ConditionMgr:1039 - genDependencies : Invalid condition id : LAN8742 Phy interface Condition cause : null
2024-03-23 19:07:30,487 [WARN] ConditionMgr:1039 - genDependencies : Invalid condition id : LAN8742 Phy interface Condition cause : null
2024-03-23 19:07:30,488 [WARN] ConditionMgr:1039 - genDependencies : Invalid condition id : LAN8742 Phy interface Condition cause : null
2024-03-23 19:07:30,495 [WARN] PackLoader:240 - Cannot read IP mode file for STMicroelectronics.X-CUBE-SFXS2LP1.4.0.0
2024-03-23 19:07:30,506 [WARN] ConditionMgr:438 - getConditionDescription Invalid condition id : UX DEVICE CLASS RTOS Condition cause : null
2024-03-23 19:07:30,507 [WARN] ConditionMgr:438 - getConditionDescription Invalid condition id : UX DEVICE CLASS RTOS Condition cause : null
2024-03-23 19:07:30,508 [WARN] PackLoader:240 - Cannot read IP mode file for STMicroelectronics.X-CUBE-AZRTOS-WB.2.0.0
2024-03-23 19:07:30,509 [WARN] ConditionMgr:1039 - genDependencies : Invalid condition id : UX DEVICE CLASS RTOS Condition cause : null
2024-03-23 19:07:30,509 [WARN] ConditionMgr:1039 - genDependencies : Invalid condition id : UX DEVICE CLASS RTOS Condition cause : null
2024-03-23 19:07:30,509 [WARN] ConditionMgr:1039 - genDependencies : Invalid condition id : UX DEVICE CLASS RTOS Condition cause : null
2024-03-23 19:07:30,509 [WARN] ConditionMgr:1039 - genDependencies : Invalid condition id : UX DEVICE CLASS RTOS Condition cause : null
2024-03-23 19:07:30,509 [WARN] ConditionMgr:1039 - genDependencies : Invalid condition id : UX DEVICE CLASS RTOS Condition cause : null
2024-03-23 19:07:30,518 [WARN] PackLoader:240 - Cannot read IP mode file for STMicroelectronics.X-CUBE-SUBG2.5.0.0
2024-03-23 19:07:30,534 [WARN] PackLoader:240 - Cannot read IP mode file for STMicroelectronics.X-CUBE-AZRTOS-G4.2.0.0
2024-03-23 19:07:30,548 [WARN] PackLoader:240 - Cannot read IP mode file for Infineon.AIROC-Wi-Fi-Bluetooth-STM32.1.5.1
2024-03-23 19:07:30,556 [WARN] PackLoader:240 - Cannot read IP mode file for STMicroelectronics.FP-SNS-MOTENVWB1.1.3.1
2024-03-23 19:07:30,561 [WARN] PackLoader:240 - Cannot read IP mode file for STMicroelectronics.X-CUBE-ISPU.2.0.0
2024-03-23 19:07:30,599 [WARN] PackLoader:240 - Cannot read IP mode file for STMicroelectronics.X-CUBE-MEMS1.10.0.0
2024-03-23 19:07:30,739 [WARN] PackLoader:240 - Cannot read IP mode file for STMicroelectronics.X-CUBE-FREERTOS.1.1.0
2024-03-23 19:07:30,747 [WARN] PackLoader:240 - Cannot read IP mode file for portGmbH.I-Cube-SoM-uGOAL.1.1.0
2024-03-23 19:07:30,752 [WARN] PackLoader:240 - Cannot read IP mode file for STMicroelectronics.X-CUBE-ALS.1.0.1
2024-03-23 19:07:30,758 [WARN] PackLoader:240 - Cannot read IP mode file for STMicroelectronics.FP-ATR-ASTRA1.2.0.0
2024-03-23 19:07:30,770 [WARN] PackLoader:240 - Cannot read IP mode file for STMicroelectronics.X-CUBE-TOF1.3.4.0
2024-03-23 19:07:30,789 [WARN] PackLoader:240 - Cannot read IP mode file for STMicroelectronics.X-CUBE-TOF1.3.4.1
2024-03-23 19:07:30,816 [WARN] PackLoader:240 - Cannot read IP mode file for STMicroelectronics.X-CUBE-AZRTOS-H7.3.2.0
2024-03-23 19:07:30,819 [INFO] ThirdParty:978 - Integrity check success = true
2024-03-23 19:07:30,819 [INFO] IntegrityCheckThread:100 - exiting critical section [integrity check]
2024-03-23 19:07:30,819 [INFO] IntegrityCheckThread:103 - End integrity checks thread
2024-03-23 19:07:45,257 [ERROR] LogOutputStream:75 - [STDERR_REDIRECT] SLF4J: Failed to load class "org.slf4j.impl.StaticLoggerBinder".
2024-03-23 19:07:45,259 [ERROR] LogOutputStream:75 - [STDERR_REDIRECT] SLF4J: Defaulting to no-operation (NOP) logger implementation
2024-03-23 19:07:45,261 [ERROR] LogOutputStream:75 - [STDERR_REDIRECT] SLF4J: See http://www.slf4j.org/codes.html#StaticLoggerBinder for further details.
2024-03-23 19:18:25,164 [ERROR] LogOutputStream:75 - [STDERR_REDIRECT] 
2024-03-23 19:18:25,165 [ERROR] LogOutputStream:75 - [STDERR_REDIRECT] 
2024-03-23 19:18:32,150 [INFO] Activator:176 - 


2024-03-23 19:18:32,152 [INFO] Activator:177 - !SESSION log4j initialized
2024-03-23 19:18:37,399 [INFO] LogOutputStream:77 - [STDOUT_REDIRECT] 
2024-03-23 19:18:38,393 [INFO] ApplicationProperties:184 - Using Application install path: C:\ST\STM32CubeIDE_1.14.0\STM32CubeIDE\plugins\com.st.stm32cube.common.mx_6.10.0.202311202037
2024-03-23 19:18:38,410 [INFO] DbMcusXml:78 - Set database path to: C:\ST\STM32CubeIDE_1.14.0\STM32CubeIDE\plugins\com.st.stm32cube.common.mx_6.10.0.202311202037\\db\/mcu/
2024-03-23 19:18:38,411 [INFO] ApiDb:274 - Set plugin database path to: C:\ST\STM32CubeIDE_1.14.0\STM32CubeIDE\plugins\com.st.stm32cube.common.mx_6.10.0.202311202037\\db\/plugins/boardmanager/
2024-03-23 19:18:38,411 [WARN] ApiDb:259 - Overriding images path with different value:  => C:\ST\STM32CubeIDE_1.14.0\STM32CubeIDE\plugins\com.st.stm32cube.common.mx_6.10.0.202311202037\\db\/plugins/mcufinder/images/
2024-03-23 19:18:38,419 [INFO] ApiDb:250 - Set database path to: C:\Users\Steven\.stmcufinder\plugins\mcufinder//mcu/
2024-03-23 19:18:38,420 [INFO] DbMcusAds:125 - Set database path to: C:\Users\Steven\.stmcufinder\plugins\mcufinder//mcu/
2024-03-23 19:18:38,422 [INFO] CrossReferenceDbSqlite:203 - Set database path to: C:\Users\Steven\.stmcufinder\plugins\mcufinder//mcu/cs/
2024-03-23 19:18:38,558 [INFO] RulesReader:64 - Compatibility file has been processed (297 Rules)
2024-03-23 19:18:38,667 [INFO] DbMcusXml:78 - Set database path to: C:\ST\STM32CubeIDE_1.14.0\STM32CubeIDE\plugins\com.st.stm32cube.common.mx_6.10.0.202311202037\\db\/mcu/
2024-03-23 19:18:38,668 [INFO] ApiDb:274 - Set plugin database path to: C:\ST\STM32CubeIDE_1.14.0\STM32CubeIDE\plugins\com.st.stm32cube.common.mx_6.10.0.202311202037\\db\/plugins/boardmanager/
2024-03-23 19:18:38,668 [INFO] ApiDb:261 - Set plugin images path to: C:\ST\STM32CubeIDE_1.14.0\STM32CubeIDE\plugins\com.st.stm32cube.common.mx_6.10.0.202311202037\\db\/plugins/mcufinder/images/
2024-03-23 19:18:38,668 [WARN] DbFile:41 - Overriding database path with different value: C:\Users\Steven\.stmcufinder\plugins\mcufinder/ => C:\Users\Steven\.stmcufinder\plugins\mcufinder
2024-03-23 19:18:38,669 [INFO] ApiDb:250 - Set database path to: C:\Users\Steven\.stmcufinder\plugins\mcufinder//mcu/
2024-03-23 19:18:38,669 [WARN] DbFile:41 - Overriding database path with different value: C:\Users\Steven\.stmcufinder\plugins\mcufinder/ => C:\Users\Steven\.stmcufinder\plugins\mcufinder
2024-03-23 19:18:38,669 [INFO] DbMcusAds:125 - Set database path to: C:\Users\Steven\.stmcufinder\plugins\mcufinder//mcu/
2024-03-23 19:18:38,669 [WARN] DbFile:41 - Overriding database path with different value: C:\Users\Steven\.stmcufinder\plugins\mcufinder/ => C:\Users\Steven\.stmcufinder\plugins\mcufinder
2024-03-23 19:18:38,669 [WARN] DbFile:41 - Overriding database path with different value: C:\Users\Steven\.stmcufinder\plugins\mcufinder/ => C:\Users\Steven\.stmcufinder\plugins\mcufinder
2024-03-23 19:18:38,669 [INFO] CrossReferenceDbSqlite:203 - Set database path to: C:\Users\Steven\.stmcufinder\plugins\mcufinder//mcu/cs/
2024-03-23 19:18:38,756 [INFO] MainPanel:264 - HeapMemory: 268435456
2024-03-23 19:18:38,837 [INFO] DbMcusXml:78 - Set database path to: C:\ST\STM32CubeIDE_1.14.0\STM32CubeIDE\plugins\com.st.stm32cube.common.mx_6.10.0.202311202037\\db\/mcu/
2024-03-23 19:18:38,837 [INFO] ApiDb:274 - Set plugin database path to: C:\ST\STM32CubeIDE_1.14.0\STM32CubeIDE\plugins\com.st.stm32cube.common.mx_6.10.0.202311202037\\db\/plugins/boardmanager/
2024-03-23 19:18:38,837 [INFO] ApiDb:261 - Set plugin images path to: C:\ST\STM32CubeIDE_1.14.0\STM32CubeIDE\plugins\com.st.stm32cube.common.mx_6.10.0.202311202037\\db\/plugins/mcufinder/images/
2024-03-23 19:18:38,838 [WARN] DbFile:41 - Overriding database path with different value: C:\Users\Steven\.stmcufinder\plugins\mcufinder/ => C:\Users\Steven\.stmcufinder\plugins\mcufinder
2024-03-23 19:18:38,838 [INFO] ApiDb:250 - Set database path to: C:\Users\Steven\.stmcufinder\plugins\mcufinder//mcu/
2024-03-23 19:18:38,838 [WARN] DbFile:41 - Overriding database path with different value: C:\Users\Steven\.stmcufinder\plugins\mcufinder/ => C:\Users\Steven\.stmcufinder\plugins\mcufinder
2024-03-23 19:18:38,838 [INFO] DbMcusAds:125 - Set database path to: C:\Users\Steven\.stmcufinder\plugins\mcufinder//mcu/
2024-03-23 19:18:38,838 [WARN] DbFile:41 - Overriding database path with different value: C:\Users\Steven\.stmcufinder\plugins\mcufinder/ => C:\Users\Steven\.stmcufinder\plugins\mcufinder
2024-03-23 19:18:38,838 [WARN] DbFile:41 - Overriding database path with different value: C:\Users\Steven\.stmcufinder\plugins\mcufinder/ => C:\Users\Steven\.stmcufinder\plugins\mcufinder
2024-03-23 19:18:38,838 [INFO] CrossReferenceDbSqlite:203 - Set database path to: C:\Users\Steven\.stmcufinder\plugins\mcufinder//mcu/cs/
2024-03-23 19:18:38,855 [INFO] ApplicationProperties:184 - Using Application install path: C:\ST\STM32CubeIDE_1.14.0\STM32CubeIDE\plugins\com.st.stm32cube.common.mx_6.10.0.202311202037
2024-03-23 19:18:38,856 [INFO] PluginManage:196 - Search for loadable plugins [exclusion list=, ]
2024-03-23 19:18:38,857 [INFO] PluginManage:310 - Check plugin analytics
2024-03-23 19:18:39,067 [INFO] AnalyticsPlugin:253 - Accepted Software Licenses: STM32CubeMX.6.10.0
2024-03-23 19:18:39,067 [INFO] AnalyticsPlugin:255 - Accepted CMSIS Pack Licenses: 
2024-03-23 19:18:39,068 [INFO] AnalyticsPlugin:257 - Accepted Firmware Licenses: 
2024-03-23 19:18:39,072 [INFO] PluginManage:359 - Loaded plugin analytics (category:tool,tabindex:-1)
2024-03-23 19:18:39,073 [INFO] PluginManage:310 - Check plugin cadmodel
2024-03-23 19:18:39,079 [INFO] CADModel:105 - Init CAD model plugin
2024-03-23 19:18:39,079 [INFO] PluginManage:359 - Loaded plugin cadmodel (category:power,tabindex:5)
2024-03-23 19:18:39,079 [INFO] PluginManage:310 - Check plugin clock
2024-03-23 19:18:39,092 [INFO] PluginManage:359 - Loaded plugin clock (category:base,tabindex:2)
2024-03-23 19:18:39,092 [INFO] PluginManage:310 - Check plugin ddr
2024-03-23 19:18:39,095 [INFO] PluginManage:359 - Loaded plugin ddr (category:tool,tabindex:6)
2024-03-23 19:18:39,096 [INFO] PluginManage:310 - Check plugin filemanager
2024-03-23 19:18:39,240 [INFO] PluginManage:359 - Loaded plugin filemanager (category:base,tabindex:10)
2024-03-23 19:18:39,240 [INFO] PluginManage:310 - Check plugin ipmanager
2024-03-23 19:18:39,248 [INFO] PluginManage:359 - Loaded plugin ipmanager (category:base,tabindex:5)
2024-03-23 19:18:39,248 [INFO] PluginManage:310 - Check plugin lpbam
2024-03-23 19:18:39,255 [INFO] PluginManage:359 - Loaded plugin lpbam (category:base,tabindex:0)
2024-03-23 19:18:39,255 [INFO] PluginManage:310 - Check plugin memorymap
2024-03-23 19:18:39,267 [INFO] PluginManage:359 - Loaded plugin memorymap (category:base,tabindex:4)
2024-03-23 19:18:39,267 [INFO] PluginManage:310 - Check plugin pinoutandconfiguration
2024-03-23 19:18:39,273 [INFO] PluginManage:359 - Loaded plugin pinoutandconfiguration (category:base,tabindex:1)
2024-03-23 19:18:39,273 [INFO] PluginManage:310 - Check plugin pinoutconfig
2024-03-23 19:18:39,362 [WARN] SupportedApi:132 - Cannot load RTOS API schema: s4s-elt-must-match.1: The content of 'definitions' must match (annotation?, (simpleType | complexType)?, (unique | key | keyref)*)). A problem was found starting at: attribute.
2024-03-23 19:18:39,492 [INFO] PluginManage:359 - Loaded plugin pinoutconfig (category:base,tabindex:0)
2024-03-23 19:18:39,492 [INFO] PluginManage:310 - Check plugin power
2024-03-23 19:18:39,504 [INFO] PluginManage:359 - Loaded plugin power (category:power,tabindex:4)
2024-03-23 19:18:39,504 [INFO] PluginManage:310 - Check plugin projectmanager
2024-03-23 19:18:39,527 [INFO] PluginManage:359 - Loaded plugin projectmanager (category:projectmanager,tabindex:3)
2024-03-23 19:18:39,527 [INFO] PluginManage:310 - Check plugin thirdparty
2024-03-23 19:18:39,650 [WARN] IntegrityCheckThread:84 - waiting for thirdparty lock release [integrity check]
2024-03-23 19:18:39,651 [INFO] IntegrityCheckThread:86 - entering critical section [integrity check]
2024-03-23 19:18:39,651 [INFO] PluginManage:359 - Loaded plugin thirdparty (category:base,tabindex:-1)
2024-03-23 19:18:39,651 [INFO] PluginManage:310 - Check plugin tools
2024-03-23 19:18:39,652 [INFO] ThirdPartyUpdaterWithRetryManager:70 - Updater plugin not ready yet. [1/15]
2024-03-23 19:18:39,655 [INFO] PluginManage:359 - Loaded plugin tools (category:base,tabindex:7)
2024-03-23 19:18:39,656 [INFO] PluginManage:310 - Check plugin tutovideos
2024-03-23 19:18:39,803 [INFO] PluginManage:359 - Loaded plugin tutovideos (category:base,tabindex:-1)
2024-03-23 19:18:39,803 [INFO] PluginManage:310 - Check plugin updater
2024-03-23 19:18:39,813 [INFO] PluginManage:359 - Loaded plugin updater (category:base,tabindex:12)
2024-03-23 19:18:39,813 [INFO] PluginManage:310 - Check plugin userauth
2024-03-23 19:18:39,819 [INFO] UserAuth:114 - Init User Auth plugin
2024-03-23 19:18:39,819 [INFO] PluginManage:359 - Loaded plugin userauth (category:base,tabindex:14)
2024-03-23 19:18:39,819 [INFO] PluginManage:283 - PluginManage : Loaded plugins [17]
2024-03-23 19:18:40,019 [INFO] PinOutPanel:1499 - setPackage(No Configuration,No Configuration)
2024-03-23 19:18:40,096 [INFO] CADModel:165 - CPN selected for project level
2024-03-23 19:18:40,096 [INFO] CADModel:114 - Register for checkConnection events
2024-03-23 19:18:40,113 [INFO] IPUIPlugin:80 - create IPUIPlugin
2024-03-23 19:18:40,114 [INFO] PluginManager:220 - loadIPPluginJar : add adc
2024-03-23 19:18:40,117 [INFO] IPUIPlugin:80 - create IPUIPlugin
2024-03-23 19:18:40,117 [INFO] PluginManager:220 - loadIPPluginJar : add aes
2024-03-23 19:18:40,120 [INFO] IPUIPlugin:80 - create IPUIPlugin
2024-03-23 19:18:40,121 [INFO] PluginManager:220 - loadIPPluginJar : add can
2024-03-23 19:18:40,123 [INFO] IPUIPlugin:80 - create IPUIPlugin
2024-03-23 19:18:40,123 [INFO] PluginManager:220 - loadIPPluginJar : add comp
2024-03-23 19:18:40,125 [INFO] IPUIPlugin:80 - create IPUIPlugin
2024-03-23 19:18:40,126 [INFO] PluginManager:220 - loadIPPluginJar : add cryp
2024-03-23 19:18:40,128 [INFO] IPUIPlugin:80 - create IPUIPlugin
2024-03-23 19:18:40,128 [INFO] PluginManager:220 - loadIPPluginJar : add dfsdm
2024-03-23 19:18:40,150 [INFO] IPUIPlugin:80 - create IPUIPlugin
2024-03-23 19:18:40,150 [INFO] PluginManager:220 - loadIPPluginJar : add dma
2024-03-23 19:18:40,153 [INFO] IPUIPlugin:80 - create IPUIPlugin
2024-03-23 19:18:40,153 [INFO] PluginManager:220 - loadIPPluginJar : add dma3
2024-03-23 19:18:40,155 [INFO] IPUIPlugin:80 - create IPUIPlugin
2024-03-23 19:18:40,155 [INFO] PluginManager:220 - loadIPPluginJar : add fatfs
2024-03-23 19:18:40,160 [INFO] IPUIPlugin:80 - create IPUIPlugin
2024-03-23 19:18:40,160 [INFO] PluginManager:220 - loadIPPluginJar : add fmc
2024-03-23 19:18:40,169 [INFO] IPUIPlugin:80 - create IPUIPlugin
2024-03-23 19:18:40,169 [INFO] PluginManager:220 - loadIPPluginJar : add freertos
2024-03-23 19:18:40,180 [INFO] IPUIPlugin:80 - create IPUIPlugin
2024-03-23 19:18:40,180 [INFO] PluginManager:220 - loadIPPluginJar : add genericplugin
2024-03-23 19:18:40,182 [INFO] IPUIPlugin:80 - create IPUIPlugin
2024-03-23 19:18:40,183 [INFO] PluginManager:220 - loadIPPluginJar : add gfxmmu
2024-03-23 19:18:40,188 [INFO] IPUIPlugin:80 - create IPUIPlugin
2024-03-23 19:18:40,189 [INFO] PluginManager:220 - loadIPPluginJar : add gic
2024-03-23 19:18:40,193 [INFO] IPUIPlugin:80 - create IPUIPlugin
2024-03-23 19:18:40,194 [INFO] PluginManager:220 - loadIPPluginJar : add gpio
2024-03-23 19:18:40,196 [INFO] IPUIPlugin:80 - create IPUIPlugin
2024-03-23 19:18:40,196 [INFO] PluginManager:220 - loadIPPluginJar : add gtzc
2024-03-23 19:18:40,199 [INFO] IPUIPlugin:80 - create IPUIPlugin
2024-03-23 19:18:40,199 [INFO] PluginManager:220 - loadIPPluginJar : add hash
2024-03-23 19:18:40,203 [INFO] IPUIPlugin:80 - create IPUIPlugin
2024-03-23 19:18:40,203 [INFO] PluginManager:220 - loadIPPluginJar : add i2c
2024-03-23 19:18:40,207 [INFO] IPUIPlugin:80 - create IPUIPlugin
2024-03-23 19:18:40,207 [INFO] PluginManager:220 - loadIPPluginJar : add i2s
2024-03-23 19:18:40,211 [INFO] IPUIPlugin:80 - create IPUIPlugin
2024-03-23 19:18:40,211 [INFO] PluginManager:220 - loadIPPluginJar : add i3c
2024-03-23 19:18:40,214 [INFO] IPUIPlugin:80 - create IPUIPlugin
2024-03-23 19:18:40,215 [INFO] PluginManager:220 - loadIPPluginJar : add ipddr
2024-03-23 19:18:40,222 [INFO] IPUIPlugin:80 - create IPUIPlugin
2024-03-23 19:18:40,223 [INFO] PluginManager:220 - loadIPPluginJar : add linkedlist
2024-03-23 19:18:40,226 [INFO] IPUIPlugin:80 - create IPUIPlugin
2024-03-23 19:18:40,227 [INFO] PluginManager:220 - loadIPPluginJar : add lorawan
2024-03-23 19:18:40,229 [INFO] IPUIPlugin:80 - create IPUIPlugin
2024-03-23 19:18:40,229 [INFO] PluginManager:220 - loadIPPluginJar : add ltdc
2024-03-23 19:18:40,235 [INFO] IPUIPlugin:80 - create IPUIPlugin
2024-03-23 19:18:40,235 [INFO] PluginManager:220 - loadIPPluginJar : add mdma
2024-03-23 19:18:40,239 [INFO] IPUIPlugin:80 - create IPUIPlugin
2024-03-23 19:18:40,239 [INFO] PluginManager:220 - loadIPPluginJar : add nvic
2024-03-23 19:18:40,243 [INFO] IPUIPlugin:80 - create IPUIPlugin
2024-03-23 19:18:40,243 [INFO] PluginManager:220 - loadIPPluginJar : add opamp
2024-03-23 19:18:40,246 [INFO] IPUIPlugin:80 - create IPUIPlugin
2024-03-23 19:18:40,246 [INFO] PluginManager:220 - loadIPPluginJar : add openamp
2024-03-23 19:18:40,249 [INFO] IPUIPlugin:80 - create IPUIPlugin
2024-03-23 19:18:40,250 [INFO] PluginManager:220 - loadIPPluginJar : add pdm2pcm
2024-03-23 19:18:40,258 [INFO] IPUIPlugin:80 - create IPUIPlugin
2024-03-23 19:18:40,260 [INFO] PluginManager:220 - loadIPPluginJar : add plateformsettings
2024-03-23 19:18:40,262 [INFO] IPUIPlugin:80 - create IPUIPlugin
2024-03-23 19:18:40,262 [INFO] PluginManager:220 - loadIPPluginJar : add quadspi
2024-03-23 19:18:40,266 [INFO] IPUIPlugin:80 - create IPUIPlugin
2024-03-23 19:18:40,266 [INFO] PluginManager:220 - loadIPPluginJar : add resmgrutility
2024-03-23 19:18:40,269 [INFO] IPUIPlugin:80 - create IPUIPlugin
2024-03-23 19:18:40,269 [INFO] PluginManager:220 - loadIPPluginJar : add sai
2024-03-23 19:18:40,272 [INFO] IPUIPlugin:80 - create IPUIPlugin
2024-03-23 19:18:40,272 [INFO] PluginManager:220 - loadIPPluginJar : add spi
2024-03-23 19:18:40,278 [INFO] IPUIPlugin:80 - create IPUIPlugin
2024-03-23 19:18:40,278 [INFO] PluginManager:220 - loadIPPluginJar : add stm32_wpan
2024-03-23 19:18:40,280 [INFO] IPUIPlugin:80 - create IPUIPlugin
2024-03-23 19:18:40,280 [INFO] PluginManager:220 - loadIPPluginJar : add tim
2024-03-23 19:18:40,284 [INFO] IPUIPlugin:80 - create IPUIPlugin
2024-03-23 19:18:40,284 [INFO] PluginManager:220 - loadIPPluginJar : add touchsensing
2024-03-23 19:18:40,286 [INFO] IPUIPlugin:80 - create IPUIPlugin
2024-03-23 19:18:40,286 [INFO] PluginManager:220 - loadIPPluginJar : add tracer_emb
2024-03-23 19:18:40,288 [INFO] IPUIPlugin:80 - create IPUIPlugin
2024-03-23 19:18:40,289 [INFO] PluginManager:220 - loadIPPluginJar : add ts
2024-03-23 19:18:40,290 [INFO] IPUIPlugin:80 - create IPUIPlugin
2024-03-23 19:18:40,291 [INFO] PluginManager:220 - loadIPPluginJar : add tsc
2024-03-23 19:18:40,293 [INFO] IPUIPlugin:80 - create IPUIPlugin
2024-03-23 19:18:40,293 [INFO] PluginManager:220 - loadIPPluginJar : add ucpd
2024-03-23 19:18:40,296 [INFO] IPUIPlugin:80 - create IPUIPlugin
2024-03-23 19:18:40,296 [INFO] PluginManager:220 - loadIPPluginJar : add usart
2024-03-23 19:18:40,301 [INFO] IPUIPlugin:80 - create IPUIPlugin
2024-03-23 19:18:40,301 [INFO] PluginManager:220 - loadIPPluginJar : add usbx
2024-03-23 19:18:40,440 [INFO] CADModel:165 - CPN selected for project level
2024-03-23 19:18:40,440 [INFO] CADModel:114 - Register for checkConnection events
2024-03-23 19:18:40,441 [FATAL] Updater:308 - Updater called before beeing initialized
2024-03-23 19:18:40,441 [ERROR] CADModel:125 - Updater not yet initialized, retry later 
2024-03-23 19:18:40,564 [INFO] CADModel:165 - CPN selected for project level
2024-03-23 19:18:40,564 [INFO] CADModel:114 - Register for checkConnection events
2024-03-23 19:18:40,565 [FATAL] Updater:308 - Updater called before beeing initialized
2024-03-23 19:18:40,565 [ERROR] CADModel:125 - Updater not yet initialized, retry later 
2024-03-23 19:18:40,567 [FATAL] Updater:308 - Updater called before beeing initialized
2024-03-23 19:18:40,666 [FATAL] Updater:308 - Updater called before beeing initialized
2024-03-23 19:18:40,670 [INFO] DbMcusAds:53 - JSON generation date=Wed Nov 29 10:52:27 GMT 2023 (1701255147349)
2024-03-23 19:18:40,671 [FATAL] Updater:308 - Updater called before beeing initialized
2024-03-23 19:18:40,704 [WARN] DetailPanel:346 - Failed to get advertising image, set to default
2024-03-23 19:18:40,789 [FATAL] Updater:308 - Updater called before beeing initialized
2024-03-23 19:18:40,791 [FATAL] Updater:308 - Updater called before beeing initialized
2024-03-23 19:18:40,791 [FATAL] Updater:308 - Updater called before beeing initialized
2024-03-23 19:18:40,791 [WARN] DetailPanel:346 - Failed to get advertising image, set to default
2024-03-23 19:18:40,792 [FATAL] Updater:308 - Updater called before beeing initialized
2024-03-23 19:18:40,841 [ERROR] Updater:1120 - MainUpdater not yet initialized. External WinMGr cannot be set.
2024-03-23 19:18:40,843 [INFO] Updater:1056 - Updater Version found : 6.10.0
2024-03-23 19:18:40,861 [INFO] ApplicationProperties:184 - Using Application install path: C:\ST\STM32CubeIDE_1.14.0\STM32CubeIDE\plugins\com.st.stm32cube.common.mx_6.10.0.202311202037
2024-03-23 19:18:42,434 [ERROR] LogOutputStream:75 - [STDERR_REDIRECT] Mar 23, 2024 7:18:42 PM java.util.prefs.WindowsPreferences <init>
2024-03-23 19:18:42,435 [ERROR] LogOutputStream:75 - [STDERR_REDIRECT] WARNING: Could not open/create prefs root node Software\JavaSoft\Prefs at root 0xffffffff80000002. Windows RegCreateKeyEx(...) returned error code 5.
2024-03-23 19:18:42,436 [ERROR] LogOutputStream:75 - [STDERR_REDIRECT] 
2024-03-23 19:18:42,652 [INFO] ThirdPartyUpdaterWithRetryManager:70 - Updater plugin not ready yet. [2/15]
2024-03-23 19:18:42,757 [INFO] MainUpdater:2873 - connection check result : 10
2024-03-23 19:18:42,758 [INFO] MainUpdater:290 - Updater Check For Update Now.
2024-03-23 19:18:42,758 [INFO] MicroXplorer:498 - Change Database Version : DB.6.0.100
2024-03-23 19:18:42,766 [INFO] McuFinderGlobals:63 - Set McuFinder mode to 2 (CubeIDE integrated)
2024-03-23 19:18:42,932 [INFO] CheckServerUpdateThread:120 - End of CheckServer Thread
2024-03-23 19:18:42,980 [INFO] UserAuth:404 - Internet connection configuration mode: 1
2024-03-23 19:18:42,995 [INFO] JxBrowserEngine:152 - Initiate JxBrowser Engine with user profile folder
2024-03-23 19:18:43,673 [INFO] WebApp:161 - Instantiating new browser for Auth
2024-03-23 19:18:44,374 [INFO] WebApp:780 - Register for checkConnection events
2024-03-23 19:18:44,375 [INFO] WebApp:414 - Apply proxy settings
2024-03-23 19:18:44,375 [INFO] WebApp:499 - Chromium requires no authentication
2024-03-23 19:18:44,381 [INFO] WebApp:442 - Direct internet connection detected
2024-03-23 19:18:44,532 [INFO] WebApp:192 - Starting web application
2024-03-23 19:18:44,532 [INFO] WebApp:544 - Web application path used C:\ST\STM32CubeIDE_1.14.0\STM32CubeIDE\plugins\com.st.stm32cube.common.mx_6.10.0.202311202037\db\plugins\mcufinder\reactClient1\index.html
2024-03-23 19:18:45,827 [WARN] PackLoader:240 - Cannot read IP mode file for STMicroelectronics.X-CUBE-SMBUS.2.1.0
2024-03-23 19:18:45,838 [WARN] PackLoader:240 - Cannot read IP mode file for STMicroelectronics.X-CUBE-TOUCHGFX.4.23.0
2024-03-23 19:18:45,882 [WARN] PackLoader:240 - Cannot read IP mode file for STMicroelectronics.X-CUBE-AZRTOS-F7.1.1.0
2024-03-23 19:18:45,893 [WARN] PackLoader:240 - Cannot read IP mode file for STMicroelectronics.FP-SNS-MOTENV1.4.3.2
2024-03-23 19:18:45,901 [WARN] PackLoader:240 - Cannot read IP mode file for STMicroelectronics.FP-SNS-FLIGHT1.5.0.2
2024-03-23 19:18:45,910 [WARN] PackLoader:240 - Cannot read IP mode file for STMicroelectronics.X-CUBE-DISPLAY.3.0.0
2024-03-23 19:18:45,924 [WARN] PackLoader:240 - Cannot read IP mode file for STMicroelectronics.X-CUBE-BLE1.7.0.0
2024-03-23 19:18:45,930 [WARN] PackLoader:240 - Cannot read IP mode file for emotas.I-CUBE-CANOPEN.1.3.0
2024-03-23 19:18:45,940 [WARN] PackLoader:240 - Cannot read IP mode file for STMicroelectronics.X-CUBE-BLEMGR.3.1.0
2024-03-23 19:18:45,947 [WARN] PackLoader:240 - Cannot read IP mode file for STMicroelectronics.FP-SNS-SMARTAG2.1.2.0
2024-03-23 19:18:45,957 [INFO] LogOutputStream:77 - [STDOUT_REDIRECT] 1 : Invalid condition id : UX_CORESTACK_Condition cause : null
2024-03-23 19:18:45,958 [INFO] LogOutputStream:77 - [STDOUT_REDIRECT] 1 : Invalid condition id : UX_CORESTACK_Condition cause : null
2024-03-23 19:18:45,959 [INFO] LogOutputStream:77 - [STDOUT_REDIRECT] 1 : Invalid condition id : UX_CORESTACK_Condition cause : null
2024-03-23 19:18:45,960 [INFO] LogOutputStream:77 - [STDOUT_REDIRECT] 1 : Invalid condition id : UX_CORESTACK_Condition cause : null
2024-03-23 19:18:45,961 [INFO] LogOutputStream:77 - [STDOUT_REDIRECT] 1 : Invalid condition id : UX_CORESTACK_Condition cause : null
2024-03-23 19:18:45,967 [WARN] PackLoader:240 - Cannot read IP mode file for STMicroelectronics.X-CUBE-AZRTOS-WL.2.0.0
2024-03-23 19:18:45,984 [WARN] PackLoader:240 - Cannot read IP mode file for WES.I-CUBE-Cesium.1.3.0
2024-03-23 19:18:45,991 [WARN] PackLoader:240 - Cannot read IP mode file for STMicroelectronics.X-CUBE-BLE2.3.3.0
2024-03-23 19:18:45,998 [WARN] PackLoader:240 - Cannot read IP mode file for STMicroelectronics.X-CUBE-ALGOBUILD.1.3.0
2024-03-23 19:18:46,019 [WARN] PackLoader:240 - Cannot read IP mode file for STMicroelectronics.X-CUBE-AZRTOS-G0.1.1.0
2024-03-23 19:18:46,026 [WARN] PackLoader:240 - Cannot read IP mode file for STMicroelectronics.X-CUBE-NFC4.3.0.0
2024-03-23 19:18:46,037 [WARN] PackLoader:240 - Cannot read IP mode file for STMicroelectronics.X-CUBE-BLEMGR.3.0.0
2024-03-23 19:18:46,043 [WARN] PackLoader:240 - Cannot read IP mode file for STMicroelectronics.FP-ATR-SIGFOX1.3.2.0
2024-03-23 19:18:46,049 [WARN] PackLoader:240 - Cannot read IP mode file for STMicroelectronics.X-CUBE-EEPRMA1.5.1.0
2024-03-23 19:18:46,079 [WARN] PackLoader:240 - Cannot read IP mode file for SEGGER.I-CUBE-embOS.1.3.1
2024-03-23 19:18:46,121 [WARN] PackLoader:240 - Cannot read IP mode file for STMicroelectronics.X-CUBE-GNSS1.6.0.0
2024-03-23 19:18:46,136 [WARN] PackLoader:240 - Cannot read IP mode file for STMicroelectronics.X-CUBE-AZRTOS-F4.1.1.0
2024-03-23 19:18:46,143 [WARN] PackLoader:240 - Cannot read IP mode file for wolfSSL.I-CUBE-wolfSSL.5.6.6
2024-03-23 19:18:46,173 [WARN] PackLoader:240 - Cannot read IP mode file for STMicroelectronics.X-CUBE-AZRTOS-L5.2.0.0
2024-03-23 19:18:46,181 [WARN] PackLoader:240 - Cannot read IP mode file for STMicroelectronics.X-CUBE-EEPRMA1.4.2.0
2024-03-23 19:18:46,187 [WARN] PackLoader:240 - Cannot read IP mode file for STMicroelectronics.X-CUBE-NFC6.3.1.0
2024-03-23 19:18:46,198 [WARN] PackLoader:240 - Cannot read IP mode file for ITTIA_DB.I-CUBE-ITTIADB.8.8.0
2024-03-23 19:18:46,203 [WARN] PackLoader:240 - Cannot read IP mode file for STMicroelectronics.X-CUBE-NFC7.1.0.1
2024-03-23 19:18:46,212 [WARN] PackLoader:240 - Cannot read IP mode file for STMicroelectronics.X-CUBE-NFC6.3.0.0
2024-03-23 19:18:46,219 [WARN] PackLoader:240 - Cannot read IP mode file for STMicroelectronics.X-CUBE-AI.8.1.0
2024-03-23 19:18:46,233 [WARN] ConditionMgr:438 - getConditionDescription Invalid condition id : LAN8742 Phy interface Condition cause : null
2024-03-23 19:18:46,233 [WARN] PackLoader:240 - Cannot read IP mode file for STMicroelectronics.X-CUBE-AZRTOS-L4.2.0.0
2024-03-23 19:18:46,234 [WARN] ConditionMgr:1039 - genDependencies : Invalid condition id : LAN8742 Phy interface Condition cause : null
2024-03-23 19:18:46,235 [WARN] ConditionMgr:1039 - genDependencies : Invalid condition id : LAN8742 Phy interface Condition cause : null
2024-03-23 19:18:46,235 [WARN] ConditionMgr:1039 - genDependencies : Invalid condition id : LAN8742 Phy interface Condition cause : null
2024-03-23 19:18:46,242 [WARN] PackLoader:240 - Cannot read IP mode file for STMicroelectronics.X-CUBE-SFXS2LP1.4.0.0
2024-03-23 19:18:46,258 [WARN] ConditionMgr:438 - getConditionDescription Invalid condition id : UX DEVICE CLASS RTOS Condition cause : null
2024-03-23 19:18:46,259 [WARN] ConditionMgr:438 - getConditionDescription Invalid condition id : UX DEVICE CLASS RTOS Condition cause : null
2024-03-23 19:18:46,261 [WARN] PackLoader:240 - Cannot read IP mode file for STMicroelectronics.X-CUBE-AZRTOS-WB.2.0.0
2024-03-23 19:18:46,262 [WARN] ConditionMgr:1039 - genDependencies : Invalid condition id : UX DEVICE CLASS RTOS Condition cause : null
2024-03-23 19:18:46,262 [WARN] ConditionMgr:1039 - genDependencies : Invalid condition id : UX DEVICE CLASS RTOS Condition cause : null
2024-03-23 19:18:46,263 [WARN] ConditionMgr:1039 - genDependencies : Invalid condition id : UX DEVICE CLASS RTOS Condition cause : null
2024-03-23 19:18:46,263 [WARN] ConditionMgr:1039 - genDependencies : Invalid condition id : UX DEVICE CLASS RTOS Condition cause : null
2024-03-23 19:18:46,264 [WARN] ConditionMgr:1039 - genDependencies : Invalid condition id : UX DEVICE CLASS RTOS Condition cause : null
2024-03-23 19:18:46,276 [WARN] PackLoader:240 - Cannot read IP mode file for STMicroelectronics.X-CUBE-SUBG2.5.0.0
2024-03-23 19:18:46,293 [WARN] PackLoader:240 - Cannot read IP mode file for STMicroelectronics.X-CUBE-AZRTOS-G4.2.0.0
2024-03-23 19:18:46,370 [WARN] PackLoader:240 - Cannot read IP mode file for Infineon.AIROC-Wi-Fi-Bluetooth-STM32.1.5.1
2024-03-23 19:18:46,378 [WARN] PackLoader:240 - Cannot read IP mode file for STMicroelectronics.FP-SNS-MOTENVWB1.1.3.1
2024-03-23 19:18:46,382 [WARN] PackLoader:240 - Cannot read IP mode file for STMicroelectronics.X-CUBE-ISPU.2.0.0
2024-03-23 19:18:46,417 [WARN] PackLoader:240 - Cannot read IP mode file for STMicroelectronics.X-CUBE-MEMS1.10.0.0
2024-03-23 19:18:46,532 [WARN] PackLoader:240 - Cannot read IP mode file for STMicroelectronics.X-CUBE-FREERTOS.1.1.0
2024-03-23 19:18:46,538 [WARN] PackLoader:240 - Cannot read IP mode file for portGmbH.I-Cube-SoM-uGOAL.1.1.0
2024-03-23 19:18:46,542 [WARN] PackLoader:240 - Cannot read IP mode file for STMicroelectronics.X-CUBE-ALS.1.0.1
2024-03-23 19:18:46,547 [WARN] PackLoader:240 - Cannot read IP mode file for STMicroelectronics.FP-ATR-ASTRA1.2.0.0
2024-03-23 19:18:46,556 [WARN] PackLoader:240 - Cannot read IP mode file for STMicroelectronics.X-CUBE-TOF1.3.4.0
2024-03-23 19:18:46,574 [WARN] PackLoader:240 - Cannot read IP mode file for STMicroelectronics.X-CUBE-TOF1.3.4.1
2024-03-23 19:18:46,607 [WARN] PackLoader:240 - Cannot read IP mode file for STMicroelectronics.X-CUBE-AZRTOS-H7.3.2.0
2024-03-23 19:18:46,610 [INFO] ThirdParty:978 - Integrity check success = true
2024-03-23 19:18:46,610 [INFO] IntegrityCheckThread:100 - exiting critical section [integrity check]
2024-03-23 19:18:46,610 [INFO] IntegrityCheckThread:103 - End integrity checks thread
2024-03-23 19:19:05,299 [ERROR] LogOutputStream:75 - [STDERR_REDIRECT] SLF4J: Failed to load class "org.slf4j.impl.StaticLoggerBinder".
2024-03-23 19:19:05,301 [ERROR] LogOutputStream:75 - [STDERR_REDIRECT] SLF4J: Defaulting to no-operation (NOP) logger implementation
2024-03-23 19:19:05,303 [ERROR] LogOutputStream:75 - [STDERR_REDIRECT] SLF4J: See http://www.slf4j.org/codes.html#StaticLoggerBinder for further details.
