2023-11-29 10:59:36,271 [INFO] Activator:176 - 


2023-11-29 10:59:36,278 [INFO] Activator:177 - !SESSION log4j initialized
2023-11-29 10:59:44,646 [INFO] LogOutputStream:77 - [STDOUT_REDIRECT] 
2023-11-29 10:59:57,427 [INFO] ApplicationProperties:184 - Using Application install path: C:\ST\STM32CubeIDE_1.14.0\STM32CubeIDE\plugins\com.st.stm32cube.common.mx_6.10.0.202311202037
2023-11-29 10:59:57,444 [INFO] DbMcusXml:78 - Set database path to: C:\ST\STM32CubeIDE_1.14.0\STM32CubeIDE\plugins\com.st.stm32cube.common.mx_6.10.0.202311202037\\db\/mcu/
2023-11-29 10:59:57,445 [INFO] ApiDb:274 - Set plugin database path to: C:\ST\STM32CubeIDE_1.14.0\STM32CubeIDE\plugins\com.st.stm32cube.common.mx_6.10.0.202311202037\\db\/plugins/boardmanager/
2023-11-29 10:59:57,447 [WARN] ApiDb:259 - Overriding images path with different value:  => C:\ST\STM32CubeIDE_1.14.0\STM32CubeIDE\plugins\com.st.stm32cube.common.mx_6.10.0.202311202037\\db\/plugins/mcufinder/images/
2023-11-29 10:59:57,460 [INFO] ApiDb:250 - Set database path to: C:\Users\Steven\.stmcufinder\plugins\mcufinder//mcu/
2023-11-29 10:59:57,462 [INFO] DbMcusAds:125 - Set database path to: C:\Users\Steven\.stmcufinder\plugins\mcufinder//mcu/
2023-11-29 10:59:57,493 [INFO] CrossReferenceDbSqlite:203 - Set database path to: C:\Users\Steven\.stmcufinder\plugins\mcufinder//mcu/cs/
2023-11-29 10:59:57,599 [INFO] RulesReader:64 - Compatibility file has been processed (297 Rules)
2023-11-29 10:59:57,702 [INFO] DbMcusXml:78 - Set database path to: C:\ST\STM32CubeIDE_1.14.0\STM32CubeIDE\plugins\com.st.stm32cube.common.mx_6.10.0.202311202037\\db\/mcu/
2023-11-29 10:59:57,703 [INFO] ApiDb:274 - Set plugin database path to: C:\ST\STM32CubeIDE_1.14.0\STM32CubeIDE\plugins\com.st.stm32cube.common.mx_6.10.0.202311202037\\db\/plugins/boardmanager/
2023-11-29 10:59:57,704 [INFO] ApiDb:261 - Set plugin images path to: C:\ST\STM32CubeIDE_1.14.0\STM32CubeIDE\plugins\com.st.stm32cube.common.mx_6.10.0.202311202037\\db\/plugins/mcufinder/images/
2023-11-29 10:59:57,705 [WARN] DbFile:41 - Overriding database path with different value: C:\Users\Steven\.stmcufinder\plugins\mcufinder/ => C:\Users\Steven\.stmcufinder\plugins\mcufinder
2023-11-29 10:59:57,705 [INFO] ApiDb:250 - Set database path to: C:\Users\Steven\.stmcufinder\plugins\mcufinder//mcu/
2023-11-29 10:59:57,706 [WARN] DbFile:41 - Overriding database path with different value: C:\Users\Steven\.stmcufinder\plugins\mcufinder/ => C:\Users\Steven\.stmcufinder\plugins\mcufinder
2023-11-29 10:59:57,706 [INFO] DbMcusAds:125 - Set database path to: C:\Users\Steven\.stmcufinder\plugins\mcufinder//mcu/
2023-11-29 10:59:57,706 [WARN] DbFile:41 - Overriding database path with different value: C:\Users\Steven\.stmcufinder\plugins\mcufinder/ => C:\Users\Steven\.stmcufinder\plugins\mcufinder
2023-11-29 10:59:57,706 [WARN] DbFile:41 - Overriding database path with different value: C:\Users\Steven\.stmcufinder\plugins\mcufinder/ => C:\Users\Steven\.stmcufinder\plugins\mcufinder
2023-11-29 10:59:57,707 [INFO] CrossReferenceDbSqlite:203 - Set database path to: C:\Users\Steven\.stmcufinder\plugins\mcufinder//mcu/cs/
2023-11-29 10:59:57,794 [INFO] MainPanel:264 - HeapMemory: 268435456
2023-11-29 10:59:57,885 [INFO] DbMcusXml:78 - Set database path to: C:\ST\STM32CubeIDE_1.14.0\STM32CubeIDE\plugins\com.st.stm32cube.common.mx_6.10.0.202311202037\\db\/mcu/
2023-11-29 10:59:57,885 [INFO] ApiDb:274 - Set plugin database path to: C:\ST\STM32CubeIDE_1.14.0\STM32CubeIDE\plugins\com.st.stm32cube.common.mx_6.10.0.202311202037\\db\/plugins/boardmanager/
2023-11-29 10:59:57,885 [INFO] ApiDb:261 - Set plugin images path to: C:\ST\STM32CubeIDE_1.14.0\STM32CubeIDE\plugins\com.st.stm32cube.common.mx_6.10.0.202311202037\\db\/plugins/mcufinder/images/
2023-11-29 10:59:57,886 [WARN] DbFile:41 - Overriding database path with different value: C:\Users\Steven\.stmcufinder\plugins\mcufinder/ => C:\Users\Steven\.stmcufinder\plugins\mcufinder
2023-11-29 10:59:57,886 [INFO] ApiDb:250 - Set database path to: C:\Users\Steven\.stmcufinder\plugins\mcufinder//mcu/
2023-11-29 10:59:57,886 [WARN] DbFile:41 - Overriding database path with different value: C:\Users\Steven\.stmcufinder\plugins\mcufinder/ => C:\Users\Steven\.stmcufinder\plugins\mcufinder
2023-11-29 10:59:57,887 [INFO] DbMcusAds:125 - Set database path to: C:\Users\Steven\.stmcufinder\plugins\mcufinder//mcu/
2023-11-29 10:59:57,887 [WARN] DbFile:41 - Overriding database path with different value: C:\Users\Steven\.stmcufinder\plugins\mcufinder/ => C:\Users\Steven\.stmcufinder\plugins\mcufinder
2023-11-29 10:59:57,887 [WARN] DbFile:41 - Overriding database path with different value: C:\Users\Steven\.stmcufinder\plugins\mcufinder/ => C:\Users\Steven\.stmcufinder\plugins\mcufinder
2023-11-29 10:59:57,887 [INFO] CrossReferenceDbSqlite:203 - Set database path to: C:\Users\Steven\.stmcufinder\plugins\mcufinder//mcu/cs/
2023-11-29 10:59:57,909 [INFO] ApplicationProperties:184 - Using Application install path: C:\ST\STM32CubeIDE_1.14.0\STM32CubeIDE\plugins\com.st.stm32cube.common.mx_6.10.0.202311202037
2023-11-29 10:59:57,911 [INFO] PluginManage:196 - Search for loadable plugins [exclusion list=, ]
2023-11-29 10:59:57,913 [INFO] PluginManage:310 - Check plugin analytics
2023-11-29 10:59:58,117 [INFO] AnalyticsPlugin:253 - Accepted Software Licenses: STM32CubeMX.6.9.2,STM32CubeMX.6.10.0
2023-11-29 10:59:58,118 [INFO] AnalyticsPlugin:255 - Accepted CMSIS Pack Licenses: 
2023-11-29 10:59:58,119 [INFO] AnalyticsPlugin:257 - Accepted Firmware Licenses: FW.F4.1.28.0
2023-11-29 10:59:58,123 [INFO] PluginManage:359 - Loaded plugin analytics (category:tool,tabindex:-1)
2023-11-29 10:59:58,123 [INFO] PluginManage:310 - Check plugin cadmodel
2023-11-29 10:59:58,132 [INFO] CADModel:105 - Init CAD model plugin
2023-11-29 10:59:58,132 [INFO] PluginManage:359 - Loaded plugin cadmodel (category:power,tabindex:5)
2023-11-29 10:59:58,132 [INFO] PluginManage:310 - Check plugin clock
2023-11-29 10:59:58,150 [INFO] PluginManage:359 - Loaded plugin clock (category:base,tabindex:2)
2023-11-29 10:59:58,150 [INFO] PluginManage:310 - Check plugin ddr
2023-11-29 10:59:58,154 [INFO] PluginManage:359 - Loaded plugin ddr (category:tool,tabindex:6)
2023-11-29 10:59:58,154 [INFO] PluginManage:310 - Check plugin filemanager
2023-11-29 10:59:58,300 [INFO] PluginManage:359 - Loaded plugin filemanager (category:base,tabindex:10)
2023-11-29 10:59:58,300 [INFO] PluginManage:310 - Check plugin ipmanager
2023-11-29 10:59:58,309 [INFO] PluginManage:359 - Loaded plugin ipmanager (category:base,tabindex:5)
2023-11-29 10:59:58,310 [INFO] PluginManage:310 - Check plugin lpbam
2023-11-29 10:59:58,318 [INFO] PluginManage:359 - Loaded plugin lpbam (category:base,tabindex:0)
2023-11-29 10:59:58,319 [INFO] PluginManage:310 - Check plugin memorymap
2023-11-29 10:59:58,334 [INFO] PluginManage:359 - Loaded plugin memorymap (category:base,tabindex:4)
2023-11-29 10:59:58,334 [INFO] PluginManage:310 - Check plugin pinoutandconfiguration
2023-11-29 10:59:58,342 [INFO] PluginManage:359 - Loaded plugin pinoutandconfiguration (category:base,tabindex:1)
2023-11-29 10:59:58,342 [INFO] PluginManage:310 - Check plugin pinoutconfig
2023-11-29 10:59:58,443 [WARN] SupportedApi:132 - Cannot load RTOS API schema: s4s-elt-must-match.1: The content of 'definitions' must match (annotation?, (simpleType | complexType)?, (unique | key | keyref)*)). A problem was found starting at: attribute.
2023-11-29 10:59:58,588 [INFO] PluginManage:359 - Loaded plugin pinoutconfig (category:base,tabindex:0)
2023-11-29 10:59:58,588 [INFO] PluginManage:310 - Check plugin power
2023-11-29 10:59:58,602 [INFO] PluginManage:359 - Loaded plugin power (category:power,tabindex:4)
2023-11-29 10:59:58,603 [INFO] PluginManage:310 - Check plugin projectmanager
2023-11-29 10:59:58,621 [INFO] PluginManage:359 - Loaded plugin projectmanager (category:projectmanager,tabindex:3)
2023-11-29 10:59:58,621 [INFO] PluginManage:310 - Check plugin thirdparty
2023-11-29 10:59:58,794 [WARN] IntegrityCheckThread:84 - waiting for thirdparty lock release [integrity check]
2023-11-29 10:59:58,795 [INFO] IntegrityCheckThread:86 - entering critical section [integrity check]
2023-11-29 10:59:58,795 [INFO] PluginManage:359 - Loaded plugin thirdparty (category:base,tabindex:-1)
2023-11-29 10:59:58,795 [INFO] PluginManage:310 - Check plugin tools
2023-11-29 10:59:58,796 [INFO] ThirdPartyUpdaterWithRetryManager:70 - Updater plugin not ready yet. [1/15]
2023-11-29 10:59:58,800 [INFO] PluginManage:359 - Loaded plugin tools (category:base,tabindex:7)
2023-11-29 10:59:58,800 [INFO] PluginManage:310 - Check plugin tutovideos
2023-11-29 10:59:58,992 [INFO] PluginManage:359 - Loaded plugin tutovideos (category:base,tabindex:-1)
2023-11-29 10:59:58,992 [INFO] PluginManage:310 - Check plugin updater
2023-11-29 10:59:59,006 [INFO] PluginManage:359 - Loaded plugin updater (category:base,tabindex:12)
2023-11-29 10:59:59,007 [INFO] PluginManage:310 - Check plugin userauth
2023-11-29 10:59:59,015 [INFO] UserAuth:114 - Init User Auth plugin
2023-11-29 10:59:59,015 [INFO] PluginManage:359 - Loaded plugin userauth (category:base,tabindex:14)
2023-11-29 10:59:59,016 [INFO] PluginManage:283 - PluginManage : Loaded plugins [17]
2023-11-29 10:59:59,278 [INFO] PinOutPanel:1499 - setPackage(No Configuration,No Configuration)
2023-11-29 10:59:59,366 [INFO] CADModel:165 - CPN selected for project level
2023-11-29 10:59:59,366 [INFO] CADModel:114 - Register for checkConnection events
2023-11-29 10:59:59,385 [INFO] IPUIPlugin:80 - create IPUIPlugin
2023-11-29 10:59:59,385 [INFO] PluginManager:220 - loadIPPluginJar : add adc
2023-11-29 10:59:59,388 [INFO] IPUIPlugin:80 - create IPUIPlugin
2023-11-29 10:59:59,388 [INFO] PluginManager:220 - loadIPPluginJar : add aes
2023-11-29 10:59:59,392 [INFO] IPUIPlugin:80 - create IPUIPlugin
2023-11-29 10:59:59,392 [INFO] PluginManager:220 - loadIPPluginJar : add can
2023-11-29 10:59:59,395 [INFO] IPUIPlugin:80 - create IPUIPlugin
2023-11-29 10:59:59,395 [INFO] PluginManager:220 - loadIPPluginJar : add comp
2023-11-29 10:59:59,398 [INFO] IPUIPlugin:80 - create IPUIPlugin
2023-11-29 10:59:59,398 [INFO] PluginManager:220 - loadIPPluginJar : add cryp
2023-11-29 10:59:59,401 [INFO] IPUIPlugin:80 - create IPUIPlugin
2023-11-29 10:59:59,401 [INFO] PluginManager:220 - loadIPPluginJar : add dfsdm
2023-11-29 10:59:59,407 [INFO] IPUIPlugin:80 - create IPUIPlugin
2023-11-29 10:59:59,408 [INFO] PluginManager:220 - loadIPPluginJar : add dma
2023-11-29 10:59:59,412 [INFO] IPUIPlugin:80 - create IPUIPlugin
2023-11-29 10:59:59,413 [INFO] PluginManager:220 - loadIPPluginJar : add dma3
2023-11-29 10:59:59,415 [INFO] IPUIPlugin:80 - create IPUIPlugin
2023-11-29 10:59:59,415 [INFO] PluginManager:220 - loadIPPluginJar : add fatfs
2023-11-29 10:59:59,420 [INFO] IPUIPlugin:80 - create IPUIPlugin
2023-11-29 10:59:59,421 [INFO] PluginManager:220 - loadIPPluginJar : add fmc
2023-11-29 10:59:59,427 [INFO] IPUIPlugin:80 - create IPUIPlugin
2023-11-29 10:59:59,428 [INFO] PluginManager:220 - loadIPPluginJar : add freertos
2023-11-29 10:59:59,430 [INFO] IPUIPlugin:80 - create IPUIPlugin
2023-11-29 10:59:59,430 [INFO] PluginManager:220 - loadIPPluginJar : add genericplugin
2023-11-29 10:59:59,433 [INFO] IPUIPlugin:80 - create IPUIPlugin
2023-11-29 10:59:59,434 [INFO] PluginManager:220 - loadIPPluginJar : add gfxmmu
2023-11-29 10:59:59,439 [INFO] IPUIPlugin:80 - create IPUIPlugin
2023-11-29 10:59:59,439 [INFO] PluginManager:220 - loadIPPluginJar : add gic
2023-11-29 10:59:59,444 [INFO] IPUIPlugin:80 - create IPUIPlugin
2023-11-29 10:59:59,445 [INFO] PluginManager:220 - loadIPPluginJar : add gpio
2023-11-29 10:59:59,448 [INFO] IPUIPlugin:80 - create IPUIPlugin
2023-11-29 10:59:59,448 [INFO] PluginManager:220 - loadIPPluginJar : add gtzc
2023-11-29 10:59:59,452 [INFO] IPUIPlugin:80 - create IPUIPlugin
2023-11-29 10:59:59,452 [INFO] PluginManager:220 - loadIPPluginJar : add hash
2023-11-29 10:59:59,456 [INFO] IPUIPlugin:80 - create IPUIPlugin
2023-11-29 10:59:59,456 [INFO] PluginManager:220 - loadIPPluginJar : add i2c
2023-11-29 10:59:59,460 [INFO] IPUIPlugin:80 - create IPUIPlugin
2023-11-29 10:59:59,460 [INFO] PluginManager:220 - loadIPPluginJar : add i2s
2023-11-29 10:59:59,464 [INFO] IPUIPlugin:80 - create IPUIPlugin
2023-11-29 10:59:59,464 [INFO] PluginManager:220 - loadIPPluginJar : add i3c
2023-11-29 10:59:59,469 [INFO] IPUIPlugin:80 - create IPUIPlugin
2023-11-29 10:59:59,469 [INFO] PluginManager:220 - loadIPPluginJar : add ipddr
2023-11-29 10:59:59,478 [INFO] IPUIPlugin:80 - create IPUIPlugin
2023-11-29 10:59:59,478 [INFO] PluginManager:220 - loadIPPluginJar : add linkedlist
2023-11-29 10:59:59,482 [INFO] IPUIPlugin:80 - create IPUIPlugin
2023-11-29 10:59:59,482 [INFO] PluginManager:220 - loadIPPluginJar : add lorawan
2023-11-29 10:59:59,485 [INFO] IPUIPlugin:80 - create IPUIPlugin
2023-11-29 10:59:59,486 [INFO] PluginManager:220 - loadIPPluginJar : add ltdc
2023-11-29 10:59:59,493 [INFO] IPUIPlugin:80 - create IPUIPlugin
2023-11-29 10:59:59,493 [INFO] PluginManager:220 - loadIPPluginJar : add mdma
2023-11-29 10:59:59,498 [INFO] IPUIPlugin:80 - create IPUIPlugin
2023-11-29 10:59:59,498 [INFO] PluginManager:220 - loadIPPluginJar : add nvic
2023-11-29 10:59:59,501 [INFO] IPUIPlugin:80 - create IPUIPlugin
2023-11-29 10:59:59,502 [INFO] PluginManager:220 - loadIPPluginJar : add opamp
2023-11-29 10:59:59,506 [INFO] IPUIPlugin:80 - create IPUIPlugin
2023-11-29 10:59:59,506 [INFO] PluginManager:220 - loadIPPluginJar : add openamp
2023-11-29 10:59:59,510 [INFO] IPUIPlugin:80 - create IPUIPlugin
2023-11-29 10:59:59,510 [INFO] PluginManager:220 - loadIPPluginJar : add pdm2pcm
2023-11-29 10:59:59,516 [INFO] IPUIPlugin:80 - create IPUIPlugin
2023-11-29 10:59:59,518 [INFO] PluginManager:220 - loadIPPluginJar : add plateformsettings
2023-11-29 10:59:59,520 [INFO] IPUIPlugin:80 - create IPUIPlugin
2023-11-29 10:59:59,521 [INFO] PluginManager:220 - loadIPPluginJar : add quadspi
2023-11-29 10:59:59,525 [INFO] IPUIPlugin:80 - create IPUIPlugin
2023-11-29 10:59:59,525 [INFO] PluginManager:220 - loadIPPluginJar : add resmgrutility
2023-11-29 10:59:59,528 [INFO] IPUIPlugin:80 - create IPUIPlugin
2023-11-29 10:59:59,528 [INFO] PluginManager:220 - loadIPPluginJar : add sai
2023-11-29 10:59:59,531 [INFO] IPUIPlugin:80 - create IPUIPlugin
2023-11-29 10:59:59,532 [INFO] PluginManager:220 - loadIPPluginJar : add spi
2023-11-29 10:59:59,537 [INFO] IPUIPlugin:80 - create IPUIPlugin
2023-11-29 10:59:59,537 [INFO] PluginManager:220 - loadIPPluginJar : add stm32_wpan
2023-11-29 10:59:59,540 [INFO] IPUIPlugin:80 - create IPUIPlugin
2023-11-29 10:59:59,540 [INFO] PluginManager:220 - loadIPPluginJar : add tim
2023-11-29 10:59:59,543 [INFO] IPUIPlugin:80 - create IPUIPlugin
2023-11-29 10:59:59,544 [INFO] PluginManager:220 - loadIPPluginJar : add touchsensing
2023-11-29 10:59:59,547 [INFO] IPUIPlugin:80 - create IPUIPlugin
2023-11-29 10:59:59,547 [INFO] PluginManager:220 - loadIPPluginJar : add tracer_emb
2023-11-29 10:59:59,549 [INFO] IPUIPlugin:80 - create IPUIPlugin
2023-11-29 10:59:59,550 [INFO] PluginManager:220 - loadIPPluginJar : add ts
2023-11-29 10:59:59,553 [INFO] IPUIPlugin:80 - create IPUIPlugin
2023-11-29 10:59:59,553 [INFO] PluginManager:220 - loadIPPluginJar : add tsc
2023-11-29 10:59:59,556 [INFO] IPUIPlugin:80 - create IPUIPlugin
2023-11-29 10:59:59,556 [INFO] PluginManager:220 - loadIPPluginJar : add ucpd
2023-11-29 10:59:59,559 [INFO] IPUIPlugin:80 - create IPUIPlugin
2023-11-29 10:59:59,560 [INFO] PluginManager:220 - loadIPPluginJar : add usart
2023-11-29 10:59:59,563 [INFO] IPUIPlugin:80 - create IPUIPlugin
2023-11-29 10:59:59,564 [INFO] PluginManager:220 - loadIPPluginJar : add usbx
2023-11-29 10:59:59,702 [INFO] CADModel:165 - CPN selected for project level
2023-11-29 10:59:59,703 [INFO] CADModel:114 - Register for checkConnection events
2023-11-29 10:59:59,703 [FATAL] Updater:308 - Updater called before beeing initialized
2023-11-29 10:59:59,703 [ERROR] CADModel:125 - Updater not yet initialized, retry later 
2023-11-29 10:59:59,852 [INFO] CADModel:165 - CPN selected for project level
2023-11-29 10:59:59,852 [INFO] CADModel:114 - Register for checkConnection events
2023-11-29 10:59:59,852 [FATAL] Updater:308 - Updater called before beeing initialized
2023-11-29 10:59:59,853 [ERROR] CADModel:125 - Updater not yet initialized, retry later 
2023-11-29 10:59:59,856 [FATAL] Updater:308 - Updater called before beeing initialized
2023-11-29 10:59:59,990 [FATAL] Updater:308 - Updater called before beeing initialized
2023-11-29 10:59:59,994 [INFO] DbMcusAds:53 - JSON generation date=Tue Mar 07 08:50:55 GMT 2023 (1678179055335)
2023-11-29 10:59:59,994 [FATAL] Updater:308 - Updater called before beeing initialized
2023-11-29 11:00:00,087 [WARN] DetailPanel:346 - Failed to get advertising image, set to default
2023-11-29 11:00:00,205 [FATAL] Updater:308 - Updater called before beeing initialized
2023-11-29 11:00:00,207 [FATAL] Updater:308 - Updater called before beeing initialized
2023-11-29 11:00:00,208 [FATAL] Updater:308 - Updater called before beeing initialized
2023-11-29 11:00:00,208 [WARN] DetailPanel:346 - Failed to get advertising image, set to default
2023-11-29 11:00:00,209 [FATAL] Updater:308 - Updater called before beeing initialized
2023-11-29 11:00:00,260 [ERROR] Updater:1120 - MainUpdater not yet initialized. External WinMGr cannot be set.
2023-11-29 11:00:00,262 [INFO] Updater:1056 - Updater Version found : 6.10.0
2023-11-29 11:00:00,280 [INFO] ApplicationProperties:184 - Using Application install path: C:\ST\STM32CubeIDE_1.14.0\STM32CubeIDE\plugins\com.st.stm32cube.common.mx_6.10.0.202311202037
2023-11-29 11:00:00,681 [INFO] MainUpdater:2873 - connection check result : 10
2023-11-29 11:00:00,684 [INFO] MainUpdater:290 - Updater Check For Update Now.
2023-11-29 11:00:00,684 [INFO] MicroXplorer:498 - Change Database Version : DB.6.0.100
2023-11-29 11:00:00,693 [INFO] McuFinderGlobals:63 - Set McuFinder mode to 2 (CubeIDE integrated)
2023-11-29 11:00:00,876 [INFO] CheckServerUpdateThread:120 - End of CheckServer Thread
2023-11-29 11:00:01,281 [INFO] UserAuth:404 - Internet connection configuration mode: 1
2023-11-29 11:00:01,296 [INFO] JxBrowserEngine:152 - Initiate JxBrowser Engine with user profile folder
2023-11-29 11:00:02,779 [WARN] PackLoader:240 - Cannot read IP mode file for STMicroelectronics.X-CUBE-SMBUS.2.1.0
2023-11-29 11:00:02,805 [WARN] PackLoader:240 - Cannot read IP mode file for STMicroelectronics.X-CUBE-SUBG2.4.1.0
2023-11-29 11:00:02,846 [WARN] PackLoader:240 - Cannot read IP mode file for STMicroelectronics.X-CUBE-AZRTOS-F7.1.1.0
2023-11-29 11:00:02,860 [WARN] PackLoader:240 - Cannot read IP mode file for STMicroelectronics.FP-SNS-MOTENV1.4.3.2
2023-11-29 11:00:02,869 [WARN] PackLoader:240 - Cannot read IP mode file for STMicroelectronics.X-CUBE-BLE1.6.2.3
2023-11-29 11:00:02,876 [WARN] PackLoader:240 - Cannot read IP mode file for STMicroelectronics.X-CUBE-EEPRMA1.3.0.0
2023-11-29 11:00:02,882 [WARN] PackLoader:240 - Cannot read IP mode file for STMicroelectronics.X-CUBE-BLE1.6.2.4
2023-11-29 11:00:02,888 [WARN] PackLoader:240 - Cannot read IP mode file for STMicroelectronics.X-CUBE-BLE1.6.2.0
2023-11-29 11:00:02,894 [WARN] PackLoader:240 - Cannot read IP mode file for STMicroelectronics.FP-SNS-FLIGHT1.5.0.2
2023-11-29 11:00:02,907 [WARN] PackLoader:240 - Cannot read IP mode file for STMicroelectronics.X-CUBE-TOF1.3.1.0
2023-11-29 11:00:02,919 [WARN] PackLoader:240 - Cannot read IP mode file for STMicroelectronics.X-CUBE-BLE2.3.2.0
2023-11-29 11:00:02,935 [WARN] PackLoader:240 - Cannot read IP mode file for STMicroelectronics.X-CUBE-DISPLAY.3.0.0
2023-11-29 11:00:02,951 [WARN] PackLoader:240 - Cannot read IP mode file for STMicroelectronics.X-CUBE-BLE1.7.0.0
2023-11-29 11:00:02,957 [WARN] PackLoader:240 - Cannot read IP mode file for STMicroelectronics.X-CUBE-TOUCHGFX.4.22.1
2023-11-29 11:00:02,979 [WARN] PackLoader:240 - Cannot read IP mode file for STMicroelectronics.X-CUBE-AZRTOS-H7.1.0.0
2023-11-29 11:00:03,029 [WARN] PackLoader:240 - Cannot read IP mode file for STMicroelectronics.X-CUBE-MEMS1.9.3.0
2023-11-29 11:00:03,186 [WARN] PackLoader:240 - Cannot read IP mode file for STMicroelectronics.X-CUBE-AI.7.2.0
2023-11-29 11:00:03,373 [WARN] PackLoader:240 - Cannot read IP mode file for STMicroelectronics.FP-SNS-SMARTAG2.1.2.0
2023-11-29 11:00:03,389 [INFO] LogOutputStream:77 - [STDOUT_REDIRECT] 1 : Invalid condition id : UX_CORESTACK_Condition cause : null
2023-11-29 11:00:03,501 [INFO] LogOutputStream:77 - [STDOUT_REDIRECT] 1 : Invalid condition id : UX_CORESTACK_Condition cause : null
2023-11-29 11:00:03,522 [INFO] LogOutputStream:77 - [STDOUT_REDIRECT] 1 : Invalid condition id : UX_CORESTACK_Condition cause : null
2023-11-29 11:00:03,554 [INFO] LogOutputStream:77 - [STDOUT_REDIRECT] 1 : Invalid condition id : UX_CORESTACK_Condition cause : null
2023-11-29 11:00:03,556 [INFO] LogOutputStream:77 - [STDOUT_REDIRECT] 1 : Invalid condition id : UX_CORESTACK_Condition cause : null
2023-11-29 11:00:03,570 [WARN] PackLoader:240 - Cannot read IP mode file for STMicroelectronics.X-CUBE-AZRTOS-WL.2.0.0
2023-11-29 11:00:03,583 [WARN] PackLoader:240 - Cannot read IP mode file for STMicroelectronics.X-CUBE-ALGOBUILD.1.2.0
2023-11-29 11:00:03,599 [WARN] PackLoader:240 - Cannot read IP mode file for WES.I-CUBE-Cesium.1.3.0
2023-11-29 11:00:03,607 [WARN] PackLoader:240 - Cannot read IP mode file for STMicroelectronics.X-CUBE-BLE2.3.3.0
2023-11-29 11:00:03,614 [WARN] PackLoader:240 - Cannot read IP mode file for STMicroelectronics.X-CUBE-DISPLAY.2.2.0
2023-11-29 11:00:03,628 [WARN] PackLoader:240 - Cannot read IP mode file for STMicroelectronics.X-CUBE-TOF1.3.2.0
2023-11-29 11:00:03,657 [WARN] PackLoader:240 - Cannot read IP mode file for STMicroelectronics.X-CUBE-AZRTOS-H7.2.1.0
2023-11-29 11:00:03,676 [WARN] PackLoader:240 - Cannot read IP mode file for STMicroelectronics.X-CUBE-TOUCHGFX.4.21.1
2023-11-29 11:00:03,682 [WARN] PackLoader:240 - Cannot read IP mode file for STMicroelectronics.X-CUBE-ALGOBUILD.1.3.0
2023-11-29 11:00:03,717 [WARN] PackLoader:240 - Cannot read IP mode file for STMicroelectronics.X-CUBE-AZRTOS-G0.1.1.0
2023-11-29 11:00:03,729 [WARN] PackLoader:240 - Cannot read IP mode file for STMicroelectronics.X-CUBE-NFC4.3.0.0
2023-11-29 11:00:03,758 [INFO] WebApp:161 - Instantiating new browser for Auth
2023-11-29 11:00:03,786 [WARN] PackLoader:240 - Cannot read IP mode file for SEGGER.I-CUBE-embOS.1.2.0
2023-11-29 11:00:03,856 [WARN] PackLoader:240 - Cannot read IP mode file for STMicroelectronics.X-CUBE-BLEMGR.3.0.0
2023-11-29 11:00:03,864 [WARN] PackLoader:240 - Cannot read IP mode file for STMicroelectronics.FP-ATR-SIGFOX1.3.2.0
2023-11-29 11:00:03,873 [WARN] PackLoader:240 - Cannot read IP mode file for emotas.I-CUBE-CANOPEN.1.1.2
2023-11-29 11:00:03,877 [WARN] PackLoader:240 - Cannot read IP mode file for STMicroelectronics.X-CUBE-TOUCHGFX.4.20.0
2023-11-29 11:00:03,924 [WARN] PackLoader:240 - Cannot read IP mode file for STMicroelectronics.X-CUBE-MEMS1.9.5.0
2023-11-29 11:00:04,096 [WARN] PackLoader:240 - Cannot read IP mode file for SEGGER.I-CUBE-embOS.1.3.1
2023-11-29 11:00:04,153 [WARN] PackLoader:240 - Cannot read IP mode file for STMicroelectronics.X-CUBE-TOUCHGFX.4.16.1
2023-11-29 11:00:04,161 [WARN] PackLoader:240 - Cannot read IP mode file for STMicroelectronics.X-CUBE-GNSS1.6.0.0
2023-11-29 11:00:04,179 [WARN] PackLoader:240 - Cannot read IP mode file for STMicroelectronics.X-CUBE-AZRTOS-F4.1.1.0
2023-11-29 11:00:04,201 [WARN] PackLoader:240 - Cannot read IP mode file for STMicroelectronics.X-CUBE-AZRTOS-L5.2.0.0
2023-11-29 11:00:04,211 [WARN] PackLoader:240 - Cannot read IP mode file for STMicroelectronics.X-CUBE-EEPRMA1.4.2.0
2023-11-29 11:00:04,219 [WARN] PackLoader:240 - Cannot read IP mode file for ITTIA_DB.I-CUBE-ITTIADB.8.8.0
2023-11-29 11:00:04,227 [WARN] PackLoader:240 - Cannot read IP mode file for STMicroelectronics.X-CUBE-BLEMGR.2.0.0
2023-11-29 11:00:04,237 [WARN] PackLoader:240 - Cannot read IP mode file for STMicroelectronics.X-CUBE-NFC4.2.0.4
2023-11-29 11:00:04,244 [WARN] PackLoader:240 - Cannot read IP mode file for STMicroelectronics.X-CUBE-NFC4.2.0.2
2023-11-29 11:00:04,270 [WARN] ConditionMgr:438 - getConditionDescription Invalid condition id : UX DEVICE CLASS RTOS Condition cause : null
2023-11-29 11:00:04,271 [WARN] ConditionMgr:438 - getConditionDescription Invalid condition id : UX DEVICE CLASS RTOS Condition cause : null
2023-11-29 11:00:04,275 [WARN] PackLoader:240 - Cannot read IP mode file for STMicroelectronics.X-CUBE-AZRTOS-H7.3.1.0
2023-11-29 11:00:04,277 [WARN] ConditionMgr:1039 - genDependencies : Invalid condition id : UX DEVICE CLASS RTOS Condition cause : null
2023-11-29 11:00:04,277 [WARN] ConditionMgr:1039 - genDependencies : Invalid condition id : UX DEVICE CLASS RTOS Condition cause : null
2023-11-29 11:00:04,278 [WARN] ConditionMgr:1039 - genDependencies : Invalid condition id : UX DEVICE CLASS RTOS Condition cause : null
2023-11-29 11:00:04,279 [WARN] ConditionMgr:1039 - genDependencies : Invalid condition id : UX DEVICE CLASS RTOS Condition cause : null
2023-11-29 11:00:04,285 [WARN] ConditionMgr:1039 - genDependencies : Invalid condition id : UX DEVICE CLASS RTOS Condition cause : null
2023-11-29 11:00:04,311 [WARN] PackLoader:240 - Cannot read IP mode file for STMicroelectronics.X-CUBE-AZRTOS-F4.1.0.0
2023-11-29 11:00:04,335 [WARN] PackLoader:240 - Cannot read IP mode file for STMicroelectronics.X-CUBE-NFC7.1.0.1
2023-11-29 11:00:04,342 [WARN] PackLoader:240 - Cannot read IP mode file for STMicroelectronics.X-CUBE-NFC7.1.0.0
2023-11-29 11:00:04,351 [WARN] PackLoader:240 - Cannot read IP mode file for STMicroelectronics.X-CUBE-NFC6.3.0.0
2023-11-29 11:00:04,363 [WARN] PackLoader:240 - Cannot read IP mode file for STMicroelectronics.X-CUBE-EEPRMA1.4.1.0
2023-11-29 11:00:04,369 [WARN] PackLoader:240 - Cannot read IP mode file for STMicroelectronics.X-CUBE-DISPLAY.1.0.0
2023-11-29 11:00:04,373 [WARN] PackLoader:240 - Cannot read IP mode file for STMicroelectronics.X-CUBE-AI.8.1.0
2023-11-29 11:00:04,378 [WARN] PackLoader:240 - Cannot read IP mode file for STMicroelectronics.X-CUBE-AI.6.0.0
2023-11-29 11:00:04,397 [WARN] ConditionMgr:438 - getConditionDescription Invalid condition id : LAN8742 Phy interface Condition cause : null
2023-11-29 11:00:04,399 [WARN] PackLoader:240 - Cannot read IP mode file for STMicroelectronics.X-CUBE-AZRTOS-L4.2.0.0
2023-11-29 11:00:04,400 [WARN] ConditionMgr:1039 - genDependencies : Invalid condition id : LAN8742 Phy interface Condition cause : null
2023-11-29 11:00:04,401 [WARN] ConditionMgr:1039 - genDependencies : Invalid condition id : LAN8742 Phy interface Condition cause : null
2023-11-29 11:00:04,405 [WARN] ConditionMgr:1039 - genDependencies : Invalid condition id : LAN8742 Phy interface Condition cause : null
2023-11-29 11:00:04,419 [WARN] PackLoader:240 - Cannot read IP mode file for STMicroelectronics.X-CUBE-SFXS2LP1.4.0.0
2023-11-29 11:00:04,426 [WARN] PackLoader:240 - Cannot read IP mode file for wolfSSL.I-CUBE-wolfSSL.4.7.0
2023-11-29 11:00:04,445 [WARN] PackLoader:240 - Cannot read IP mode file for STMicroelectronics.X-CUBE-AZRTOS-H7.3.0.0
2023-11-29 11:00:04,454 [WARN] PackLoader:240 - Cannot read IP mode file for STMicroelectronics.X-CUBE-ISPU.1.1.0
2023-11-29 11:00:04,463 [WARN] PackLoader:240 - Cannot read IP mode file for RoweBots.I-CUBE-UNISONRTOS.5.5.0-4
2023-11-29 11:00:04,470 [WARN] PackLoader:240 - Cannot read IP mode file for STMicroelectronics.X-CUBE-SFXS2LP1.3.0.0
2023-11-29 11:00:04,485 [WARN] PackLoader:240 - Cannot read IP mode file for STMicroelectronics.X-CUBE-AI.8.0.0
2023-11-29 11:00:04,502 [WARN] ConditionMgr:438 - getConditionDescription Invalid condition id : UX DEVICE CLASS RTOS Condition cause : null
2023-11-29 11:00:04,514 [WARN] ConditionMgr:438 - getConditionDescription Invalid condition id : UX DEVICE CLASS RTOS Condition cause : null
2023-11-29 11:00:04,517 [WARN] PackLoader:240 - Cannot read IP mode file for STMicroelectronics.X-CUBE-AZRTOS-WB.2.0.0
2023-11-29 11:00:04,518 [WARN] ConditionMgr:1039 - genDependencies : Invalid condition id : UX DEVICE CLASS RTOS Condition cause : null
2023-11-29 11:00:04,518 [WARN] ConditionMgr:1039 - genDependencies : Invalid condition id : UX DEVICE CLASS RTOS Condition cause : null
2023-11-29 11:00:04,519 [WARN] ConditionMgr:1039 - genDependencies : Invalid condition id : UX DEVICE CLASS RTOS Condition cause : null
2023-11-29 11:00:04,527 [WARN] ConditionMgr:1039 - genDependencies : Invalid condition id : UX DEVICE CLASS RTOS Condition cause : null
2023-11-29 11:00:04,529 [WARN] ConditionMgr:1039 - genDependencies : Invalid condition id : UX DEVICE CLASS RTOS Condition cause : null
2023-11-29 11:00:04,536 [WARN] PackLoader:240 - Cannot read IP mode file for STMicroelectronics.X-CUBE-FREERTOS.1.0.0
2023-11-29 11:00:04,546 [WARN] PackLoader:240 - Cannot read IP mode file for STMicroelectronics.X-CUBE-BLEMGR.1.0.0
2023-11-29 11:00:04,565 [WARN] PackLoader:240 - Cannot read IP mode file for STMicroelectronics.X-CUBE-AZRTOS-L5.1.1.0
2023-11-29 11:00:04,581 [WARN] PackLoader:240 - Cannot read IP mode file for STMicroelectronics.X-CUBE-SUBG2.5.0.0
2023-11-29 11:00:04,596 [WARN] PackLoader:240 - Cannot read IP mode file for STMicroelectronics.X-CUBE-TOF1.3.3.1
2023-11-29 11:00:04,621 [WARN] PackLoader:240 - Cannot read IP mode file for STMicroelectronics.X-CUBE-AZRTOS-G4.2.0.0
2023-11-29 11:00:04,635 [WARN] PackLoader:240 - Cannot read IP mode file for STMicroelectronics.FP-ATR-ASTRA1.1.1.1
2023-11-29 11:00:04,650 [WARN] PackLoader:240 - Cannot read IP mode file for Infineon.AIROC-Wi-Fi-Bluetooth-STM32.1.5.1
2023-11-29 11:00:04,663 [WARN] PackLoader:240 - Cannot read IP mode file for STMicroelectronics.FP-ATR-ASTRA1.1.1.0
2023-11-29 11:00:04,669 [WARN] PackLoader:240 - Cannot read IP mode file for STMicroelectronics.FP-SNS-MOTENVWB1.1.3.0
2023-11-29 11:00:04,683 [WARN] PackLoader:240 - Cannot read IP mode file for STMicroelectronics.X-CUBE-AZRTOS-G4.1.0.0
2023-11-29 11:00:04,707 [WARN] PackLoader:240 - Cannot read IP mode file for STMicroelectronics.X-CUBE-AZRTOS-L4.1.0.0
2023-11-29 11:00:04,751 [WARN] PackLoader:240 - Cannot read IP mode file for STMicroelectronics.X-CUBE-MEMS1.10.0.0
2023-11-29 11:00:04,868 [WARN] PackLoader:240 - Cannot read IP mode file for STMicroelectronics.X-CUBE-FREERTOS.1.1.0
2023-11-29 11:00:04,884 [WARN] PackLoader:240 - Cannot read IP mode file for STMicroelectronics.X-CUBE-AZRTOS-WL.1.0.0
2023-11-29 11:00:04,890 [WARN] PackLoader:240 - Cannot read IP mode file for STMicroelectronics.X-CUBE-TOF1.1.0.0
2023-11-29 11:00:04,897 [WARN] PackLoader:240 - Cannot read IP mode file for portGmbH.I-Cube-SoM-uGOAL.1.1.0
2023-11-29 11:00:04,903 [WARN] PackLoader:240 - Cannot read IP mode file for STMicroelectronics.X-CUBE-ALS.1.0.1
2023-11-29 11:00:04,914 [WARN] PackLoader:240 - Cannot read IP mode file for STMicroelectronics.X-CUBE-AZRTOS-WB.1.1.0
2023-11-29 11:00:04,942 [WARN] PackLoader:240 - Cannot read IP mode file for STMicroelectronics.X-CUBE-MEMS1.8.3.0
2023-11-29 11:00:05,036 [WARN] PackLoader:240 - Cannot read IP mode file for STMicroelectronics.X-CUBE-AZRTOS-L5.1.0.0
2023-11-29 11:00:05,044 [WARN] PackLoader:240 - Cannot read IP mode file for STMicroelectronics.X-CUBE-EEPRMA1.3.1.1
2023-11-29 11:00:05,051 [WARN] PackLoader:240 - Cannot read IP mode file for STMicroelectronics.X-CUBE-GNSS1.5.2.0
2023-11-29 11:00:05,057 [WARN] PackLoader:240 - Cannot read IP mode file for STMicroelectronics.FP-ATR-ASTRA1.2.0.0
2023-11-29 11:00:05,069 [WARN] PackLoader:240 - Cannot read IP mode file for STMicroelectronics.X-CUBE-TOF1.3.4.0
2023-11-29 11:00:05,087 [INFO] ThirdParty:978 - Integrity check success = true
2023-11-29 11:00:05,088 [INFO] IntegrityCheckThread:100 - exiting critical section [integrity check]
2023-11-29 11:00:05,088 [INFO] IntegrityCheckThread:103 - End integrity checks thread
2023-11-29 11:00:05,560 [INFO] WebApp:780 - Register for checkConnection events
2023-11-29 11:00:05,561 [INFO] WebApp:414 - Apply proxy settings
2023-11-29 11:00:05,561 [INFO] WebApp:499 - Chromium requires no authentication
2023-11-29 11:00:05,577 [INFO] WebApp:442 - Direct internet connection detected
2023-11-29 11:00:05,917 [INFO] WebApp:192 - Starting web application
2023-11-29 11:00:05,918 [INFO] WebApp:544 - Web application path used C:\ST\STM32CubeIDE_1.14.0\STM32CubeIDE\plugins\com.st.stm32cube.common.mx_6.10.0.202311202037\db\plugins\mcufinder\reactClient1\index.html
2023-11-29 11:00:26,652 [ERROR] LogOutputStream:75 - [STDERR_REDIRECT] SLF4J: Failed to load class "org.slf4j.impl.StaticLoggerBinder".
2023-11-29 11:00:26,652 [ERROR] LogOutputStream:75 - [STDERR_REDIRECT] SLF4J: Defaulting to no-operation (NOP) logger implementation
2023-11-29 11:00:26,654 [ERROR] LogOutputStream:75 - [STDERR_REDIRECT] SLF4J: See http://www.slf4j.org/codes.html#StaticLoggerBinder for further details.
2023-11-29 11:03:44,072 [ERROR] LogOutputStream:75 - [STDERR_REDIRECT] 
2023-11-29 11:09:02,442 [INFO] Activator:176 - 


2023-11-29 11:09:02,445 [INFO] Activator:177 - !SESSION log4j initialized
2023-11-29 11:09:08,765 [INFO] LogOutputStream:77 - [STDOUT_REDIRECT] 
2023-11-29 11:09:10,183 [INFO] ApplicationProperties:184 - Using Application install path: C:\ST\STM32CubeIDE_1.14.0\STM32CubeIDE\plugins\com.st.stm32cube.common.mx_6.10.0.202311202037
2023-11-29 11:09:10,211 [INFO] DbMcusXml:78 - Set database path to: C:\ST\STM32CubeIDE_1.14.0\STM32CubeIDE\plugins\com.st.stm32cube.common.mx_6.10.0.202311202037\\db\/mcu/
2023-11-29 11:09:10,212 [INFO] ApiDb:274 - Set plugin database path to: C:\ST\STM32CubeIDE_1.14.0\STM32CubeIDE\plugins\com.st.stm32cube.common.mx_6.10.0.202311202037\\db\/plugins/boardmanager/
2023-11-29 11:09:10,212 [WARN] ApiDb:259 - Overriding images path with different value:  => C:\ST\STM32CubeIDE_1.14.0\STM32CubeIDE\plugins\com.st.stm32cube.common.mx_6.10.0.202311202037\\db\/plugins/mcufinder/images/
2023-11-29 11:09:10,236 [INFO] ApiDb:250 - Set database path to: C:\Users\Steven\.stmcufinder\plugins\mcufinder//mcu/
2023-11-29 11:09:10,238 [INFO] DbMcusAds:125 - Set database path to: C:\Users\Steven\.stmcufinder\plugins\mcufinder//mcu/
2023-11-29 11:09:10,243 [INFO] CrossReferenceDbSqlite:203 - Set database path to: C:\Users\Steven\.stmcufinder\plugins\mcufinder//mcu/cs/
2023-11-29 11:09:10,397 [INFO] RulesReader:64 - Compatibility file has been processed (297 Rules)
2023-11-29 11:09:10,601 [INFO] DbMcusXml:78 - Set database path to: C:\ST\STM32CubeIDE_1.14.0\STM32CubeIDE\plugins\com.st.stm32cube.common.mx_6.10.0.202311202037\\db\/mcu/
2023-11-29 11:09:10,601 [INFO] ApiDb:274 - Set plugin database path to: C:\ST\STM32CubeIDE_1.14.0\STM32CubeIDE\plugins\com.st.stm32cube.common.mx_6.10.0.202311202037\\db\/plugins/boardmanager/
2023-11-29 11:09:10,602 [INFO] ApiDb:261 - Set plugin images path to: C:\ST\STM32CubeIDE_1.14.0\STM32CubeIDE\plugins\com.st.stm32cube.common.mx_6.10.0.202311202037\\db\/plugins/mcufinder/images/
2023-11-29 11:09:10,602 [WARN] DbFile:41 - Overriding database path with different value: C:\Users\Steven\.stmcufinder\plugins\mcufinder/ => C:\Users\Steven\.stmcufinder\plugins\mcufinder
2023-11-29 11:09:10,602 [INFO] ApiDb:250 - Set database path to: C:\Users\Steven\.stmcufinder\plugins\mcufinder//mcu/
2023-11-29 11:09:10,602 [WARN] DbFile:41 - Overriding database path with different value: C:\Users\Steven\.stmcufinder\plugins\mcufinder/ => C:\Users\Steven\.stmcufinder\plugins\mcufinder
2023-11-29 11:09:10,602 [INFO] DbMcusAds:125 - Set database path to: C:\Users\Steven\.stmcufinder\plugins\mcufinder//mcu/
2023-11-29 11:09:10,603 [WARN] DbFile:41 - Overriding database path with different value: C:\Users\Steven\.stmcufinder\plugins\mcufinder/ => C:\Users\Steven\.stmcufinder\plugins\mcufinder
2023-11-29 11:09:10,603 [WARN] DbFile:41 - Overriding database path with different value: C:\Users\Steven\.stmcufinder\plugins\mcufinder/ => C:\Users\Steven\.stmcufinder\plugins\mcufinder
2023-11-29 11:09:10,603 [INFO] CrossReferenceDbSqlite:203 - Set database path to: C:\Users\Steven\.stmcufinder\plugins\mcufinder//mcu/cs/
2023-11-29 11:09:10,719 [INFO] MainPanel:264 - HeapMemory: 268435456
2023-11-29 11:09:10,831 [INFO] DbMcusXml:78 - Set database path to: C:\ST\STM32CubeIDE_1.14.0\STM32CubeIDE\plugins\com.st.stm32cube.common.mx_6.10.0.202311202037\\db\/mcu/
2023-11-29 11:09:10,831 [INFO] ApiDb:274 - Set plugin database path to: C:\ST\STM32CubeIDE_1.14.0\STM32CubeIDE\plugins\com.st.stm32cube.common.mx_6.10.0.202311202037\\db\/plugins/boardmanager/
2023-11-29 11:09:10,831 [INFO] ApiDb:261 - Set plugin images path to: C:\ST\STM32CubeIDE_1.14.0\STM32CubeIDE\plugins\com.st.stm32cube.common.mx_6.10.0.202311202037\\db\/plugins/mcufinder/images/
2023-11-29 11:09:10,832 [WARN] DbFile:41 - Overriding database path with different value: C:\Users\Steven\.stmcufinder\plugins\mcufinder/ => C:\Users\Steven\.stmcufinder\plugins\mcufinder
2023-11-29 11:09:10,832 [INFO] ApiDb:250 - Set database path to: C:\Users\Steven\.stmcufinder\plugins\mcufinder//mcu/
2023-11-29 11:09:10,832 [WARN] DbFile:41 - Overriding database path with different value: C:\Users\Steven\.stmcufinder\plugins\mcufinder/ => C:\Users\Steven\.stmcufinder\plugins\mcufinder
2023-11-29 11:09:10,832 [INFO] DbMcusAds:125 - Set database path to: C:\Users\Steven\.stmcufinder\plugins\mcufinder//mcu/
2023-11-29 11:09:10,832 [WARN] DbFile:41 - Overriding database path with different value: C:\Users\Steven\.stmcufinder\plugins\mcufinder/ => C:\Users\Steven\.stmcufinder\plugins\mcufinder
2023-11-29 11:09:10,833 [WARN] DbFile:41 - Overriding database path with different value: C:\Users\Steven\.stmcufinder\plugins\mcufinder/ => C:\Users\Steven\.stmcufinder\plugins\mcufinder
2023-11-29 11:09:10,833 [INFO] CrossReferenceDbSqlite:203 - Set database path to: C:\Users\Steven\.stmcufinder\plugins\mcufinder//mcu/cs/
2023-11-29 11:09:10,866 [INFO] ApplicationProperties:184 - Using Application install path: C:\ST\STM32CubeIDE_1.14.0\STM32CubeIDE\plugins\com.st.stm32cube.common.mx_6.10.0.202311202037
2023-11-29 11:09:10,867 [INFO] PluginManage:196 - Search for loadable plugins [exclusion list=, ]
2023-11-29 11:09:10,870 [INFO] PluginManage:310 - Check plugin analytics
2023-11-29 11:09:11,159 [INFO] AnalyticsPlugin:253 - Accepted Software Licenses: STM32CubeMX.6.9.2,STM32CubeMX.6.10.0
2023-11-29 11:09:11,160 [INFO] AnalyticsPlugin:255 - Accepted CMSIS Pack Licenses: 
2023-11-29 11:09:11,160 [INFO] AnalyticsPlugin:257 - Accepted Firmware Licenses: FW.F4.1.28.0
2023-11-29 11:09:11,166 [INFO] PluginManage:359 - Loaded plugin analytics (category:tool,tabindex:-1)
2023-11-29 11:09:11,166 [INFO] PluginManage:310 - Check plugin cadmodel
2023-11-29 11:09:11,172 [INFO] CADModel:105 - Init CAD model plugin
2023-11-29 11:09:11,172 [INFO] PluginManage:359 - Loaded plugin cadmodel (category:power,tabindex:5)
2023-11-29 11:09:11,173 [INFO] PluginManage:310 - Check plugin clock
2023-11-29 11:09:11,187 [INFO] PluginManage:359 - Loaded plugin clock (category:base,tabindex:2)
2023-11-29 11:09:11,187 [INFO] PluginManage:310 - Check plugin ddr
2023-11-29 11:09:11,191 [INFO] PluginManage:359 - Loaded plugin ddr (category:tool,tabindex:6)
2023-11-29 11:09:11,191 [INFO] PluginManage:310 - Check plugin filemanager
2023-11-29 11:09:11,380 [INFO] PluginManage:359 - Loaded plugin filemanager (category:base,tabindex:10)
2023-11-29 11:09:11,381 [INFO] PluginManage:310 - Check plugin ipmanager
2023-11-29 11:09:11,391 [INFO] PluginManage:359 - Loaded plugin ipmanager (category:base,tabindex:5)
2023-11-29 11:09:11,392 [INFO] PluginManage:310 - Check plugin lpbam
2023-11-29 11:09:11,402 [INFO] PluginManage:359 - Loaded plugin lpbam (category:base,tabindex:0)
2023-11-29 11:09:11,402 [INFO] PluginManage:310 - Check plugin memorymap
2023-11-29 11:09:11,421 [INFO] PluginManage:359 - Loaded plugin memorymap (category:base,tabindex:4)
2023-11-29 11:09:11,421 [INFO] PluginManage:310 - Check plugin pinoutandconfiguration
2023-11-29 11:09:11,433 [INFO] PluginManage:359 - Loaded plugin pinoutandconfiguration (category:base,tabindex:1)
2023-11-29 11:09:11,433 [INFO] PluginManage:310 - Check plugin pinoutconfig
2023-11-29 11:09:11,576 [WARN] SupportedApi:132 - Cannot load RTOS API schema: s4s-elt-must-match.1: The content of 'definitions' must match (annotation?, (simpleType | complexType)?, (unique | key | keyref)*)). A problem was found starting at: attribute.
2023-11-29 11:09:11,736 [INFO] PluginManage:359 - Loaded plugin pinoutconfig (category:base,tabindex:0)
2023-11-29 11:09:11,737 [INFO] PluginManage:310 - Check plugin power
2023-11-29 11:09:11,751 [INFO] PluginManage:359 - Loaded plugin power (category:power,tabindex:4)
2023-11-29 11:09:11,751 [INFO] PluginManage:310 - Check plugin projectmanager
2023-11-29 11:09:11,775 [INFO] PluginManage:359 - Loaded plugin projectmanager (category:projectmanager,tabindex:3)
2023-11-29 11:09:11,775 [INFO] PluginManage:310 - Check plugin thirdparty
2023-11-29 11:09:11,957 [INFO] PluginManage:359 - Loaded plugin thirdparty (category:base,tabindex:-1)
2023-11-29 11:09:11,958 [INFO] PluginManage:310 - Check plugin tools
2023-11-29 11:09:11,958 [WARN] IntegrityCheckThread:84 - waiting for thirdparty lock release [integrity check]
2023-11-29 11:09:11,958 [INFO] IntegrityCheckThread:86 - entering critical section [integrity check]
2023-11-29 11:09:11,959 [INFO] ThirdPartyUpdaterWithRetryManager:70 - Updater plugin not ready yet. [1/15]
2023-11-29 11:09:11,962 [INFO] PluginManage:359 - Loaded plugin tools (category:base,tabindex:7)
2023-11-29 11:09:11,962 [INFO] PluginManage:310 - Check plugin tutovideos
2023-11-29 11:09:12,136 [INFO] PluginManage:359 - Loaded plugin tutovideos (category:base,tabindex:-1)
2023-11-29 11:09:12,136 [INFO] PluginManage:310 - Check plugin updater
2023-11-29 11:09:12,147 [INFO] PluginManage:359 - Loaded plugin updater (category:base,tabindex:12)
2023-11-29 11:09:12,147 [INFO] PluginManage:310 - Check plugin userauth
2023-11-29 11:09:12,153 [INFO] UserAuth:114 - Init User Auth plugin
2023-11-29 11:09:12,154 [INFO] PluginManage:359 - Loaded plugin userauth (category:base,tabindex:14)
2023-11-29 11:09:12,154 [INFO] PluginManage:283 - PluginManage : Loaded plugins [17]
2023-11-29 11:09:12,390 [INFO] PinOutPanel:1499 - setPackage(No Configuration,No Configuration)
2023-11-29 11:09:12,487 [INFO] CADModel:165 - CPN selected for project level
2023-11-29 11:09:12,487 [INFO] CADModel:114 - Register for checkConnection events
2023-11-29 11:09:12,504 [INFO] IPUIPlugin:80 - create IPUIPlugin
2023-11-29 11:09:12,504 [INFO] PluginManager:220 - loadIPPluginJar : add adc
2023-11-29 11:09:12,507 [INFO] IPUIPlugin:80 - create IPUIPlugin
2023-11-29 11:09:12,507 [INFO] PluginManager:220 - loadIPPluginJar : add aes
2023-11-29 11:09:12,511 [INFO] IPUIPlugin:80 - create IPUIPlugin
2023-11-29 11:09:12,511 [INFO] PluginManager:220 - loadIPPluginJar : add can
2023-11-29 11:09:12,514 [INFO] IPUIPlugin:80 - create IPUIPlugin
2023-11-29 11:09:12,514 [INFO] PluginManager:220 - loadIPPluginJar : add comp
2023-11-29 11:09:12,517 [INFO] IPUIPlugin:80 - create IPUIPlugin
2023-11-29 11:09:12,517 [INFO] PluginManager:220 - loadIPPluginJar : add cryp
2023-11-29 11:09:12,519 [INFO] IPUIPlugin:80 - create IPUIPlugin
2023-11-29 11:09:12,519 [INFO] PluginManager:220 - loadIPPluginJar : add dfsdm
2023-11-29 11:09:12,525 [INFO] IPUIPlugin:80 - create IPUIPlugin
2023-11-29 11:09:12,525 [INFO] PluginManager:220 - loadIPPluginJar : add dma
2023-11-29 11:09:12,528 [INFO] IPUIPlugin:80 - create IPUIPlugin
2023-11-29 11:09:12,528 [INFO] PluginManager:220 - loadIPPluginJar : add dma3
2023-11-29 11:09:12,529 [INFO] IPUIPlugin:80 - create IPUIPlugin
2023-11-29 11:09:12,531 [INFO] PluginManager:220 - loadIPPluginJar : add fatfs
2023-11-29 11:09:12,536 [INFO] IPUIPlugin:80 - create IPUIPlugin
2023-11-29 11:09:12,536 [INFO] PluginManager:220 - loadIPPluginJar : add fmc
2023-11-29 11:09:12,544 [INFO] IPUIPlugin:80 - create IPUIPlugin
2023-11-29 11:09:12,544 [INFO] PluginManager:220 - loadIPPluginJar : add freertos
2023-11-29 11:09:12,546 [INFO] IPUIPlugin:80 - create IPUIPlugin
2023-11-29 11:09:12,546 [INFO] PluginManager:220 - loadIPPluginJar : add genericplugin
2023-11-29 11:09:12,548 [INFO] IPUIPlugin:80 - create IPUIPlugin
2023-11-29 11:09:12,548 [INFO] PluginManager:220 - loadIPPluginJar : add gfxmmu
2023-11-29 11:09:12,553 [INFO] IPUIPlugin:80 - create IPUIPlugin
2023-11-29 11:09:12,553 [INFO] PluginManager:220 - loadIPPluginJar : add gic
2023-11-29 11:09:12,559 [INFO] IPUIPlugin:80 - create IPUIPlugin
2023-11-29 11:09:12,559 [INFO] PluginManager:220 - loadIPPluginJar : add gpio
2023-11-29 11:09:12,562 [INFO] IPUIPlugin:80 - create IPUIPlugin
2023-11-29 11:09:12,563 [INFO] PluginManager:220 - loadIPPluginJar : add gtzc
2023-11-29 11:09:12,565 [INFO] IPUIPlugin:80 - create IPUIPlugin
2023-11-29 11:09:12,565 [INFO] PluginManager:220 - loadIPPluginJar : add hash
2023-11-29 11:09:12,568 [INFO] IPUIPlugin:80 - create IPUIPlugin
2023-11-29 11:09:12,568 [INFO] PluginManager:220 - loadIPPluginJar : add i2c
2023-11-29 11:09:12,570 [INFO] IPUIPlugin:80 - create IPUIPlugin
2023-11-29 11:09:12,571 [INFO] PluginManager:220 - loadIPPluginJar : add i2s
2023-11-29 11:09:12,574 [INFO] IPUIPlugin:80 - create IPUIPlugin
2023-11-29 11:09:12,574 [INFO] PluginManager:220 - loadIPPluginJar : add i3c
2023-11-29 11:09:12,577 [INFO] IPUIPlugin:80 - create IPUIPlugin
2023-11-29 11:09:12,577 [INFO] PluginManager:220 - loadIPPluginJar : add ipddr
2023-11-29 11:09:12,583 [INFO] IPUIPlugin:80 - create IPUIPlugin
2023-11-29 11:09:12,584 [INFO] PluginManager:220 - loadIPPluginJar : add linkedlist
2023-11-29 11:09:12,586 [INFO] IPUIPlugin:80 - create IPUIPlugin
2023-11-29 11:09:12,586 [INFO] PluginManager:220 - loadIPPluginJar : add lorawan
2023-11-29 11:09:12,588 [INFO] IPUIPlugin:80 - create IPUIPlugin
2023-11-29 11:09:12,588 [INFO] PluginManager:220 - loadIPPluginJar : add ltdc
2023-11-29 11:09:12,595 [INFO] IPUIPlugin:80 - create IPUIPlugin
2023-11-29 11:09:12,595 [INFO] PluginManager:220 - loadIPPluginJar : add mdma
2023-11-29 11:09:12,614 [INFO] IPUIPlugin:80 - create IPUIPlugin
2023-11-29 11:09:12,614 [INFO] PluginManager:220 - loadIPPluginJar : add nvic
2023-11-29 11:09:12,617 [INFO] IPUIPlugin:80 - create IPUIPlugin
2023-11-29 11:09:12,618 [INFO] PluginManager:220 - loadIPPluginJar : add opamp
2023-11-29 11:09:12,621 [INFO] IPUIPlugin:80 - create IPUIPlugin
2023-11-29 11:09:12,621 [INFO] PluginManager:220 - loadIPPluginJar : add openamp
2023-11-29 11:09:12,624 [INFO] IPUIPlugin:80 - create IPUIPlugin
2023-11-29 11:09:12,624 [INFO] PluginManager:220 - loadIPPluginJar : add pdm2pcm
2023-11-29 11:09:12,631 [INFO] IPUIPlugin:80 - create IPUIPlugin
2023-11-29 11:09:12,642 [INFO] PluginManager:220 - loadIPPluginJar : add plateformsettings
2023-11-29 11:09:12,644 [INFO] IPUIPlugin:80 - create IPUIPlugin
2023-11-29 11:09:12,644 [INFO] PluginManager:220 - loadIPPluginJar : add quadspi
2023-11-29 11:09:12,647 [INFO] IPUIPlugin:80 - create IPUIPlugin
2023-11-29 11:09:12,647 [INFO] PluginManager:220 - loadIPPluginJar : add resmgrutility
2023-11-29 11:09:12,651 [INFO] IPUIPlugin:80 - create IPUIPlugin
2023-11-29 11:09:12,651 [INFO] PluginManager:220 - loadIPPluginJar : add sai
2023-11-29 11:09:12,654 [INFO] IPUIPlugin:80 - create IPUIPlugin
2023-11-29 11:09:12,654 [INFO] PluginManager:220 - loadIPPluginJar : add spi
2023-11-29 11:09:12,661 [INFO] IPUIPlugin:80 - create IPUIPlugin
2023-11-29 11:09:12,661 [INFO] PluginManager:220 - loadIPPluginJar : add stm32_wpan
2023-11-29 11:09:12,663 [INFO] IPUIPlugin:80 - create IPUIPlugin
2023-11-29 11:09:12,663 [INFO] PluginManager:220 - loadIPPluginJar : add tim
2023-11-29 11:09:12,667 [INFO] IPUIPlugin:80 - create IPUIPlugin
2023-11-29 11:09:12,667 [INFO] PluginManager:220 - loadIPPluginJar : add touchsensing
2023-11-29 11:09:12,670 [INFO] IPUIPlugin:80 - create IPUIPlugin
2023-11-29 11:09:12,670 [INFO] PluginManager:220 - loadIPPluginJar : add tracer_emb
2023-11-29 11:09:12,672 [INFO] IPUIPlugin:80 - create IPUIPlugin
2023-11-29 11:09:12,672 [INFO] PluginManager:220 - loadIPPluginJar : add ts
2023-11-29 11:09:12,674 [INFO] IPUIPlugin:80 - create IPUIPlugin
2023-11-29 11:09:12,674 [INFO] PluginManager:220 - loadIPPluginJar : add tsc
2023-11-29 11:09:12,676 [INFO] IPUIPlugin:80 - create IPUIPlugin
2023-11-29 11:09:12,676 [INFO] PluginManager:220 - loadIPPluginJar : add ucpd
2023-11-29 11:09:12,679 [INFO] IPUIPlugin:80 - create IPUIPlugin
2023-11-29 11:09:12,679 [INFO] PluginManager:220 - loadIPPluginJar : add usart
2023-11-29 11:09:12,683 [INFO] IPUIPlugin:80 - create IPUIPlugin
2023-11-29 11:09:12,683 [INFO] PluginManager:220 - loadIPPluginJar : add usbx
2023-11-29 11:09:12,822 [INFO] CADModel:165 - CPN selected for project level
2023-11-29 11:09:12,822 [INFO] CADModel:114 - Register for checkConnection events
2023-11-29 11:09:12,822 [FATAL] Updater:308 - Updater called before beeing initialized
2023-11-29 11:09:12,822 [ERROR] CADModel:125 - Updater not yet initialized, retry later 
2023-11-29 11:09:12,961 [INFO] CADModel:165 - CPN selected for project level
2023-11-29 11:09:12,961 [INFO] CADModel:114 - Register for checkConnection events
2023-11-29 11:09:12,961 [FATAL] Updater:308 - Updater called before beeing initialized
2023-11-29 11:09:12,961 [ERROR] CADModel:125 - Updater not yet initialized, retry later 
2023-11-29 11:09:12,965 [FATAL] Updater:308 - Updater called before beeing initialized
2023-11-29 11:09:13,125 [FATAL] Updater:308 - Updater called before beeing initialized
2023-11-29 11:09:13,130 [INFO] DbMcusAds:53 - JSON generation date=Tue Mar 07 08:50:55 GMT 2023 (1678179055335)
2023-11-29 11:09:13,131 [FATAL] Updater:308 - Updater called before beeing initialized
2023-11-29 11:09:13,173 [WARN] DetailPanel:346 - Failed to get advertising image, set to default
2023-11-29 11:09:13,280 [FATAL] Updater:308 - Updater called before beeing initialized
2023-11-29 11:09:13,282 [FATAL] Updater:308 - Updater called before beeing initialized
2023-11-29 11:09:13,282 [FATAL] Updater:308 - Updater called before beeing initialized
2023-11-29 11:09:13,282 [WARN] DetailPanel:346 - Failed to get advertising image, set to default
2023-11-29 11:09:13,283 [FATAL] Updater:308 - Updater called before beeing initialized
2023-11-29 11:09:13,348 [ERROR] Updater:1120 - MainUpdater not yet initialized. External WinMGr cannot be set.
2023-11-29 11:09:13,351 [INFO] Updater:1056 - Updater Version found : 6.10.0
2023-11-29 11:09:13,377 [INFO] ApplicationProperties:184 - Using Application install path: C:\ST\STM32CubeIDE_1.14.0\STM32CubeIDE\plugins\com.st.stm32cube.common.mx_6.10.0.202311202037
2023-11-29 11:09:13,774 [INFO] MainUpdater:2873 - connection check result : 10
2023-11-29 11:09:13,774 [INFO] MainUpdater:3567 - Updater definition file requires update
2023-11-29 11:09:13,777 [INFO] MainUpdater:290 - Updater Check For Update Now.
2023-11-29 11:09:13,777 [INFO] MicroXplorer:498 - Change Database Version : DB.6.0.100
2023-11-29 11:09:13,785 [INFO] McuFinderGlobals:63 - Set McuFinder mode to 2 (CubeIDE integrated)
2023-11-29 11:09:13,884 [INFO] ServerAccessManage:473 - Download File updaters.zip
2023-11-29 11:09:14,348 [INFO] FileExtend:240 - Unzip File : updaters.zip
2023-11-29 11:09:14,348 [INFO] FileExtend:255 - Standard Zip Deflate
2023-11-29 11:09:14,436 [INFO] UserAuth:404 - Internet connection configuration mode: 1
2023-11-29 11:09:14,455 [INFO] JxBrowserEngine:152 - Initiate JxBrowser Engine with user profile folder
2023-11-29 11:09:14,880 [INFO] ServerAccessManage:473 - Download File PacksControlFlags.xml
2023-11-29 11:09:14,962 [WARN] MainUpdater:1194 - Updater busy. Cannot search thirdparties
2023-11-29 11:09:14,962 [INFO] ThirdPartyUpdaterWithRetryManager:96 - Updater plugin is busy. [1/15]
2023-11-29 11:09:14,999 [INFO] ServerAccessManage:473 - Download File cubemx.pidx
2023-11-29 11:09:15,414 [INFO] ServerAccessManage:473 - Download File STMicroelectronics.FP-SNS-MOTENVWB1.pdsc
2023-11-29 11:09:15,422 [INFO] WebApp:161 - Instantiating new browser for Auth
2023-11-29 11:09:16,695 [WARN] PackLoader:240 - Cannot read IP mode file for STMicroelectronics.FP-SNS-MOTENVWB1.1.3.1
2023-11-29 11:09:16,700 [INFO] PopulateThirdPartyThread:66 - Ending populate Thread
2023-11-29 11:09:16,701 [INFO] ThirdParty:1030 - CMSIS Pack Vendor :STMicroelectronics FP-SNS-MOTENVWB1 1.3.1
2023-11-29 11:09:16,702 [INFO] LoadServerUpdatesThread:375 - End of LoadServerUpdate Thread
2023-11-29 11:09:16,820 [INFO] CheckServerUpdateThread:120 - End of CheckServer Thread
2023-11-29 11:09:16,831 [INFO] WebApp:780 - Register for checkConnection events
2023-11-29 11:09:16,831 [INFO] WebApp:414 - Apply proxy settings
2023-11-29 11:09:16,832 [INFO] WebApp:499 - Chromium requires no authentication
2023-11-29 11:09:16,843 [INFO] WebApp:442 - Direct internet connection detected
2023-11-29 11:09:17,137 [INFO] WebApp:192 - Starting web application
2023-11-29 11:09:17,137 [INFO] WebApp:544 - Web application path used C:\ST\STM32CubeIDE_1.14.0\STM32CubeIDE\plugins\com.st.stm32cube.common.mx_6.10.0.202311202037\db\plugins\mcufinder\reactClient1\index.html
2023-11-29 11:09:18,484 [WARN] PackLoader:240 - Cannot read IP mode file for STMicroelectronics.X-CUBE-SMBUS.2.1.0
2023-11-29 11:09:18,507 [WARN] PackLoader:240 - Cannot read IP mode file for STMicroelectronics.X-CUBE-SUBG2.4.1.0
2023-11-29 11:09:18,550 [WARN] PackLoader:240 - Cannot read IP mode file for STMicroelectronics.X-CUBE-AZRTOS-F7.1.1.0
2023-11-29 11:09:18,564 [WARN] PackLoader:240 - Cannot read IP mode file for STMicroelectronics.FP-SNS-MOTENV1.4.3.2
2023-11-29 11:09:18,575 [WARN] PackLoader:240 - Cannot read IP mode file for STMicroelectronics.X-CUBE-BLE1.6.2.3
2023-11-29 11:09:18,583 [WARN] PackLoader:240 - Cannot read IP mode file for STMicroelectronics.X-CUBE-EEPRMA1.3.0.0
2023-11-29 11:09:18,590 [WARN] PackLoader:240 - Cannot read IP mode file for STMicroelectronics.X-CUBE-BLE1.6.2.4
2023-11-29 11:09:18,597 [WARN] PackLoader:240 - Cannot read IP mode file for STMicroelectronics.X-CUBE-BLE1.6.2.0
2023-11-29 11:09:18,604 [WARN] PackLoader:240 - Cannot read IP mode file for STMicroelectronics.FP-SNS-FLIGHT1.5.0.2
2023-11-29 11:09:18,619 [WARN] PackLoader:240 - Cannot read IP mode file for STMicroelectronics.X-CUBE-TOF1.3.1.0
2023-11-29 11:09:18,634 [WARN] PackLoader:240 - Cannot read IP mode file for STMicroelectronics.X-CUBE-BLE2.3.2.0
2023-11-29 11:09:18,644 [WARN] PackLoader:240 - Cannot read IP mode file for STMicroelectronics.X-CUBE-DISPLAY.3.0.0
2023-11-29 11:09:18,657 [WARN] PackLoader:240 - Cannot read IP mode file for STMicroelectronics.X-CUBE-BLE1.7.0.0
2023-11-29 11:09:18,663 [WARN] PackLoader:240 - Cannot read IP mode file for STMicroelectronics.X-CUBE-TOUCHGFX.4.22.1
2023-11-29 11:09:18,694 [WARN] PackLoader:240 - Cannot read IP mode file for STMicroelectronics.X-CUBE-AZRTOS-H7.1.0.0
2023-11-29 11:09:18,762 [WARN] PackLoader:240 - Cannot read IP mode file for STMicroelectronics.X-CUBE-MEMS1.9.3.0
2023-11-29 11:09:18,946 [WARN] PackLoader:240 - Cannot read IP mode file for STMicroelectronics.X-CUBE-AI.7.2.0
2023-11-29 11:09:18,953 [WARN] PackLoader:240 - Cannot read IP mode file for STMicroelectronics.FP-SNS-SMARTAG2.1.2.0
2023-11-29 11:09:18,965 [INFO] LogOutputStream:77 - [STDOUT_REDIRECT] 1 : Invalid condition id : UX_CORESTACK_Condition cause : null
2023-11-29 11:09:18,966 [INFO] LogOutputStream:77 - [STDOUT_REDIRECT] 1 : Invalid condition id : UX_CORESTACK_Condition cause : null
2023-11-29 11:09:18,968 [INFO] LogOutputStream:77 - [STDOUT_REDIRECT] 1 : Invalid condition id : UX_CORESTACK_Condition cause : null
2023-11-29 11:09:18,970 [INFO] LogOutputStream:77 - [STDOUT_REDIRECT] 1 : Invalid condition id : UX_CORESTACK_Condition cause : null
2023-11-29 11:09:18,972 [INFO] LogOutputStream:77 - [STDOUT_REDIRECT] 1 : Invalid condition id : UX_CORESTACK_Condition cause : null
2023-11-29 11:09:18,975 [WARN] PackLoader:240 - Cannot read IP mode file for STMicroelectronics.X-CUBE-AZRTOS-WL.2.0.0
2023-11-29 11:09:18,985 [WARN] PackLoader:240 - Cannot read IP mode file for STMicroelectronics.X-CUBE-ALGOBUILD.1.2.0
2023-11-29 11:09:18,994 [WARN] PackLoader:240 - Cannot read IP mode file for WES.I-CUBE-Cesium.1.3.0
2023-11-29 11:09:18,999 [WARN] PackLoader:240 - Cannot read IP mode file for STMicroelectronics.X-CUBE-BLE2.3.3.0
2023-11-29 11:09:19,006 [WARN] PackLoader:240 - Cannot read IP mode file for STMicroelectronics.X-CUBE-DISPLAY.2.2.0
2023-11-29 11:09:19,030 [WARN] PackLoader:240 - Cannot read IP mode file for STMicroelectronics.X-CUBE-TOF1.3.2.0
2023-11-29 11:09:19,056 [WARN] PackLoader:240 - Cannot read IP mode file for STMicroelectronics.X-CUBE-AZRTOS-H7.2.1.0
2023-11-29 11:09:19,063 [WARN] PackLoader:240 - Cannot read IP mode file for STMicroelectronics.X-CUBE-TOUCHGFX.4.21.1
2023-11-29 11:09:19,070 [WARN] PackLoader:240 - Cannot read IP mode file for STMicroelectronics.X-CUBE-ALGOBUILD.1.3.0
2023-11-29 11:09:19,087 [WARN] PackLoader:240 - Cannot read IP mode file for STMicroelectronics.X-CUBE-AZRTOS-G0.1.1.0
2023-11-29 11:09:19,095 [WARN] PackLoader:240 - Cannot read IP mode file for STMicroelectronics.X-CUBE-NFC4.3.0.0
2023-11-29 11:09:19,134 [WARN] PackLoader:240 - Cannot read IP mode file for SEGGER.I-CUBE-embOS.1.2.0
2023-11-29 11:09:19,181 [WARN] PackLoader:240 - Cannot read IP mode file for STMicroelectronics.X-CUBE-BLEMGR.3.0.0
2023-11-29 11:09:19,189 [WARN] PackLoader:240 - Cannot read IP mode file for STMicroelectronics.FP-ATR-SIGFOX1.3.2.0
2023-11-29 11:09:19,198 [WARN] PackLoader:240 - Cannot read IP mode file for emotas.I-CUBE-CANOPEN.1.1.2
2023-11-29 11:09:19,202 [WARN] PackLoader:240 - Cannot read IP mode file for STMicroelectronics.X-CUBE-TOUCHGFX.4.20.0
2023-11-29 11:09:19,244 [WARN] PackLoader:240 - Cannot read IP mode file for STMicroelectronics.X-CUBE-MEMS1.9.5.0
2023-11-29 11:09:19,424 [WARN] PackLoader:240 - Cannot read IP mode file for SEGGER.I-CUBE-embOS.1.3.1
2023-11-29 11:09:19,465 [WARN] PackLoader:240 - Cannot read IP mode file for STMicroelectronics.X-CUBE-TOUCHGFX.4.16.1
2023-11-29 11:09:19,472 [WARN] PackLoader:240 - Cannot read IP mode file for STMicroelectronics.X-CUBE-GNSS1.6.0.0
2023-11-29 11:09:19,491 [WARN] PackLoader:240 - Cannot read IP mode file for STMicroelectronics.X-CUBE-AZRTOS-F4.1.1.0
2023-11-29 11:09:19,514 [WARN] PackLoader:240 - Cannot read IP mode file for STMicroelectronics.X-CUBE-AZRTOS-L5.2.0.0
2023-11-29 11:09:19,523 [WARN] PackLoader:240 - Cannot read IP mode file for STMicroelectronics.X-CUBE-EEPRMA1.4.2.0
2023-11-29 11:09:19,530 [WARN] PackLoader:240 - Cannot read IP mode file for ITTIA_DB.I-CUBE-ITTIADB.8.8.0
2023-11-29 11:09:19,539 [WARN] PackLoader:240 - Cannot read IP mode file for STMicroelectronics.X-CUBE-BLEMGR.2.0.0
2023-11-29 11:09:19,545 [WARN] PackLoader:240 - Cannot read IP mode file for STMicroelectronics.X-CUBE-NFC4.2.0.4
2023-11-29 11:09:19,552 [WARN] PackLoader:240 - Cannot read IP mode file for STMicroelectronics.X-CUBE-NFC4.2.0.2
2023-11-29 11:09:19,571 [WARN] ConditionMgr:438 - getConditionDescription Invalid condition id : UX DEVICE CLASS RTOS Condition cause : null
2023-11-29 11:09:19,571 [WARN] ConditionMgr:438 - getConditionDescription Invalid condition id : UX DEVICE CLASS RTOS Condition cause : null
2023-11-29 11:09:19,575 [WARN] PackLoader:240 - Cannot read IP mode file for STMicroelectronics.X-CUBE-AZRTOS-H7.3.1.0
2023-11-29 11:09:19,576 [WARN] ConditionMgr:1039 - genDependencies : Invalid condition id : UX DEVICE CLASS RTOS Condition cause : null
2023-11-29 11:09:19,576 [WARN] ConditionMgr:1039 - genDependencies : Invalid condition id : UX DEVICE CLASS RTOS Condition cause : null
2023-11-29 11:09:19,577 [WARN] ConditionMgr:1039 - genDependencies : Invalid condition id : UX DEVICE CLASS RTOS Condition cause : null
2023-11-29 11:09:19,578 [WARN] ConditionMgr:1039 - genDependencies : Invalid condition id : UX DEVICE CLASS RTOS Condition cause : null
2023-11-29 11:09:19,578 [WARN] ConditionMgr:1039 - genDependencies : Invalid condition id : UX DEVICE CLASS RTOS Condition cause : null
2023-11-29 11:09:19,598 [WARN] PackLoader:240 - Cannot read IP mode file for STMicroelectronics.X-CUBE-AZRTOS-F4.1.0.0
2023-11-29 11:09:19,607 [WARN] PackLoader:240 - Cannot read IP mode file for STMicroelectronics.X-CUBE-NFC7.1.0.1
2023-11-29 11:09:19,613 [WARN] PackLoader:240 - Cannot read IP mode file for STMicroelectronics.X-CUBE-NFC7.1.0.0
2023-11-29 11:09:19,623 [WARN] PackLoader:240 - Cannot read IP mode file for STMicroelectronics.X-CUBE-NFC6.3.0.0
2023-11-29 11:09:19,631 [WARN] PackLoader:240 - Cannot read IP mode file for STMicroelectronics.X-CUBE-EEPRMA1.4.1.0
2023-11-29 11:09:19,636 [WARN] PackLoader:240 - Cannot read IP mode file for STMicroelectronics.X-CUBE-DISPLAY.1.0.0
2023-11-29 11:09:19,639 [WARN] PackLoader:240 - Cannot read IP mode file for STMicroelectronics.X-CUBE-AI.8.1.0
2023-11-29 11:09:19,643 [WARN] PackLoader:240 - Cannot read IP mode file for STMicroelectronics.X-CUBE-AI.6.0.0
2023-11-29 11:09:19,663 [WARN] ConditionMgr:438 - getConditionDescription Invalid condition id : LAN8742 Phy interface Condition cause : null
2023-11-29 11:09:19,664 [WARN] PackLoader:240 - Cannot read IP mode file for STMicroelectronics.X-CUBE-AZRTOS-L4.2.0.0
2023-11-29 11:09:19,666 [WARN] ConditionMgr:1039 - genDependencies : Invalid condition id : LAN8742 Phy interface Condition cause : null
2023-11-29 11:09:19,666 [WARN] ConditionMgr:1039 - genDependencies : Invalid condition id : LAN8742 Phy interface Condition cause : null
2023-11-29 11:09:19,667 [WARN] ConditionMgr:1039 - genDependencies : Invalid condition id : LAN8742 Phy interface Condition cause : null
2023-11-29 11:09:19,676 [WARN] PackLoader:240 - Cannot read IP mode file for STMicroelectronics.X-CUBE-SFXS2LP1.4.0.0
2023-11-29 11:09:19,683 [WARN] PackLoader:240 - Cannot read IP mode file for wolfSSL.I-CUBE-wolfSSL.4.7.0
2023-11-29 11:09:19,704 [WARN] PackLoader:240 - Cannot read IP mode file for STMicroelectronics.X-CUBE-AZRTOS-H7.3.0.0
2023-11-29 11:09:19,728 [WARN] PackLoader:240 - Cannot read IP mode file for STMicroelectronics.X-CUBE-ISPU.1.1.0
2023-11-29 11:09:19,738 [WARN] PackLoader:240 - Cannot read IP mode file for RoweBots.I-CUBE-UNISONRTOS.5.5.0-4
2023-11-29 11:09:19,744 [WARN] PackLoader:240 - Cannot read IP mode file for STMicroelectronics.X-CUBE-SFXS2LP1.3.0.0
2023-11-29 11:09:19,749 [WARN] PackLoader:240 - Cannot read IP mode file for STMicroelectronics.X-CUBE-AI.8.0.0
2023-11-29 11:09:19,763 [WARN] ConditionMgr:438 - getConditionDescription Invalid condition id : UX DEVICE CLASS RTOS Condition cause : null
2023-11-29 11:09:19,764 [WARN] ConditionMgr:438 - getConditionDescription Invalid condition id : UX DEVICE CLASS RTOS Condition cause : null
2023-11-29 11:09:19,766 [WARN] PackLoader:240 - Cannot read IP mode file for STMicroelectronics.X-CUBE-AZRTOS-WB.2.0.0
2023-11-29 11:09:19,767 [WARN] ConditionMgr:1039 - genDependencies : Invalid condition id : UX DEVICE CLASS RTOS Condition cause : null
2023-11-29 11:09:19,767 [WARN] ConditionMgr:1039 - genDependencies : Invalid condition id : UX DEVICE CLASS RTOS Condition cause : null
2023-11-29 11:09:19,768 [WARN] ConditionMgr:1039 - genDependencies : Invalid condition id : UX DEVICE CLASS RTOS Condition cause : null
2023-11-29 11:09:19,768 [WARN] ConditionMgr:1039 - genDependencies : Invalid condition id : UX DEVICE CLASS RTOS Condition cause : null
2023-11-29 11:09:19,769 [WARN] ConditionMgr:1039 - genDependencies : Invalid condition id : UX DEVICE CLASS RTOS Condition cause : null
2023-11-29 11:09:19,776 [WARN] PackLoader:240 - Cannot read IP mode file for STMicroelectronics.X-CUBE-FREERTOS.1.0.0
2023-11-29 11:09:19,784 [WARN] PackLoader:240 - Cannot read IP mode file for STMicroelectronics.X-CUBE-BLEMGR.1.0.0
2023-11-29 11:09:19,800 [WARN] PackLoader:240 - Cannot read IP mode file for STMicroelectronics.X-CUBE-AZRTOS-L5.1.1.0
2023-11-29 11:09:19,812 [WARN] PackLoader:240 - Cannot read IP mode file for STMicroelectronics.X-CUBE-SUBG2.5.0.0
2023-11-29 11:09:19,828 [WARN] PackLoader:240 - Cannot read IP mode file for STMicroelectronics.X-CUBE-TOF1.3.3.1
2023-11-29 11:09:19,851 [WARN] PackLoader:240 - Cannot read IP mode file for STMicroelectronics.X-CUBE-AZRTOS-G4.2.0.0
2023-11-29 11:09:19,859 [WARN] PackLoader:240 - Cannot read IP mode file for STMicroelectronics.FP-ATR-ASTRA1.1.1.1
2023-11-29 11:09:19,872 [WARN] PackLoader:240 - Cannot read IP mode file for Infineon.AIROC-Wi-Fi-Bluetooth-STM32.1.5.1
2023-11-29 11:09:19,879 [WARN] PackLoader:240 - Cannot read IP mode file for STMicroelectronics.FP-ATR-ASTRA1.1.1.0
2023-11-29 11:09:19,884 [WARN] PackLoader:240 - Cannot read IP mode file for STMicroelectronics.FP-SNS-MOTENVWB1.1.3.0
2023-11-29 11:09:19,889 [WARN] PackLoader:240 - Cannot read IP mode file for STMicroelectronics.FP-SNS-MOTENVWB1.1.3.1
2023-11-29 11:09:19,901 [WARN] PackLoader:240 - Cannot read IP mode file for STMicroelectronics.X-CUBE-AZRTOS-G4.1.0.0
2023-11-29 11:09:19,918 [WARN] PackLoader:240 - Cannot read IP mode file for STMicroelectronics.X-CUBE-AZRTOS-L4.1.0.0
2023-11-29 11:09:19,974 [WARN] PackLoader:240 - Cannot read IP mode file for STMicroelectronics.X-CUBE-MEMS1.10.0.0
2023-11-29 11:09:20,110 [WARN] PackLoader:240 - Cannot read IP mode file for STMicroelectronics.X-CUBE-FREERTOS.1.1.0
2023-11-29 11:09:20,121 [WARN] PackLoader:240 - Cannot read IP mode file for STMicroelectronics.X-CUBE-AZRTOS-WL.1.0.0
2023-11-29 11:09:20,126 [WARN] PackLoader:240 - Cannot read IP mode file for STMicroelectronics.X-CUBE-TOF1.1.0.0
2023-11-29 11:09:20,133 [WARN] PackLoader:240 - Cannot read IP mode file for portGmbH.I-Cube-SoM-uGOAL.1.1.0
2023-11-29 11:09:20,139 [WARN] PackLoader:240 - Cannot read IP mode file for STMicroelectronics.X-CUBE-ALS.1.0.1
2023-11-29 11:09:20,152 [WARN] PackLoader:240 - Cannot read IP mode file for STMicroelectronics.X-CUBE-AZRTOS-WB.1.1.0
2023-11-29 11:09:20,183 [WARN] PackLoader:240 - Cannot read IP mode file for STMicroelectronics.X-CUBE-MEMS1.8.3.0
2023-11-29 11:09:20,283 [WARN] PackLoader:240 - Cannot read IP mode file for STMicroelectronics.X-CUBE-AZRTOS-L5.1.0.0
2023-11-29 11:09:20,289 [WARN] PackLoader:240 - Cannot read IP mode file for STMicroelectronics.X-CUBE-EEPRMA1.3.1.1
2023-11-29 11:09:20,295 [WARN] PackLoader:240 - Cannot read IP mode file for STMicroelectronics.X-CUBE-GNSS1.5.2.0
2023-11-29 11:09:20,301 [WARN] PackLoader:240 - Cannot read IP mode file for STMicroelectronics.FP-ATR-ASTRA1.2.0.0
2023-11-29 11:09:20,311 [WARN] PackLoader:240 - Cannot read IP mode file for STMicroelectronics.X-CUBE-TOF1.3.4.0
2023-11-29 11:09:20,322 [INFO] ThirdParty:978 - Integrity check success = true
2023-11-29 11:09:20,322 [INFO] IntegrityCheckThread:100 - exiting critical section [integrity check]
2023-11-29 11:09:20,322 [INFO] IntegrityCheckThread:103 - End integrity checks thread
2023-11-29 11:09:38,065 [ERROR] LogOutputStream:75 - [STDERR_REDIRECT] SLF4J: Failed to load class "org.slf4j.impl.StaticLoggerBinder".
2023-11-29 11:09:38,066 [ERROR] LogOutputStream:75 - [STDERR_REDIRECT] SLF4J: Defaulting to no-operation (NOP) logger implementation
2023-11-29 11:09:38,069 [ERROR] LogOutputStream:75 - [STDERR_REDIRECT] SLF4J: See http://www.slf4j.org/codes.html#StaticLoggerBinder for further details.
2023-11-29 11:10:36,341 [ERROR] LogOutputStream:75 - [STDERR_REDIRECT] 
