2023-12-28 12:24:32,876 [INFO] Activator:176 - 


2023-12-28 12:24:32,883 [INFO] Activator:177 - !SESSION log4j initialized
2023-12-28 12:24:41,251 [INFO] LogOutputStream:77 - [STDOUT_REDIRECT] 
2023-12-28 12:24:55,479 [INFO] ApplicationProperties:184 - Using Application install path: C:\ST\STM32CubeIDE_1.14.0\STM32CubeIDE\plugins\com.st.stm32cube.common.mx_6.10.0.202311202037
2023-12-28 12:24:55,510 [INFO] DbMcusXml:78 - Set database path to: C:\ST\STM32CubeIDE_1.14.0\STM32CubeIDE\plugins\com.st.stm32cube.common.mx_6.10.0.202311202037\\db\/mcu/
2023-12-28 12:24:55,510 [INFO] ApiDb:274 - Set plugin database path to: C:\ST\STM32CubeIDE_1.14.0\STM32CubeIDE\plugins\com.st.stm32cube.common.mx_6.10.0.202311202037\\db\/plugins/boardmanager/
2023-12-28 12:24:55,510 [WARN] ApiDb:259 - Overriding images path with different value:  => C:\ST\STM32CubeIDE_1.14.0\STM32CubeIDE\plugins\com.st.stm32cube.common.mx_6.10.0.202311202037\\db\/plugins/mcufinder/images/
2023-12-28 12:24:55,525 [INFO] ApiDb:250 - Set database path to: C:\Users\Steven\.stmcufinder\plugins\mcufinder//mcu/
2023-12-28 12:24:55,525 [INFO] DbMcusAds:125 - Set database path to: C:\Users\Steven\.stmcufinder\plugins\mcufinder//mcu/
2023-12-28 12:24:55,541 [INFO] CrossReferenceDbSqlite:203 - Set database path to: C:\Users\Steven\.stmcufinder\plugins\mcufinder//mcu/cs/
2023-12-28 12:24:55,650 [INFO] RulesReader:64 - Compatibility file has been processed (297 Rules)
2023-12-28 12:24:55,744 [INFO] DbMcusXml:78 - Set database path to: C:\ST\STM32CubeIDE_1.14.0\STM32CubeIDE\plugins\com.st.stm32cube.common.mx_6.10.0.202311202037\\db\/mcu/
2023-12-28 12:24:55,744 [INFO] ApiDb:274 - Set plugin database path to: C:\ST\STM32CubeIDE_1.14.0\STM32CubeIDE\plugins\com.st.stm32cube.common.mx_6.10.0.202311202037\\db\/plugins/boardmanager/
2023-12-28 12:24:55,744 [INFO] ApiDb:261 - Set plugin images path to: C:\ST\STM32CubeIDE_1.14.0\STM32CubeIDE\plugins\com.st.stm32cube.common.mx_6.10.0.202311202037\\db\/plugins/mcufinder/images/
2023-12-28 12:24:55,744 [WARN] DbFile:41 - Overriding database path with different value: C:\Users\Steven\.stmcufinder\plugins\mcufinder/ => C:\Users\Steven\.stmcufinder\plugins\mcufinder
2023-12-28 12:24:55,744 [INFO] ApiDb:250 - Set database path to: C:\Users\Steven\.stmcufinder\plugins\mcufinder//mcu/
2023-12-28 12:24:55,744 [WARN] DbFile:41 - Overriding database path with different value: C:\Users\Steven\.stmcufinder\plugins\mcufinder/ => C:\Users\Steven\.stmcufinder\plugins\mcufinder
2023-12-28 12:24:55,760 [INFO] DbMcusAds:125 - Set database path to: C:\Users\Steven\.stmcufinder\plugins\mcufinder//mcu/
2023-12-28 12:24:55,760 [WARN] DbFile:41 - Overriding database path with different value: C:\Users\Steven\.stmcufinder\plugins\mcufinder/ => C:\Users\Steven\.stmcufinder\plugins\mcufinder
2023-12-28 12:24:55,760 [WARN] DbFile:41 - Overriding database path with different value: C:\Users\Steven\.stmcufinder\plugins\mcufinder/ => C:\Users\Steven\.stmcufinder\plugins\mcufinder
2023-12-28 12:24:55,760 [INFO] CrossReferenceDbSqlite:203 - Set database path to: C:\Users\Steven\.stmcufinder\plugins\mcufinder//mcu/cs/
2023-12-28 12:24:55,838 [INFO] MainPanel:264 - HeapMemory: 268435456
2023-12-28 12:24:55,932 [INFO] DbMcusXml:78 - Set database path to: C:\ST\STM32CubeIDE_1.14.0\STM32CubeIDE\plugins\com.st.stm32cube.common.mx_6.10.0.202311202037\\db\/mcu/
2023-12-28 12:24:55,932 [INFO] ApiDb:274 - Set plugin database path to: C:\ST\STM32CubeIDE_1.14.0\STM32CubeIDE\plugins\com.st.stm32cube.common.mx_6.10.0.202311202037\\db\/plugins/boardmanager/
2023-12-28 12:24:55,932 [INFO] ApiDb:261 - Set plugin images path to: C:\ST\STM32CubeIDE_1.14.0\STM32CubeIDE\plugins\com.st.stm32cube.common.mx_6.10.0.202311202037\\db\/plugins/mcufinder/images/
2023-12-28 12:24:55,932 [WARN] DbFile:41 - Overriding database path with different value: C:\Users\Steven\.stmcufinder\plugins\mcufinder/ => C:\Users\Steven\.stmcufinder\plugins\mcufinder
2023-12-28 12:24:55,932 [INFO] ApiDb:250 - Set database path to: C:\Users\Steven\.stmcufinder\plugins\mcufinder//mcu/
2023-12-28 12:24:55,932 [WARN] DbFile:41 - Overriding database path with different value: C:\Users\Steven\.stmcufinder\plugins\mcufinder/ => C:\Users\Steven\.stmcufinder\plugins\mcufinder
2023-12-28 12:24:55,932 [INFO] DbMcusAds:125 - Set database path to: C:\Users\Steven\.stmcufinder\plugins\mcufinder//mcu/
2023-12-28 12:24:55,947 [WARN] DbFile:41 - Overriding database path with different value: C:\Users\Steven\.stmcufinder\plugins\mcufinder/ => C:\Users\Steven\.stmcufinder\plugins\mcufinder
2023-12-28 12:24:55,947 [WARN] DbFile:41 - Overriding database path with different value: C:\Users\Steven\.stmcufinder\plugins\mcufinder/ => C:\Users\Steven\.stmcufinder\plugins\mcufinder
2023-12-28 12:24:55,947 [INFO] CrossReferenceDbSqlite:203 - Set database path to: C:\Users\Steven\.stmcufinder\plugins\mcufinder//mcu/cs/
2023-12-28 12:24:55,960 [INFO] ApplicationProperties:184 - Using Application install path: C:\ST\STM32CubeIDE_1.14.0\STM32CubeIDE\plugins\com.st.stm32cube.common.mx_6.10.0.202311202037
2023-12-28 12:24:55,960 [INFO] PluginManage:196 - Search for loadable plugins [exclusion list=, ]
2023-12-28 12:24:55,960 [INFO] PluginManage:310 - Check plugin analytics
2023-12-28 12:24:56,147 [INFO] AnalyticsPlugin:253 - Accepted Software Licenses: STM32CubeMX.6.9.2,STM32CubeMX.6.10.0
2023-12-28 12:24:56,147 [INFO] AnalyticsPlugin:255 - Accepted CMSIS Pack Licenses: 
2023-12-28 12:24:56,147 [INFO] AnalyticsPlugin:257 - Accepted Firmware Licenses: FW.F4.1.28.0,FW.L4.1.18.0
2023-12-28 12:24:56,163 [INFO] PluginManage:359 - Loaded plugin analytics (category:tool,tabindex:-1)
2023-12-28 12:24:56,163 [INFO] PluginManage:310 - Check plugin cadmodel
2023-12-28 12:24:56,163 [INFO] CADModel:105 - Init CAD model plugin
2023-12-28 12:24:56,163 [INFO] PluginManage:359 - Loaded plugin cadmodel (category:power,tabindex:5)
2023-12-28 12:24:56,163 [INFO] PluginManage:310 - Check plugin clock
2023-12-28 12:24:56,179 [INFO] PluginManage:359 - Loaded plugin clock (category:base,tabindex:2)
2023-12-28 12:24:56,179 [INFO] PluginManage:310 - Check plugin ddr
2023-12-28 12:24:56,179 [INFO] PluginManage:359 - Loaded plugin ddr (category:tool,tabindex:6)
2023-12-28 12:24:56,179 [INFO] PluginManage:310 - Check plugin filemanager
2023-12-28 12:24:56,309 [INFO] PluginManage:359 - Loaded plugin filemanager (category:base,tabindex:10)
2023-12-28 12:24:56,309 [INFO] PluginManage:310 - Check plugin ipmanager
2023-12-28 12:24:56,325 [INFO] PluginManage:359 - Loaded plugin ipmanager (category:base,tabindex:5)
2023-12-28 12:24:56,325 [INFO] PluginManage:310 - Check plugin lpbam
2023-12-28 12:24:56,325 [INFO] PluginManage:359 - Loaded plugin lpbam (category:base,tabindex:0)
2023-12-28 12:24:56,325 [INFO] PluginManage:310 - Check plugin memorymap
2023-12-28 12:24:56,340 [INFO] PluginManage:359 - Loaded plugin memorymap (category:base,tabindex:4)
2023-12-28 12:24:56,340 [INFO] PluginManage:310 - Check plugin pinoutandconfiguration
2023-12-28 12:24:56,356 [INFO] PluginManage:359 - Loaded plugin pinoutandconfiguration (category:base,tabindex:1)
2023-12-28 12:24:56,356 [INFO] PluginManage:310 - Check plugin pinoutconfig
2023-12-28 12:24:56,434 [WARN] SupportedApi:132 - Cannot load RTOS API schema: s4s-elt-must-match.1: The content of 'definitions' must match (annotation?, (simpleType | complexType)?, (unique | key | keyref)*)). A problem was found starting at: attribute.
2023-12-28 12:24:56,575 [INFO] PluginManage:359 - Loaded plugin pinoutconfig (category:base,tabindex:0)
2023-12-28 12:24:56,575 [INFO] PluginManage:310 - Check plugin power
2023-12-28 12:24:56,590 [INFO] PluginManage:359 - Loaded plugin power (category:power,tabindex:4)
2023-12-28 12:24:56,590 [INFO] PluginManage:310 - Check plugin projectmanager
2023-12-28 12:24:56,606 [INFO] PluginManage:359 - Loaded plugin projectmanager (category:projectmanager,tabindex:3)
2023-12-28 12:24:56,606 [INFO] PluginManage:310 - Check plugin thirdparty
2023-12-28 12:24:56,762 [WARN] IntegrityCheckThread:84 - waiting for thirdparty lock release [integrity check]
2023-12-28 12:24:56,762 [INFO] PluginManage:359 - Loaded plugin thirdparty (category:base,tabindex:-1)
2023-12-28 12:24:56,766 [INFO] IntegrityCheckThread:86 - entering critical section [integrity check]
2023-12-28 12:24:56,767 [INFO] PluginManage:310 - Check plugin tools
2023-12-28 12:24:56,767 [INFO] ThirdPartyUpdaterWithRetryManager:70 - Updater plugin not ready yet. [1/15]
2023-12-28 12:24:56,767 [INFO] PluginManage:359 - Loaded plugin tools (category:base,tabindex:7)
2023-12-28 12:24:56,767 [INFO] PluginManage:310 - Check plugin tutovideos
2023-12-28 12:24:56,972 [INFO] PluginManage:359 - Loaded plugin tutovideos (category:base,tabindex:-1)
2023-12-28 12:24:56,972 [INFO] PluginManage:310 - Check plugin updater
2023-12-28 12:24:56,988 [INFO] PluginManage:359 - Loaded plugin updater (category:base,tabindex:12)
2023-12-28 12:24:56,988 [INFO] PluginManage:310 - Check plugin userauth
2023-12-28 12:24:56,988 [INFO] UserAuth:114 - Init User Auth plugin
2023-12-28 12:24:57,003 [INFO] PluginManage:359 - Loaded plugin userauth (category:base,tabindex:14)
2023-12-28 12:24:57,003 [INFO] PluginManage:283 - PluginManage : Loaded plugins [17]
2023-12-28 12:24:57,294 [INFO] PinOutPanel:1499 - setPackage(No Configuration,No Configuration)
2023-12-28 12:24:57,386 [INFO] CADModel:165 - CPN selected for project level
2023-12-28 12:24:57,386 [INFO] CADModel:114 - Register for checkConnection events
2023-12-28 12:24:57,404 [INFO] IPUIPlugin:80 - create IPUIPlugin
2023-12-28 12:24:57,404 [INFO] PluginManager:220 - loadIPPluginJar : add adc
2023-12-28 12:24:57,407 [INFO] IPUIPlugin:80 - create IPUIPlugin
2023-12-28 12:24:57,408 [INFO] PluginManager:220 - loadIPPluginJar : add aes
2023-12-28 12:24:57,410 [INFO] IPUIPlugin:80 - create IPUIPlugin
2023-12-28 12:24:57,410 [INFO] PluginManager:220 - loadIPPluginJar : add can
2023-12-28 12:24:57,414 [INFO] IPUIPlugin:80 - create IPUIPlugin
2023-12-28 12:24:57,415 [INFO] PluginManager:220 - loadIPPluginJar : add comp
2023-12-28 12:24:57,418 [INFO] IPUIPlugin:80 - create IPUIPlugin
2023-12-28 12:24:57,419 [INFO] PluginManager:220 - loadIPPluginJar : add cryp
2023-12-28 12:24:57,422 [INFO] IPUIPlugin:80 - create IPUIPlugin
2023-12-28 12:24:57,422 [INFO] PluginManager:220 - loadIPPluginJar : add dfsdm
2023-12-28 12:24:57,429 [INFO] IPUIPlugin:80 - create IPUIPlugin
2023-12-28 12:24:57,430 [INFO] PluginManager:220 - loadIPPluginJar : add dma
2023-12-28 12:24:57,434 [INFO] IPUIPlugin:80 - create IPUIPlugin
2023-12-28 12:24:57,434 [INFO] PluginManager:220 - loadIPPluginJar : add dma3
2023-12-28 12:24:57,437 [INFO] IPUIPlugin:80 - create IPUIPlugin
2023-12-28 12:24:57,437 [INFO] PluginManager:220 - loadIPPluginJar : add fatfs
2023-12-28 12:24:57,444 [INFO] IPUIPlugin:80 - create IPUIPlugin
2023-12-28 12:24:57,444 [INFO] PluginManager:220 - loadIPPluginJar : add fmc
2023-12-28 12:24:57,453 [INFO] IPUIPlugin:80 - create IPUIPlugin
2023-12-28 12:24:57,453 [INFO] PluginManager:220 - loadIPPluginJar : add freertos
2023-12-28 12:24:57,456 [INFO] IPUIPlugin:80 - create IPUIPlugin
2023-12-28 12:24:57,456 [INFO] PluginManager:220 - loadIPPluginJar : add genericplugin
2023-12-28 12:24:57,461 [INFO] IPUIPlugin:80 - create IPUIPlugin
2023-12-28 12:24:57,461 [INFO] PluginManager:220 - loadIPPluginJar : add gfxmmu
2023-12-28 12:24:57,468 [INFO] IPUIPlugin:80 - create IPUIPlugin
2023-12-28 12:24:57,469 [INFO] PluginManager:220 - loadIPPluginJar : add gic
2023-12-28 12:24:57,475 [INFO] IPUIPlugin:80 - create IPUIPlugin
2023-12-28 12:24:57,476 [INFO] PluginManager:220 - loadIPPluginJar : add gpio
2023-12-28 12:24:57,480 [INFO] IPUIPlugin:80 - create IPUIPlugin
2023-12-28 12:24:57,480 [INFO] PluginManager:220 - loadIPPluginJar : add gtzc
2023-12-28 12:24:57,485 [INFO] IPUIPlugin:80 - create IPUIPlugin
2023-12-28 12:24:57,485 [INFO] PluginManager:220 - loadIPPluginJar : add hash
2023-12-28 12:24:57,489 [INFO] IPUIPlugin:80 - create IPUIPlugin
2023-12-28 12:24:57,489 [INFO] PluginManager:220 - loadIPPluginJar : add i2c
2023-12-28 12:24:57,494 [INFO] IPUIPlugin:80 - create IPUIPlugin
2023-12-28 12:24:57,494 [INFO] PluginManager:220 - loadIPPluginJar : add i2s
2023-12-28 12:24:57,499 [INFO] IPUIPlugin:80 - create IPUIPlugin
2023-12-28 12:24:57,499 [INFO] PluginManager:220 - loadIPPluginJar : add i3c
2023-12-28 12:24:57,503 [INFO] IPUIPlugin:80 - create IPUIPlugin
2023-12-28 12:24:57,503 [INFO] PluginManager:220 - loadIPPluginJar : add ipddr
2023-12-28 12:24:57,513 [INFO] IPUIPlugin:80 - create IPUIPlugin
2023-12-28 12:24:57,514 [INFO] PluginManager:220 - loadIPPluginJar : add linkedlist
2023-12-28 12:24:57,518 [INFO] IPUIPlugin:80 - create IPUIPlugin
2023-12-28 12:24:57,519 [INFO] PluginManager:220 - loadIPPluginJar : add lorawan
2023-12-28 12:24:57,519 [INFO] IPUIPlugin:80 - create IPUIPlugin
2023-12-28 12:24:57,519 [INFO] PluginManager:220 - loadIPPluginJar : add ltdc
2023-12-28 12:24:57,531 [INFO] IPUIPlugin:80 - create IPUIPlugin
2023-12-28 12:24:57,531 [INFO] PluginManager:220 - loadIPPluginJar : add mdma
2023-12-28 12:24:57,535 [INFO] IPUIPlugin:80 - create IPUIPlugin
2023-12-28 12:24:57,536 [INFO] PluginManager:220 - loadIPPluginJar : add nvic
2023-12-28 12:24:57,537 [INFO] IPUIPlugin:80 - create IPUIPlugin
2023-12-28 12:24:57,537 [INFO] PluginManager:220 - loadIPPluginJar : add opamp
2023-12-28 12:24:57,545 [INFO] IPUIPlugin:80 - create IPUIPlugin
2023-12-28 12:24:57,545 [INFO] PluginManager:220 - loadIPPluginJar : add openamp
2023-12-28 12:24:57,545 [INFO] IPUIPlugin:80 - create IPUIPlugin
2023-12-28 12:24:57,545 [INFO] PluginManager:220 - loadIPPluginJar : add pdm2pcm
2023-12-28 12:24:57,554 [INFO] IPUIPlugin:80 - create IPUIPlugin
2023-12-28 12:24:57,554 [INFO] PluginManager:220 - loadIPPluginJar : add plateformsettings
2023-12-28 12:24:57,560 [INFO] IPUIPlugin:80 - create IPUIPlugin
2023-12-28 12:24:57,560 [INFO] PluginManager:220 - loadIPPluginJar : add quadspi
2023-12-28 12:24:57,560 [INFO] IPUIPlugin:80 - create IPUIPlugin
2023-12-28 12:24:57,560 [INFO] PluginManager:220 - loadIPPluginJar : add resmgrutility
2023-12-28 12:24:57,569 [INFO] IPUIPlugin:80 - create IPUIPlugin
2023-12-28 12:24:57,569 [INFO] PluginManager:220 - loadIPPluginJar : add sai
2023-12-28 12:24:57,572 [INFO] IPUIPlugin:80 - create IPUIPlugin
2023-12-28 12:24:57,572 [INFO] PluginManager:220 - loadIPPluginJar : add spi
2023-12-28 12:24:57,577 [INFO] IPUIPlugin:80 - create IPUIPlugin
2023-12-28 12:24:57,577 [INFO] PluginManager:220 - loadIPPluginJar : add stm32_wpan
2023-12-28 12:24:57,580 [INFO] IPUIPlugin:80 - create IPUIPlugin
2023-12-28 12:24:57,580 [INFO] PluginManager:220 - loadIPPluginJar : add tim
2023-12-28 12:24:57,584 [INFO] IPUIPlugin:80 - create IPUIPlugin
2023-12-28 12:24:57,584 [INFO] PluginManager:220 - loadIPPluginJar : add touchsensing
2023-12-28 12:24:57,586 [INFO] IPUIPlugin:80 - create IPUIPlugin
2023-12-28 12:24:57,587 [INFO] PluginManager:220 - loadIPPluginJar : add tracer_emb
2023-12-28 12:24:57,589 [INFO] IPUIPlugin:80 - create IPUIPlugin
2023-12-28 12:24:57,589 [INFO] PluginManager:220 - loadIPPluginJar : add ts
2023-12-28 12:24:57,592 [INFO] IPUIPlugin:80 - create IPUIPlugin
2023-12-28 12:24:57,592 [INFO] PluginManager:220 - loadIPPluginJar : add tsc
2023-12-28 12:24:57,594 [INFO] IPUIPlugin:80 - create IPUIPlugin
2023-12-28 12:24:57,594 [INFO] PluginManager:220 - loadIPPluginJar : add ucpd
2023-12-28 12:24:57,597 [INFO] IPUIPlugin:80 - create IPUIPlugin
2023-12-28 12:24:57,597 [INFO] PluginManager:220 - loadIPPluginJar : add usart
2023-12-28 12:24:57,600 [INFO] IPUIPlugin:80 - create IPUIPlugin
2023-12-28 12:24:57,601 [INFO] PluginManager:220 - loadIPPluginJar : add usbx
2023-12-28 12:24:57,733 [INFO] CADModel:165 - CPN selected for project level
2023-12-28 12:24:57,733 [INFO] CADModel:114 - Register for checkConnection events
2023-12-28 12:24:57,733 [FATAL] Updater:308 - Updater called before beeing initialized
2023-12-28 12:24:57,733 [ERROR] CADModel:125 - Updater not yet initialized, retry later 
2023-12-28 12:24:57,879 [INFO] CADModel:165 - CPN selected for project level
2023-12-28 12:24:57,879 [INFO] CADModel:114 - Register for checkConnection events
2023-12-28 12:24:57,879 [FATAL] Updater:308 - Updater called before beeing initialized
2023-12-28 12:24:57,879 [ERROR] CADModel:125 - Updater not yet initialized, retry later 
2023-12-28 12:24:57,879 [FATAL] Updater:308 - Updater called before beeing initialized
2023-12-28 12:24:58,023 [FATAL] Updater:308 - Updater called before beeing initialized
2023-12-28 12:24:58,038 [INFO] DbMcusAds:53 - JSON generation date=Wed Nov 29 10:52:27 GMT 2023 (1701255147349)
2023-12-28 12:24:58,038 [FATAL] Updater:308 - Updater called before beeing initialized
2023-12-28 12:24:58,117 [WARN] DetailPanel:346 - Failed to get advertising image, set to default
2023-12-28 12:24:58,210 [FATAL] Updater:308 - Updater called before beeing initialized
2023-12-28 12:24:58,210 [FATAL] Updater:308 - Updater called before beeing initialized
2023-12-28 12:24:58,210 [FATAL] Updater:308 - Updater called before beeing initialized
2023-12-28 12:24:58,210 [WARN] DetailPanel:346 - Failed to get advertising image, set to default
2023-12-28 12:24:58,210 [FATAL] Updater:308 - Updater called before beeing initialized
2023-12-28 12:24:58,273 [ERROR] Updater:1120 - MainUpdater not yet initialized. External WinMGr cannot be set.
2023-12-28 12:24:58,273 [INFO] Updater:1056 - Updater Version found : 6.10.0
2023-12-28 12:24:58,304 [INFO] ApplicationProperties:184 - Using Application install path: C:\ST\STM32CubeIDE_1.14.0\STM32CubeIDE\plugins\com.st.stm32cube.common.mx_6.10.0.202311202037
2023-12-28 12:24:58,789 [INFO] MainUpdater:2873 - connection check result : 10
2023-12-28 12:24:58,789 [INFO] MainUpdater:290 - Updater Check For Update Now.
2023-12-28 12:24:58,789 [INFO] MicroXplorer:498 - Change Database Version : DB.6.0.100
2023-12-28 12:24:58,805 [INFO] McuFinderGlobals:63 - Set McuFinder mode to 2 (CubeIDE integrated)
2023-12-28 12:24:59,009 [INFO] CheckServerUpdateThread:120 - End of CheckServer Thread
2023-12-28 12:24:59,424 [INFO] UserAuth:404 - Internet connection configuration mode: 1
2023-12-28 12:24:59,439 [INFO] JxBrowserEngine:152 - Initiate JxBrowser Engine with user profile folder
2023-12-28 12:25:00,836 [WARN] PackLoader:240 - Cannot read IP mode file for STMicroelectronics.X-CUBE-SMBUS.2.1.0
2023-12-28 12:25:00,870 [WARN] PackLoader:240 - Cannot read IP mode file for STMicroelectronics.X-CUBE-SUBG2.4.1.0
2023-12-28 12:25:00,886 [WARN] PackLoader:240 - Cannot read IP mode file for STMicroelectronics.X-CUBE-TOUCHGFX.4.23.0
2023-12-28 12:25:00,917 [WARN] PackLoader:240 - Cannot read IP mode file for STMicroelectronics.X-CUBE-AZRTOS-F7.1.1.0
2023-12-28 12:25:00,933 [WARN] PackLoader:240 - Cannot read IP mode file for STMicroelectronics.FP-SNS-MOTENV1.4.3.2
2023-12-28 12:25:00,933 [WARN] PackLoader:240 - Cannot read IP mode file for STMicroelectronics.X-CUBE-BLE1.6.2.3
2023-12-28 12:25:00,948 [WARN] PackLoader:240 - Cannot read IP mode file for STMicroelectronics.X-CUBE-EEPRMA1.3.0.0
2023-12-28 12:25:00,948 [WARN] PackLoader:240 - Cannot read IP mode file for STMicroelectronics.X-CUBE-BLE1.6.2.4
2023-12-28 12:25:00,964 [WARN] PackLoader:240 - Cannot read IP mode file for STMicroelectronics.X-CUBE-BLE1.6.2.0
2023-12-28 12:25:00,964 [WARN] PackLoader:240 - Cannot read IP mode file for STMicroelectronics.FP-SNS-FLIGHT1.5.0.2
2023-12-28 12:25:00,980 [WARN] PackLoader:240 - Cannot read IP mode file for STMicroelectronics.X-CUBE-TOF1.3.1.0
2023-12-28 12:25:01,011 [WARN] PackLoader:240 - Cannot read IP mode file for STMicroelectronics.X-CUBE-BLE2.3.2.0
2023-12-28 12:25:01,011 [WARN] PackLoader:240 - Cannot read IP mode file for STMicroelectronics.X-CUBE-DISPLAY.3.0.0
2023-12-28 12:25:01,026 [WARN] PackLoader:240 - Cannot read IP mode file for STMicroelectronics.X-CUBE-BLE1.7.0.0
2023-12-28 12:25:01,026 [WARN] PackLoader:240 - Cannot read IP mode file for STMicroelectronics.X-CUBE-TOUCHGFX.4.22.1
2023-12-28 12:25:01,058 [WARN] PackLoader:240 - Cannot read IP mode file for STMicroelectronics.X-CUBE-AZRTOS-H7.1.0.0
2023-12-28 12:25:01,105 [WARN] PackLoader:240 - Cannot read IP mode file for STMicroelectronics.X-CUBE-MEMS1.9.3.0
2023-12-28 12:25:01,407 [WARN] PackLoader:240 - Cannot read IP mode file for STMicroelectronics.X-CUBE-AI.7.2.0
2023-12-28 12:25:01,548 [WARN] PackLoader:240 - Cannot read IP mode file for STMicroelectronics.FP-SNS-SMARTAG2.1.2.0
2023-12-28 12:25:01,565 [INFO] LogOutputStream:77 - [STDOUT_REDIRECT] 1 : Invalid condition id : UX_CORESTACK_Condition cause : null
2023-12-28 12:25:01,565 [INFO] LogOutputStream:77 - [STDOUT_REDIRECT] 1 : Invalid condition id : UX_CORESTACK_Condition cause : null
2023-12-28 12:25:01,565 [INFO] LogOutputStream:77 - [STDOUT_REDIRECT] 1 : Invalid condition id : UX_CORESTACK_Condition cause : null
2023-12-28 12:25:01,581 [INFO] LogOutputStream:77 - [STDOUT_REDIRECT] 1 : Invalid condition id : UX_CORESTACK_Condition cause : null
2023-12-28 12:25:01,581 [INFO] LogOutputStream:77 - [STDOUT_REDIRECT] 1 : Invalid condition id : UX_CORESTACK_Condition cause : null
2023-12-28 12:25:01,581 [WARN] PackLoader:240 - Cannot read IP mode file for STMicroelectronics.X-CUBE-AZRTOS-WL.2.0.0
2023-12-28 12:25:01,591 [WARN] PackLoader:240 - Cannot read IP mode file for STMicroelectronics.X-CUBE-ALGOBUILD.1.2.0
2023-12-28 12:25:01,603 [WARN] PackLoader:240 - Cannot read IP mode file for WES.I-CUBE-Cesium.1.3.0
2023-12-28 12:25:01,619 [WARN] PackLoader:240 - Cannot read IP mode file for STMicroelectronics.X-CUBE-BLE2.3.3.0
2023-12-28 12:25:01,623 [WARN] PackLoader:240 - Cannot read IP mode file for STMicroelectronics.X-CUBE-DISPLAY.2.2.0
2023-12-28 12:25:01,643 [WARN] PackLoader:240 - Cannot read IP mode file for STMicroelectronics.X-CUBE-TOF1.3.2.0
2023-12-28 12:25:01,671 [WARN] PackLoader:240 - Cannot read IP mode file for STMicroelectronics.X-CUBE-AZRTOS-H7.2.1.0
2023-12-28 12:25:01,690 [WARN] PackLoader:240 - Cannot read IP mode file for STMicroelectronics.X-CUBE-TOUCHGFX.4.21.1
2023-12-28 12:25:01,698 [WARN] PackLoader:240 - Cannot read IP mode file for STMicroelectronics.X-CUBE-ALGOBUILD.1.3.0
2023-12-28 12:25:01,718 [WARN] PackLoader:240 - Cannot read IP mode file for STMicroelectronics.X-CUBE-AZRTOS-G0.1.1.0
2023-12-28 12:25:01,718 [WARN] PackLoader:240 - Cannot read IP mode file for STMicroelectronics.X-CUBE-NFC4.3.0.0
2023-12-28 12:25:01,768 [WARN] PackLoader:240 - Cannot read IP mode file for SEGGER.I-CUBE-embOS.1.2.0
2023-12-28 12:25:01,890 [WARN] PackLoader:240 - Cannot read IP mode file for STMicroelectronics.X-CUBE-BLEMGR.3.0.0
2023-12-28 12:25:01,921 [WARN] PackLoader:240 - Cannot read IP mode file for STMicroelectronics.FP-ATR-SIGFOX1.3.2.0
2023-12-28 12:25:01,921 [WARN] PackLoader:240 - Cannot read IP mode file for emotas.I-CUBE-CANOPEN.1.1.2
2023-12-28 12:25:01,942 [WARN] PackLoader:240 - Cannot read IP mode file for STMicroelectronics.X-CUBE-TOUCHGFX.4.20.0
2023-12-28 12:25:01,945 [INFO] WebApp:161 - Instantiating new browser for Auth
2023-12-28 12:25:02,037 [WARN] PackLoader:240 - Cannot read IP mode file for STMicroelectronics.X-CUBE-MEMS1.9.5.0
2023-12-28 12:25:02,281 [WARN] PackLoader:240 - Cannot read IP mode file for SEGGER.I-CUBE-embOS.1.3.1
2023-12-28 12:25:02,328 [WARN] PackLoader:240 - Cannot read IP mode file for STMicroelectronics.X-CUBE-TOUCHGFX.4.16.1
2023-12-28 12:25:02,343 [WARN] PackLoader:240 - Cannot read IP mode file for STMicroelectronics.X-CUBE-GNSS1.6.0.0
2023-12-28 12:25:02,359 [WARN] PackLoader:240 - Cannot read IP mode file for STMicroelectronics.X-CUBE-AZRTOS-F4.1.1.0
2023-12-28 12:25:02,422 [WARN] PackLoader:240 - Cannot read IP mode file for STMicroelectronics.X-CUBE-AZRTOS-L5.2.0.0
2023-12-28 12:25:02,453 [WARN] PackLoader:240 - Cannot read IP mode file for STMicroelectronics.X-CUBE-EEPRMA1.4.2.0
2023-12-28 12:25:02,468 [WARN] PackLoader:240 - Cannot read IP mode file for ITTIA_DB.I-CUBE-ITTIADB.8.8.0
2023-12-28 12:25:02,484 [WARN] PackLoader:240 - Cannot read IP mode file for STMicroelectronics.X-CUBE-BLEMGR.2.0.0
2023-12-28 12:25:02,500 [WARN] PackLoader:240 - Cannot read IP mode file for STMicroelectronics.X-CUBE-NFC4.2.0.4
2023-12-28 12:25:02,500 [WARN] PackLoader:240 - Cannot read IP mode file for STMicroelectronics.X-CUBE-NFC4.2.0.2
2023-12-28 12:25:02,531 [WARN] ConditionMgr:438 - getConditionDescription Invalid condition id : UX DEVICE CLASS RTOS Condition cause : null
2023-12-28 12:25:02,531 [WARN] ConditionMgr:438 - getConditionDescription Invalid condition id : UX DEVICE CLASS RTOS Condition cause : null
2023-12-28 12:25:02,531 [WARN] PackLoader:240 - Cannot read IP mode file for STMicroelectronics.X-CUBE-AZRTOS-H7.3.1.0
2023-12-28 12:25:02,531 [WARN] ConditionMgr:1039 - genDependencies : Invalid condition id : UX DEVICE CLASS RTOS Condition cause : null
2023-12-28 12:25:02,531 [WARN] ConditionMgr:1039 - genDependencies : Invalid condition id : UX DEVICE CLASS RTOS Condition cause : null
2023-12-28 12:25:02,531 [WARN] ConditionMgr:1039 - genDependencies : Invalid condition id : UX DEVICE CLASS RTOS Condition cause : null
2023-12-28 12:25:02,531 [WARN] ConditionMgr:1039 - genDependencies : Invalid condition id : UX DEVICE CLASS RTOS Condition cause : null
2023-12-28 12:25:02,531 [WARN] ConditionMgr:1039 - genDependencies : Invalid condition id : UX DEVICE CLASS RTOS Condition cause : null
2023-12-28 12:25:02,562 [WARN] PackLoader:240 - Cannot read IP mode file for STMicroelectronics.X-CUBE-AZRTOS-F4.1.0.0
2023-12-28 12:25:02,562 [WARN] PackLoader:240 - Cannot read IP mode file for STMicroelectronics.X-CUBE-NFC7.1.0.1
2023-12-28 12:25:02,578 [WARN] PackLoader:240 - Cannot read IP mode file for STMicroelectronics.X-CUBE-NFC7.1.0.0
2023-12-28 12:25:02,578 [WARN] PackLoader:240 - Cannot read IP mode file for STMicroelectronics.X-CUBE-NFC6.3.0.0
2023-12-28 12:25:02,593 [WARN] PackLoader:240 - Cannot read IP mode file for STMicroelectronics.X-CUBE-EEPRMA1.4.1.0
2023-12-28 12:25:02,593 [WARN] PackLoader:240 - Cannot read IP mode file for STMicroelectronics.X-CUBE-DISPLAY.1.0.0
2023-12-28 12:25:02,609 [WARN] PackLoader:240 - Cannot read IP mode file for STMicroelectronics.X-CUBE-AI.8.1.0
2023-12-28 12:25:02,609 [WARN] PackLoader:240 - Cannot read IP mode file for STMicroelectronics.X-CUBE-AI.6.0.0
2023-12-28 12:25:02,628 [WARN] ConditionMgr:438 - getConditionDescription Invalid condition id : LAN8742 Phy interface Condition cause : null
2023-12-28 12:25:02,628 [WARN] PackLoader:240 - Cannot read IP mode file for STMicroelectronics.X-CUBE-AZRTOS-L4.2.0.0
2023-12-28 12:25:02,644 [WARN] ConditionMgr:1039 - genDependencies : Invalid condition id : LAN8742 Phy interface Condition cause : null
2023-12-28 12:25:02,644 [WARN] ConditionMgr:1039 - genDependencies : Invalid condition id : LAN8742 Phy interface Condition cause : null
2023-12-28 12:25:02,644 [WARN] ConditionMgr:1039 - genDependencies : Invalid condition id : LAN8742 Phy interface Condition cause : null
2023-12-28 12:25:02,675 [WARN] PackLoader:240 - Cannot read IP mode file for STMicroelectronics.X-CUBE-SFXS2LP1.4.0.0
2023-12-28 12:25:02,691 [WARN] PackLoader:240 - Cannot read IP mode file for wolfSSL.I-CUBE-wolfSSL.4.7.0
2023-12-28 12:25:02,722 [WARN] PackLoader:240 - Cannot read IP mode file for STMicroelectronics.X-CUBE-AZRTOS-H7.3.0.0
2023-12-28 12:25:02,753 [WARN] PackLoader:240 - Cannot read IP mode file for STMicroelectronics.X-CUBE-ISPU.1.1.0
2023-12-28 12:25:02,753 [WARN] PackLoader:240 - Cannot read IP mode file for RoweBots.I-CUBE-UNISONRTOS.5.5.0-4
2023-12-28 12:25:02,785 [WARN] PackLoader:240 - Cannot read IP mode file for STMicroelectronics.X-CUBE-SFXS2LP1.3.0.0
2023-12-28 12:25:02,804 [WARN] PackLoader:240 - Cannot read IP mode file for STMicroelectronics.X-CUBE-AI.8.0.0
2023-12-28 12:25:02,861 [WARN] ConditionMgr:438 - getConditionDescription Invalid condition id : UX DEVICE CLASS RTOS Condition cause : null
2023-12-28 12:25:02,862 [WARN] ConditionMgr:438 - getConditionDescription Invalid condition id : UX DEVICE CLASS RTOS Condition cause : null
2023-12-28 12:25:02,866 [WARN] PackLoader:240 - Cannot read IP mode file for STMicroelectronics.X-CUBE-AZRTOS-WB.2.0.0
2023-12-28 12:25:02,870 [WARN] ConditionMgr:1039 - genDependencies : Invalid condition id : UX DEVICE CLASS RTOS Condition cause : null
2023-12-28 12:25:02,873 [WARN] ConditionMgr:1039 - genDependencies : Invalid condition id : UX DEVICE CLASS RTOS Condition cause : null
2023-12-28 12:25:02,873 [WARN] ConditionMgr:1039 - genDependencies : Invalid condition id : UX DEVICE CLASS RTOS Condition cause : null
2023-12-28 12:25:02,873 [WARN] ConditionMgr:1039 - genDependencies : Invalid condition id : UX DEVICE CLASS RTOS Condition cause : null
2023-12-28 12:25:02,873 [WARN] ConditionMgr:1039 - genDependencies : Invalid condition id : UX DEVICE CLASS RTOS Condition cause : null
2023-12-28 12:25:02,888 [WARN] PackLoader:240 - Cannot read IP mode file for STMicroelectronics.X-CUBE-FREERTOS.1.0.0
2023-12-28 12:25:02,904 [WARN] PackLoader:240 - Cannot read IP mode file for STMicroelectronics.X-CUBE-BLEMGR.1.0.0
2023-12-28 12:25:02,920 [WARN] PackLoader:240 - Cannot read IP mode file for STMicroelectronics.X-CUBE-AZRTOS-L5.1.1.0
2023-12-28 12:25:02,966 [WARN] PackLoader:240 - Cannot read IP mode file for STMicroelectronics.X-CUBE-SUBG2.5.0.0
2023-12-28 12:25:02,982 [WARN] PackLoader:240 - Cannot read IP mode file for STMicroelectronics.X-CUBE-TOF1.3.3.1
2023-12-28 12:25:03,023 [WARN] PackLoader:240 - Cannot read IP mode file for STMicroelectronics.X-CUBE-AZRTOS-G4.2.0.0
2023-12-28 12:25:03,039 [WARN] PackLoader:240 - Cannot read IP mode file for STMicroelectronics.FP-ATR-ASTRA1.1.1.1
2023-12-28 12:25:03,070 [WARN] PackLoader:240 - Cannot read IP mode file for Infineon.AIROC-Wi-Fi-Bluetooth-STM32.1.5.1
2023-12-28 12:25:03,086 [WARN] PackLoader:240 - Cannot read IP mode file for STMicroelectronics.FP-ATR-ASTRA1.1.1.0
2023-12-28 12:25:03,101 [WARN] PackLoader:240 - Cannot read IP mode file for STMicroelectronics.FP-SNS-MOTENVWB1.1.3.0
2023-12-28 12:25:03,101 [WARN] PackLoader:240 - Cannot read IP mode file for STMicroelectronics.FP-SNS-MOTENVWB1.1.3.1
2023-12-28 12:25:03,147 [WARN] PackLoader:240 - Cannot read IP mode file for STMicroelectronics.X-CUBE-AZRTOS-G4.1.0.0
2023-12-28 12:25:03,207 [WARN] PackLoader:240 - Cannot read IP mode file for STMicroelectronics.X-CUBE-AZRTOS-L4.1.0.0
2023-12-28 12:25:03,222 [WARN] PackLoader:240 - Cannot read IP mode file for STMicroelectronics.X-CUBE-ISPU.2.0.0
2023-12-28 12:25:03,425 [WARN] PackLoader:240 - Cannot read IP mode file for STMicroelectronics.X-CUBE-MEMS1.10.0.0
2023-12-28 12:25:03,525 [WARN] PackLoader:240 - Cannot read IP mode file for STMicroelectronics.X-CUBE-FREERTOS.1.1.0
2023-12-28 12:25:03,541 [WARN] PackLoader:240 - Cannot read IP mode file for STMicroelectronics.X-CUBE-AZRTOS-WL.1.0.0
2023-12-28 12:25:03,557 [WARN] PackLoader:240 - Cannot read IP mode file for STMicroelectronics.X-CUBE-TOF1.1.0.0
2023-12-28 12:25:03,557 [WARN] PackLoader:240 - Cannot read IP mode file for portGmbH.I-Cube-SoM-uGOAL.1.1.0
2023-12-28 12:25:03,572 [WARN] PackLoader:240 - Cannot read IP mode file for STMicroelectronics.X-CUBE-ALS.1.0.1
2023-12-28 12:25:03,588 [WARN] PackLoader:240 - Cannot read IP mode file for STMicroelectronics.X-CUBE-AZRTOS-WB.1.1.0
2023-12-28 12:25:03,619 [WARN] PackLoader:240 - Cannot read IP mode file for STMicroelectronics.X-CUBE-MEMS1.8.3.0
2023-12-28 12:25:03,713 [WARN] PackLoader:240 - Cannot read IP mode file for STMicroelectronics.X-CUBE-AZRTOS-L5.1.0.0
2023-12-28 12:25:03,713 [WARN] PackLoader:240 - Cannot read IP mode file for STMicroelectronics.X-CUBE-EEPRMA1.3.1.1
2023-12-28 12:25:03,713 [WARN] PackLoader:240 - Cannot read IP mode file for STMicroelectronics.X-CUBE-GNSS1.5.2.0
2023-12-28 12:25:03,729 [WARN] PackLoader:240 - Cannot read IP mode file for STMicroelectronics.FP-ATR-ASTRA1.2.0.0
2023-12-28 12:25:03,744 [WARN] PackLoader:240 - Cannot read IP mode file for STMicroelectronics.X-CUBE-TOF1.3.4.0
2023-12-28 12:25:03,775 [WARN] PackLoader:240 - Cannot read IP mode file for STMicroelectronics.X-CUBE-AZRTOS-H7.3.2.0
2023-12-28 12:25:03,791 [INFO] ThirdParty:978 - Integrity check success = true
2023-12-28 12:25:03,791 [INFO] IntegrityCheckThread:100 - exiting critical section [integrity check]
2023-12-28 12:25:03,791 [INFO] IntegrityCheckThread:103 - End integrity checks thread
2023-12-28 12:25:03,900 [INFO] WebApp:780 - Register for checkConnection events
2023-12-28 12:25:03,900 [INFO] WebApp:414 - Apply proxy settings
2023-12-28 12:25:03,900 [INFO] WebApp:499 - Chromium requires no authentication
2023-12-28 12:25:03,910 [INFO] WebApp:442 - Direct internet connection detected
2023-12-28 12:25:04,192 [INFO] WebApp:192 - Starting web application
2023-12-28 12:25:04,192 [INFO] WebApp:544 - Web application path used C:\ST\STM32CubeIDE_1.14.0\STM32CubeIDE\plugins\com.st.stm32cube.common.mx_6.10.0.202311202037\db\plugins\mcufinder\reactClient1\index.html
2023-12-28 12:25:24,941 [ERROR] LogOutputStream:75 - [STDERR_REDIRECT] SLF4J: Failed to load class "org.slf4j.impl.StaticLoggerBinder".
2023-12-28 12:25:24,942 [ERROR] LogOutputStream:75 - [STDERR_REDIRECT] SLF4J: Defaulting to no-operation (NOP) logger implementation
2023-12-28 12:25:24,945 [ERROR] LogOutputStream:75 - [STDERR_REDIRECT] SLF4J: See http://www.slf4j.org/codes.html#StaticLoggerBinder for further details.
2023-12-28 12:29:41,840 [INFO] LogOutputStream:77 - [STDOUT_REDIRECT] StartTraceHandler.execute(), success : Collect=false
2023-12-28 12:29:45,059 [INFO] LogOutputStream:77 - [STDOUT_REDIRECT] StartTraceHandler.execute(), success : Collect=true
2023-12-28 12:29:45,738 [INFO] LogOutputStream:77 - [STDOUT_REDIRECT] StartTraceHandler.execute(), success : Collect=false
2023-12-28 12:29:47,740 [INFO] LogOutputStream:77 - [STDOUT_REDIRECT] StartTraceHandler.execute(), success : Collect=true
2023-12-28 13:52:36,080 [ERROR] LogOutputStream:75 - [STDERR_REDIRECT] 
2023-12-28 17:20:45,419 [INFO] Activator:176 - 


2023-12-28 17:20:45,421 [INFO] Activator:177 - !SESSION log4j initialized
2023-12-28 17:20:52,609 [INFO] LogOutputStream:77 - [STDOUT_REDIRECT] 
2023-12-28 17:20:56,875 [INFO] ApplicationProperties:184 - Using Application install path: C:\ST\STM32CubeIDE_1.14.0\STM32CubeIDE\plugins\com.st.stm32cube.common.mx_6.10.0.202311202037
2023-12-28 17:20:56,896 [INFO] DbMcusXml:78 - Set database path to: C:\ST\STM32CubeIDE_1.14.0\STM32CubeIDE\plugins\com.st.stm32cube.common.mx_6.10.0.202311202037\\db\/mcu/
2023-12-28 17:20:56,896 [INFO] ApiDb:274 - Set plugin database path to: C:\ST\STM32CubeIDE_1.14.0\STM32CubeIDE\plugins\com.st.stm32cube.common.mx_6.10.0.202311202037\\db\/plugins/boardmanager/
2023-12-28 17:20:56,896 [WARN] ApiDb:259 - Overriding images path with different value:  => C:\ST\STM32CubeIDE_1.14.0\STM32CubeIDE\plugins\com.st.stm32cube.common.mx_6.10.0.202311202037\\db\/plugins/mcufinder/images/
2023-12-28 17:20:56,910 [INFO] ApiDb:250 - Set database path to: C:\Users\Steven\.stmcufinder\plugins\mcufinder//mcu/
2023-12-28 17:20:56,911 [INFO] DbMcusAds:125 - Set database path to: C:\Users\Steven\.stmcufinder\plugins\mcufinder//mcu/
2023-12-28 17:20:56,913 [INFO] CrossReferenceDbSqlite:203 - Set database path to: C:\Users\Steven\.stmcufinder\plugins\mcufinder//mcu/cs/
2023-12-28 17:20:57,055 [INFO] RulesReader:64 - Compatibility file has been processed (297 Rules)
2023-12-28 17:20:57,178 [INFO] DbMcusXml:78 - Set database path to: C:\ST\STM32CubeIDE_1.14.0\STM32CubeIDE\plugins\com.st.stm32cube.common.mx_6.10.0.202311202037\\db\/mcu/
2023-12-28 17:20:57,178 [INFO] ApiDb:274 - Set plugin database path to: C:\ST\STM32CubeIDE_1.14.0\STM32CubeIDE\plugins\com.st.stm32cube.common.mx_6.10.0.202311202037\\db\/plugins/boardmanager/
2023-12-28 17:20:57,178 [INFO] ApiDb:261 - Set plugin images path to: C:\ST\STM32CubeIDE_1.14.0\STM32CubeIDE\plugins\com.st.stm32cube.common.mx_6.10.0.202311202037\\db\/plugins/mcufinder/images/
2023-12-28 17:20:57,178 [WARN] DbFile:41 - Overriding database path with different value: C:\Users\Steven\.stmcufinder\plugins\mcufinder/ => C:\Users\Steven\.stmcufinder\plugins\mcufinder
2023-12-28 17:20:57,178 [INFO] ApiDb:250 - Set database path to: C:\Users\Steven\.stmcufinder\plugins\mcufinder//mcu/
2023-12-28 17:20:57,178 [WARN] DbFile:41 - Overriding database path with different value: C:\Users\Steven\.stmcufinder\plugins\mcufinder/ => C:\Users\Steven\.stmcufinder\plugins\mcufinder
2023-12-28 17:20:57,178 [INFO] DbMcusAds:125 - Set database path to: C:\Users\Steven\.stmcufinder\plugins\mcufinder//mcu/
2023-12-28 17:20:57,179 [WARN] DbFile:41 - Overriding database path with different value: C:\Users\Steven\.stmcufinder\plugins\mcufinder/ => C:\Users\Steven\.stmcufinder\plugins\mcufinder
2023-12-28 17:20:57,179 [WARN] DbFile:41 - Overriding database path with different value: C:\Users\Steven\.stmcufinder\plugins\mcufinder/ => C:\Users\Steven\.stmcufinder\plugins\mcufinder
2023-12-28 17:20:57,179 [INFO] CrossReferenceDbSqlite:203 - Set database path to: C:\Users\Steven\.stmcufinder\plugins\mcufinder//mcu/cs/
2023-12-28 17:20:57,296 [INFO] MainPanel:264 - HeapMemory: 268435456
2023-12-28 17:20:57,418 [INFO] DbMcusXml:78 - Set database path to: C:\ST\STM32CubeIDE_1.14.0\STM32CubeIDE\plugins\com.st.stm32cube.common.mx_6.10.0.202311202037\\db\/mcu/
2023-12-28 17:20:57,418 [INFO] ApiDb:274 - Set plugin database path to: C:\ST\STM32CubeIDE_1.14.0\STM32CubeIDE\plugins\com.st.stm32cube.common.mx_6.10.0.202311202037\\db\/plugins/boardmanager/
2023-12-28 17:20:57,418 [INFO] ApiDb:261 - Set plugin images path to: C:\ST\STM32CubeIDE_1.14.0\STM32CubeIDE\plugins\com.st.stm32cube.common.mx_6.10.0.202311202037\\db\/plugins/mcufinder/images/
2023-12-28 17:20:57,418 [WARN] DbFile:41 - Overriding database path with different value: C:\Users\Steven\.stmcufinder\plugins\mcufinder/ => C:\Users\Steven\.stmcufinder\plugins\mcufinder
2023-12-28 17:20:57,418 [INFO] ApiDb:250 - Set database path to: C:\Users\Steven\.stmcufinder\plugins\mcufinder//mcu/
2023-12-28 17:20:57,419 [WARN] DbFile:41 - Overriding database path with different value: C:\Users\Steven\.stmcufinder\plugins\mcufinder/ => C:\Users\Steven\.stmcufinder\plugins\mcufinder
2023-12-28 17:20:57,419 [INFO] DbMcusAds:125 - Set database path to: C:\Users\Steven\.stmcufinder\plugins\mcufinder//mcu/
2023-12-28 17:20:57,419 [WARN] DbFile:41 - Overriding database path with different value: C:\Users\Steven\.stmcufinder\plugins\mcufinder/ => C:\Users\Steven\.stmcufinder\plugins\mcufinder
2023-12-28 17:20:57,419 [WARN] DbFile:41 - Overriding database path with different value: C:\Users\Steven\.stmcufinder\plugins\mcufinder/ => C:\Users\Steven\.stmcufinder\plugins\mcufinder
2023-12-28 17:20:57,419 [INFO] CrossReferenceDbSqlite:203 - Set database path to: C:\Users\Steven\.stmcufinder\plugins\mcufinder//mcu/cs/
2023-12-28 17:20:57,442 [INFO] ApplicationProperties:184 - Using Application install path: C:\ST\STM32CubeIDE_1.14.0\STM32CubeIDE\plugins\com.st.stm32cube.common.mx_6.10.0.202311202037
2023-12-28 17:20:57,444 [INFO] PluginManage:196 - Search for loadable plugins [exclusion list=, ]
2023-12-28 17:20:57,447 [INFO] PluginManage:310 - Check plugin analytics
2023-12-28 17:20:57,671 [INFO] AnalyticsPlugin:253 - Accepted Software Licenses: STM32CubeMX.6.9.2,STM32CubeMX.6.10.0
2023-12-28 17:20:57,671 [INFO] AnalyticsPlugin:255 - Accepted CMSIS Pack Licenses: 
2023-12-28 17:20:57,672 [INFO] AnalyticsPlugin:257 - Accepted Firmware Licenses: FW.F4.1.28.0,FW.L4.1.18.0
2023-12-28 17:20:57,675 [INFO] PluginManage:359 - Loaded plugin analytics (category:tool,tabindex:-1)
2023-12-28 17:20:57,676 [INFO] PluginManage:310 - Check plugin cadmodel
2023-12-28 17:20:57,683 [INFO] CADModel:105 - Init CAD model plugin
2023-12-28 17:20:57,683 [INFO] PluginManage:359 - Loaded plugin cadmodel (category:power,tabindex:5)
2023-12-28 17:20:57,683 [INFO] PluginManage:310 - Check plugin clock
2023-12-28 17:20:57,700 [INFO] PluginManage:359 - Loaded plugin clock (category:base,tabindex:2)
2023-12-28 17:20:57,700 [INFO] PluginManage:310 - Check plugin ddr
2023-12-28 17:20:57,703 [INFO] PluginManage:359 - Loaded plugin ddr (category:tool,tabindex:6)
2023-12-28 17:20:57,703 [INFO] PluginManage:310 - Check plugin filemanager
2023-12-28 17:20:57,879 [INFO] PluginManage:359 - Loaded plugin filemanager (category:base,tabindex:10)
2023-12-28 17:20:57,880 [INFO] PluginManage:310 - Check plugin ipmanager
2023-12-28 17:20:57,889 [INFO] PluginManage:359 - Loaded plugin ipmanager (category:base,tabindex:5)
2023-12-28 17:20:57,889 [INFO] PluginManage:310 - Check plugin lpbam
2023-12-28 17:20:57,897 [INFO] PluginManage:359 - Loaded plugin lpbam (category:base,tabindex:0)
2023-12-28 17:20:57,897 [INFO] PluginManage:310 - Check plugin memorymap
2023-12-28 17:20:57,916 [INFO] PluginManage:359 - Loaded plugin memorymap (category:base,tabindex:4)
2023-12-28 17:20:57,916 [INFO] PluginManage:310 - Check plugin pinoutandconfiguration
2023-12-28 17:20:57,925 [INFO] PluginManage:359 - Loaded plugin pinoutandconfiguration (category:base,tabindex:1)
2023-12-28 17:20:57,925 [INFO] PluginManage:310 - Check plugin pinoutconfig
2023-12-28 17:20:58,019 [WARN] SupportedApi:132 - Cannot load RTOS API schema: s4s-elt-must-match.1: The content of 'definitions' must match (annotation?, (simpleType | complexType)?, (unique | key | keyref)*)). A problem was found starting at: attribute.
2023-12-28 17:20:58,163 [INFO] PluginManage:359 - Loaded plugin pinoutconfig (category:base,tabindex:0)
2023-12-28 17:20:58,163 [INFO] PluginManage:310 - Check plugin power
2023-12-28 17:20:58,177 [INFO] PluginManage:359 - Loaded plugin power (category:power,tabindex:4)
2023-12-28 17:20:58,177 [INFO] PluginManage:310 - Check plugin projectmanager
2023-12-28 17:20:58,193 [INFO] PluginManage:359 - Loaded plugin projectmanager (category:projectmanager,tabindex:3)
2023-12-28 17:20:58,193 [INFO] PluginManage:310 - Check plugin thirdparty
2023-12-28 17:20:58,369 [INFO] PluginManage:359 - Loaded plugin thirdparty (category:base,tabindex:-1)
2023-12-28 17:20:58,369 [WARN] IntegrityCheckThread:84 - waiting for thirdparty lock release [integrity check]
2023-12-28 17:20:58,369 [INFO] PluginManage:310 - Check plugin tools
2023-12-28 17:20:58,370 [INFO] IntegrityCheckThread:86 - entering critical section [integrity check]
2023-12-28 17:20:58,370 [INFO] ThirdPartyUpdaterWithRetryManager:70 - Updater plugin not ready yet. [1/15]
2023-12-28 17:20:58,373 [INFO] PluginManage:359 - Loaded plugin tools (category:base,tabindex:7)
2023-12-28 17:20:58,373 [INFO] PluginManage:310 - Check plugin tutovideos
2023-12-28 17:20:58,565 [INFO] PluginManage:359 - Loaded plugin tutovideos (category:base,tabindex:-1)
2023-12-28 17:20:58,566 [INFO] PluginManage:310 - Check plugin updater
2023-12-28 17:20:58,579 [INFO] PluginManage:359 - Loaded plugin updater (category:base,tabindex:12)
2023-12-28 17:20:58,579 [INFO] PluginManage:310 - Check plugin userauth
2023-12-28 17:20:58,585 [INFO] UserAuth:114 - Init User Auth plugin
2023-12-28 17:20:58,585 [INFO] PluginManage:359 - Loaded plugin userauth (category:base,tabindex:14)
2023-12-28 17:20:58,586 [INFO] PluginManage:283 - PluginManage : Loaded plugins [17]
2023-12-28 17:20:58,820 [INFO] PinOutPanel:1499 - setPackage(No Configuration,No Configuration)
2023-12-28 17:20:58,907 [INFO] CADModel:165 - CPN selected for project level
2023-12-28 17:20:58,907 [INFO] CADModel:114 - Register for checkConnection events
2023-12-28 17:20:58,926 [INFO] IPUIPlugin:80 - create IPUIPlugin
2023-12-28 17:20:58,926 [INFO] PluginManager:220 - loadIPPluginJar : add adc
2023-12-28 17:20:58,929 [INFO] IPUIPlugin:80 - create IPUIPlugin
2023-12-28 17:20:58,929 [INFO] PluginManager:220 - loadIPPluginJar : add aes
2023-12-28 17:20:58,933 [INFO] IPUIPlugin:80 - create IPUIPlugin
2023-12-28 17:20:58,933 [INFO] PluginManager:220 - loadIPPluginJar : add can
2023-12-28 17:20:58,935 [INFO] IPUIPlugin:80 - create IPUIPlugin
2023-12-28 17:20:58,935 [INFO] PluginManager:220 - loadIPPluginJar : add comp
2023-12-28 17:20:58,938 [INFO] IPUIPlugin:80 - create IPUIPlugin
2023-12-28 17:20:58,938 [INFO] PluginManager:220 - loadIPPluginJar : add cryp
2023-12-28 17:20:58,941 [INFO] IPUIPlugin:80 - create IPUIPlugin
2023-12-28 17:20:58,942 [INFO] PluginManager:220 - loadIPPluginJar : add dfsdm
2023-12-28 17:20:58,947 [INFO] IPUIPlugin:80 - create IPUIPlugin
2023-12-28 17:20:58,948 [INFO] PluginManager:220 - loadIPPluginJar : add dma
2023-12-28 17:20:58,950 [INFO] IPUIPlugin:80 - create IPUIPlugin
2023-12-28 17:20:58,950 [INFO] PluginManager:220 - loadIPPluginJar : add dma3
2023-12-28 17:20:58,952 [INFO] IPUIPlugin:80 - create IPUIPlugin
2023-12-28 17:20:58,952 [INFO] PluginManager:220 - loadIPPluginJar : add fatfs
2023-12-28 17:20:58,956 [INFO] IPUIPlugin:80 - create IPUIPlugin
2023-12-28 17:20:58,957 [INFO] PluginManager:220 - loadIPPluginJar : add fmc
2023-12-28 17:20:58,963 [INFO] IPUIPlugin:80 - create IPUIPlugin
2023-12-28 17:20:58,963 [INFO] PluginManager:220 - loadIPPluginJar : add freertos
2023-12-28 17:20:58,966 [INFO] IPUIPlugin:80 - create IPUIPlugin
2023-12-28 17:20:58,966 [INFO] PluginManager:220 - loadIPPluginJar : add genericplugin
2023-12-28 17:20:58,969 [INFO] IPUIPlugin:80 - create IPUIPlugin
2023-12-28 17:20:58,969 [INFO] PluginManager:220 - loadIPPluginJar : add gfxmmu
2023-12-28 17:20:58,973 [INFO] IPUIPlugin:80 - create IPUIPlugin
2023-12-28 17:20:58,974 [INFO] PluginManager:220 - loadIPPluginJar : add gic
2023-12-28 17:20:58,979 [INFO] IPUIPlugin:80 - create IPUIPlugin
2023-12-28 17:20:58,979 [INFO] PluginManager:220 - loadIPPluginJar : add gpio
2023-12-28 17:20:58,981 [INFO] IPUIPlugin:80 - create IPUIPlugin
2023-12-28 17:20:58,982 [INFO] PluginManager:220 - loadIPPluginJar : add gtzc
2023-12-28 17:20:58,984 [INFO] IPUIPlugin:80 - create IPUIPlugin
2023-12-28 17:20:58,984 [INFO] PluginManager:220 - loadIPPluginJar : add hash
2023-12-28 17:20:58,989 [INFO] IPUIPlugin:80 - create IPUIPlugin
2023-12-28 17:20:58,989 [INFO] PluginManager:220 - loadIPPluginJar : add i2c
2023-12-28 17:20:58,991 [INFO] IPUIPlugin:80 - create IPUIPlugin
2023-12-28 17:20:58,992 [INFO] PluginManager:220 - loadIPPluginJar : add i2s
2023-12-28 17:20:58,995 [INFO] IPUIPlugin:80 - create IPUIPlugin
2023-12-28 17:20:58,995 [INFO] PluginManager:220 - loadIPPluginJar : add i3c
2023-12-28 17:20:58,998 [INFO] IPUIPlugin:80 - create IPUIPlugin
2023-12-28 17:20:58,998 [INFO] PluginManager:220 - loadIPPluginJar : add ipddr
2023-12-28 17:20:59,005 [INFO] IPUIPlugin:80 - create IPUIPlugin
2023-12-28 17:20:59,005 [INFO] PluginManager:220 - loadIPPluginJar : add linkedlist
2023-12-28 17:20:59,010 [INFO] IPUIPlugin:80 - create IPUIPlugin
2023-12-28 17:20:59,010 [INFO] PluginManager:220 - loadIPPluginJar : add lorawan
2023-12-28 17:20:59,013 [INFO] IPUIPlugin:80 - create IPUIPlugin
2023-12-28 17:20:59,013 [INFO] PluginManager:220 - loadIPPluginJar : add ltdc
2023-12-28 17:20:59,020 [INFO] IPUIPlugin:80 - create IPUIPlugin
2023-12-28 17:20:59,020 [INFO] PluginManager:220 - loadIPPluginJar : add mdma
2023-12-28 17:20:59,025 [INFO] IPUIPlugin:80 - create IPUIPlugin
2023-12-28 17:20:59,025 [INFO] PluginManager:220 - loadIPPluginJar : add nvic
2023-12-28 17:20:59,029 [INFO] IPUIPlugin:80 - create IPUIPlugin
2023-12-28 17:20:59,029 [INFO] PluginManager:220 - loadIPPluginJar : add opamp
2023-12-28 17:20:59,033 [INFO] IPUIPlugin:80 - create IPUIPlugin
2023-12-28 17:20:59,033 [INFO] PluginManager:220 - loadIPPluginJar : add openamp
2023-12-28 17:20:59,038 [INFO] IPUIPlugin:80 - create IPUIPlugin
2023-12-28 17:20:59,038 [INFO] PluginManager:220 - loadIPPluginJar : add pdm2pcm
2023-12-28 17:20:59,045 [INFO] IPUIPlugin:80 - create IPUIPlugin
2023-12-28 17:20:59,048 [INFO] PluginManager:220 - loadIPPluginJar : add plateformsettings
2023-12-28 17:20:59,050 [INFO] IPUIPlugin:80 - create IPUIPlugin
2023-12-28 17:20:59,050 [INFO] PluginManager:220 - loadIPPluginJar : add quadspi
2023-12-28 17:20:59,055 [INFO] IPUIPlugin:80 - create IPUIPlugin
2023-12-28 17:20:59,055 [INFO] PluginManager:220 - loadIPPluginJar : add resmgrutility
2023-12-28 17:20:59,059 [INFO] IPUIPlugin:80 - create IPUIPlugin
2023-12-28 17:20:59,059 [INFO] PluginManager:220 - loadIPPluginJar : add sai
2023-12-28 17:20:59,062 [INFO] IPUIPlugin:80 - create IPUIPlugin
2023-12-28 17:20:59,062 [INFO] PluginManager:220 - loadIPPluginJar : add spi
2023-12-28 17:20:59,068 [INFO] IPUIPlugin:80 - create IPUIPlugin
2023-12-28 17:20:59,068 [INFO] PluginManager:220 - loadIPPluginJar : add stm32_wpan
2023-12-28 17:20:59,070 [INFO] IPUIPlugin:80 - create IPUIPlugin
2023-12-28 17:20:59,070 [INFO] PluginManager:220 - loadIPPluginJar : add tim
2023-12-28 17:20:59,075 [INFO] IPUIPlugin:80 - create IPUIPlugin
2023-12-28 17:20:59,075 [INFO] PluginManager:220 - loadIPPluginJar : add touchsensing
2023-12-28 17:20:59,078 [INFO] IPUIPlugin:80 - create IPUIPlugin
2023-12-28 17:20:59,078 [INFO] PluginManager:220 - loadIPPluginJar : add tracer_emb
2023-12-28 17:20:59,080 [INFO] IPUIPlugin:80 - create IPUIPlugin
2023-12-28 17:20:59,081 [INFO] PluginManager:220 - loadIPPluginJar : add ts
2023-12-28 17:20:59,082 [INFO] IPUIPlugin:80 - create IPUIPlugin
2023-12-28 17:20:59,082 [INFO] PluginManager:220 - loadIPPluginJar : add tsc
2023-12-28 17:20:59,084 [INFO] IPUIPlugin:80 - create IPUIPlugin
2023-12-28 17:20:59,084 [INFO] PluginManager:220 - loadIPPluginJar : add ucpd
2023-12-28 17:20:59,087 [INFO] IPUIPlugin:80 - create IPUIPlugin
2023-12-28 17:20:59,087 [INFO] PluginManager:220 - loadIPPluginJar : add usart
2023-12-28 17:20:59,090 [INFO] IPUIPlugin:80 - create IPUIPlugin
2023-12-28 17:20:59,090 [INFO] PluginManager:220 - loadIPPluginJar : add usbx
2023-12-28 17:20:59,221 [INFO] CADModel:165 - CPN selected for project level
2023-12-28 17:20:59,221 [INFO] CADModel:114 - Register for checkConnection events
2023-12-28 17:20:59,221 [FATAL] Updater:308 - Updater called before beeing initialized
2023-12-28 17:20:59,222 [ERROR] CADModel:125 - Updater not yet initialized, retry later 
2023-12-28 17:20:59,364 [INFO] CADModel:165 - CPN selected for project level
2023-12-28 17:20:59,364 [INFO] CADModel:114 - Register for checkConnection events
2023-12-28 17:20:59,364 [FATAL] Updater:308 - Updater called before beeing initialized
2023-12-28 17:20:59,364 [ERROR] CADModel:125 - Updater not yet initialized, retry later 
2023-12-28 17:20:59,370 [FATAL] Updater:308 - Updater called before beeing initialized
2023-12-28 17:20:59,496 [FATAL] Updater:308 - Updater called before beeing initialized
2023-12-28 17:20:59,500 [INFO] DbMcusAds:53 - JSON generation date=Wed Nov 29 10:52:27 GMT 2023 (1701255147349)
2023-12-28 17:20:59,500 [FATAL] Updater:308 - Updater called before beeing initialized
2023-12-28 17:20:59,587 [WARN] DetailPanel:346 - Failed to get advertising image, set to default
2023-12-28 17:20:59,676 [FATAL] Updater:308 - Updater called before beeing initialized
2023-12-28 17:20:59,678 [FATAL] Updater:308 - Updater called before beeing initialized
2023-12-28 17:20:59,679 [FATAL] Updater:308 - Updater called before beeing initialized
2023-12-28 17:20:59,679 [WARN] DetailPanel:346 - Failed to get advertising image, set to default
2023-12-28 17:20:59,680 [FATAL] Updater:308 - Updater called before beeing initialized
2023-12-28 17:20:59,736 [ERROR] Updater:1120 - MainUpdater not yet initialized. External WinMGr cannot be set.
2023-12-28 17:20:59,738 [INFO] Updater:1056 - Updater Version found : 6.10.0
2023-12-28 17:20:59,757 [INFO] ApplicationProperties:184 - Using Application install path: C:\ST\STM32CubeIDE_1.14.0\STM32CubeIDE\plugins\com.st.stm32cube.common.mx_6.10.0.202311202037
2023-12-28 17:21:00,137 [INFO] MainUpdater:2873 - connection check result : 10
2023-12-28 17:21:00,138 [INFO] MainUpdater:290 - Updater Check For Update Now.
2023-12-28 17:21:00,138 [INFO] MicroXplorer:498 - Change Database Version : DB.6.0.100
2023-12-28 17:21:00,148 [INFO] McuFinderGlobals:63 - Set McuFinder mode to 2 (CubeIDE integrated)
2023-12-28 17:21:00,321 [INFO] CheckServerUpdateThread:120 - End of CheckServer Thread
2023-12-28 17:21:00,404 [INFO] UserAuth:404 - Internet connection configuration mode: 1
2023-12-28 17:21:00,419 [INFO] JxBrowserEngine:152 - Initiate JxBrowser Engine with user profile folder
2023-12-28 17:21:01,944 [INFO] WebApp:161 - Instantiating new browser for Auth
2023-12-28 17:21:01,970 [WARN] PackLoader:240 - Cannot read IP mode file for STMicroelectronics.X-CUBE-SMBUS.2.1.0
2023-12-28 17:21:02,002 [WARN] PackLoader:240 - Cannot read IP mode file for STMicroelectronics.X-CUBE-SUBG2.4.1.0
2023-12-28 17:21:02,019 [WARN] PackLoader:240 - Cannot read IP mode file for STMicroelectronics.X-CUBE-TOUCHGFX.4.23.0
2023-12-28 17:21:02,055 [WARN] PackLoader:240 - Cannot read IP mode file for STMicroelectronics.X-CUBE-AZRTOS-F7.1.1.0
2023-12-28 17:21:02,069 [WARN] PackLoader:240 - Cannot read IP mode file for STMicroelectronics.FP-SNS-MOTENV1.4.3.2
2023-12-28 17:21:02,079 [WARN] PackLoader:240 - Cannot read IP mode file for STMicroelectronics.X-CUBE-BLE1.6.2.3
2023-12-28 17:21:02,088 [WARN] PackLoader:240 - Cannot read IP mode file for STMicroelectronics.X-CUBE-EEPRMA1.3.0.0
2023-12-28 17:21:02,097 [WARN] PackLoader:240 - Cannot read IP mode file for STMicroelectronics.X-CUBE-BLE1.6.2.4
2023-12-28 17:21:02,104 [WARN] PackLoader:240 - Cannot read IP mode file for STMicroelectronics.X-CUBE-BLE1.6.2.0
2023-12-28 17:21:02,112 [WARN] PackLoader:240 - Cannot read IP mode file for STMicroelectronics.FP-SNS-FLIGHT1.5.0.2
2023-12-28 17:21:02,137 [WARN] PackLoader:240 - Cannot read IP mode file for STMicroelectronics.X-CUBE-TOF1.3.1.0
2023-12-28 17:21:02,157 [WARN] PackLoader:240 - Cannot read IP mode file for STMicroelectronics.X-CUBE-BLE2.3.2.0
2023-12-28 17:21:02,171 [WARN] PackLoader:240 - Cannot read IP mode file for STMicroelectronics.X-CUBE-DISPLAY.3.0.0
2023-12-28 17:21:02,188 [WARN] PackLoader:240 - Cannot read IP mode file for STMicroelectronics.X-CUBE-BLE1.7.0.0
2023-12-28 17:21:02,193 [WARN] PackLoader:240 - Cannot read IP mode file for STMicroelectronics.X-CUBE-TOUCHGFX.4.22.1
2023-12-28 17:21:02,240 [WARN] PackLoader:240 - Cannot read IP mode file for STMicroelectronics.X-CUBE-AZRTOS-H7.1.0.0
2023-12-28 17:21:02,298 [WARN] PackLoader:240 - Cannot read IP mode file for STMicroelectronics.X-CUBE-MEMS1.9.3.0
2023-12-28 17:21:02,454 [WARN] PackLoader:240 - Cannot read IP mode file for STMicroelectronics.X-CUBE-AI.7.2.0
2023-12-28 17:21:02,461 [WARN] PackLoader:240 - Cannot read IP mode file for STMicroelectronics.FP-SNS-SMARTAG2.1.2.0
2023-12-28 17:21:02,481 [INFO] LogOutputStream:77 - [STDOUT_REDIRECT] 1 : Invalid condition id : UX_CORESTACK_Condition cause : null
2023-12-28 17:21:02,482 [INFO] LogOutputStream:77 - [STDOUT_REDIRECT] 1 : Invalid condition id : UX_CORESTACK_Condition cause : null
2023-12-28 17:21:02,484 [INFO] LogOutputStream:77 - [STDOUT_REDIRECT] 1 : Invalid condition id : UX_CORESTACK_Condition cause : null
2023-12-28 17:21:02,486 [INFO] LogOutputStream:77 - [STDOUT_REDIRECT] 1 : Invalid condition id : UX_CORESTACK_Condition cause : null
2023-12-28 17:21:02,488 [INFO] LogOutputStream:77 - [STDOUT_REDIRECT] 1 : Invalid condition id : UX_CORESTACK_Condition cause : null
2023-12-28 17:21:02,492 [WARN] PackLoader:240 - Cannot read IP mode file for STMicroelectronics.X-CUBE-AZRTOS-WL.2.0.0
2023-12-28 17:21:02,501 [WARN] PackLoader:240 - Cannot read IP mode file for STMicroelectronics.X-CUBE-ALGOBUILD.1.2.0
2023-12-28 17:21:02,513 [WARN] PackLoader:240 - Cannot read IP mode file for WES.I-CUBE-Cesium.1.3.0
2023-12-28 17:21:02,519 [WARN] PackLoader:240 - Cannot read IP mode file for STMicroelectronics.X-CUBE-BLE2.3.3.0
2023-12-28 17:21:02,530 [WARN] PackLoader:240 - Cannot read IP mode file for STMicroelectronics.X-CUBE-DISPLAY.2.2.0
2023-12-28 17:21:02,544 [WARN] PackLoader:240 - Cannot read IP mode file for STMicroelectronics.X-CUBE-TOF1.3.2.0
2023-12-28 17:21:02,570 [WARN] PackLoader:240 - Cannot read IP mode file for STMicroelectronics.X-CUBE-AZRTOS-H7.2.1.0
2023-12-28 17:21:02,577 [WARN] PackLoader:240 - Cannot read IP mode file for STMicroelectronics.X-CUBE-TOUCHGFX.4.21.1
2023-12-28 17:21:02,583 [WARN] PackLoader:240 - Cannot read IP mode file for STMicroelectronics.X-CUBE-ALGOBUILD.1.3.0
2023-12-28 17:21:02,601 [WARN] PackLoader:240 - Cannot read IP mode file for STMicroelectronics.X-CUBE-AZRTOS-G0.1.1.0
2023-12-28 17:21:02,614 [WARN] PackLoader:240 - Cannot read IP mode file for STMicroelectronics.X-CUBE-NFC4.3.0.0
2023-12-28 17:21:02,654 [WARN] PackLoader:240 - Cannot read IP mode file for SEGGER.I-CUBE-embOS.1.2.0
2023-12-28 17:21:02,695 [WARN] PackLoader:240 - Cannot read IP mode file for STMicroelectronics.X-CUBE-BLEMGR.3.0.0
2023-12-28 17:21:02,704 [WARN] PackLoader:240 - Cannot read IP mode file for STMicroelectronics.FP-ATR-SIGFOX1.3.2.0
2023-12-28 17:21:02,713 [WARN] PackLoader:240 - Cannot read IP mode file for emotas.I-CUBE-CANOPEN.1.1.2
2023-12-28 17:21:02,718 [WARN] PackLoader:240 - Cannot read IP mode file for STMicroelectronics.X-CUBE-TOUCHGFX.4.20.0
2023-12-28 17:21:02,760 [WARN] PackLoader:240 - Cannot read IP mode file for STMicroelectronics.X-CUBE-MEMS1.9.5.0
2023-12-28 17:21:02,928 [WARN] PackLoader:240 - Cannot read IP mode file for SEGGER.I-CUBE-embOS.1.3.1
2023-12-28 17:21:02,967 [WARN] PackLoader:240 - Cannot read IP mode file for STMicroelectronics.X-CUBE-TOUCHGFX.4.16.1
2023-12-28 17:21:02,973 [WARN] PackLoader:240 - Cannot read IP mode file for STMicroelectronics.X-CUBE-GNSS1.6.0.0
2023-12-28 17:21:02,995 [WARN] PackLoader:240 - Cannot read IP mode file for STMicroelectronics.X-CUBE-AZRTOS-F4.1.1.0
2023-12-28 17:21:03,017 [WARN] PackLoader:240 - Cannot read IP mode file for STMicroelectronics.X-CUBE-AZRTOS-L5.2.0.0
2023-12-28 17:21:03,026 [WARN] PackLoader:240 - Cannot read IP mode file for STMicroelectronics.X-CUBE-EEPRMA1.4.2.0
2023-12-28 17:21:03,035 [WARN] PackLoader:240 - Cannot read IP mode file for ITTIA_DB.I-CUBE-ITTIADB.8.8.0
2023-12-28 17:21:03,043 [WARN] PackLoader:240 - Cannot read IP mode file for STMicroelectronics.X-CUBE-BLEMGR.2.0.0
2023-12-28 17:21:03,050 [WARN] PackLoader:240 - Cannot read IP mode file for STMicroelectronics.X-CUBE-NFC4.2.0.4
2023-12-28 17:21:03,057 [WARN] PackLoader:240 - Cannot read IP mode file for STMicroelectronics.X-CUBE-NFC4.2.0.2
2023-12-28 17:21:03,077 [WARN] ConditionMgr:438 - getConditionDescription Invalid condition id : UX DEVICE CLASS RTOS Condition cause : null
2023-12-28 17:21:03,077 [WARN] ConditionMgr:438 - getConditionDescription Invalid condition id : UX DEVICE CLASS RTOS Condition cause : null
2023-12-28 17:21:03,081 [WARN] PackLoader:240 - Cannot read IP mode file for STMicroelectronics.X-CUBE-AZRTOS-H7.3.1.0
2023-12-28 17:21:03,082 [WARN] ConditionMgr:1039 - genDependencies : Invalid condition id : UX DEVICE CLASS RTOS Condition cause : null
2023-12-28 17:21:03,082 [WARN] ConditionMgr:1039 - genDependencies : Invalid condition id : UX DEVICE CLASS RTOS Condition cause : null
2023-12-28 17:21:03,083 [WARN] ConditionMgr:1039 - genDependencies : Invalid condition id : UX DEVICE CLASS RTOS Condition cause : null
2023-12-28 17:21:03,084 [WARN] ConditionMgr:1039 - genDependencies : Invalid condition id : UX DEVICE CLASS RTOS Condition cause : null
2023-12-28 17:21:03,084 [WARN] ConditionMgr:1039 - genDependencies : Invalid condition id : UX DEVICE CLASS RTOS Condition cause : null
2023-12-28 17:21:03,101 [WARN] PackLoader:240 - Cannot read IP mode file for STMicroelectronics.X-CUBE-AZRTOS-F4.1.0.0
2023-12-28 17:21:03,111 [WARN] PackLoader:240 - Cannot read IP mode file for STMicroelectronics.X-CUBE-NFC7.1.0.1
2023-12-28 17:21:03,117 [WARN] PackLoader:240 - Cannot read IP mode file for STMicroelectronics.X-CUBE-NFC7.1.0.0
2023-12-28 17:21:03,126 [WARN] PackLoader:240 - Cannot read IP mode file for STMicroelectronics.X-CUBE-NFC6.3.0.0
2023-12-28 17:21:03,135 [WARN] PackLoader:240 - Cannot read IP mode file for STMicroelectronics.X-CUBE-EEPRMA1.4.1.0
2023-12-28 17:21:03,140 [WARN] PackLoader:240 - Cannot read IP mode file for STMicroelectronics.X-CUBE-DISPLAY.1.0.0
2023-12-28 17:21:03,145 [WARN] PackLoader:240 - Cannot read IP mode file for STMicroelectronics.X-CUBE-AI.8.1.0
2023-12-28 17:21:03,149 [WARN] PackLoader:240 - Cannot read IP mode file for STMicroelectronics.X-CUBE-AI.6.0.0
2023-12-28 17:21:03,169 [WARN] ConditionMgr:438 - getConditionDescription Invalid condition id : LAN8742 Phy interface Condition cause : null
2023-12-28 17:21:03,170 [WARN] PackLoader:240 - Cannot read IP mode file for STMicroelectronics.X-CUBE-AZRTOS-L4.2.0.0
2023-12-28 17:21:03,171 [WARN] ConditionMgr:1039 - genDependencies : Invalid condition id : LAN8742 Phy interface Condition cause : null
2023-12-28 17:21:03,171 [WARN] ConditionMgr:1039 - genDependencies : Invalid condition id : LAN8742 Phy interface Condition cause : null
2023-12-28 17:21:03,172 [WARN] ConditionMgr:1039 - genDependencies : Invalid condition id : LAN8742 Phy interface Condition cause : null
2023-12-28 17:21:03,181 [WARN] PackLoader:240 - Cannot read IP mode file for STMicroelectronics.X-CUBE-SFXS2LP1.4.0.0
2023-12-28 17:21:03,188 [WARN] PackLoader:240 - Cannot read IP mode file for wolfSSL.I-CUBE-wolfSSL.4.7.0
2023-12-28 17:21:03,209 [WARN] PackLoader:240 - Cannot read IP mode file for STMicroelectronics.X-CUBE-AZRTOS-H7.3.0.0
2023-12-28 17:21:03,218 [WARN] PackLoader:240 - Cannot read IP mode file for STMicroelectronics.X-CUBE-ISPU.1.1.0
2023-12-28 17:21:03,228 [WARN] PackLoader:240 - Cannot read IP mode file for RoweBots.I-CUBE-UNISONRTOS.5.5.0-4
2023-12-28 17:21:03,236 [WARN] PackLoader:240 - Cannot read IP mode file for STMicroelectronics.X-CUBE-SFXS2LP1.3.0.0
2023-12-28 17:21:03,241 [WARN] PackLoader:240 - Cannot read IP mode file for STMicroelectronics.X-CUBE-AI.8.0.0
2023-12-28 17:21:03,256 [WARN] ConditionMgr:438 - getConditionDescription Invalid condition id : UX DEVICE CLASS RTOS Condition cause : null
2023-12-28 17:21:03,256 [WARN] ConditionMgr:438 - getConditionDescription Invalid condition id : UX DEVICE CLASS RTOS Condition cause : null
2023-12-28 17:21:03,259 [WARN] PackLoader:240 - Cannot read IP mode file for STMicroelectronics.X-CUBE-AZRTOS-WB.2.0.0
2023-12-28 17:21:03,260 [WARN] ConditionMgr:1039 - genDependencies : Invalid condition id : UX DEVICE CLASS RTOS Condition cause : null
2023-12-28 17:21:03,260 [WARN] ConditionMgr:1039 - genDependencies : Invalid condition id : UX DEVICE CLASS RTOS Condition cause : null
2023-12-28 17:21:03,261 [WARN] ConditionMgr:1039 - genDependencies : Invalid condition id : UX DEVICE CLASS RTOS Condition cause : null
2023-12-28 17:21:03,261 [WARN] ConditionMgr:1039 - genDependencies : Invalid condition id : UX DEVICE CLASS RTOS Condition cause : null
2023-12-28 17:21:03,261 [WARN] ConditionMgr:1039 - genDependencies : Invalid condition id : UX DEVICE CLASS RTOS Condition cause : null
2023-12-28 17:21:03,269 [WARN] PackLoader:240 - Cannot read IP mode file for STMicroelectronics.X-CUBE-FREERTOS.1.0.0
2023-12-28 17:21:03,277 [WARN] PackLoader:240 - Cannot read IP mode file for STMicroelectronics.X-CUBE-BLEMGR.1.0.0
2023-12-28 17:21:03,299 [WARN] PackLoader:240 - Cannot read IP mode file for STMicroelectronics.X-CUBE-AZRTOS-L5.1.1.0
2023-12-28 17:21:03,312 [WARN] PackLoader:240 - Cannot read IP mode file for STMicroelectronics.X-CUBE-SUBG2.5.0.0
2023-12-28 17:21:03,328 [WARN] PackLoader:240 - Cannot read IP mode file for STMicroelectronics.X-CUBE-TOF1.3.3.1
2023-12-28 17:21:03,354 [WARN] PackLoader:240 - Cannot read IP mode file for STMicroelectronics.X-CUBE-AZRTOS-G4.2.0.0
2023-12-28 17:21:03,362 [WARN] PackLoader:240 - Cannot read IP mode file for STMicroelectronics.FP-ATR-ASTRA1.1.1.1
2023-12-28 17:21:03,384 [WARN] PackLoader:240 - Cannot read IP mode file for Infineon.AIROC-Wi-Fi-Bluetooth-STM32.1.5.1
2023-12-28 17:21:03,392 [WARN] PackLoader:240 - Cannot read IP mode file for STMicroelectronics.FP-ATR-ASTRA1.1.1.0
2023-12-28 17:21:03,398 [WARN] PackLoader:240 - Cannot read IP mode file for STMicroelectronics.FP-SNS-MOTENVWB1.1.3.0
2023-12-28 17:21:03,402 [WARN] PackLoader:240 - Cannot read IP mode file for STMicroelectronics.FP-SNS-MOTENVWB1.1.3.1
2023-12-28 17:21:03,416 [WARN] PackLoader:240 - Cannot read IP mode file for STMicroelectronics.X-CUBE-AZRTOS-G4.1.0.0
2023-12-28 17:21:03,430 [WARN] PackLoader:240 - Cannot read IP mode file for STMicroelectronics.X-CUBE-AZRTOS-L4.1.0.0
2023-12-28 17:21:03,436 [WARN] PackLoader:240 - Cannot read IP mode file for STMicroelectronics.X-CUBE-ISPU.2.0.0
2023-12-28 17:21:03,471 [WARN] PackLoader:240 - Cannot read IP mode file for STMicroelectronics.X-CUBE-MEMS1.10.0.0
2023-12-28 17:21:03,572 [WARN] PackLoader:240 - Cannot read IP mode file for STMicroelectronics.X-CUBE-FREERTOS.1.1.0
2023-12-28 17:21:03,583 [WARN] PackLoader:240 - Cannot read IP mode file for STMicroelectronics.X-CUBE-AZRTOS-WL.1.0.0
2023-12-28 17:21:03,588 [WARN] PackLoader:240 - Cannot read IP mode file for STMicroelectronics.X-CUBE-TOF1.1.0.0
2023-12-28 17:21:03,594 [WARN] PackLoader:240 - Cannot read IP mode file for portGmbH.I-Cube-SoM-uGOAL.1.1.0
2023-12-28 17:21:03,598 [WARN] PackLoader:240 - Cannot read IP mode file for STMicroelectronics.X-CUBE-ALS.1.0.1
2023-12-28 17:21:03,607 [WARN] PackLoader:240 - Cannot read IP mode file for STMicroelectronics.X-CUBE-AZRTOS-WB.1.1.0
2023-12-28 17:21:03,638 [WARN] PackLoader:240 - Cannot read IP mode file for STMicroelectronics.X-CUBE-MEMS1.8.3.0
2023-12-28 17:21:03,750 [WARN] PackLoader:240 - Cannot read IP mode file for STMicroelectronics.X-CUBE-AZRTOS-L5.1.0.0
2023-12-28 17:21:03,758 [WARN] PackLoader:240 - Cannot read IP mode file for STMicroelectronics.X-CUBE-EEPRMA1.3.1.1
2023-12-28 17:21:03,765 [WARN] PackLoader:240 - Cannot read IP mode file for STMicroelectronics.X-CUBE-GNSS1.5.2.0
2023-12-28 17:21:03,774 [WARN] PackLoader:240 - Cannot read IP mode file for STMicroelectronics.FP-ATR-ASTRA1.2.0.0
2023-12-28 17:21:03,787 [WARN] PackLoader:240 - Cannot read IP mode file for STMicroelectronics.X-CUBE-TOF1.3.4.0
2023-12-28 17:21:03,842 [WARN] PackLoader:240 - Cannot read IP mode file for STMicroelectronics.X-CUBE-AZRTOS-H7.3.2.0
2023-12-28 17:21:03,848 [INFO] ThirdParty:978 - Integrity check success = true
2023-12-28 17:21:03,848 [INFO] IntegrityCheckThread:100 - exiting critical section [integrity check]
2023-12-28 17:21:03,848 [INFO] IntegrityCheckThread:103 - End integrity checks thread
2023-12-28 17:21:03,863 [INFO] WebApp:780 - Register for checkConnection events
2023-12-28 17:21:03,863 [INFO] WebApp:414 - Apply proxy settings
2023-12-28 17:21:03,863 [INFO] WebApp:499 - Chromium requires no authentication
2023-12-28 17:21:03,876 [INFO] WebApp:442 - Direct internet connection detected
2023-12-28 17:21:04,163 [INFO] WebApp:192 - Starting web application
2023-12-28 17:21:04,164 [INFO] WebApp:544 - Web application path used C:\ST\STM32CubeIDE_1.14.0\STM32CubeIDE\plugins\com.st.stm32cube.common.mx_6.10.0.202311202037\db\plugins\mcufinder\reactClient1\index.html
2023-12-28 17:21:24,922 [ERROR] LogOutputStream:75 - [STDERR_REDIRECT] SLF4J: Failed to load class "org.slf4j.impl.StaticLoggerBinder".
2023-12-28 17:21:24,923 [ERROR] LogOutputStream:75 - [STDERR_REDIRECT] SLF4J: Defaulting to no-operation (NOP) logger implementation
2023-12-28 17:21:24,925 [ERROR] LogOutputStream:75 - [STDERR_REDIRECT] SLF4J: See http://www.slf4j.org/codes.html#StaticLoggerBinder for further details.
