2023-12-14 17:12:23,737 [INFO] Activator:176 - 


2023-12-14 17:12:23,747 [INFO] Activator:177 - !SESSION log4j initialized
2023-12-14 17:12:31,967 [INFO] LogOutputStream:77 - [STDOUT_REDIRECT] 
2023-12-14 17:12:44,018 [INFO] ApplicationProperties:184 - Using Application install path: C:\ST\STM32CubeIDE_1.14.0\STM32CubeIDE\plugins\com.st.stm32cube.common.mx_6.10.0.202311202037
2023-12-14 17:12:44,039 [INFO] DbMcusXml:78 - Set database path to: C:\ST\STM32CubeIDE_1.14.0\STM32CubeIDE\plugins\com.st.stm32cube.common.mx_6.10.0.202311202037\\db\/mcu/
2023-12-14 17:12:44,040 [INFO] ApiDb:274 - Set plugin database path to: C:\ST\STM32CubeIDE_1.14.0\STM32CubeIDE\plugins\com.st.stm32cube.common.mx_6.10.0.202311202037\\db\/plugins/boardmanager/
2023-12-14 17:12:44,041 [WARN] ApiDb:259 - Overriding images path with different value:  => C:\ST\STM32CubeIDE_1.14.0\STM32CubeIDE\plugins\com.st.stm32cube.common.mx_6.10.0.202311202037\\db\/plugins/mcufinder/images/
2023-12-14 17:12:44,059 [INFO] ApiDb:250 - Set database path to: C:\Users\Steven\.stmcufinder\plugins\mcufinder//mcu/
2023-12-14 17:12:44,061 [INFO] DbMcusAds:125 - Set database path to: C:\Users\Steven\.stmcufinder\plugins\mcufinder//mcu/
2023-12-14 17:12:44,098 [INFO] CrossReferenceDbSqlite:203 - Set database path to: C:\Users\Steven\.stmcufinder\plugins\mcufinder//mcu/cs/
2023-12-14 17:12:44,221 [INFO] RulesReader:64 - Compatibility file has been processed (297 Rules)
2023-12-14 17:12:44,331 [INFO] DbMcusXml:78 - Set database path to: C:\ST\STM32CubeIDE_1.14.0\STM32CubeIDE\plugins\com.st.stm32cube.common.mx_6.10.0.202311202037\\db\/mcu/
2023-12-14 17:12:44,332 [INFO] ApiDb:274 - Set plugin database path to: C:\ST\STM32CubeIDE_1.14.0\STM32CubeIDE\plugins\com.st.stm32cube.common.mx_6.10.0.202311202037\\db\/plugins/boardmanager/
2023-12-14 17:12:44,333 [INFO] ApiDb:261 - Set plugin images path to: C:\ST\STM32CubeIDE_1.14.0\STM32CubeIDE\plugins\com.st.stm32cube.common.mx_6.10.0.202311202037\\db\/plugins/mcufinder/images/
2023-12-14 17:12:44,334 [WARN] DbFile:41 - Overriding database path with different value: C:\Users\Steven\.stmcufinder\plugins\mcufinder/ => C:\Users\Steven\.stmcufinder\plugins\mcufinder
2023-12-14 17:12:44,335 [INFO] ApiDb:250 - Set database path to: C:\Users\Steven\.stmcufinder\plugins\mcufinder//mcu/
2023-12-14 17:12:44,336 [WARN] DbFile:41 - Overriding database path with different value: C:\Users\Steven\.stmcufinder\plugins\mcufinder/ => C:\Users\Steven\.stmcufinder\plugins\mcufinder
2023-12-14 17:12:44,337 [INFO] DbMcusAds:125 - Set database path to: C:\Users\Steven\.stmcufinder\plugins\mcufinder//mcu/
2023-12-14 17:12:44,337 [WARN] DbFile:41 - Overriding database path with different value: C:\Users\Steven\.stmcufinder\plugins\mcufinder/ => C:\Users\Steven\.stmcufinder\plugins\mcufinder
2023-12-14 17:12:44,338 [WARN] DbFile:41 - Overriding database path with different value: C:\Users\Steven\.stmcufinder\plugins\mcufinder/ => C:\Users\Steven\.stmcufinder\plugins\mcufinder
2023-12-14 17:12:44,339 [INFO] CrossReferenceDbSqlite:203 - Set database path to: C:\Users\Steven\.stmcufinder\plugins\mcufinder//mcu/cs/
2023-12-14 17:12:44,438 [INFO] MainPanel:264 - HeapMemory: 268435456
2023-12-14 17:12:44,547 [INFO] DbMcusXml:78 - Set database path to: C:\ST\STM32CubeIDE_1.14.0\STM32CubeIDE\plugins\com.st.stm32cube.common.mx_6.10.0.202311202037\\db\/mcu/
2023-12-14 17:12:44,548 [INFO] ApiDb:274 - Set plugin database path to: C:\ST\STM32CubeIDE_1.14.0\STM32CubeIDE\plugins\com.st.stm32cube.common.mx_6.10.0.202311202037\\db\/plugins/boardmanager/
2023-12-14 17:12:44,548 [INFO] ApiDb:261 - Set plugin images path to: C:\ST\STM32CubeIDE_1.14.0\STM32CubeIDE\plugins\com.st.stm32cube.common.mx_6.10.0.202311202037\\db\/plugins/mcufinder/images/
2023-12-14 17:12:44,549 [WARN] DbFile:41 - Overriding database path with different value: C:\Users\Steven\.stmcufinder\plugins\mcufinder/ => C:\Users\Steven\.stmcufinder\plugins\mcufinder
2023-12-14 17:12:44,549 [INFO] ApiDb:250 - Set database path to: C:\Users\Steven\.stmcufinder\plugins\mcufinder//mcu/
2023-12-14 17:12:44,549 [WARN] DbFile:41 - Overriding database path with different value: C:\Users\Steven\.stmcufinder\plugins\mcufinder/ => C:\Users\Steven\.stmcufinder\plugins\mcufinder
2023-12-14 17:12:44,562 [INFO] DbMcusAds:125 - Set database path to: C:\Users\Steven\.stmcufinder\plugins\mcufinder//mcu/
2023-12-14 17:12:44,563 [WARN] DbFile:41 - Overriding database path with different value: C:\Users\Steven\.stmcufinder\plugins\mcufinder/ => C:\Users\Steven\.stmcufinder\plugins\mcufinder
2023-12-14 17:12:44,563 [WARN] DbFile:41 - Overriding database path with different value: C:\Users\Steven\.stmcufinder\plugins\mcufinder/ => C:\Users\Steven\.stmcufinder\plugins\mcufinder
2023-12-14 17:12:44,563 [INFO] CrossReferenceDbSqlite:203 - Set database path to: C:\Users\Steven\.stmcufinder\plugins\mcufinder//mcu/cs/
2023-12-14 17:12:44,587 [INFO] ApplicationProperties:184 - Using Application install path: C:\ST\STM32CubeIDE_1.14.0\STM32CubeIDE\plugins\com.st.stm32cube.common.mx_6.10.0.202311202037
2023-12-14 17:12:44,590 [INFO] PluginManage:196 - Search for loadable plugins [exclusion list=, ]
2023-12-14 17:12:44,592 [INFO] PluginManage:310 - Check plugin analytics
2023-12-14 17:12:44,811 [INFO] AnalyticsPlugin:253 - Accepted Software Licenses: STM32CubeMX.6.9.2,STM32CubeMX.6.10.0
2023-12-14 17:12:44,811 [INFO] AnalyticsPlugin:255 - Accepted CMSIS Pack Licenses: 
2023-12-14 17:12:44,811 [INFO] AnalyticsPlugin:257 - Accepted Firmware Licenses: FW.F4.1.28.0
2023-12-14 17:12:44,818 [INFO] PluginManage:359 - Loaded plugin analytics (category:tool,tabindex:-1)
2023-12-14 17:12:44,818 [INFO] PluginManage:310 - Check plugin cadmodel
2023-12-14 17:12:44,827 [INFO] CADModel:105 - Init CAD model plugin
2023-12-14 17:12:44,828 [INFO] PluginManage:359 - Loaded plugin cadmodel (category:power,tabindex:5)
2023-12-14 17:12:44,828 [INFO] PluginManage:310 - Check plugin clock
2023-12-14 17:12:44,849 [INFO] PluginManage:359 - Loaded plugin clock (category:base,tabindex:2)
2023-12-14 17:12:44,849 [INFO] PluginManage:310 - Check plugin ddr
2023-12-14 17:12:44,852 [INFO] PluginManage:359 - Loaded plugin ddr (category:tool,tabindex:6)
2023-12-14 17:12:44,852 [INFO] PluginManage:310 - Check plugin filemanager
2023-12-14 17:12:45,026 [INFO] PluginManage:359 - Loaded plugin filemanager (category:base,tabindex:10)
2023-12-14 17:12:45,026 [INFO] PluginManage:310 - Check plugin ipmanager
2023-12-14 17:12:45,035 [INFO] PluginManage:359 - Loaded plugin ipmanager (category:base,tabindex:5)
2023-12-14 17:12:45,036 [INFO] PluginManage:310 - Check plugin lpbam
2023-12-14 17:12:45,047 [INFO] PluginManage:359 - Loaded plugin lpbam (category:base,tabindex:0)
2023-12-14 17:12:45,047 [INFO] PluginManage:310 - Check plugin memorymap
2023-12-14 17:12:45,069 [INFO] PluginManage:359 - Loaded plugin memorymap (category:base,tabindex:4)
2023-12-14 17:12:45,069 [INFO] PluginManage:310 - Check plugin pinoutandconfiguration
2023-12-14 17:12:45,081 [INFO] PluginManage:359 - Loaded plugin pinoutandconfiguration (category:base,tabindex:1)
2023-12-14 17:12:45,081 [INFO] PluginManage:310 - Check plugin pinoutconfig
2023-12-14 17:12:45,191 [WARN] SupportedApi:132 - Cannot load RTOS API schema: s4s-elt-must-match.1: The content of 'definitions' must match (annotation?, (simpleType | complexType)?, (unique | key | keyref)*)). A problem was found starting at: attribute.
2023-12-14 17:12:45,344 [INFO] PluginManage:359 - Loaded plugin pinoutconfig (category:base,tabindex:0)
2023-12-14 17:12:45,344 [INFO] PluginManage:310 - Check plugin power
2023-12-14 17:12:45,360 [INFO] PluginManage:359 - Loaded plugin power (category:power,tabindex:4)
2023-12-14 17:12:45,360 [INFO] PluginManage:310 - Check plugin projectmanager
2023-12-14 17:12:45,378 [INFO] PluginManage:359 - Loaded plugin projectmanager (category:projectmanager,tabindex:3)
2023-12-14 17:12:45,378 [INFO] PluginManage:310 - Check plugin thirdparty
2023-12-14 17:12:45,566 [INFO] PluginManage:359 - Loaded plugin thirdparty (category:base,tabindex:-1)
2023-12-14 17:12:45,566 [WARN] IntegrityCheckThread:84 - waiting for thirdparty lock release [integrity check]
2023-12-14 17:12:45,567 [INFO] PluginManage:310 - Check plugin tools
2023-12-14 17:12:45,567 [INFO] IntegrityCheckThread:86 - entering critical section [integrity check]
2023-12-14 17:12:45,567 [INFO] ThirdPartyUpdaterWithRetryManager:70 - Updater plugin not ready yet. [1/15]
2023-12-14 17:12:45,571 [INFO] PluginManage:359 - Loaded plugin tools (category:base,tabindex:7)
2023-12-14 17:12:45,571 [INFO] PluginManage:310 - Check plugin tutovideos
2023-12-14 17:12:45,811 [INFO] PluginManage:359 - Loaded plugin tutovideos (category:base,tabindex:-1)
2023-12-14 17:12:45,811 [INFO] PluginManage:310 - Check plugin updater
2023-12-14 17:12:45,825 [INFO] PluginManage:359 - Loaded plugin updater (category:base,tabindex:12)
2023-12-14 17:12:45,825 [INFO] PluginManage:310 - Check plugin userauth
2023-12-14 17:12:45,831 [INFO] UserAuth:114 - Init User Auth plugin
2023-12-14 17:12:45,832 [INFO] PluginManage:359 - Loaded plugin userauth (category:base,tabindex:14)
2023-12-14 17:12:45,833 [INFO] PluginManage:283 - PluginManage : Loaded plugins [17]
2023-12-14 17:12:46,090 [INFO] PinOutPanel:1499 - setPackage(No Configuration,No Configuration)
2023-12-14 17:12:46,190 [INFO] CADModel:165 - CPN selected for project level
2023-12-14 17:12:46,190 [INFO] CADModel:114 - Register for checkConnection events
2023-12-14 17:12:46,213 [INFO] IPUIPlugin:80 - create IPUIPlugin
2023-12-14 17:12:46,213 [INFO] PluginManager:220 - loadIPPluginJar : add adc
2023-12-14 17:12:46,218 [INFO] IPUIPlugin:80 - create IPUIPlugin
2023-12-14 17:12:46,218 [INFO] PluginManager:220 - loadIPPluginJar : add aes
2023-12-14 17:12:46,224 [INFO] IPUIPlugin:80 - create IPUIPlugin
2023-12-14 17:12:46,225 [INFO] PluginManager:220 - loadIPPluginJar : add can
2023-12-14 17:12:46,228 [INFO] IPUIPlugin:80 - create IPUIPlugin
2023-12-14 17:12:46,229 [INFO] PluginManager:220 - loadIPPluginJar : add comp
2023-12-14 17:12:46,237 [INFO] IPUIPlugin:80 - create IPUIPlugin
2023-12-14 17:12:46,237 [INFO] PluginManager:220 - loadIPPluginJar : add cryp
2023-12-14 17:12:46,244 [INFO] IPUIPlugin:80 - create IPUIPlugin
2023-12-14 17:12:46,245 [INFO] PluginManager:220 - loadIPPluginJar : add dfsdm
2023-12-14 17:12:46,255 [INFO] IPUIPlugin:80 - create IPUIPlugin
2023-12-14 17:12:46,255 [INFO] PluginManager:220 - loadIPPluginJar : add dma
2023-12-14 17:12:46,261 [INFO] IPUIPlugin:80 - create IPUIPlugin
2023-12-14 17:12:46,261 [INFO] PluginManager:220 - loadIPPluginJar : add dma3
2023-12-14 17:12:46,264 [INFO] IPUIPlugin:80 - create IPUIPlugin
2023-12-14 17:12:46,265 [INFO] PluginManager:220 - loadIPPluginJar : add fatfs
2023-12-14 17:12:46,273 [INFO] IPUIPlugin:80 - create IPUIPlugin
2023-12-14 17:12:46,273 [INFO] PluginManager:220 - loadIPPluginJar : add fmc
2023-12-14 17:12:46,283 [INFO] IPUIPlugin:80 - create IPUIPlugin
2023-12-14 17:12:46,284 [INFO] PluginManager:220 - loadIPPluginJar : add freertos
2023-12-14 17:12:46,288 [INFO] IPUIPlugin:80 - create IPUIPlugin
2023-12-14 17:12:46,289 [INFO] PluginManager:220 - loadIPPluginJar : add genericplugin
2023-12-14 17:12:46,295 [INFO] IPUIPlugin:80 - create IPUIPlugin
2023-12-14 17:12:46,296 [INFO] PluginManager:220 - loadIPPluginJar : add gfxmmu
2023-12-14 17:12:46,307 [INFO] IPUIPlugin:80 - create IPUIPlugin
2023-12-14 17:12:46,308 [INFO] PluginManager:220 - loadIPPluginJar : add gic
2023-12-14 17:12:46,318 [INFO] IPUIPlugin:80 - create IPUIPlugin
2023-12-14 17:12:46,318 [INFO] PluginManager:220 - loadIPPluginJar : add gpio
2023-12-14 17:12:46,326 [INFO] IPUIPlugin:80 - create IPUIPlugin
2023-12-14 17:12:46,326 [INFO] PluginManager:220 - loadIPPluginJar : add gtzc
2023-12-14 17:12:46,336 [INFO] IPUIPlugin:80 - create IPUIPlugin
2023-12-14 17:12:46,337 [INFO] PluginManager:220 - loadIPPluginJar : add hash
2023-12-14 17:12:46,343 [INFO] IPUIPlugin:80 - create IPUIPlugin
2023-12-14 17:12:46,343 [INFO] PluginManager:220 - loadIPPluginJar : add i2c
2023-12-14 17:12:46,349 [INFO] IPUIPlugin:80 - create IPUIPlugin
2023-12-14 17:12:46,349 [INFO] PluginManager:220 - loadIPPluginJar : add i2s
2023-12-14 17:12:46,355 [INFO] IPUIPlugin:80 - create IPUIPlugin
2023-12-14 17:12:46,355 [INFO] PluginManager:220 - loadIPPluginJar : add i3c
2023-12-14 17:12:46,363 [INFO] IPUIPlugin:80 - create IPUIPlugin
2023-12-14 17:12:46,363 [INFO] PluginManager:220 - loadIPPluginJar : add ipddr
2023-12-14 17:12:46,374 [INFO] IPUIPlugin:80 - create IPUIPlugin
2023-12-14 17:12:46,375 [INFO] PluginManager:220 - loadIPPluginJar : add linkedlist
2023-12-14 17:12:46,380 [INFO] IPUIPlugin:80 - create IPUIPlugin
2023-12-14 17:12:46,381 [INFO] PluginManager:220 - loadIPPluginJar : add lorawan
2023-12-14 17:12:46,385 [INFO] IPUIPlugin:80 - create IPUIPlugin
2023-12-14 17:12:46,385 [INFO] PluginManager:220 - loadIPPluginJar : add ltdc
2023-12-14 17:12:46,394 [INFO] IPUIPlugin:80 - create IPUIPlugin
2023-12-14 17:12:46,395 [INFO] PluginManager:220 - loadIPPluginJar : add mdma
2023-12-14 17:12:46,402 [INFO] IPUIPlugin:80 - create IPUIPlugin
2023-12-14 17:12:46,402 [INFO] PluginManager:220 - loadIPPluginJar : add nvic
2023-12-14 17:12:46,407 [INFO] IPUIPlugin:80 - create IPUIPlugin
2023-12-14 17:12:46,408 [INFO] PluginManager:220 - loadIPPluginJar : add opamp
2023-12-14 17:12:46,414 [INFO] IPUIPlugin:80 - create IPUIPlugin
2023-12-14 17:12:46,414 [INFO] PluginManager:220 - loadIPPluginJar : add openamp
2023-12-14 17:12:46,418 [INFO] IPUIPlugin:80 - create IPUIPlugin
2023-12-14 17:12:46,419 [INFO] PluginManager:220 - loadIPPluginJar : add pdm2pcm
2023-12-14 17:12:46,428 [INFO] IPUIPlugin:80 - create IPUIPlugin
2023-12-14 17:12:46,431 [INFO] PluginManager:220 - loadIPPluginJar : add plateformsettings
2023-12-14 17:12:46,435 [INFO] IPUIPlugin:80 - create IPUIPlugin
2023-12-14 17:12:46,435 [INFO] PluginManager:220 - loadIPPluginJar : add quadspi
2023-12-14 17:12:46,441 [INFO] IPUIPlugin:80 - create IPUIPlugin
2023-12-14 17:12:46,442 [INFO] PluginManager:220 - loadIPPluginJar : add resmgrutility
2023-12-14 17:12:46,447 [INFO] IPUIPlugin:80 - create IPUIPlugin
2023-12-14 17:12:46,447 [INFO] PluginManager:220 - loadIPPluginJar : add sai
2023-12-14 17:12:46,451 [INFO] IPUIPlugin:80 - create IPUIPlugin
2023-12-14 17:12:46,451 [INFO] PluginManager:220 - loadIPPluginJar : add spi
2023-12-14 17:12:46,458 [INFO] IPUIPlugin:80 - create IPUIPlugin
2023-12-14 17:12:46,459 [INFO] PluginManager:220 - loadIPPluginJar : add stm32_wpan
2023-12-14 17:12:46,462 [INFO] IPUIPlugin:80 - create IPUIPlugin
2023-12-14 17:12:46,463 [INFO] PluginManager:220 - loadIPPluginJar : add tim
2023-12-14 17:12:46,467 [INFO] IPUIPlugin:80 - create IPUIPlugin
2023-12-14 17:12:46,467 [INFO] PluginManager:220 - loadIPPluginJar : add touchsensing
2023-12-14 17:12:46,470 [INFO] IPUIPlugin:80 - create IPUIPlugin
2023-12-14 17:12:46,470 [INFO] PluginManager:220 - loadIPPluginJar : add tracer_emb
2023-12-14 17:12:46,472 [INFO] IPUIPlugin:80 - create IPUIPlugin
2023-12-14 17:12:46,473 [INFO] PluginManager:220 - loadIPPluginJar : add ts
2023-12-14 17:12:46,475 [INFO] IPUIPlugin:80 - create IPUIPlugin
2023-12-14 17:12:46,475 [INFO] PluginManager:220 - loadIPPluginJar : add tsc
2023-12-14 17:12:46,477 [INFO] IPUIPlugin:80 - create IPUIPlugin
2023-12-14 17:12:46,478 [INFO] PluginManager:220 - loadIPPluginJar : add ucpd
2023-12-14 17:12:46,482 [INFO] IPUIPlugin:80 - create IPUIPlugin
2023-12-14 17:12:46,483 [INFO] PluginManager:220 - loadIPPluginJar : add usart
2023-12-14 17:12:46,487 [INFO] IPUIPlugin:80 - create IPUIPlugin
2023-12-14 17:12:46,487 [INFO] PluginManager:220 - loadIPPluginJar : add usbx
2023-12-14 17:12:46,629 [INFO] CADModel:165 - CPN selected for project level
2023-12-14 17:12:46,629 [INFO] CADModel:114 - Register for checkConnection events
2023-12-14 17:12:46,629 [FATAL] Updater:308 - Updater called before beeing initialized
2023-12-14 17:12:46,629 [ERROR] CADModel:125 - Updater not yet initialized, retry later 
2023-12-14 17:12:46,779 [INFO] CADModel:165 - CPN selected for project level
2023-12-14 17:12:46,781 [INFO] CADModel:114 - Register for checkConnection events
2023-12-14 17:12:46,781 [FATAL] Updater:308 - Updater called before beeing initialized
2023-12-14 17:12:46,781 [ERROR] CADModel:125 - Updater not yet initialized, retry later 
2023-12-14 17:12:46,790 [FATAL] Updater:308 - Updater called before beeing initialized
2023-12-14 17:12:46,926 [FATAL] Updater:308 - Updater called before beeing initialized
2023-12-14 17:12:46,931 [INFO] DbMcusAds:53 - JSON generation date=Wed Nov 29 10:52:38 GMT 2023 (1701255158764)
2023-12-14 17:12:46,931 [FATAL] Updater:308 - Updater called before beeing initialized
2023-12-14 17:12:47,027 [WARN] DetailPanel:346 - Failed to get advertising image, set to default
2023-12-14 17:12:47,122 [FATAL] Updater:308 - Updater called before beeing initialized
2023-12-14 17:12:47,124 [FATAL] Updater:308 - Updater called before beeing initialized
2023-12-14 17:12:47,124 [FATAL] Updater:308 - Updater called before beeing initialized
2023-12-14 17:12:47,125 [WARN] DetailPanel:346 - Failed to get advertising image, set to default
2023-12-14 17:12:47,125 [FATAL] Updater:308 - Updater called before beeing initialized
2023-12-14 17:12:47,185 [ERROR] Updater:1120 - MainUpdater not yet initialized. External WinMGr cannot be set.
2023-12-14 17:12:47,189 [INFO] Updater:1056 - Updater Version found : 6.10.0
2023-12-14 17:12:47,210 [INFO] ApplicationProperties:184 - Using Application install path: C:\ST\STM32CubeIDE_1.14.0\STM32CubeIDE\plugins\com.st.stm32cube.common.mx_6.10.0.202311202037
2023-12-14 17:12:47,731 [INFO] MainUpdater:2873 - connection check result : 10
2023-12-14 17:12:47,732 [INFO] MainUpdater:290 - Updater Check For Update Now.
2023-12-14 17:12:47,732 [INFO] MicroXplorer:498 - Change Database Version : DB.6.0.100
2023-12-14 17:12:47,745 [INFO] McuFinderGlobals:63 - Set McuFinder mode to 2 (CubeIDE integrated)
2023-12-14 17:12:47,923 [INFO] CheckServerUpdateThread:120 - End of CheckServer Thread
2023-12-14 17:12:48,278 [INFO] UserAuth:404 - Internet connection configuration mode: 1
2023-12-14 17:12:48,301 [INFO] JxBrowserEngine:152 - Initiate JxBrowser Engine with user profile folder
2023-12-14 17:12:49,061 [WARN] PackLoader:240 - Cannot read IP mode file for STMicroelectronics.X-CUBE-SMBUS.2.1.0
2023-12-14 17:12:49,089 [WARN] PackLoader:240 - Cannot read IP mode file for STMicroelectronics.X-CUBE-SUBG2.4.1.0
2023-12-14 17:12:49,131 [WARN] PackLoader:240 - Cannot read IP mode file for STMicroelectronics.X-CUBE-AZRTOS-F7.1.1.0
2023-12-14 17:12:49,547 [WARN] PackLoader:240 - Cannot read IP mode file for STMicroelectronics.FP-SNS-MOTENV1.4.3.2
2023-12-14 17:12:49,558 [WARN] PackLoader:240 - Cannot read IP mode file for STMicroelectronics.X-CUBE-BLE1.6.2.3
2023-12-14 17:12:49,569 [WARN] PackLoader:240 - Cannot read IP mode file for STMicroelectronics.X-CUBE-EEPRMA1.3.0.0
2023-12-14 17:12:49,575 [WARN] PackLoader:240 - Cannot read IP mode file for STMicroelectronics.X-CUBE-BLE1.6.2.4
2023-12-14 17:12:49,582 [WARN] PackLoader:240 - Cannot read IP mode file for STMicroelectronics.X-CUBE-BLE1.6.2.0
2023-12-14 17:12:49,591 [WARN] PackLoader:240 - Cannot read IP mode file for STMicroelectronics.FP-SNS-FLIGHT1.5.0.2
2023-12-14 17:12:49,606 [WARN] PackLoader:240 - Cannot read IP mode file for STMicroelectronics.X-CUBE-TOF1.3.1.0
2023-12-14 17:12:49,618 [WARN] PackLoader:240 - Cannot read IP mode file for STMicroelectronics.X-CUBE-BLE2.3.2.0
2023-12-14 17:12:49,630 [WARN] PackLoader:240 - Cannot read IP mode file for STMicroelectronics.X-CUBE-DISPLAY.3.0.0
2023-12-14 17:12:49,641 [WARN] PackLoader:240 - Cannot read IP mode file for STMicroelectronics.X-CUBE-BLE1.7.0.0
2023-12-14 17:12:49,649 [WARN] PackLoader:240 - Cannot read IP mode file for STMicroelectronics.X-CUBE-TOUCHGFX.4.22.1
2023-12-14 17:12:49,681 [WARN] PackLoader:240 - Cannot read IP mode file for STMicroelectronics.X-CUBE-AZRTOS-H7.1.0.0
2023-12-14 17:12:49,735 [WARN] PackLoader:240 - Cannot read IP mode file for STMicroelectronics.X-CUBE-MEMS1.9.3.0
2023-12-14 17:12:49,890 [WARN] PackLoader:240 - Cannot read IP mode file for STMicroelectronics.X-CUBE-AI.7.2.0
2023-12-14 17:12:49,898 [WARN] PackLoader:240 - Cannot read IP mode file for STMicroelectronics.FP-SNS-SMARTAG2.1.2.0
2023-12-14 17:12:49,911 [INFO] LogOutputStream:77 - [STDOUT_REDIRECT] 1 : Invalid condition id : UX_CORESTACK_Condition cause : null
2023-12-14 17:12:49,912 [INFO] LogOutputStream:77 - [STDOUT_REDIRECT] 1 : Invalid condition id : UX_CORESTACK_Condition cause : null
2023-12-14 17:12:49,915 [INFO] LogOutputStream:77 - [STDOUT_REDIRECT] 1 : Invalid condition id : UX_CORESTACK_Condition cause : null
2023-12-14 17:12:49,918 [INFO] LogOutputStream:77 - [STDOUT_REDIRECT] 1 : Invalid condition id : UX_CORESTACK_Condition cause : null
2023-12-14 17:12:49,920 [INFO] LogOutputStream:77 - [STDOUT_REDIRECT] 1 : Invalid condition id : UX_CORESTACK_Condition cause : null
2023-12-14 17:12:49,924 [WARN] PackLoader:240 - Cannot read IP mode file for STMicroelectronics.X-CUBE-AZRTOS-WL.2.0.0
2023-12-14 17:12:49,944 [WARN] PackLoader:240 - Cannot read IP mode file for STMicroelectronics.X-CUBE-ALGOBUILD.1.2.0
2023-12-14 17:12:49,962 [WARN] PackLoader:240 - Cannot read IP mode file for WES.I-CUBE-Cesium.1.3.0
2023-12-14 17:12:49,979 [WARN] PackLoader:240 - Cannot read IP mode file for STMicroelectronics.X-CUBE-BLE2.3.3.0
2023-12-14 17:12:49,988 [WARN] PackLoader:240 - Cannot read IP mode file for STMicroelectronics.X-CUBE-DISPLAY.2.2.0
2023-12-14 17:12:50,004 [WARN] PackLoader:240 - Cannot read IP mode file for STMicroelectronics.X-CUBE-TOF1.3.2.0
2023-12-14 17:12:50,051 [WARN] PackLoader:240 - Cannot read IP mode file for STMicroelectronics.X-CUBE-AZRTOS-H7.2.1.0
2023-12-14 17:12:50,099 [WARN] PackLoader:240 - Cannot read IP mode file for STMicroelectronics.X-CUBE-TOUCHGFX.4.21.1
2023-12-14 17:12:50,109 [WARN] PackLoader:240 - Cannot read IP mode file for STMicroelectronics.X-CUBE-ALGOBUILD.1.3.0
2023-12-14 17:12:50,128 [WARN] PackLoader:240 - Cannot read IP mode file for STMicroelectronics.X-CUBE-AZRTOS-G0.1.1.0
2023-12-14 17:12:50,156 [WARN] PackLoader:240 - Cannot read IP mode file for STMicroelectronics.X-CUBE-NFC4.3.0.0
2023-12-14 17:12:50,217 [WARN] PackLoader:240 - Cannot read IP mode file for SEGGER.I-CUBE-embOS.1.2.0
2023-12-14 17:12:50,272 [WARN] PackLoader:240 - Cannot read IP mode file for STMicroelectronics.X-CUBE-BLEMGR.3.0.0
2023-12-14 17:12:50,321 [WARN] PackLoader:240 - Cannot read IP mode file for STMicroelectronics.FP-ATR-SIGFOX1.3.2.0
2023-12-14 17:12:50,331 [WARN] PackLoader:240 - Cannot read IP mode file for emotas.I-CUBE-CANOPEN.1.1.2
2023-12-14 17:12:50,354 [WARN] PackLoader:240 - Cannot read IP mode file for STMicroelectronics.X-CUBE-TOUCHGFX.4.20.0
2023-12-14 17:12:50,374 [INFO] WebApp:161 - Instantiating new browser for Auth
2023-12-14 17:12:50,411 [WARN] PackLoader:240 - Cannot read IP mode file for STMicroelectronics.X-CUBE-MEMS1.9.5.0
2023-12-14 17:12:50,598 [WARN] PackLoader:240 - Cannot read IP mode file for SEGGER.I-CUBE-embOS.1.3.1
2023-12-14 17:12:50,644 [WARN] PackLoader:240 - Cannot read IP mode file for STMicroelectronics.X-CUBE-TOUCHGFX.4.16.1
2023-12-14 17:12:50,651 [WARN] PackLoader:240 - Cannot read IP mode file for STMicroelectronics.X-CUBE-GNSS1.6.0.0
2023-12-14 17:12:50,700 [WARN] PackLoader:240 - Cannot read IP mode file for STMicroelectronics.X-CUBE-AZRTOS-F4.1.1.0
2023-12-14 17:12:50,734 [WARN] PackLoader:240 - Cannot read IP mode file for STMicroelectronics.X-CUBE-AZRTOS-L5.2.0.0
2023-12-14 17:12:50,747 [WARN] PackLoader:240 - Cannot read IP mode file for STMicroelectronics.X-CUBE-EEPRMA1.4.2.0
2023-12-14 17:12:50,757 [WARN] PackLoader:240 - Cannot read IP mode file for ITTIA_DB.I-CUBE-ITTIADB.8.8.0
2023-12-14 17:12:50,769 [WARN] PackLoader:240 - Cannot read IP mode file for STMicroelectronics.X-CUBE-BLEMGR.2.0.0
2023-12-14 17:12:50,775 [WARN] PackLoader:240 - Cannot read IP mode file for STMicroelectronics.X-CUBE-NFC4.2.0.4
2023-12-14 17:12:50,784 [WARN] PackLoader:240 - Cannot read IP mode file for STMicroelectronics.X-CUBE-NFC4.2.0.2
2023-12-14 17:12:50,806 [WARN] ConditionMgr:438 - getConditionDescription Invalid condition id : UX DEVICE CLASS RTOS Condition cause : null
2023-12-14 17:12:50,807 [WARN] ConditionMgr:438 - getConditionDescription Invalid condition id : UX DEVICE CLASS RTOS Condition cause : null
2023-12-14 17:12:50,812 [WARN] PackLoader:240 - Cannot read IP mode file for STMicroelectronics.X-CUBE-AZRTOS-H7.3.1.0
2023-12-14 17:12:50,814 [WARN] ConditionMgr:1039 - genDependencies : Invalid condition id : UX DEVICE CLASS RTOS Condition cause : null
2023-12-14 17:12:50,817 [WARN] ConditionMgr:1039 - genDependencies : Invalid condition id : UX DEVICE CLASS RTOS Condition cause : null
2023-12-14 17:12:50,818 [WARN] ConditionMgr:1039 - genDependencies : Invalid condition id : UX DEVICE CLASS RTOS Condition cause : null
2023-12-14 17:12:50,819 [WARN] ConditionMgr:1039 - genDependencies : Invalid condition id : UX DEVICE CLASS RTOS Condition cause : null
2023-12-14 17:12:50,822 [WARN] ConditionMgr:1039 - genDependencies : Invalid condition id : UX DEVICE CLASS RTOS Condition cause : null
2023-12-14 17:12:50,843 [WARN] PackLoader:240 - Cannot read IP mode file for STMicroelectronics.X-CUBE-AZRTOS-F4.1.0.0
2023-12-14 17:12:50,859 [WARN] PackLoader:240 - Cannot read IP mode file for STMicroelectronics.X-CUBE-NFC7.1.0.1
2023-12-14 17:12:50,868 [WARN] PackLoader:240 - Cannot read IP mode file for STMicroelectronics.X-CUBE-NFC7.1.0.0
2023-12-14 17:12:50,880 [WARN] PackLoader:240 - Cannot read IP mode file for STMicroelectronics.X-CUBE-NFC6.3.0.0
2023-12-14 17:12:50,898 [WARN] PackLoader:240 - Cannot read IP mode file for STMicroelectronics.X-CUBE-EEPRMA1.4.1.0
2023-12-14 17:12:50,957 [WARN] PackLoader:240 - Cannot read IP mode file for STMicroelectronics.X-CUBE-DISPLAY.1.0.0
2023-12-14 17:12:50,969 [WARN] PackLoader:240 - Cannot read IP mode file for STMicroelectronics.X-CUBE-AI.8.1.0
2023-12-14 17:12:50,975 [WARN] PackLoader:240 - Cannot read IP mode file for STMicroelectronics.X-CUBE-AI.6.0.0
2023-12-14 17:12:51,003 [WARN] ConditionMgr:438 - getConditionDescription Invalid condition id : LAN8742 Phy interface Condition cause : null
2023-12-14 17:12:51,005 [WARN] PackLoader:240 - Cannot read IP mode file for STMicroelectronics.X-CUBE-AZRTOS-L4.2.0.0
2023-12-14 17:12:51,008 [WARN] ConditionMgr:1039 - genDependencies : Invalid condition id : LAN8742 Phy interface Condition cause : null
2023-12-14 17:12:51,009 [WARN] ConditionMgr:1039 - genDependencies : Invalid condition id : LAN8742 Phy interface Condition cause : null
2023-12-14 17:12:51,012 [WARN] ConditionMgr:1039 - genDependencies : Invalid condition id : LAN8742 Phy interface Condition cause : null
2023-12-14 17:12:51,023 [WARN] PackLoader:240 - Cannot read IP mode file for STMicroelectronics.X-CUBE-SFXS2LP1.4.0.0
2023-12-14 17:12:51,034 [WARN] PackLoader:240 - Cannot read IP mode file for wolfSSL.I-CUBE-wolfSSL.4.7.0
2023-12-14 17:12:51,059 [WARN] PackLoader:240 - Cannot read IP mode file for STMicroelectronics.X-CUBE-AZRTOS-H7.3.0.0
2023-12-14 17:12:51,071 [WARN] PackLoader:240 - Cannot read IP mode file for STMicroelectronics.X-CUBE-ISPU.1.1.0
2023-12-14 17:12:51,082 [WARN] PackLoader:240 - Cannot read IP mode file for RoweBots.I-CUBE-UNISONRTOS.5.5.0-4
2023-12-14 17:12:51,091 [WARN] PackLoader:240 - Cannot read IP mode file for STMicroelectronics.X-CUBE-SFXS2LP1.3.0.0
2023-12-14 17:12:51,097 [WARN] PackLoader:240 - Cannot read IP mode file for STMicroelectronics.X-CUBE-AI.8.0.0
2023-12-14 17:12:51,113 [WARN] ConditionMgr:438 - getConditionDescription Invalid condition id : UX DEVICE CLASS RTOS Condition cause : null
2023-12-14 17:12:51,114 [WARN] ConditionMgr:438 - getConditionDescription Invalid condition id : UX DEVICE CLASS RTOS Condition cause : null
2023-12-14 17:12:51,117 [WARN] PackLoader:240 - Cannot read IP mode file for STMicroelectronics.X-CUBE-AZRTOS-WB.2.0.0
2023-12-14 17:12:51,118 [WARN] ConditionMgr:1039 - genDependencies : Invalid condition id : UX DEVICE CLASS RTOS Condition cause : null
2023-12-14 17:12:51,119 [WARN] ConditionMgr:1039 - genDependencies : Invalid condition id : UX DEVICE CLASS RTOS Condition cause : null
2023-12-14 17:12:51,120 [WARN] ConditionMgr:1039 - genDependencies : Invalid condition id : UX DEVICE CLASS RTOS Condition cause : null
2023-12-14 17:12:51,121 [WARN] ConditionMgr:1039 - genDependencies : Invalid condition id : UX DEVICE CLASS RTOS Condition cause : null
2023-12-14 17:12:51,121 [WARN] ConditionMgr:1039 - genDependencies : Invalid condition id : UX DEVICE CLASS RTOS Condition cause : null
2023-12-14 17:12:51,137 [WARN] PackLoader:240 - Cannot read IP mode file for STMicroelectronics.X-CUBE-FREERTOS.1.0.0
2023-12-14 17:12:51,146 [WARN] PackLoader:240 - Cannot read IP mode file for STMicroelectronics.X-CUBE-BLEMGR.1.0.0
2023-12-14 17:12:51,165 [WARN] PackLoader:240 - Cannot read IP mode file for STMicroelectronics.X-CUBE-AZRTOS-L5.1.1.0
2023-12-14 17:12:51,178 [WARN] PackLoader:240 - Cannot read IP mode file for STMicroelectronics.X-CUBE-SUBG2.5.0.0
2023-12-14 17:12:51,202 [WARN] PackLoader:240 - Cannot read IP mode file for STMicroelectronics.X-CUBE-TOF1.3.3.1
2023-12-14 17:12:51,228 [WARN] PackLoader:240 - Cannot read IP mode file for STMicroelectronics.X-CUBE-AZRTOS-G4.2.0.0
2023-12-14 17:12:51,237 [WARN] PackLoader:240 - Cannot read IP mode file for STMicroelectronics.FP-ATR-ASTRA1.1.1.1
2023-12-14 17:12:51,253 [WARN] PackLoader:240 - Cannot read IP mode file for Infineon.AIROC-Wi-Fi-Bluetooth-STM32.1.5.1
2023-12-14 17:12:51,265 [WARN] PackLoader:240 - Cannot read IP mode file for STMicroelectronics.FP-ATR-ASTRA1.1.1.0
2023-12-14 17:12:51,275 [WARN] PackLoader:240 - Cannot read IP mode file for STMicroelectronics.FP-SNS-MOTENVWB1.1.3.0
2023-12-14 17:12:51,281 [WARN] PackLoader:240 - Cannot read IP mode file for STMicroelectronics.FP-SNS-MOTENVWB1.1.3.1
2023-12-14 17:12:51,298 [WARN] PackLoader:240 - Cannot read IP mode file for STMicroelectronics.X-CUBE-AZRTOS-G4.1.0.0
2023-12-14 17:12:51,351 [WARN] PackLoader:240 - Cannot read IP mode file for STMicroelectronics.X-CUBE-AZRTOS-L4.1.0.0
2023-12-14 17:12:51,358 [WARN] PackLoader:240 - Cannot read IP mode file for STMicroelectronics.X-CUBE-ISPU.2.0.0
2023-12-14 17:12:51,415 [WARN] PackLoader:240 - Cannot read IP mode file for STMicroelectronics.X-CUBE-MEMS1.10.0.0
2023-12-14 17:12:51,568 [WARN] PackLoader:240 - Cannot read IP mode file for STMicroelectronics.X-CUBE-FREERTOS.1.1.0
2023-12-14 17:12:51,581 [WARN] PackLoader:240 - Cannot read IP mode file for STMicroelectronics.X-CUBE-AZRTOS-WL.1.0.0
2023-12-14 17:12:51,593 [WARN] PackLoader:240 - Cannot read IP mode file for STMicroelectronics.X-CUBE-TOF1.1.0.0
2023-12-14 17:12:51,604 [WARN] PackLoader:240 - Cannot read IP mode file for portGmbH.I-Cube-SoM-uGOAL.1.1.0
2023-12-14 17:12:51,620 [WARN] PackLoader:240 - Cannot read IP mode file for STMicroelectronics.X-CUBE-ALS.1.0.1
2023-12-14 17:12:51,635 [WARN] PackLoader:240 - Cannot read IP mode file for STMicroelectronics.X-CUBE-AZRTOS-WB.1.1.0
2023-12-14 17:12:51,675 [WARN] PackLoader:240 - Cannot read IP mode file for STMicroelectronics.X-CUBE-MEMS1.8.3.0
2023-12-14 17:12:51,789 [WARN] PackLoader:240 - Cannot read IP mode file for STMicroelectronics.X-CUBE-AZRTOS-L5.1.0.0
2023-12-14 17:12:51,796 [WARN] PackLoader:240 - Cannot read IP mode file for STMicroelectronics.X-CUBE-EEPRMA1.3.1.1
2023-12-14 17:12:51,802 [WARN] PackLoader:240 - Cannot read IP mode file for STMicroelectronics.X-CUBE-GNSS1.5.2.0
2023-12-14 17:12:51,811 [WARN] PackLoader:240 - Cannot read IP mode file for STMicroelectronics.FP-ATR-ASTRA1.2.0.0
2023-12-14 17:12:51,823 [WARN] PackLoader:240 - Cannot read IP mode file for STMicroelectronics.X-CUBE-TOF1.3.4.0
2023-12-14 17:12:51,855 [WARN] PackLoader:240 - Cannot read IP mode file for STMicroelectronics.X-CUBE-AZRTOS-H7.3.2.0
2023-12-14 17:12:51,882 [INFO] ThirdParty:978 - Integrity check success = true
2023-12-14 17:12:51,897 [INFO] IntegrityCheckThread:100 - exiting critical section [integrity check]
2023-12-14 17:12:51,899 [INFO] IntegrityCheckThread:103 - End integrity checks thread
2023-12-14 17:12:52,653 [INFO] WebApp:780 - Register for checkConnection events
2023-12-14 17:12:52,653 [INFO] WebApp:414 - Apply proxy settings
2023-12-14 17:12:52,653 [INFO] WebApp:499 - Chromium requires no authentication
2023-12-14 17:12:52,665 [INFO] WebApp:442 - Direct internet connection detected
2023-12-14 17:12:52,858 [INFO] WebApp:192 - Starting web application
2023-12-14 17:12:52,858 [INFO] WebApp:544 - Web application path used C:\ST\STM32CubeIDE_1.14.0\STM32CubeIDE\plugins\com.st.stm32cube.common.mx_6.10.0.202311202037\db\plugins\mcufinder\reactClient1\index.html
2023-12-14 17:13:13,763 [ERROR] LogOutputStream:75 - [STDERR_REDIRECT] SLF4J: Failed to load class "org.slf4j.impl.StaticLoggerBinder".
2023-12-14 17:13:13,764 [ERROR] LogOutputStream:75 - [STDERR_REDIRECT] SLF4J: Defaulting to no-operation (NOP) logger implementation
2023-12-14 17:13:13,766 [ERROR] LogOutputStream:75 - [STDERR_REDIRECT] SLF4J: See http://www.slf4j.org/codes.html#StaticLoggerBinder for further details.
2023-12-14 17:23:55,256 [INFO] McuFinderGlobals:63 - Set McuFinder mode to 2 (CubeIDE integrated)
2023-12-14 17:23:55,269 [INFO] MainUpdater:2873 - connection check result : 10
2023-12-14 17:23:55,270 [INFO] MainUpdater:2873 - connection check result : 10
2023-12-14 17:23:55,352 [INFO] MicroXplorer:468 - Change Database Path : 
2023-12-14 17:23:55,353 [INFO] MicroXplorer:498 - Change Database Version : DB.6.0.100
2023-12-14 17:23:55,361 [WARN] ThirdParty:871 - waiting for thirdparty lock release [close project]
2023-12-14 17:23:55,362 [INFO] ThirdParty:873 - entering critical section [close project]
2023-12-14 17:23:55,364 [INFO] ThirdParty:883 - exiting critical section [close project]
2023-12-14 17:23:55,367 [INFO] PinOutPanel:1499 - setPackage(No Configuration,No Configuration)
2023-12-14 17:23:55,375 [INFO] UtilMem:75 - Begin LoadConfig() Used Memory: 575970448 Bytes (886046720)
2023-12-14 17:23:55,377 [INFO] MicroXplorer:468 - Change Database Path : 
2023-12-14 17:23:55,377 [INFO] MicroXplorer:498 - Change Database Version : DB.6.0.100
2023-12-14 17:23:55,377 [INFO] OpenFileManager:312 - Change cursor
2023-12-14 17:23:55,414 [INFO] Mcu:2016 - Initializing MCU STM32F103C(8-B)Tx STM32F103C8Tx STM32F103C8T6
2023-12-14 17:23:56,543 [INFO] Context:659 - Trying to add GPIOservice into a context  which must be forbidden
2023-12-14 17:23:56,963 [INFO] RtosManager:555 - Registered RTOS mode: class=CMSIS, group=RTOS, mode=CMSIS_V1, owner=FREERTOS
2023-12-14 17:23:56,963 [INFO] RtosManager:555 - Registered RTOS mode: class=CMSIS, group=RTOS2, mode=CMSIS_V2, owner=FREERTOS
2023-12-14 17:23:56,963 [INFO] RtosManager:555 - Registered RTOS mode: class=RTOS, group=Core, mode=CMSIS_V1, owner=FREERTOS
2023-12-14 17:23:56,964 [INFO] RtosManager:555 - Registered RTOS mode: class=RTOS, group=Core, mode=CMSIS_V2, owner=FREERTOS
2023-12-14 17:23:56,964 [WARN] ModelIntegratedComponent:184 - Missing modes for component STMicroelectronics:FreeRTOS:0.0.1:STMicroelectronics:RTOS:FreeRTOS:Core:::10.2.0:
2023-12-14 17:23:56,976 [WARN] ModelIntegratedComponent:63 - No mode defined for component null
2023-12-14 17:23:56,977 [WARN] ModelIntegratedComponent:63 - No mode defined for component null
2023-12-14 17:23:56,977 [WARN] ModelIntegratedComponent:63 - No mode defined for component null
2023-12-14 17:23:56,977 [WARN] ModelIntegratedComponent:63 - No mode defined for component null
2023-12-14 17:23:56,977 [WARN] ModelIntegratedComponent:63 - No mode defined for component null
2023-12-14 17:23:56,977 [WARN] ModelIntegratedComponent:63 - No mode defined for component null
2023-12-14 17:23:56,978 [WARN] ModelIntegratedComponent:63 - No mode defined for component null
2023-12-14 17:23:56,978 [WARN] ModelIntegratedComponent:63 - No mode defined for component null
2023-12-14 17:23:56,978 [WARN] ModelIntegratedComponent:63 - No mode defined for component null
2023-12-14 17:23:56,978 [WARN] ModelIntegratedComponent:63 - No mode defined for component null
2023-12-14 17:23:56,978 [WARN] ModelIntegratedComponent:63 - No mode defined for component null
2023-12-14 17:23:56,978 [WARN] ModelIntegratedComponent:63 - No mode defined for component null
2023-12-14 17:23:56,979 [WARN] ModelIntegratedComponent:63 - No mode defined for component null
2023-12-14 17:23:56,989 [WARN] ModelIntegratedComponent:63 - No mode defined for component null
2023-12-14 17:23:56,989 [WARN] ModelIntegratedComponent:63 - No mode defined for component null
2023-12-14 17:23:56,989 [WARN] ModelIntegratedComponent:63 - No mode defined for component null
2023-12-14 17:23:56,989 [WARN] ModelIntegratedComponent:63 - No mode defined for component null
2023-12-14 17:23:56,989 [WARN] ModelIntegratedComponent:63 - No mode defined for component null
2023-12-14 17:23:56,989 [WARN] ModelIntegratedComponent:63 - No mode defined for component null
2023-12-14 17:23:56,989 [WARN] ModelIntegratedComponent:63 - No mode defined for component null
2023-12-14 17:23:56,989 [WARN] ModelIntegratedComponent:63 - No mode defined for component null
2023-12-14 17:23:56,990 [WARN] ModelIntegratedComponent:63 - No mode defined for component null
2023-12-14 17:23:56,990 [WARN] ModelIntegratedComponent:63 - No mode defined for component null
2023-12-14 17:23:56,990 [WARN] ModelIntegratedComponent:63 - No mode defined for component null
2023-12-14 17:23:56,990 [WARN] ModelIntegratedComponent:63 - No mode defined for component null
2023-12-14 17:23:56,990 [WARN] ModelIntegratedComponent:63 - No mode defined for component null
2023-12-14 17:23:56,990 [WARN] ModelIntegratedComponent:63 - No mode defined for component null
2023-12-14 17:23:56,991 [WARN] ModelIntegratedComponent:63 - No mode defined for component null
2023-12-14 17:23:56,991 [WARN] ModelIntegratedComponent:63 - No mode defined for component null
2023-12-14 17:23:56,991 [WARN] ModelIntegratedComponent:63 - No mode defined for component null
2023-12-14 17:23:56,991 [WARN] ModelIntegratedComponent:63 - No mode defined for component null
2023-12-14 17:23:56,991 [WARN] ModelIntegratedComponent:63 - No mode defined for component null
2023-12-14 17:23:56,991 [WARN] ModelIntegratedComponent:63 - No mode defined for component null
2023-12-14 17:23:57,241 [INFO] ThirdPartyModel:298 - Start build external matchings
2023-12-14 17:23:58,857 [INFO] ThirdPartyModel:316 - End build external matchings
2023-12-14 17:23:58,904 [INFO] ImportTextPane:194 - (OptionalMessage_ERROR) IP (RCC) : Parameter (ADCFreqValue) has invalid value (36000000)
2023-12-14 17:23:58,905 [INFO] ImportTextPane:194 - (OptionalMessage_ERROR) IP (RCC) : Invalid parameter (FamilyName)
2023-12-14 17:23:58,905 [INFO] ImportTextPane:194 - (OptionalMessage_ERROR) IP (RCC) : Parameter (MCOFreq_Value) has invalid value (72000000)
2023-12-14 17:23:58,906 [INFO] ImportTextPane:194 - (OptionalMessage_ERROR) IP (RCC) : Parameter (USBFreq_Value) has invalid value (72000000)
2023-12-14 17:23:59,198 [INFO] UtilMem:75 - End LoadConfig() Used Memory: 466011448 Bytes (886046720)
2023-12-14 17:23:59,479 [INFO] ApiDb:581 - Connected to CubeFinder SQLite database (C:\Users\Steven\.stmcufinder\plugins\mcufinder\mcu\cube-finder-db.db)
2023-12-14 17:23:59,631 [INFO] ApiDb:668 - CubeFinder database Data Model version=2.1
2023-12-14 17:23:59,631 [INFO] ApiDb:669 - CubeFinder database Configuration version=3.0.39
2023-12-14 17:23:59,632 [INFO] ApiDb:670 - CubeFinder database generation date=2023-11-06 (1699269565)
2023-12-14 17:23:59,632 [INFO] ApiDb:671 - CubeFinder database FW Pack versions=[FP-ATR-ASTRA1_V2.0.0, FP-SNS-FLIGHT1_V5.0.1, FP-SNS-FLIGHT1_V5.0.2, FP-SNS-MOTENV1_V4.3.1, FP-SNS-MOTENV1_V4.3.2, FP-SNS-MOTENVWB1_V1.3.0, FP-SNS-SMARTAG2_V1.2.0, STM32Cube_FW_C0_V1.1.0, STM32Cube_FW_F4_V1.28.0, STM32Cube_FW_F7_V1.17.0, STM32Cube_FW_G0_V1.6.1, STM32Cube_FW_G4_V1.5.1, STM32Cube_FW_H5_V0.5.1, STM32Cube_FW_H5_V1.1.1, STM32Cube_FW_H5_V1.2.0RC2, STM32Cube_FW_H7_V1.11.0, STM32Cube_FW_L0_V1.12.2, STM32Cube_FW_L5_V1.5.0, STM32Cube_FW_U5_V1.3.0RC4, STM32Cube_FW_U5_V1.4.0, STM32Cube_FW_WBA_V1.0.0RC1, STM32Cube_FW_WBA_V1.1.0RC1, STM32Cube_FW_WBA_V1.2.0, STM32Cube_FW_WBA_V1.2.0RC2, STM32Cube_FW_WB_V1.15.0RC1, STM32Cube_FW_WB_V1.16.0, STM32Cube_FW_WB_V1.16.0RC2, STM32Cube_FW_WB_V1.18.0, STM32Cube_FW_WL_V1.3.0, X-CUBE-ALGOBUILD_V1.3.0, X-CUBE-ALS_V1.0.1, X-CUBE-AZRTOS-F4_V1.1.0, X-CUBE-AZRTOS-F7_V1.1.0, X-CUBE-AZRTOS-G0_V1.1.0, X-CUBE-AZRTOS-G4_V2.0.0, X-CUBE-AZRTOS-H7_V3.1.0, X-CUBE-AZRTOS-L4_V1.0.0, X-CUBE-AZRTOS-L4_V2.0.0, X-CUBE-AZRTOS-L5_V1.1.0, X-CUBE-AZRTOS-WB_V2.0.0, X-CUBE-AZRTOS-WL_V2.0.0, X-CUBE-BLE1_V7.0.0, X-CUBE-BLE2_V3.3.0, X-CUBE-BLEMGR_V2.0.0, X-CUBE-EEPRMA1_V4.1.0, X-CUBE-EEPRMA1_V4.2.0, X-CUBE-FREERTOS_V1.1.0, X-CUBE-GNSS1_V6.0.0, X-CUBE-MEMS1_V10.0.0, X-CUBE-MEMS1_V9.1.0, X-CUBE-MEMS1_V9.4.0, X-CUBE-MEMS1_V9.6.0, X-CUBE-NFC4_V3.0.0, X-CUBE-NFC7_V1.0.1, X-CUBE-SFXS2LP1_V4.0.0, X-CUBE-SUBG2_V5.0.0, X-CUBE-TOF1_V3.3.1]
2023-12-14 17:24:02,443 [INFO] ApiDb:240 - Found 371 in-development CPN: [B-G473E-ZEST1S, B-WB1M-WPAN1, B-WL5M-SUBG1, NUCLEO-C031C6, NUCLEO-H503RB, NUCLEO-H563ZI, NUCLEO-U545RE-Q, NUCLEO-U5A5ZJ-Q, NUCLEO-WBA52CG, NUCLEO-WBA55CG, STEVAL-MKBOXPRO, STEVAL-PROTEUS1, STEVAL-STWINBX1, STM320518-EVAL, STM32C0116-DK, STM32C011D6Y3TR, STM32C011D6Y6TR, STM32C011F4P3, STM32C011F4P6, STM32C011F4U3, STM32C011F4U6TR, STM32C011F6P3, STM32C011F6P6, STM32C011F6U3, STM32C011F6U6TR, STM32C011J4M3, STM32C011J4M6, STM32C011J6M3, STM32C011J6M6, STM32C0316-DK, STM32C031C4T3, STM32C031C4T6, STM32C031C4U3, STM32C031C4U6, STM32C031C6T3, STM32C031C6T6, STM32C031C6U3, STM32C031C6U6, STM32C031F4P3, STM32C031F4P6, STM32C031F6P3, STM32C031F6P6, STM32C031G4U3, STM32C031G4U6, STM32C031G6U3, STM32C031G6U6, STM32C031K4T3, STM32C031K4T6, STM32C031K4U3, STM32C031K4U6, STM32C031K6T3, STM32C031K6T6, STM32C031K6U3, STM32C031K6U6, STM32G071K8TXN, STM32G071K8UXN, STM32G081GBU6N, STM32G081KBT6N, STM32G081KBUXN, STM32G0B1CCT6N, STM32G0B1KCT6, STM32G0B1NEY6TR, STM32G0B1RCT6N, STM32G0C1CCT6, STM32G0C1CCT6N, STM32G0C1CCU6N, STM32G0C1CET6N, STM32G0C1CEU6N, STM32G0C1KCT6, STM32G0C1NEY6TR, STM32G0C1RCI6N, STM32G0C1RCT6N, STM32G0C1REI6N, STM32G0C1RET6N, STM32G0C1VCI6, STM32G0C1VEI6, STM32G471CCT6, STM32G471CCU6, STM32G471CET3, STM32G471CET6, STM32G471CEU3, STM32G471CEU6, STM32G471MCT6, STM32G471MET3, STM32G471MET6, STM32G471MEY6TR, STM32G471QCT6, STM32G471QET3, STM32G471RCT6, STM32G471RET3, STM32G471RET6, STM32G471VCH6, STM32G471VCI6, STM32G471VCT6, STM32G471VEH3, STM32G471VEH6, STM32G471VEI3, STM32G471VEI6, STM32G471VET3, STM32G471VET6, STM32G474CCT6, STM32H503CBT6, STM32H503CBU6, STM32H503EBY6TR, STM32H503KBU6, STM32H503RBT6, STM32H562AGI6, STM32H562AII6, STM32H562IGK6, STM32H562IGT6, STM32H562IIK6, STM32H562IIT6, STM32H562RGT6, STM32H562RGV6, STM32H562RIT6, STM32H562RIV6, STM32H562VGT6, STM32H562VIT6, STM32H562ZGT6, STM32H562ZIT6, STM32H563AGI6, STM32H563AII3Q, STM32H563AII6, STM32H563IGK6, STM32H563IGT6, STM32H563IIK3Q, STM32H563IIK6, STM32H563IIT3Q, STM32H563IIT6, STM32H563MIY3QTR, STM32H563RGT6, STM32H563RGV6, STM32H563RIT6, STM32H563RIV6, STM32H563VGT6, STM32H563VIT3Q, STM32H563VIT6, STM32H563ZGT6, STM32H563ZIT3Q, STM32H563ZIT6, STM32H573AII3Q, STM32H573AII6, STM32H573I-DK, STM32H573IIK3Q, STM32H573IIK6, STM32H573IIT3Q, STM32H573IIT6, STM32H573MIY3QTR, STM32H573RIT6, STM32H573RIV6, STM32H573VIT3Q, STM32H573VIT6, STM32H573ZIT3Q, STM32H573ZIT6, STM32L4R5QGI6STR, STM32MP131AAE3, STM32MP131AAF3, STM32MP131AAG3, STM32MP131CAE3, STM32MP131CAF3, STM32MP131CAG3, STM32MP131DAE7, STM32MP131DAF7, STM32MP131DAG7, STM32MP131FAE7, STM32MP131FAF7, STM32MP131FAG7, STM32MP133AAE3, STM32MP133AAF3, STM32MP133AAG3, STM32MP133CAE3, STM32MP133CAF3, STM32MP133CAG3, STM32MP133DAE7, STM32MP133DAF7, STM32MP133DAG7, STM32MP133FAE7, STM32MP133FAF7, STM32MP133FAG7, STM32MP135AAE3, STM32MP135AAF3, STM32MP135AAG3, STM32MP135CAE3, STM32MP135CAF3, STM32MP135CAG3, STM32MP135DAE7, STM32MP135DAF7, STM32MP135DAG7, STM32MP135F-DK, STM32MP135FAE7, STM32MP135FAF7, STM32MP135FAF7T, STM32MP135FAF7U, STM32MP135FAG7, STM32U535CBT6, STM32U535CBT6Q, STM32U535CBU6, STM32U535CBU6Q, STM32U535CCT6, STM32U535CCT6Q, STM32U535CCU6, STM32U535CCU6Q, STM32U535CET6, STM32U535CET6Q, STM32U535CEU6, STM32U535CEU6Q, STM32U535JEY6QTR, STM32U535NCY6QTR, STM32U535NEY6QTR, STM32U535RBI6, STM32U535RBI6Q, STM32U535RBT6, STM32U535RBT6Q, STM32U535RCI6, STM32U535RCI6Q, STM32U535RCT6, STM32U535RCT6Q, STM32U535REI6, STM32U535REI6Q, STM32U535RET6, STM32U535RET6Q, STM32U535VCI6, STM32U535VCI6Q, STM32U535VCT6, STM32U535VCT6Q, STM32U535VEI6, STM32U535VEI6Q, STM32U535VET6, STM32U535VET6Q, STM32U545CET6, STM32U545CET6Q, STM32U545CEU6, STM32U545CEU6Q, STM32U545JEY6QTR, STM32U545NEY6QTR, STM32U545REI6, STM32U545REI6Q, STM32U545RET6, STM32U545RET6Q, STM32U545VEI6, STM32U545VEI6Q, STM32U545VET6, STM32U545VET6Q, STM32U595AIH6, STM32U595AIH6Q, STM32U595AJH6, STM32U595AJH6Q, STM32U595QII6, STM32U595QII6Q, STM32U595QJI6, STM32U595QJI6Q, STM32U595RIT6, STM32U595RIT6Q, STM32U595RJT6, STM32U595RJT6Q, STM32U595VIT6, STM32U595VIT6Q, STM32U595VJT6, STM32U595VJT6Q, STM32U595ZIT6, STM32U595ZIT6Q, STM32U595ZIY6QTR, STM32U595ZJT6, STM32U595ZJT6Q, STM32U595ZJY6QTR, STM32U599BJY6QTR, STM32U599NIH6Q, STM32U599NJH6Q, STM32U599VIT6Q, STM32U599VJT6, STM32U599VJT6Q, STM32U599ZIT6Q, STM32U599ZIY6QTR, STM32U599ZJT6Q, STM32U599ZJY6QTR, STM32U5A5AJH6, STM32U5A5AJH6Q, STM32U5A5QJI6, STM32U5A5QJI6Q, STM32U5A5RJT6, STM32U5A5RJT6Q, STM32U5A5VJT6, STM32U5A5VJT6Q, STM32U5A5ZJT6, STM32U5A5ZJT6Q, STM32U5A5ZJY6QTR, STM32U5A9BJY6QTR, STM32U5A9J-DK, STM32U5A9NJH6Q, STM32U5A9VJT6Q, STM32U5A9ZJT6Q, STM32U5A9ZJY6QTR, STM32U5F7VIT6, STM32U5F7VIT6Q, STM32U5F7VJT6, STM32U5F7VJT6Q, STM32U5F9BJY6QTR, STM32U5F9NJH6Q, STM32U5F9VIT6Q, STM32U5F9VJT6Q, STM32U5F9ZIJ6QTR, STM32U5F9ZIT6Q, STM32U5F9ZJJ6QTR, STM32U5F9ZJT6Q, STM32U5G7VJT6, STM32U5G7VJT6Q, STM32U5G9BJY6QTR, STM32U5G9J-DK1, STM32U5G9J-DK2, STM32U5G9NJH6Q, STM32U5G9VJT6Q, STM32U5G9ZJJ6QTR, STM32U5G9ZJT6Q, STM32WB1MMCH6, STM32WBA50KEU6, STM32WBA50KEU6TR, STM32WBA50KGU6, STM32WBA50KGU6TR, STM32WBA52CEU6, STM32WBA52CEU6TR, STM32WBA52CEU7, STM32WBA52CEU7TR, STM32WBA52CGU6, STM32WBA52CGU6TR, STM32WBA52CGU6U, STM32WBA52CGU7, STM32WBA52CGU7TR, STM32WBA52KEU6, STM32WBA52KEU6TR, STM32WBA52KGU6, STM32WBA52KGU6TR, STM32WBA54CEU6, STM32WBA54CEU6TR, STM32WBA54CEU7, STM32WBA54CEU7TR, STM32WBA54CGU6, STM32WBA54CGU6TR, STM32WBA54CGU7, STM32WBA54CGU7TR, STM32WBA54KEU6, STM32WBA54KEU6TR, STM32WBA54KEU7, STM32WBA54KEU7TR, STM32WBA54KGU6, STM32WBA54KGU6TR, STM32WBA54KGU7, STM32WBA54KGU7TR, STM32WBA55CEU6, STM32WBA55CEU6TR, STM32WBA55CEU7, STM32WBA55CEU7TR, STM32WBA55CGU6, STM32WBA55CGU6TR, STM32WBA55CGU6U, STM32WBA55CGU7, STM32WBA55CGU7TR, STM32WBA55G-DK1, STM32WBA55HEF6, STM32WBA55HEF7, STM32WBA55HGF6, STM32WBA55HGF7, STM32WBA55UEI6, STM32WBA55UEI6TR, STM32WBA55UEI7, STM32WBA55UEI7TR, STM32WBA55UGI6, STM32WBA55UGI6TR, STM32WBA55UGI7, STM32WBA55UGI7TR, STM32WL5MOCH6, STM32WL5MOCH6TR]
2023-12-14 17:24:02,448 [INFO] DbMcus:218 - Found 3930 MCUs, 3930 are supported
2023-12-14 17:24:02,450 [INFO] ApiDb:423 - Load user favorites file C:\Users\Steven/.stm32cubeide/favorites.mcus.txt: 2 item(s)
2023-12-14 17:24:02,451 [INFO] ApiDb:427 - User favorites MCUs=[STM32F030F4P6, STM32F030F4P6TR]
2023-12-14 17:24:02,451 [INFO] DbMcus:224 - Set 2 / 2 favorites MCUs
2023-12-14 17:24:02,816 [INFO] MicroXplorer:468 - Change Database Path : 
2023-12-14 17:24:02,816 [INFO] MicroXplorer:498 - Change Database Version : DB.6.0.100
2023-12-14 17:24:02,817 [WARN] ThirdParty:833 - waiting for thirdparty lock release [change project]
2023-12-14 17:24:02,817 [INFO] ThirdParty:835 - entering critical section [change project]
2023-12-14 17:24:02,817 [INFO] ThirdParty:1030 - CMSIS Pack Vendor :STMicroelectronics USBPD 4.1
2023-12-14 17:24:02,818 [INFO] ThirdParty:1030 - CMSIS Pack Vendor :STMicroelectronics X-CUBE-GNSS1 6.0.0
2023-12-14 17:24:02,818 [INFO] ThirdParty:1030 - CMSIS Pack Vendor :STMicroelectronics USB_HOST 2.0.0
2023-12-14 17:24:02,818 [INFO] ThirdParty:1030 - CMSIS Pack Vendor :STMicroelectronics X-CUBE-AZRTOS-F4 1.1.0
2023-12-14 17:24:02,818 [INFO] ThirdParty:1030 - CMSIS Pack Vendor :STMicroelectronics LIBJPEG 8.0.0
2023-12-14 17:24:02,818 [INFO] ThirdParty:1030 - CMSIS Pack Vendor :STMicroelectronics X-CUBE-SMBUS 2.1.0
2023-12-14 17:24:02,818 [INFO] ThirdParty:1030 - CMSIS Pack Vendor :STMicroelectronics X-CUBE-SUBG2 4.1.0
2023-12-14 17:24:02,819 [INFO] ThirdParty:1030 - CMSIS Pack Vendor :STMicroelectronics X-CUBE-AZRTOS-F7 1.1.0
2023-12-14 17:24:02,819 [INFO] ThirdParty:1030 - CMSIS Pack Vendor :STMicroelectronics X-CUBE-AZRTOS-L5 2.0.0
2023-12-14 17:24:02,819 [INFO] ThirdParty:1030 - CMSIS Pack Vendor :STMicroelectronics USB_DEVICE 2.0.0
2023-12-14 17:24:02,819 [INFO] ThirdParty:1030 - CMSIS Pack Vendor :STMicroelectronics X-CUBE-EEPRMA1 4.2.0
2023-12-14 17:24:02,819 [INFO] ThirdParty:1030 - CMSIS Pack Vendor :ITTIA_DB I-CUBE-ITTIADB 8.8.0
2023-12-14 17:24:02,819 [INFO] ThirdParty:1030 - CMSIS Pack Vendor :STMicroelectronics FP-SNS-MOTENV1 4.3.2
2023-12-14 17:24:02,819 [INFO] ThirdParty:1030 - CMSIS Pack Vendor :STMicroelectronics X-CUBE-BLE1 6.2.3
2023-12-14 17:24:02,819 [INFO] ThirdParty:1030 - CMSIS Pack Vendor :STMicroelectronics X-CUBE-EEPRMA1 3.0.0
2023-12-14 17:24:02,820 [INFO] ThirdParty:1030 - CMSIS Pack Vendor :STMicroelectronics X-CUBE-BLE1 6.2.4
2023-12-14 17:24:02,820 [INFO] ThirdParty:1030 - CMSIS Pack Vendor :STMicroelectronics FreeRTOS 0.0.1
2023-12-14 17:24:02,820 [INFO] ThirdParty:1030 - CMSIS Pack Vendor :STMicroelectronics X-CUBE-BLEMGR 2.0.0
2023-12-14 17:24:02,820 [INFO] ThirdParty:1030 - CMSIS Pack Vendor :STMicroelectronics X-CUBE-BLE1 6.2.0
2023-12-14 17:24:02,821 [INFO] ThirdParty:1030 - CMSIS Pack Vendor :STMicroelectronics FP-SNS-FLIGHT1 5.0.2
2023-12-14 17:24:02,821 [INFO] ThirdParty:1030 - CMSIS Pack Vendor :STMicroelectronics X-CUBE-NFC4 2.0.4
2023-12-14 17:24:02,821 [INFO] ThirdParty:1030 - CMSIS Pack Vendor :STMicroelectronics X-CUBE-NFC4 2.0.2
2023-12-14 17:24:02,821 [INFO] ThirdParty:1030 - CMSIS Pack Vendor :STMicroelectronics X-CUBE-AZRTOS-H7 3.1.0
2023-12-14 17:24:02,822 [INFO] ThirdParty:1030 - CMSIS Pack Vendor :STMicroelectronics PDM2PCM 3.3.0
2023-12-14 17:24:02,822 [INFO] ThirdParty:1030 - CMSIS Pack Vendor :STMicroelectronics X-CUBE-TOF1 3.1.0
2023-12-14 17:24:02,822 [INFO] ThirdParty:1030 - CMSIS Pack Vendor :STMicroelectronics X-CUBE-BLE2 3.2.0
2023-12-14 17:24:02,822 [INFO] ThirdParty:1030 - CMSIS Pack Vendor :STMicroelectronics X-CUBE-DISPLAY 3.0.0
2023-12-14 17:24:02,822 [INFO] ThirdParty:1030 - CMSIS Pack Vendor :STMicroelectronics X-CUBE-AZRTOS-F4 1.0.0
2023-12-14 17:24:02,822 [INFO] ThirdParty:1030 - CMSIS Pack Vendor :STMicroelectronics X-CUBE-BLE1 7.0.0
2023-12-14 17:24:02,823 [INFO] ThirdParty:1030 - CMSIS Pack Vendor :STMicroelectronics HAL Drivers 0.0.0
2023-12-14 17:24:02,823 [INFO] ThirdParty:1030 - CMSIS Pack Vendor :STMicroelectronics X-CUBE-NFC7 1.0.1
2023-12-14 17:24:02,823 [INFO] ThirdParty:1030 - CMSIS Pack Vendor :STMicroelectronics MBEDTLS 2.14.1
2023-12-14 17:24:02,823 [INFO] ThirdParty:1030 - CMSIS Pack Vendor :STMicroelectronics X-CUBE-NFC7 1.0.0
2023-12-14 17:24:02,823 [INFO] ThirdParty:1030 - CMSIS Pack Vendor :STMicroelectronics X-CUBE-TOUCHGFX 4.22.1
2023-12-14 17:24:02,823 [INFO] ThirdParty:1030 - CMSIS Pack Vendor :STMicroelectronics X-CUBE-AZRTOS-H7 1.0.0
2023-12-14 17:24:02,823 [INFO] ThirdParty:1030 - CMSIS Pack Vendor :STMicroelectronics X-CUBE-NFC6 3.0.0
2023-12-14 17:24:02,824 [INFO] ThirdParty:1030 - CMSIS Pack Vendor :STMicroelectronics X-CUBE-MEMS1 9.3.0
2023-12-14 17:24:02,824 [INFO] ThirdParty:1030 - CMSIS Pack Vendor :STMicroelectronics X-CUBE-EEPRMA1 4.1.0
2023-12-14 17:24:02,824 [INFO] ThirdParty:1030 - CMSIS Pack Vendor :STMicroelectronics X-CUBE-AI 7.2.0
2023-12-14 17:24:02,824 [INFO] ThirdParty:1030 - CMSIS Pack Vendor :STMicroelectronics FP-SNS-SMARTAG2 1.2.0
2023-12-14 17:24:02,824 [INFO] ThirdParty:1030 - CMSIS Pack Vendor :STMicroelectronics X-CUBE-AZRTOS-WL 2.0.0
2023-12-14 17:24:02,824 [INFO] ThirdParty:1030 - CMSIS Pack Vendor :STMicroelectronics X-CUBE-DISPLAY 1.0.0
2023-12-14 17:24:02,824 [INFO] ThirdParty:1030 - CMSIS Pack Vendor :STMicroelectronics USB_DEVICE 1.0.0
2023-12-14 17:24:02,824 [INFO] ThirdParty:1030 - CMSIS Pack Vendor :STMicroelectronics X-CUBE-AI 8.1.0
2023-12-14 17:24:02,825 [INFO] ThirdParty:1030 - CMSIS Pack Vendor :STMicroelectronics X-CUBE-AI 6.0.0
2023-12-14 17:24:02,825 [INFO] ThirdParty:1030 - CMSIS Pack Vendor :STMicroelectronics X-CUBE-ALGOBUILD 1.2.0
2023-12-14 17:24:02,825 [INFO] ThirdParty:1030 - CMSIS Pack Vendor :STMicroelectronics X-CUBE-AZRTOS-L4 2.0.0
2023-12-14 17:24:02,825 [INFO] ThirdParty:1030 - CMSIS Pack Vendor :STMicroelectronics ThreadX 0.0.2
2023-12-14 17:24:02,825 [INFO] ThirdParty:1030 - CMSIS Pack Vendor :WES I-CUBE-Cesium 1.3.0
2023-12-14 17:24:02,825 [INFO] ThirdParty:1030 - CMSIS Pack Vendor :STMicroelectronics lwIP 2.1.2
2023-12-14 17:24:02,826 [INFO] ThirdParty:1030 - CMSIS Pack Vendor :STMicroelectronics X-CUBE-SFXS2LP1 4.0.0
2023-12-14 17:24:02,826 [INFO] ThirdParty:1030 - CMSIS Pack Vendor :STMicroelectronics X-CUBE-BLE2 3.3.0
2023-12-14 17:24:02,826 [INFO] ThirdParty:1030 - CMSIS Pack Vendor :STMicroelectronics X-CUBE-DISPLAY 2.2.0
2023-12-14 17:24:02,826 [INFO] ThirdParty:1030 - CMSIS Pack Vendor :STMicroelectronics X-CUBE-TOF1 3.2.0
2023-12-14 17:24:02,826 [INFO] ThirdParty:1030 - CMSIS Pack Vendor :wolfSSL I-CUBE-wolfSSL 4.7.0
2023-12-14 17:24:02,826 [INFO] ThirdParty:1030 - CMSIS Pack Vendor :STMicroelectronics PDM2PCM 3.2.0
2023-12-14 17:24:02,826 [INFO] ThirdParty:1030 - CMSIS Pack Vendor :STMicroelectronics X-CUBE-AZRTOS-H7 3.0.0
2023-12-14 17:24:02,827 [INFO] ThirdParty:1030 - CMSIS Pack Vendor :STMicroelectronics X-CUBE-ISPU 1.1.0
2023-12-14 17:24:02,827 [INFO] ThirdParty:1030 - CMSIS Pack Vendor :RoweBots I-CUBE-UNISONRTOS 5.5.0-4
2023-12-14 17:24:02,827 [INFO] ThirdParty:1030 - CMSIS Pack Vendor :STMicroelectronics X-CUBE-SFXS2LP1 3.0.0
2023-12-14 17:24:02,827 [INFO] ThirdParty:1030 - CMSIS Pack Vendor :STMicroelectronics X-CUBE-AZRTOS-H7 2.1.0
2023-12-14 17:24:02,827 [INFO] ThirdParty:1030 - CMSIS Pack Vendor :STMicroelectronics USB_DEVICE 3.0.0
2023-12-14 17:24:02,827 [INFO] ThirdParty:1030 - CMSIS Pack Vendor :STMicroelectronics X-CUBE-AI 8.0.0
2023-12-14 17:24:02,827 [INFO] ThirdParty:1030 - CMSIS Pack Vendor :STMicroelectronics X-CUBE-AZRTOS-WB 2.0.0
2023-12-14 17:24:02,827 [INFO] ThirdParty:1030 - CMSIS Pack Vendor :STMicroelectronics X-CUBE-FREERTOS 1.0.0
2023-12-14 17:24:02,828 [INFO] ThirdParty:1030 - CMSIS Pack Vendor :STMicroelectronics X-CUBE-TOUCHGFX 4.21.1
2023-12-14 17:24:02,828 [INFO] ThirdParty:1030 - CMSIS Pack Vendor :STMicroelectronics X-CUBE-BLEMGR 1.0.0
2023-12-14 17:24:02,828 [INFO] ThirdParty:1030 - CMSIS Pack Vendor :STMicroelectronics X-CUBE-ALGOBUILD 1.3.0
2023-12-14 17:24:02,828 [INFO] ThirdParty:1030 - CMSIS Pack Vendor :STMicroelectronics X-CUBE-AZRTOS-L5 1.1.0
2023-12-14 17:24:02,828 [INFO] ThirdParty:1030 - CMSIS Pack Vendor :STMicroelectronics X-CUBE-AZRTOS-G0 1.1.0
2023-12-14 17:24:02,828 [INFO] ThirdParty:1030 - CMSIS Pack Vendor :STMicroelectronics X-CUBE-NFC4 3.0.0
2023-12-14 17:24:02,828 [INFO] ThirdParty:1030 - CMSIS Pack Vendor :SEGGER I-CUBE-embOS 1.2.0
2023-12-14 17:24:02,828 [INFO] ThirdParty:1030 - CMSIS Pack Vendor :STMicroelectronics X-CUBE-SUBG2 5.0.0
2023-12-14 17:24:02,828 [INFO] ThirdParty:1030 - CMSIS Pack Vendor :STMicroelectronics STM32_WPAN 1.0.0
2023-12-14 17:24:02,829 [INFO] ThirdParty:1030 - CMSIS Pack Vendor :STMicroelectronics lwIP 2.0.3
2023-12-14 17:24:02,829 [INFO] ThirdParty:1030 - CMSIS Pack Vendor :STMicroelectronics USB_HOST 1.0.0
2023-12-14 17:24:02,829 [INFO] ThirdParty:1030 - CMSIS Pack Vendor :STMicroelectronics X-CUBE-TOF1 3.3.1
2023-12-14 17:24:02,829 [INFO] ThirdParty:1030 - CMSIS Pack Vendor :STMicroelectronics X-CUBE-AZRTOS-G4 2.0.0
2023-12-14 17:24:02,829 [INFO] ThirdParty:1030 - CMSIS Pack Vendor :STMicroelectronics PDM2PCM 3.1.0
2023-12-14 17:24:02,829 [INFO] ThirdParty:1030 - CMSIS Pack Vendor :STMicroelectronics FP-ATR-ASTRA1 1.1.1
2023-12-14 17:24:02,829 [INFO] ThirdParty:1030 - CMSIS Pack Vendor :Infineon AIROC-Wi-Fi-Bluetooth-STM32 1.5.1
2023-12-14 17:24:02,829 [INFO] ThirdParty:1030 - CMSIS Pack Vendor :STMicroelectronics X-CUBE-BLEMGR 3.0.0
2023-12-14 17:24:02,830 [INFO] ThirdParty:1030 - CMSIS Pack Vendor :STMicroelectronics FP-ATR-ASTRA1 1.1.0
2023-12-14 17:24:02,830 [INFO] ThirdParty:1030 - CMSIS Pack Vendor :STMicroelectronics FP-SNS-MOTENVWB1 1.3.0
2023-12-14 17:24:02,830 [INFO] ThirdParty:1030 - CMSIS Pack Vendor :STMicroelectronics FP-SNS-MOTENVWB1 1.3.1
2023-12-14 17:24:02,830 [INFO] ThirdParty:1030 - CMSIS Pack Vendor :STMicroelectronics FP-ATR-SIGFOX1 3.2.0
2023-12-14 17:24:02,830 [INFO] ThirdParty:1030 - CMSIS Pack Vendor :STMicroelectronics X-CUBE-AZRTOS-G4 1.0.0
2023-12-14 17:24:02,830 [INFO] ThirdParty:1030 - CMSIS Pack Vendor :STMicroelectronics X-CUBE-AZRTOS-L4 1.0.0
2023-12-14 17:24:02,830 [INFO] ThirdParty:1030 - CMSIS Pack Vendor :STMicroelectronics X-CUBE-ISPU 2.0.0
2023-12-14 17:24:02,830 [INFO] ThirdParty:1030 - CMSIS Pack Vendor :STMicroelectronics MBEDTLS 2.16.2
2023-12-14 17:24:02,830 [INFO] ThirdParty:1030 - CMSIS Pack Vendor :emotas I-CUBE-CANOPEN 1.1.2
2023-12-14 17:24:02,831 [INFO] ThirdParty:1030 - CMSIS Pack Vendor :STMicroelectronics X-CUBE-TOUCHGFX 4.20.0
2023-12-14 17:24:02,831 [INFO] ThirdParty:1030 - CMSIS Pack Vendor :STMicroelectronics X-CUBE-MEMS1 10.0.0
2023-12-14 17:24:02,831 [INFO] ThirdParty:1030 - CMSIS Pack Vendor :STMicroelectronics X-CUBE-FREERTOS 1.1.0
2023-12-14 17:24:02,831 [INFO] ThirdParty:1030 - CMSIS Pack Vendor :STMicroelectronics X-CUBE-AZRTOS-WL 1.0.0
2023-12-14 17:24:02,831 [INFO] ThirdParty:1030 - CMSIS Pack Vendor :STMicroelectronics X-CUBE-TOF1 1.0.0
2023-12-14 17:24:02,831 [INFO] ThirdParty:1030 - CMSIS Pack Vendor :portGmbH I-Cube-SoM-uGOAL 1.1.0
2023-12-14 17:24:02,831 [INFO] ThirdParty:1030 - CMSIS Pack Vendor :STMicroelectronics X-CUBE-ALS 1.0.1
2023-12-14 17:24:02,832 [INFO] ThirdParty:1030 - CMSIS Pack Vendor :STMicroelectronics X-CUBE-MEMS1 9.5.0
2023-12-14 17:24:02,832 [INFO] ThirdParty:1030 - CMSIS Pack Vendor :STMicroelectronics ThreadX 1.0.0
2023-12-14 17:24:02,832 [INFO] ThirdParty:1030 - CMSIS Pack Vendor :STMicroelectronics X-CUBE-AZRTOS-WB 1.1.0
2023-12-14 17:24:02,832 [INFO] ThirdParty:1030 - CMSIS Pack Vendor :SEGGER I-CUBE-embOS 1.3.1
2023-12-14 17:24:02,832 [INFO] ThirdParty:1030 - CMSIS Pack Vendor :STMicroelectronics X-CUBE-MEMS1 8.3.0
2023-12-14 17:24:02,832 [INFO] ThirdParty:1030 - CMSIS Pack Vendor :STMicroelectronics X-CUBE-AZRTOS-L5 1.0.0
2023-12-14 17:24:02,832 [INFO] ThirdParty:1030 - CMSIS Pack Vendor :STMicroelectronics X-CUBE-EEPRMA1 3.1.1
2023-12-14 17:24:02,832 [INFO] ThirdParty:1030 - CMSIS Pack Vendor :STMicroelectronics X-CUBE-GNSS1 5.2.0
2023-12-14 17:24:02,833 [INFO] ThirdParty:1030 - CMSIS Pack Vendor :STMicroelectronics FP-ATR-ASTRA1 2.0.0
2023-12-14 17:24:02,833 [INFO] ThirdParty:1030 - CMSIS Pack Vendor :STMicroelectronics X-CUBE-TOF1 3.4.0
2023-12-14 17:24:02,833 [INFO] ThirdParty:1030 - CMSIS Pack Vendor :STMicroelectronics X-CUBE-TOUCHGFX 4.16.1
2023-12-14 17:24:02,833 [INFO] ThirdParty:1030 - CMSIS Pack Vendor :STMicroelectronics X-CUBE-AZRTOS-H7 3.2.0
2023-12-14 17:24:02,833 [INFO] ThirdParty:841 - exiting critical section [change project]
2023-12-14 17:24:03,159 [INFO] PinOutPanel:1499 - setPackage(No Configuration,No Configuration)
2023-12-14 17:24:03,161 [INFO] PinOutPanel:1499 - setPackage(STM32F103C8Tx,LQFP48)
2023-12-14 17:24:03,770 [INFO] UtilMem:75 - Before build in PCC Used Memory: 270960824 Bytes (754974720)
2023-12-14 17:24:04,734 [INFO] UtilMem:75 - After build in PCC Used Memory: 337545408 Bytes (754974720)
2023-12-14 17:24:04,761 [INFO] IPUIPlugin:80 - create IPUIPlugin
2023-12-14 17:24:04,762 [INFO] IPUIPlugin:80 - create IPUIPlugin
2023-12-14 17:24:04,762 [INFO] IPUIPlugin:80 - create IPUIPlugin
2023-12-14 17:24:04,763 [INFO] IPUIPlugin:80 - create IPUIPlugin
2023-12-14 17:24:04,763 [INFO] IPUIPlugin:80 - create IPUIPlugin
2023-12-14 17:24:04,763 [INFO] IPUIPlugin:80 - create IPUIPlugin
2023-12-14 17:24:04,763 [INFO] IPUIPlugin:80 - create IPUIPlugin
2023-12-14 17:24:04,764 [INFO] IPUIPlugin:80 - create IPUIPlugin
2023-12-14 17:24:04,764 [INFO] IPUIPlugin:80 - create IPUIPlugin
2023-12-14 17:24:04,764 [INFO] IPUIPlugin:80 - create IPUIPlugin
2023-12-14 17:24:04,764 [INFO] IPUIPlugin:80 - create IPUIPlugin
2023-12-14 17:24:04,765 [INFO] IPUIPlugin:80 - create IPUIPlugin
2023-12-14 17:24:04,765 [INFO] IPUIPlugin:80 - create IPUIPlugin
2023-12-14 17:24:04,765 [INFO] IPUIPlugin:80 - create IPUIPlugin
2023-12-14 17:24:04,765 [INFO] IPUIPlugin:80 - create IPUIPlugin
2023-12-14 17:24:04,766 [INFO] IPUIPlugin:80 - create IPUIPlugin
2023-12-14 17:24:04,766 [INFO] IPUIPlugin:80 - create IPUIPlugin
2023-12-14 17:24:04,766 [INFO] IPUIPlugin:80 - create IPUIPlugin
2023-12-14 17:24:04,767 [INFO] IPUIPlugin:80 - create IPUIPlugin
2023-12-14 17:24:04,767 [INFO] IPUIPlugin:80 - create IPUIPlugin
2023-12-14 17:24:04,767 [INFO] IPUIPlugin:80 - create IPUIPlugin
2023-12-14 17:24:04,767 [INFO] IPUIPlugin:80 - create IPUIPlugin
2023-12-14 17:24:04,768 [INFO] IPUIPlugin:80 - create IPUIPlugin
2023-12-14 17:24:04,768 [INFO] IPUIPlugin:80 - create IPUIPlugin
2023-12-14 17:24:04,768 [INFO] IPUIPlugin:80 - create IPUIPlugin
2023-12-14 17:24:04,769 [INFO] IPUIPlugin:80 - create IPUIPlugin
2023-12-14 17:24:04,769 [INFO] IPUIPlugin:80 - create IPUIPlugin
2023-12-14 17:24:05,143 [INFO] CADModel:165 - CPN selected for project levelSTM32F103C8T6
2023-12-14 17:24:05,144 [INFO] CADModel:114 - Register for checkConnection events
2023-12-14 17:24:05,203 [INFO] OpenFileManager:343 - Restore cursor
2023-12-14 17:27:22,906 [INFO] NvicIntPanel:101 - NVIC parent = com.st.microxplorer.plugins.ip.nvic.MultiNvicIntPanel[,0,0,0x0,invalid,layout=javax.swing.BoxLayout,alignmentX=0.0,alignmentY=0.0,border=,flags=9,maximumSize=,minimumSize=,preferredSize=]
2023-12-14 17:29:54,439 [INFO] UtilMem:75 - End SaveConfig() Used Memory: 691306352 Bytes (754974720)
2023-12-14 17:29:57,224 [INFO] UtilMem:75 - End SaveConfig() Used Memory: 715949936 Bytes (754974720)
2023-12-14 17:29:58,232 [INFO] UtilMem:75 - End SaveConfig() Used Memory: 383444232 Bytes (754974720)
2023-12-14 17:29:58,886 [INFO] BlockDiagram:2759 - set Specific Code input for plugin: NVIC
2023-12-14 17:29:58,895 [INFO] BlockDiagram:2759 - set Specific Code input for plugin: USART
2023-12-14 17:29:58,902 [INFO] BlockDiagram:2759 - set Specific Code input for plugin: TIM1_8F1
2023-12-14 17:29:58,903 [INFO] BlockDiagram:2759 - set Specific Code input for plugin: SYS
2023-12-14 17:29:58,904 [INFO] BlockDiagram:2759 - set Specific Code input for plugin: GPIO
2023-12-14 17:29:58,908 [INFO] BlockDiagram:2759 - set Specific Code input for plugin: RCC
2023-12-14 17:29:58,911 [INFO] CodeGenerator:807 - code generatio: config db path: C:\ST\STM32CubeIDE_1.14.0\STM32CubeIDE\plugins\com.st.stm32cube.common.mx_6.10.0.202311202037\\db\
2023-12-14 17:29:59,129 [INFO] CodeEngine:255 - oldGeneratedFile, E:\Users\Steven\Documents\GitHub\STM32\STM32CubeIDE\workspace_1.14.0\Blink_and_print\MXTmpFiles\license.tmp_save
2023-12-14 17:29:59,515 [INFO] CodeEngine:279 - Generated code: E:\Users\Steven\Documents\GitHub\STM32\STM32CubeIDE\workspace_1.14.0\Blink_and_print\MXTmpFiles\license.tmp
2023-12-14 17:29:59,655 [INFO] CodeEngine:255 - oldGeneratedFile, E:\Users\Steven\Documents\GitHub\STM32\STM32CubeIDE\workspace_1.14.0\Blink_and_print\MXTmpFiles\gpio.tmp_save
2023-12-14 17:29:59,792 [INFO] CodeEngine:279 - Generated code: E:\Users\Steven\Documents\GitHub\STM32\STM32CubeIDE\workspace_1.14.0\Blink_and_print\MXTmpFiles\gpio.tmp
2023-12-14 17:29:59,966 [INFO] CodeEngine:255 - oldGeneratedFile, E:\Users\Steven\Documents\GitHub\STM32\STM32CubeIDE\workspace_1.14.0\Blink_and_print\Core\Src\stm32f1xx_it.c_save
2023-12-14 17:30:00,134 [INFO] CodeEngine:279 - Generated code: E:\Users\Steven\Documents\GitHub\STM32\STM32CubeIDE\workspace_1.14.0\Blink_and_print\Core\Src\stm32f1xx_it.c
2023-12-14 17:30:00,153 [INFO] CodeEngine:255 - oldGeneratedFile, E:\Users\Steven\Documents\GitHub\STM32\STM32CubeIDE\workspace_1.14.0\Blink_and_print\Core\Inc\stm32f1xx_it.h_save
2023-12-14 17:30:00,277 [INFO] CodeEngine:279 - Generated code: E:\Users\Steven\Documents\GitHub\STM32\STM32CubeIDE\workspace_1.14.0\Blink_and_print\Core\Inc\stm32f1xx_it.h
2023-12-14 17:30:00,331 [INFO] CodeEngine:255 - oldGeneratedFile, E:\Users\Steven\Documents\GitHub\STM32\STM32CubeIDE\workspace_1.14.0\Blink_and_print\Core\Src\stm32f1xx_hal_msp.c_save
2023-12-14 17:30:00,499 [INFO] CodeEngine:279 - Generated code: E:\Users\Steven\Documents\GitHub\STM32\STM32CubeIDE\workspace_1.14.0\Blink_and_print\Core\Src\stm32f1xx_hal_msp.c
2023-12-14 17:30:00,519 [INFO] CodeEngine:255 - oldGeneratedFile, E:\Users\Steven\Documents\GitHub\STM32\STM32CubeIDE\workspace_1.14.0\Blink_and_print\MXTmpFiles\system.tmp_save
2023-12-14 17:30:00,591 [INFO] CodeEngine:279 - Generated code: E:\Users\Steven\Documents\GitHub\STM32\STM32CubeIDE\workspace_1.14.0\Blink_and_print\MXTmpFiles\system.tmp
2023-12-14 17:30:00,620 [INFO] CodeEngine:311 - oldGeneratedFile, E:\Users\Steven\Documents\GitHub\STM32\STM32CubeIDE\workspace_1.14.0\Blink_and_print\Core\Inc\stm32f1xx_hal_conf.h_save
2023-12-14 17:30:00,723 [INFO] CodeEngine:335 - Generated code: E:\Users\Steven\Documents\GitHub\STM32\STM32CubeIDE\workspace_1.14.0\Blink_and_print\Core\Inc\stm32f1xx_hal_conf.h
2023-12-14 17:30:00,756 [WARN] IPConfigManager:3440 - IP not found : TIM
2023-12-14 17:30:00,758 [WARN] CodeGenerator:3939 - IP not found : null
2023-12-14 17:30:00,779 [INFO] CodeEngine:255 - oldGeneratedFile, E:\Users\Steven\Documents\GitHub\STM32\STM32CubeIDE\workspace_1.14.0\Blink_and_print\Core\Inc\main.h_save
2023-12-14 17:30:00,887 [INFO] CodeEngine:279 - Generated code: E:\Users\Steven\Documents\GitHub\STM32\STM32CubeIDE\workspace_1.14.0\Blink_and_print\Core\Inc\main.h
2023-12-14 17:30:00,904 [INFO] CodeEngine:255 - oldGeneratedFile, E:\Users\Steven\Documents\GitHub\STM32\STM32CubeIDE\workspace_1.14.0\Blink_and_print\Core\Src\main.c_save
2023-12-14 17:30:01,079 [INFO] CodeEngine:279 - Generated code: E:\Users\Steven\Documents\GitHub\STM32\STM32CubeIDE\workspace_1.14.0\Blink_and_print\Core\Src\main.c
2023-12-14 17:30:03,366 [INFO] ProjectBuilder:3076 - Time for Copy HAL[1] : 1792mS.
2023-12-14 17:30:03,376 [INFO] ProjectBuilder:4485 - Project Generator version: 4.2.0-B44
2023-12-14 17:30:03,589 [INFO] ConfigFileManager:1495 - The Die is : DIE410
2023-12-14 17:30:03,599 [INFO] ApiDbMcu:508 - Load IP Config File for FATFS
2023-12-14 17:30:03,605 [INFO] ApiDbMcu:508 - Load IP Config File for FREERTOS
2023-12-14 17:30:03,610 [INFO] ApiDbMcu:508 - Load IP Config File for USB_DEVICE
2023-12-14 17:30:04,565 [INFO] LogOutputStream:77 - [STDOUT_REDIRECT] 
2023-12-14 17:30:07,710 [INFO] ProjectBuilder:4747 - Time for Generating toolchain IDE Files: 4333mS.
2023-12-14 17:30:07,722 [INFO] ProjectBuilder:2947 - Time for Copy CMSIS : 11mS.
2023-12-14 17:30:07,731 [INFO] ProjectBuilder:2947 - Time for Copy CMSIS : 0mS.
2023-12-14 19:05:10,679 [INFO] UtilMem:75 - End SaveConfig() Used Memory: 488471624 Bytes (769654784)
2023-12-14 19:05:12,687 [INFO] UtilMem:75 - End SaveConfig() Used Memory: 512575864 Bytes (769654784)
2023-12-14 19:05:13,355 [INFO] UtilMem:75 - End SaveConfig() Used Memory: 548749688 Bytes (769654784)
2023-12-14 19:05:13,924 [INFO] BlockDiagram:2759 - set Specific Code input for plugin: NVIC
2023-12-14 19:05:13,924 [INFO] BlockDiagram:2759 - set Specific Code input for plugin: USART
2023-12-14 19:05:13,925 [INFO] BlockDiagram:2759 - set Specific Code input for plugin: SYS
2023-12-14 19:05:13,925 [INFO] BlockDiagram:2759 - set Specific Code input for plugin: GPIO
2023-12-14 19:05:13,925 [INFO] BlockDiagram:2759 - set Specific Code input for plugin: RCC
2023-12-14 19:05:13,928 [INFO] CodeGenerator:807 - code generatio: config db path: C:\ST\STM32CubeIDE_1.14.0\STM32CubeIDE\plugins\com.st.stm32cube.common.mx_6.10.0.202311202037\\db\
2023-12-14 19:05:14,085 [INFO] CodeEngine:255 - oldGeneratedFile, E:\Users\Steven\Documents\GitHub\STM32\STM32CubeIDE\workspace_1.14.0\Blink_and_print\MXTmpFiles\license.tmp_save
2023-12-14 19:05:14,210 [INFO] CodeEngine:279 - Generated code: E:\Users\Steven\Documents\GitHub\STM32\STM32CubeIDE\workspace_1.14.0\Blink_and_print\MXTmpFiles\license.tmp
2023-12-14 19:05:14,256 [INFO] CodeEngine:255 - oldGeneratedFile, E:\Users\Steven\Documents\GitHub\STM32\STM32CubeIDE\workspace_1.14.0\Blink_and_print\MXTmpFiles\gpio.tmp_save
2023-12-14 19:05:14,381 [INFO] CodeEngine:279 - Generated code: E:\Users\Steven\Documents\GitHub\STM32\STM32CubeIDE\workspace_1.14.0\Blink_and_print\MXTmpFiles\gpio.tmp
2023-12-14 19:05:14,493 [INFO] CodeEngine:255 - oldGeneratedFile, E:\Users\Steven\Documents\GitHub\STM32\STM32CubeIDE\workspace_1.14.0\Blink_and_print\Core\Src\stm32f1xx_it.c_save
2023-12-14 19:05:14,731 [INFO] CodeEngine:279 - Generated code: E:\Users\Steven\Documents\GitHub\STM32\STM32CubeIDE\workspace_1.14.0\Blink_and_print\Core\Src\stm32f1xx_it.c
2023-12-14 19:05:14,752 [INFO] CodeEngine:255 - oldGeneratedFile, E:\Users\Steven\Documents\GitHub\STM32\STM32CubeIDE\workspace_1.14.0\Blink_and_print\Core\Inc\stm32f1xx_it.h_save
2023-12-14 19:05:14,845 [INFO] CodeEngine:279 - Generated code: E:\Users\Steven\Documents\GitHub\STM32\STM32CubeIDE\workspace_1.14.0\Blink_and_print\Core\Inc\stm32f1xx_it.h
2023-12-14 19:05:14,881 [INFO] CodeEngine:255 - oldGeneratedFile, E:\Users\Steven\Documents\GitHub\STM32\STM32CubeIDE\workspace_1.14.0\Blink_and_print\Core\Src\stm32f1xx_hal_msp.c_save
2023-12-14 19:05:15,064 [INFO] CodeEngine:279 - Generated code: E:\Users\Steven\Documents\GitHub\STM32\STM32CubeIDE\workspace_1.14.0\Blink_and_print\Core\Src\stm32f1xx_hal_msp.c
2023-12-14 19:05:15,082 [INFO] CodeEngine:255 - oldGeneratedFile, E:\Users\Steven\Documents\GitHub\STM32\STM32CubeIDE\workspace_1.14.0\Blink_and_print\MXTmpFiles\system.tmp_save
2023-12-14 19:05:15,155 [INFO] CodeEngine:279 - Generated code: E:\Users\Steven\Documents\GitHub\STM32\STM32CubeIDE\workspace_1.14.0\Blink_and_print\MXTmpFiles\system.tmp
2023-12-14 19:05:15,180 [INFO] CodeEngine:311 - oldGeneratedFile, E:\Users\Steven\Documents\GitHub\STM32\STM32CubeIDE\workspace_1.14.0\Blink_and_print\Core\Inc\stm32f1xx_hal_conf.h_save
2023-12-14 19:05:15,292 [INFO] CodeEngine:335 - Generated code: E:\Users\Steven\Documents\GitHub\STM32\STM32CubeIDE\workspace_1.14.0\Blink_and_print\Core\Inc\stm32f1xx_hal_conf.h
2023-12-14 19:05:15,346 [INFO] CodeEngine:255 - oldGeneratedFile, E:\Users\Steven\Documents\GitHub\STM32\STM32CubeIDE\workspace_1.14.0\Blink_and_print\Core\Inc\main.h_save
2023-12-14 19:05:15,542 [INFO] CodeEngine:279 - Generated code: E:\Users\Steven\Documents\GitHub\STM32\STM32CubeIDE\workspace_1.14.0\Blink_and_print\Core\Inc\main.h
2023-12-14 19:05:15,558 [INFO] CodeEngine:255 - oldGeneratedFile, E:\Users\Steven\Documents\GitHub\STM32\STM32CubeIDE\workspace_1.14.0\Blink_and_print\Core\Src\main.c_save
2023-12-14 19:05:15,688 [INFO] CodeEngine:279 - Generated code: E:\Users\Steven\Documents\GitHub\STM32\STM32CubeIDE\workspace_1.14.0\Blink_and_print\Core\Src\main.c
2023-12-14 19:05:17,546 [INFO] ProjectBuilder:3076 - Time for Copy HAL[1] : 1364mS.
2023-12-14 19:05:17,556 [INFO] ProjectBuilder:4485 - Project Generator version: 4.2.0-B44
2023-12-14 19:05:17,797 [INFO] ConfigFileManager:1495 - The Die is : DIE410
2023-12-14 19:05:21,129 [INFO] ProjectBuilder:4747 - Time for Generating toolchain IDE Files: 3573mS.
2023-12-14 19:05:21,132 [INFO] ProjectBuilder:2947 - Time for Copy CMSIS : 3mS.
2023-12-14 19:05:21,144 [INFO] ProjectBuilder:2947 - Time for Copy CMSIS : 0mS.
2023-12-14 19:07:43,872 [ERROR] LogOutputStream:75 - [STDERR_REDIRECT] 
