2023-12-04 17:55:03,347 [INFO] Activator:176 - 


2023-12-04 17:55:03,355 [INFO] Activator:177 - !SESSION log4j initialized
2023-12-04 17:55:11,069 [INFO] LogOutputStream:77 - [STDOUT_REDIRECT] 
2023-12-04 17:55:14,448 [INFO] ApplicationProperties:184 - Using Application install path: C:\ST\STM32CubeIDE_1.14.0\STM32CubeIDE\plugins\com.st.stm32cube.common.mx_6.10.0.202311202037
2023-12-04 17:55:14,485 [INFO] DbMcusXml:78 - Set database path to: C:\ST\STM32CubeIDE_1.14.0\STM32CubeIDE\plugins\com.st.stm32cube.common.mx_6.10.0.202311202037\\db\/mcu/
2023-12-04 17:55:14,519 [INFO] ApiDb:274 - Set plugin database path to: C:\ST\STM32CubeIDE_1.14.0\STM32CubeIDE\plugins\com.st.stm32cube.common.mx_6.10.0.202311202037\\db\/plugins/boardmanager/
2023-12-04 17:55:14,529 [WARN] ApiDb:259 - Overriding images path with different value:  => C:\ST\STM32CubeIDE_1.14.0\STM32CubeIDE\plugins\com.st.stm32cube.common.mx_6.10.0.202311202037\\db\/plugins/mcufinder/images/
2023-12-04 17:55:14,553 [INFO] ApiDb:250 - Set database path to: C:\Users\Steven\.stmcufinder\plugins\mcufinder//mcu/
2023-12-04 17:55:14,558 [INFO] DbMcusAds:125 - Set database path to: C:\Users\Steven\.stmcufinder\plugins\mcufinder//mcu/
2023-12-04 17:55:14,563 [INFO] CrossReferenceDbSqlite:203 - Set database path to: C:\Users\Steven\.stmcufinder\plugins\mcufinder//mcu/cs/
2023-12-04 17:55:14,752 [INFO] RulesReader:64 - Compatibility file has been processed (297 Rules)
2023-12-04 17:55:14,978 [INFO] DbMcusXml:78 - Set database path to: C:\ST\STM32CubeIDE_1.14.0\STM32CubeIDE\plugins\com.st.stm32cube.common.mx_6.10.0.202311202037\\db\/mcu/
2023-12-04 17:55:14,980 [INFO] ApiDb:274 - Set plugin database path to: C:\ST\STM32CubeIDE_1.14.0\STM32CubeIDE\plugins\com.st.stm32cube.common.mx_6.10.0.202311202037\\db\/plugins/boardmanager/
2023-12-04 17:55:14,981 [INFO] ApiDb:261 - Set plugin images path to: C:\ST\STM32CubeIDE_1.14.0\STM32CubeIDE\plugins\com.st.stm32cube.common.mx_6.10.0.202311202037\\db\/plugins/mcufinder/images/
2023-12-04 17:55:14,983 [WARN] DbFile:41 - Overriding database path with different value: C:\Users\Steven\.stmcufinder\plugins\mcufinder/ => C:\Users\Steven\.stmcufinder\plugins\mcufinder
2023-12-04 17:55:14,983 [INFO] ApiDb:250 - Set database path to: C:\Users\Steven\.stmcufinder\plugins\mcufinder//mcu/
2023-12-04 17:55:14,985 [WARN] DbFile:41 - Overriding database path with different value: C:\Users\Steven\.stmcufinder\plugins\mcufinder/ => C:\Users\Steven\.stmcufinder\plugins\mcufinder
2023-12-04 17:55:14,985 [INFO] DbMcusAds:125 - Set database path to: C:\Users\Steven\.stmcufinder\plugins\mcufinder//mcu/
2023-12-04 17:55:14,986 [WARN] DbFile:41 - Overriding database path with different value: C:\Users\Steven\.stmcufinder\plugins\mcufinder/ => C:\Users\Steven\.stmcufinder\plugins\mcufinder
2023-12-04 17:55:14,988 [WARN] DbFile:41 - Overriding database path with different value: C:\Users\Steven\.stmcufinder\plugins\mcufinder/ => C:\Users\Steven\.stmcufinder\plugins\mcufinder
2023-12-04 17:55:15,019 [INFO] CrossReferenceDbSqlite:203 - Set database path to: C:\Users\Steven\.stmcufinder\plugins\mcufinder//mcu/cs/
2023-12-04 17:55:15,173 [INFO] MainPanel:264 - HeapMemory: 268435456
2023-12-04 17:55:15,335 [INFO] DbMcusXml:78 - Set database path to: C:\ST\STM32CubeIDE_1.14.0\STM32CubeIDE\plugins\com.st.stm32cube.common.mx_6.10.0.202311202037\\db\/mcu/
2023-12-04 17:55:15,345 [INFO] ApiDb:274 - Set plugin database path to: C:\ST\STM32CubeIDE_1.14.0\STM32CubeIDE\plugins\com.st.stm32cube.common.mx_6.10.0.202311202037\\db\/plugins/boardmanager/
2023-12-04 17:55:15,347 [INFO] ApiDb:261 - Set plugin images path to: C:\ST\STM32CubeIDE_1.14.0\STM32CubeIDE\plugins\com.st.stm32cube.common.mx_6.10.0.202311202037\\db\/plugins/mcufinder/images/
2023-12-04 17:55:15,348 [WARN] DbFile:41 - Overriding database path with different value: C:\Users\Steven\.stmcufinder\plugins\mcufinder/ => C:\Users\Steven\.stmcufinder\plugins\mcufinder
2023-12-04 17:55:15,349 [INFO] ApiDb:250 - Set database path to: C:\Users\Steven\.stmcufinder\plugins\mcufinder//mcu/
2023-12-04 17:55:15,351 [WARN] DbFile:41 - Overriding database path with different value: C:\Users\Steven\.stmcufinder\plugins\mcufinder/ => C:\Users\Steven\.stmcufinder\plugins\mcufinder
2023-12-04 17:55:15,356 [INFO] DbMcusAds:125 - Set database path to: C:\Users\Steven\.stmcufinder\plugins\mcufinder//mcu/
2023-12-04 17:55:15,356 [WARN] DbFile:41 - Overriding database path with different value: C:\Users\Steven\.stmcufinder\plugins\mcufinder/ => C:\Users\Steven\.stmcufinder\plugins\mcufinder
2023-12-04 17:55:15,357 [WARN] DbFile:41 - Overriding database path with different value: C:\Users\Steven\.stmcufinder\plugins\mcufinder/ => C:\Users\Steven\.stmcufinder\plugins\mcufinder
2023-12-04 17:55:15,357 [INFO] CrossReferenceDbSqlite:203 - Set database path to: C:\Users\Steven\.stmcufinder\plugins\mcufinder//mcu/cs/
2023-12-04 17:55:15,390 [INFO] ApplicationProperties:184 - Using Application install path: C:\ST\STM32CubeIDE_1.14.0\STM32CubeIDE\plugins\com.st.stm32cube.common.mx_6.10.0.202311202037
2023-12-04 17:55:15,393 [INFO] PluginManage:196 - Search for loadable plugins [exclusion list=, ]
2023-12-04 17:55:15,397 [INFO] PluginManage:310 - Check plugin analytics
2023-12-04 17:55:15,701 [INFO] AnalyticsPlugin:253 - Accepted Software Licenses: STM32CubeMX.6.9.2,STM32CubeMX.6.10.0
2023-12-04 17:55:15,702 [INFO] AnalyticsPlugin:255 - Accepted CMSIS Pack Licenses: 
2023-12-04 17:55:15,703 [INFO] AnalyticsPlugin:257 - Accepted Firmware Licenses: FW.F4.1.28.0
2023-12-04 17:55:15,708 [INFO] PluginManage:359 - Loaded plugin analytics (category:tool,tabindex:-1)
2023-12-04 17:55:15,709 [INFO] PluginManage:310 - Check plugin cadmodel
2023-12-04 17:55:15,718 [INFO] CADModel:105 - Init CAD model plugin
2023-12-04 17:55:15,718 [INFO] PluginManage:359 - Loaded plugin cadmodel (category:power,tabindex:5)
2023-12-04 17:55:15,719 [INFO] PluginManage:310 - Check plugin clock
2023-12-04 17:55:15,738 [INFO] PluginManage:359 - Loaded plugin clock (category:base,tabindex:2)
2023-12-04 17:55:15,738 [INFO] PluginManage:310 - Check plugin ddr
2023-12-04 17:55:15,743 [INFO] PluginManage:359 - Loaded plugin ddr (category:tool,tabindex:6)
2023-12-04 17:55:15,743 [INFO] PluginManage:310 - Check plugin filemanager
2023-12-04 17:55:15,973 [INFO] PluginManage:359 - Loaded plugin filemanager (category:base,tabindex:10)
2023-12-04 17:55:15,974 [INFO] PluginManage:310 - Check plugin ipmanager
2023-12-04 17:55:15,989 [INFO] PluginManage:359 - Loaded plugin ipmanager (category:base,tabindex:5)
2023-12-04 17:55:15,989 [INFO] PluginManage:310 - Check plugin lpbam
2023-12-04 17:55:16,005 [INFO] PluginManage:359 - Loaded plugin lpbam (category:base,tabindex:0)
2023-12-04 17:55:16,006 [INFO] PluginManage:310 - Check plugin memorymap
2023-12-04 17:55:16,036 [INFO] PluginManage:359 - Loaded plugin memorymap (category:base,tabindex:4)
2023-12-04 17:55:16,036 [INFO] PluginManage:310 - Check plugin pinoutandconfiguration
2023-12-04 17:55:16,053 [INFO] PluginManage:359 - Loaded plugin pinoutandconfiguration (category:base,tabindex:1)
2023-12-04 17:55:16,053 [INFO] PluginManage:310 - Check plugin pinoutconfig
2023-12-04 17:55:16,218 [WARN] SupportedApi:132 - Cannot load RTOS API schema: s4s-elt-must-match.1: The content of 'definitions' must match (annotation?, (simpleType | complexType)?, (unique | key | keyref)*)). A problem was found starting at: attribute.
2023-12-04 17:55:16,466 [INFO] PluginManage:359 - Loaded plugin pinoutconfig (category:base,tabindex:0)
2023-12-04 17:55:16,467 [INFO] PluginManage:310 - Check plugin power
2023-12-04 17:55:16,485 [INFO] PluginManage:359 - Loaded plugin power (category:power,tabindex:4)
2023-12-04 17:55:16,486 [INFO] PluginManage:310 - Check plugin projectmanager
2023-12-04 17:55:16,513 [INFO] PluginManage:359 - Loaded plugin projectmanager (category:projectmanager,tabindex:3)
2023-12-04 17:55:16,513 [INFO] PluginManage:310 - Check plugin thirdparty
2023-12-04 17:55:16,734 [INFO] PluginManage:359 - Loaded plugin thirdparty (category:base,tabindex:-1)
2023-12-04 17:55:16,734 [WARN] IntegrityCheckThread:84 - waiting for thirdparty lock release [integrity check]
2023-12-04 17:55:16,737 [INFO] PluginManage:310 - Check plugin tools
2023-12-04 17:55:16,739 [INFO] IntegrityCheckThread:86 - entering critical section [integrity check]
2023-12-04 17:55:16,740 [INFO] ThirdPartyUpdaterWithRetryManager:70 - Updater plugin not ready yet. [1/15]
2023-12-04 17:55:16,743 [INFO] PluginManage:359 - Loaded plugin tools (category:base,tabindex:7)
2023-12-04 17:55:16,744 [INFO] PluginManage:310 - Check plugin tutovideos
2023-12-04 17:55:17,063 [INFO] PluginManage:359 - Loaded plugin tutovideos (category:base,tabindex:-1)
2023-12-04 17:55:17,065 [INFO] PluginManage:310 - Check plugin updater
2023-12-04 17:55:17,084 [INFO] PluginManage:359 - Loaded plugin updater (category:base,tabindex:12)
2023-12-04 17:55:17,085 [INFO] PluginManage:310 - Check plugin userauth
2023-12-04 17:55:17,095 [INFO] UserAuth:114 - Init User Auth plugin
2023-12-04 17:55:17,095 [INFO] PluginManage:359 - Loaded plugin userauth (category:base,tabindex:14)
2023-12-04 17:55:17,096 [INFO] PluginManage:283 - PluginManage : Loaded plugins [17]
2023-12-04 17:55:17,554 [INFO] PinOutPanel:1499 - setPackage(No Configuration,No Configuration)
2023-12-04 17:55:17,714 [INFO] CADModel:165 - CPN selected for project level
2023-12-04 17:55:17,714 [INFO] CADModel:114 - Register for checkConnection events
2023-12-04 17:55:17,769 [INFO] IPUIPlugin:80 - create IPUIPlugin
2023-12-04 17:55:17,771 [INFO] PluginManager:220 - loadIPPluginJar : add adc
2023-12-04 17:55:17,777 [INFO] IPUIPlugin:80 - create IPUIPlugin
2023-12-04 17:55:17,777 [INFO] PluginManager:220 - loadIPPluginJar : add aes
2023-12-04 17:55:17,783 [INFO] IPUIPlugin:80 - create IPUIPlugin
2023-12-04 17:55:17,784 [INFO] PluginManager:220 - loadIPPluginJar : add can
2023-12-04 17:55:17,787 [INFO] IPUIPlugin:80 - create IPUIPlugin
2023-12-04 17:55:17,788 [INFO] PluginManager:220 - loadIPPluginJar : add comp
2023-12-04 17:55:17,795 [INFO] IPUIPlugin:80 - create IPUIPlugin
2023-12-04 17:55:17,795 [INFO] PluginManager:220 - loadIPPluginJar : add cryp
2023-12-04 17:55:17,801 [INFO] IPUIPlugin:80 - create IPUIPlugin
2023-12-04 17:55:17,801 [INFO] PluginManager:220 - loadIPPluginJar : add dfsdm
2023-12-04 17:55:17,811 [INFO] IPUIPlugin:80 - create IPUIPlugin
2023-12-04 17:55:17,812 [INFO] PluginManager:220 - loadIPPluginJar : add dma
2023-12-04 17:55:17,819 [INFO] IPUIPlugin:80 - create IPUIPlugin
2023-12-04 17:55:17,819 [INFO] PluginManager:220 - loadIPPluginJar : add dma3
2023-12-04 17:55:17,823 [INFO] IPUIPlugin:80 - create IPUIPlugin
2023-12-04 17:55:17,824 [INFO] PluginManager:220 - loadIPPluginJar : add fatfs
2023-12-04 17:55:17,832 [INFO] IPUIPlugin:80 - create IPUIPlugin
2023-12-04 17:55:17,832 [INFO] PluginManager:220 - loadIPPluginJar : add fmc
2023-12-04 17:55:17,842 [INFO] IPUIPlugin:80 - create IPUIPlugin
2023-12-04 17:55:17,843 [INFO] PluginManager:220 - loadIPPluginJar : add freertos
2023-12-04 17:55:17,846 [INFO] IPUIPlugin:80 - create IPUIPlugin
2023-12-04 17:55:17,847 [INFO] PluginManager:220 - loadIPPluginJar : add genericplugin
2023-12-04 17:55:17,852 [INFO] IPUIPlugin:80 - create IPUIPlugin
2023-12-04 17:55:17,853 [INFO] PluginManager:220 - loadIPPluginJar : add gfxmmu
2023-12-04 17:55:17,861 [INFO] IPUIPlugin:80 - create IPUIPlugin
2023-12-04 17:55:17,862 [INFO] PluginManager:220 - loadIPPluginJar : add gic
2023-12-04 17:55:17,869 [INFO] IPUIPlugin:80 - create IPUIPlugin
2023-12-04 17:55:17,870 [INFO] PluginManager:220 - loadIPPluginJar : add gpio
2023-12-04 17:55:17,876 [INFO] IPUIPlugin:80 - create IPUIPlugin
2023-12-04 17:55:17,877 [INFO] PluginManager:220 - loadIPPluginJar : add gtzc
2023-12-04 17:55:17,883 [INFO] IPUIPlugin:80 - create IPUIPlugin
2023-12-04 17:55:17,884 [INFO] PluginManager:220 - loadIPPluginJar : add hash
2023-12-04 17:55:17,891 [INFO] IPUIPlugin:80 - create IPUIPlugin
2023-12-04 17:55:17,891 [INFO] PluginManager:220 - loadIPPluginJar : add i2c
2023-12-04 17:55:17,898 [INFO] IPUIPlugin:80 - create IPUIPlugin
2023-12-04 17:55:17,898 [INFO] PluginManager:220 - loadIPPluginJar : add i2s
2023-12-04 17:55:17,905 [INFO] IPUIPlugin:80 - create IPUIPlugin
2023-12-04 17:55:17,905 [INFO] PluginManager:220 - loadIPPluginJar : add i3c
2023-12-04 17:55:17,913 [INFO] IPUIPlugin:80 - create IPUIPlugin
2023-12-04 17:55:17,913 [INFO] PluginManager:220 - loadIPPluginJar : add ipddr
2023-12-04 17:55:17,926 [INFO] IPUIPlugin:80 - create IPUIPlugin
2023-12-04 17:55:17,927 [INFO] PluginManager:220 - loadIPPluginJar : add linkedlist
2023-12-04 17:55:17,933 [INFO] IPUIPlugin:80 - create IPUIPlugin
2023-12-04 17:55:17,934 [INFO] PluginManager:220 - loadIPPluginJar : add lorawan
2023-12-04 17:55:17,937 [INFO] IPUIPlugin:80 - create IPUIPlugin
2023-12-04 17:55:17,938 [INFO] PluginManager:220 - loadIPPluginJar : add ltdc
2023-12-04 17:55:17,947 [INFO] IPUIPlugin:80 - create IPUIPlugin
2023-12-04 17:55:17,948 [INFO] PluginManager:220 - loadIPPluginJar : add mdma
2023-12-04 17:55:17,955 [INFO] IPUIPlugin:80 - create IPUIPlugin
2023-12-04 17:55:17,955 [INFO] PluginManager:220 - loadIPPluginJar : add nvic
2023-12-04 17:55:17,963 [INFO] IPUIPlugin:80 - create IPUIPlugin
2023-12-04 17:55:17,963 [INFO] PluginManager:220 - loadIPPluginJar : add opamp
2023-12-04 17:55:17,969 [INFO] IPUIPlugin:80 - create IPUIPlugin
2023-12-04 17:55:17,970 [INFO] PluginManager:220 - loadIPPluginJar : add openamp
2023-12-04 17:55:17,977 [INFO] IPUIPlugin:80 - create IPUIPlugin
2023-12-04 17:55:17,977 [INFO] PluginManager:220 - loadIPPluginJar : add pdm2pcm
2023-12-04 17:55:17,989 [INFO] IPUIPlugin:80 - create IPUIPlugin
2023-12-04 17:55:17,995 [INFO] PluginManager:220 - loadIPPluginJar : add plateformsettings
2023-12-04 17:55:17,999 [INFO] IPUIPlugin:80 - create IPUIPlugin
2023-12-04 17:55:18,000 [INFO] PluginManager:220 - loadIPPluginJar : add quadspi
2023-12-04 17:55:18,008 [INFO] IPUIPlugin:80 - create IPUIPlugin
2023-12-04 17:55:18,008 [INFO] PluginManager:220 - loadIPPluginJar : add resmgrutility
2023-12-04 17:55:18,014 [INFO] IPUIPlugin:80 - create IPUIPlugin
2023-12-04 17:55:18,015 [INFO] PluginManager:220 - loadIPPluginJar : add sai
2023-12-04 17:55:18,020 [INFO] IPUIPlugin:80 - create IPUIPlugin
2023-12-04 17:55:18,021 [INFO] PluginManager:220 - loadIPPluginJar : add spi
2023-12-04 17:55:18,029 [INFO] IPUIPlugin:80 - create IPUIPlugin
2023-12-04 17:55:18,030 [INFO] PluginManager:220 - loadIPPluginJar : add stm32_wpan
2023-12-04 17:55:18,034 [INFO] IPUIPlugin:80 - create IPUIPlugin
2023-12-04 17:55:18,034 [INFO] PluginManager:220 - loadIPPluginJar : add tim
2023-12-04 17:55:18,040 [INFO] IPUIPlugin:80 - create IPUIPlugin
2023-12-04 17:55:18,041 [INFO] PluginManager:220 - loadIPPluginJar : add touchsensing
2023-12-04 17:55:18,045 [INFO] IPUIPlugin:80 - create IPUIPlugin
2023-12-04 17:55:18,046 [INFO] PluginManager:220 - loadIPPluginJar : add tracer_emb
2023-12-04 17:55:18,050 [INFO] IPUIPlugin:80 - create IPUIPlugin
2023-12-04 17:55:18,050 [INFO] PluginManager:220 - loadIPPluginJar : add ts
2023-12-04 17:55:18,054 [INFO] IPUIPlugin:80 - create IPUIPlugin
2023-12-04 17:55:18,054 [INFO] PluginManager:220 - loadIPPluginJar : add tsc
2023-12-04 17:55:18,058 [INFO] IPUIPlugin:80 - create IPUIPlugin
2023-12-04 17:55:18,059 [INFO] PluginManager:220 - loadIPPluginJar : add ucpd
2023-12-04 17:55:18,065 [INFO] IPUIPlugin:80 - create IPUIPlugin
2023-12-04 17:55:18,065 [INFO] PluginManager:220 - loadIPPluginJar : add usart
2023-12-04 17:55:18,071 [INFO] IPUIPlugin:80 - create IPUIPlugin
2023-12-04 17:55:18,071 [INFO] PluginManager:220 - loadIPPluginJar : add usbx
2023-12-04 17:55:18,252 [INFO] CADModel:165 - CPN selected for project level
2023-12-04 17:55:18,252 [INFO] CADModel:114 - Register for checkConnection events
2023-12-04 17:55:18,253 [FATAL] Updater:308 - Updater called before beeing initialized
2023-12-04 17:55:18,253 [ERROR] CADModel:125 - Updater not yet initialized, retry later 
2023-12-04 17:55:18,471 [INFO] CADModel:165 - CPN selected for project level
2023-12-04 17:55:18,473 [INFO] CADModel:114 - Register for checkConnection events
2023-12-04 17:55:18,475 [FATAL] Updater:308 - Updater called before beeing initialized
2023-12-04 17:55:18,475 [ERROR] CADModel:125 - Updater not yet initialized, retry later 
2023-12-04 17:55:18,481 [FATAL] Updater:308 - Updater called before beeing initialized
2023-12-04 17:55:18,654 [FATAL] Updater:308 - Updater called before beeing initialized
2023-12-04 17:55:18,662 [INFO] DbMcusAds:53 - JSON generation date=Tue Mar 07 08:50:55 GMT 2023 (1678179055335)
2023-12-04 17:55:18,663 [FATAL] Updater:308 - Updater called before beeing initialized
2023-12-04 17:55:18,825 [WARN] DetailPanel:346 - Failed to get advertising image, set to default
2023-12-04 17:55:18,971 [FATAL] Updater:308 - Updater called before beeing initialized
2023-12-04 17:55:18,973 [FATAL] Updater:308 - Updater called before beeing initialized
2023-12-04 17:55:18,973 [FATAL] Updater:308 - Updater called before beeing initialized
2023-12-04 17:55:18,974 [WARN] DetailPanel:346 - Failed to get advertising image, set to default
2023-12-04 17:55:18,975 [FATAL] Updater:308 - Updater called before beeing initialized
2023-12-04 17:55:19,050 [ERROR] Updater:1120 - MainUpdater not yet initialized. External WinMGr cannot be set.
2023-12-04 17:55:19,053 [INFO] Updater:1056 - Updater Version found : 6.10.0
2023-12-04 17:55:19,080 [INFO] ApplicationProperties:184 - Using Application install path: C:\ST\STM32CubeIDE_1.14.0\STM32CubeIDE\plugins\com.st.stm32cube.common.mx_6.10.0.202311202037
2023-12-04 17:55:19,742 [INFO] ThirdPartyUpdaterWithRetryManager:70 - Updater plugin not ready yet. [2/15]
2023-12-04 17:55:20,972 [INFO] MainUpdater:2873 - connection check result : 10
2023-12-04 17:55:20,973 [INFO] MainUpdater:3567 - Updater definition file requires update
2023-12-04 17:55:20,974 [INFO] MainUpdater:290 - Updater Check For Update Now.
2023-12-04 17:55:20,974 [INFO] MicroXplorer:498 - Change Database Version : DB.6.0.100
2023-12-04 17:55:20,990 [INFO] McuFinderGlobals:63 - Set McuFinder mode to 2 (CubeIDE integrated)
2023-12-04 17:55:21,594 [INFO] ServerAccessManage:473 - Download File updaters.zip
2023-12-04 17:55:22,743 [WARN] MainUpdater:1194 - Updater busy. Cannot search thirdparties
2023-12-04 17:55:22,744 [INFO] ThirdPartyUpdaterWithRetryManager:96 - Updater plugin is busy. [1/15]
2023-12-04 17:55:22,765 [INFO] FileExtend:240 - Unzip File : updaters.zip
2023-12-04 17:55:22,765 [INFO] FileExtend:255 - Standard Zip Deflate
2023-12-04 17:55:22,785 [INFO] UserAuth:404 - Internet connection configuration mode: 1
2023-12-04 17:55:22,813 [INFO] JxBrowserEngine:152 - Initiate JxBrowser Engine with user profile folder
2023-12-04 17:55:23,390 [INFO] ServerAccessManage:473 - Download File PacksControlFlags.xml
2023-12-04 17:55:23,781 [INFO] ServerAccessManage:473 - Download File cubemx.pidx
2023-12-04 17:55:24,608 [INFO] ServerAccessManage:473 - Download File STMicroelectronics.X-CUBE-ISPU.pdsc
2023-12-04 17:55:24,764 [INFO] WebApp:161 - Instantiating new browser for Auth
2023-12-04 17:55:25,237 [INFO] ServerAccessManage:473 - Download File STMicroelectronics.X-CUBE-AZRTOS-H7.pdsc
2023-12-04 17:55:25,745 [WARN] MainUpdater:1194 - Updater busy. Cannot search thirdparties
2023-12-04 17:55:25,745 [INFO] ThirdPartyUpdaterWithRetryManager:96 - Updater plugin is busy. [2/15]
2023-12-04 17:55:26,226 [INFO] WebApp:780 - Register for checkConnection events
2023-12-04 17:55:26,226 [INFO] WebApp:414 - Apply proxy settings
2023-12-04 17:55:26,227 [INFO] WebApp:499 - Chromium requires no authentication
2023-12-04 17:55:26,244 [INFO] WebApp:442 - Direct internet connection detected
2023-12-04 17:55:26,566 [INFO] WebApp:192 - Starting web application
2023-12-04 17:55:26,567 [INFO] WebApp:544 - Web application path used C:\ST\STM32CubeIDE_1.14.0\STM32CubeIDE\plugins\com.st.stm32cube.common.mx_6.10.0.202311202037\db\plugins\mcufinder\reactClient1\index.html
2023-12-04 17:55:26,800 [WARN] PackLoader:240 - Cannot read IP mode file for STMicroelectronics.X-CUBE-ISPU.2.0.0
2023-12-04 17:55:26,848 [WARN] PackLoader:240 - Cannot read IP mode file for STMicroelectronics.X-CUBE-AZRTOS-H7.3.2.0
2023-12-04 17:55:26,858 [INFO] PopulateThirdPartyThread:66 - Ending populate Thread
2023-12-04 17:55:26,862 [INFO] ThirdParty:1030 - CMSIS Pack Vendor :STMicroelectronics X-CUBE-AZRTOS-H7 3.2.0
2023-12-04 17:55:26,862 [INFO] ThirdParty:1030 - CMSIS Pack Vendor :STMicroelectronics X-CUBE-ISPU 2.0.0
2023-12-04 17:55:26,862 [INFO] LoadServerUpdatesThread:375 - End of LoadServerUpdate Thread
2023-12-04 17:55:26,957 [INFO] CheckServerUpdateThread:120 - End of CheckServer Thread
2023-12-04 17:55:29,422 [WARN] PackLoader:240 - Cannot read IP mode file for STMicroelectronics.X-CUBE-SMBUS.2.1.0
2023-12-04 17:55:29,442 [WARN] PackLoader:240 - Cannot read IP mode file for STMicroelectronics.X-CUBE-SUBG2.4.1.0
2023-12-04 17:55:29,478 [WARN] PackLoader:240 - Cannot read IP mode file for STMicroelectronics.X-CUBE-AZRTOS-F7.1.1.0
2023-12-04 17:55:29,498 [WARN] PackLoader:240 - Cannot read IP mode file for STMicroelectronics.FP-SNS-MOTENV1.4.3.2
2023-12-04 17:55:29,511 [WARN] PackLoader:240 - Cannot read IP mode file for STMicroelectronics.X-CUBE-BLE1.6.2.3
2023-12-04 17:55:29,521 [WARN] PackLoader:240 - Cannot read IP mode file for STMicroelectronics.X-CUBE-EEPRMA1.3.0.0
2023-12-04 17:55:29,528 [WARN] PackLoader:240 - Cannot read IP mode file for STMicroelectronics.X-CUBE-BLE1.6.2.4
2023-12-04 17:55:29,535 [WARN] PackLoader:240 - Cannot read IP mode file for STMicroelectronics.X-CUBE-BLE1.6.2.0
2023-12-04 17:55:29,543 [WARN] PackLoader:240 - Cannot read IP mode file for STMicroelectronics.FP-SNS-FLIGHT1.5.0.2
2023-12-04 17:55:29,556 [WARN] PackLoader:240 - Cannot read IP mode file for STMicroelectronics.X-CUBE-TOF1.3.1.0
2023-12-04 17:55:29,571 [WARN] PackLoader:240 - Cannot read IP mode file for STMicroelectronics.X-CUBE-BLE2.3.2.0
2023-12-04 17:55:29,582 [WARN] PackLoader:240 - Cannot read IP mode file for STMicroelectronics.X-CUBE-DISPLAY.3.0.0
2023-12-04 17:55:29,592 [WARN] PackLoader:240 - Cannot read IP mode file for STMicroelectronics.X-CUBE-BLE1.7.0.0
2023-12-04 17:55:29,599 [WARN] PackLoader:240 - Cannot read IP mode file for STMicroelectronics.X-CUBE-TOUCHGFX.4.22.1
2023-12-04 17:55:29,638 [WARN] PackLoader:240 - Cannot read IP mode file for STMicroelectronics.X-CUBE-AZRTOS-H7.1.0.0
2023-12-04 17:55:29,699 [WARN] PackLoader:240 - Cannot read IP mode file for STMicroelectronics.X-CUBE-MEMS1.9.3.0
2023-12-04 17:55:29,923 [WARN] PackLoader:240 - Cannot read IP mode file for STMicroelectronics.X-CUBE-AI.7.2.0
2023-12-04 17:55:29,933 [WARN] PackLoader:240 - Cannot read IP mode file for STMicroelectronics.FP-SNS-SMARTAG2.1.2.0
2023-12-04 17:55:29,954 [INFO] LogOutputStream:77 - [STDOUT_REDIRECT] 1 : Invalid condition id : UX_CORESTACK_Condition cause : null
2023-12-04 17:55:29,966 [INFO] LogOutputStream:77 - [STDOUT_REDIRECT] 1 : Invalid condition id : UX_CORESTACK_Condition cause : null
2023-12-04 17:55:29,970 [INFO] LogOutputStream:77 - [STDOUT_REDIRECT] 1 : Invalid condition id : UX_CORESTACK_Condition cause : null
2023-12-04 17:55:29,973 [INFO] LogOutputStream:77 - [STDOUT_REDIRECT] 1 : Invalid condition id : UX_CORESTACK_Condition cause : null
2023-12-04 17:55:29,975 [INFO] LogOutputStream:77 - [STDOUT_REDIRECT] 1 : Invalid condition id : UX_CORESTACK_Condition cause : null
2023-12-04 17:55:29,978 [WARN] PackLoader:240 - Cannot read IP mode file for STMicroelectronics.X-CUBE-AZRTOS-WL.2.0.0
2023-12-04 17:55:29,988 [WARN] PackLoader:240 - Cannot read IP mode file for STMicroelectronics.X-CUBE-ALGOBUILD.1.2.0
2023-12-04 17:55:29,999 [WARN] PackLoader:240 - Cannot read IP mode file for WES.I-CUBE-Cesium.1.3.0
2023-12-04 17:55:30,006 [WARN] PackLoader:240 - Cannot read IP mode file for STMicroelectronics.X-CUBE-BLE2.3.3.0
2023-12-04 17:55:30,025 [WARN] PackLoader:240 - Cannot read IP mode file for STMicroelectronics.X-CUBE-DISPLAY.2.2.0
2023-12-04 17:55:30,074 [WARN] PackLoader:240 - Cannot read IP mode file for STMicroelectronics.X-CUBE-TOF1.3.2.0
2023-12-04 17:55:30,103 [WARN] PackLoader:240 - Cannot read IP mode file for STMicroelectronics.X-CUBE-AZRTOS-H7.2.1.0
2023-12-04 17:55:30,110 [WARN] PackLoader:240 - Cannot read IP mode file for STMicroelectronics.X-CUBE-TOUCHGFX.4.21.1
2023-12-04 17:55:30,117 [WARN] PackLoader:240 - Cannot read IP mode file for STMicroelectronics.X-CUBE-ALGOBUILD.1.3.0
2023-12-04 17:55:30,137 [WARN] PackLoader:240 - Cannot read IP mode file for STMicroelectronics.X-CUBE-AZRTOS-G0.1.1.0
2023-12-04 17:55:30,147 [WARN] PackLoader:240 - Cannot read IP mode file for STMicroelectronics.X-CUBE-NFC4.3.0.0
2023-12-04 17:55:30,188 [WARN] PackLoader:240 - Cannot read IP mode file for SEGGER.I-CUBE-embOS.1.2.0
2023-12-04 17:55:30,246 [WARN] PackLoader:240 - Cannot read IP mode file for STMicroelectronics.X-CUBE-BLEMGR.3.0.0
2023-12-04 17:55:30,257 [WARN] PackLoader:240 - Cannot read IP mode file for STMicroelectronics.FP-ATR-SIGFOX1.3.2.0
2023-12-04 17:55:30,267 [WARN] PackLoader:240 - Cannot read IP mode file for emotas.I-CUBE-CANOPEN.1.1.2
2023-12-04 17:55:30,273 [WARN] PackLoader:240 - Cannot read IP mode file for STMicroelectronics.X-CUBE-TOUCHGFX.4.20.0
2023-12-04 17:55:30,333 [WARN] PackLoader:240 - Cannot read IP mode file for STMicroelectronics.X-CUBE-MEMS1.9.5.0
2023-12-04 17:55:30,544 [WARN] PackLoader:240 - Cannot read IP mode file for SEGGER.I-CUBE-embOS.1.3.1
2023-12-04 17:55:30,588 [WARN] PackLoader:240 - Cannot read IP mode file for STMicroelectronics.X-CUBE-TOUCHGFX.4.16.1
2023-12-04 17:55:30,596 [WARN] PackLoader:240 - Cannot read IP mode file for STMicroelectronics.X-CUBE-GNSS1.6.0.0
2023-12-04 17:55:30,616 [WARN] PackLoader:240 - Cannot read IP mode file for STMicroelectronics.X-CUBE-AZRTOS-F4.1.1.0
2023-12-04 17:55:30,639 [WARN] PackLoader:240 - Cannot read IP mode file for STMicroelectronics.X-CUBE-AZRTOS-L5.2.0.0
2023-12-04 17:55:30,650 [WARN] PackLoader:240 - Cannot read IP mode file for STMicroelectronics.X-CUBE-EEPRMA1.4.2.0
2023-12-04 17:55:30,660 [WARN] PackLoader:240 - Cannot read IP mode file for ITTIA_DB.I-CUBE-ITTIADB.8.8.0
2023-12-04 17:55:30,670 [WARN] PackLoader:240 - Cannot read IP mode file for STMicroelectronics.X-CUBE-BLEMGR.2.0.0
2023-12-04 17:55:30,679 [WARN] PackLoader:240 - Cannot read IP mode file for STMicroelectronics.X-CUBE-NFC4.2.0.4
2023-12-04 17:55:30,690 [WARN] PackLoader:240 - Cannot read IP mode file for STMicroelectronics.X-CUBE-NFC4.2.0.2
2023-12-04 17:55:30,710 [WARN] ConditionMgr:438 - getConditionDescription Invalid condition id : UX DEVICE CLASS RTOS Condition cause : null
2023-12-04 17:55:30,710 [WARN] ConditionMgr:438 - getConditionDescription Invalid condition id : UX DEVICE CLASS RTOS Condition cause : null
2023-12-04 17:55:30,714 [WARN] PackLoader:240 - Cannot read IP mode file for STMicroelectronics.X-CUBE-AZRTOS-H7.3.1.0
2023-12-04 17:55:30,715 [WARN] ConditionMgr:1039 - genDependencies : Invalid condition id : UX DEVICE CLASS RTOS Condition cause : null
2023-12-04 17:55:30,716 [WARN] ConditionMgr:1039 - genDependencies : Invalid condition id : UX DEVICE CLASS RTOS Condition cause : null
2023-12-04 17:55:30,717 [WARN] ConditionMgr:1039 - genDependencies : Invalid condition id : UX DEVICE CLASS RTOS Condition cause : null
2023-12-04 17:55:30,718 [WARN] ConditionMgr:1039 - genDependencies : Invalid condition id : UX DEVICE CLASS RTOS Condition cause : null
2023-12-04 17:55:30,718 [WARN] ConditionMgr:1039 - genDependencies : Invalid condition id : UX DEVICE CLASS RTOS Condition cause : null
2023-12-04 17:55:30,765 [WARN] PackLoader:240 - Cannot read IP mode file for STMicroelectronics.X-CUBE-AZRTOS-F4.1.0.0
2023-12-04 17:55:30,779 [WARN] PackLoader:240 - Cannot read IP mode file for STMicroelectronics.X-CUBE-NFC7.1.0.1
2023-12-04 17:55:30,786 [WARN] PackLoader:240 - Cannot read IP mode file for STMicroelectronics.X-CUBE-NFC7.1.0.0
2023-12-04 17:55:30,796 [WARN] PackLoader:240 - Cannot read IP mode file for STMicroelectronics.X-CUBE-NFC6.3.0.0
2023-12-04 17:55:30,805 [WARN] PackLoader:240 - Cannot read IP mode file for STMicroelectronics.X-CUBE-EEPRMA1.4.1.0
2023-12-04 17:55:30,813 [WARN] PackLoader:240 - Cannot read IP mode file for STMicroelectronics.X-CUBE-DISPLAY.1.0.0
2023-12-04 17:55:30,818 [WARN] PackLoader:240 - Cannot read IP mode file for STMicroelectronics.X-CUBE-AI.8.1.0
2023-12-04 17:55:30,824 [WARN] PackLoader:240 - Cannot read IP mode file for STMicroelectronics.X-CUBE-AI.6.0.0
2023-12-04 17:55:30,847 [WARN] ConditionMgr:438 - getConditionDescription Invalid condition id : LAN8742 Phy interface Condition cause : null
2023-12-04 17:55:30,848 [WARN] PackLoader:240 - Cannot read IP mode file for STMicroelectronics.X-CUBE-AZRTOS-L4.2.0.0
2023-12-04 17:55:30,850 [WARN] ConditionMgr:1039 - genDependencies : Invalid condition id : LAN8742 Phy interface Condition cause : null
2023-12-04 17:55:30,850 [WARN] ConditionMgr:1039 - genDependencies : Invalid condition id : LAN8742 Phy interface Condition cause : null
2023-12-04 17:55:30,853 [WARN] ConditionMgr:1039 - genDependencies : Invalid condition id : LAN8742 Phy interface Condition cause : null
2023-12-04 17:55:30,863 [WARN] PackLoader:240 - Cannot read IP mode file for STMicroelectronics.X-CUBE-SFXS2LP1.4.0.0
2023-12-04 17:55:30,873 [WARN] PackLoader:240 - Cannot read IP mode file for wolfSSL.I-CUBE-wolfSSL.4.7.0
2023-12-04 17:55:30,903 [WARN] PackLoader:240 - Cannot read IP mode file for STMicroelectronics.X-CUBE-AZRTOS-H7.3.0.0
2023-12-04 17:55:30,913 [WARN] PackLoader:240 - Cannot read IP mode file for STMicroelectronics.X-CUBE-ISPU.1.1.0
2023-12-04 17:55:30,924 [WARN] PackLoader:240 - Cannot read IP mode file for RoweBots.I-CUBE-UNISONRTOS.5.5.0-4
2023-12-04 17:55:30,952 [WARN] PackLoader:240 - Cannot read IP mode file for STMicroelectronics.X-CUBE-SFXS2LP1.3.0.0
2023-12-04 17:55:30,960 [WARN] PackLoader:240 - Cannot read IP mode file for STMicroelectronics.X-CUBE-AI.8.0.0
2023-12-04 17:55:30,975 [WARN] ConditionMgr:438 - getConditionDescription Invalid condition id : UX DEVICE CLASS RTOS Condition cause : null
2023-12-04 17:55:30,975 [WARN] ConditionMgr:438 - getConditionDescription Invalid condition id : UX DEVICE CLASS RTOS Condition cause : null
2023-12-04 17:55:30,979 [WARN] PackLoader:240 - Cannot read IP mode file for STMicroelectronics.X-CUBE-AZRTOS-WB.2.0.0
2023-12-04 17:55:30,980 [WARN] ConditionMgr:1039 - genDependencies : Invalid condition id : UX DEVICE CLASS RTOS Condition cause : null
2023-12-04 17:55:30,980 [WARN] ConditionMgr:1039 - genDependencies : Invalid condition id : UX DEVICE CLASS RTOS Condition cause : null
2023-12-04 17:55:30,981 [WARN] ConditionMgr:1039 - genDependencies : Invalid condition id : UX DEVICE CLASS RTOS Condition cause : null
2023-12-04 17:55:30,982 [WARN] ConditionMgr:1039 - genDependencies : Invalid condition id : UX DEVICE CLASS RTOS Condition cause : null
2023-12-04 17:55:30,982 [WARN] ConditionMgr:1039 - genDependencies : Invalid condition id : UX DEVICE CLASS RTOS Condition cause : null
2023-12-04 17:55:30,990 [WARN] PackLoader:240 - Cannot read IP mode file for STMicroelectronics.X-CUBE-FREERTOS.1.0.0
2023-12-04 17:55:31,002 [WARN] PackLoader:240 - Cannot read IP mode file for STMicroelectronics.X-CUBE-BLEMGR.1.0.0
2023-12-04 17:55:31,022 [WARN] PackLoader:240 - Cannot read IP mode file for STMicroelectronics.X-CUBE-AZRTOS-L5.1.1.0
2023-12-04 17:55:31,038 [WARN] PackLoader:240 - Cannot read IP mode file for STMicroelectronics.X-CUBE-SUBG2.5.0.0
2023-12-04 17:55:31,057 [WARN] PackLoader:240 - Cannot read IP mode file for STMicroelectronics.X-CUBE-TOF1.3.3.1
2023-12-04 17:55:31,087 [WARN] PackLoader:240 - Cannot read IP mode file for STMicroelectronics.X-CUBE-AZRTOS-G4.2.0.0
2023-12-04 17:55:31,168 [WARN] PackLoader:240 - Cannot read IP mode file for STMicroelectronics.FP-ATR-ASTRA1.1.1.1
2023-12-04 17:55:31,187 [WARN] PackLoader:240 - Cannot read IP mode file for Infineon.AIROC-Wi-Fi-Bluetooth-STM32.1.5.1
2023-12-04 17:55:31,193 [WARN] PackLoader:240 - Cannot read IP mode file for STMicroelectronics.FP-ATR-ASTRA1.1.1.0
2023-12-04 17:55:31,201 [WARN] PackLoader:240 - Cannot read IP mode file for STMicroelectronics.FP-SNS-MOTENVWB1.1.3.0
2023-12-04 17:55:31,207 [WARN] PackLoader:240 - Cannot read IP mode file for STMicroelectronics.FP-SNS-MOTENVWB1.1.3.1
2023-12-04 17:55:31,222 [WARN] PackLoader:240 - Cannot read IP mode file for STMicroelectronics.X-CUBE-AZRTOS-G4.1.0.0
2023-12-04 17:55:31,244 [WARN] PackLoader:240 - Cannot read IP mode file for STMicroelectronics.X-CUBE-AZRTOS-L4.1.0.0
2023-12-04 17:55:31,252 [WARN] PackLoader:240 - Cannot read IP mode file for STMicroelectronics.X-CUBE-ISPU.2.0.0
2023-12-04 17:55:31,303 [WARN] PackLoader:240 - Cannot read IP mode file for STMicroelectronics.X-CUBE-MEMS1.10.0.0
2023-12-04 17:55:31,425 [WARN] PackLoader:240 - Cannot read IP mode file for STMicroelectronics.X-CUBE-FREERTOS.1.1.0
2023-12-04 17:55:31,437 [WARN] PackLoader:240 - Cannot read IP mode file for STMicroelectronics.X-CUBE-AZRTOS-WL.1.0.0
2023-12-04 17:55:31,444 [WARN] PackLoader:240 - Cannot read IP mode file for STMicroelectronics.X-CUBE-TOF1.1.0.0
2023-12-04 17:55:31,454 [WARN] PackLoader:240 - Cannot read IP mode file for portGmbH.I-Cube-SoM-uGOAL.1.1.0
2023-12-04 17:55:31,462 [WARN] PackLoader:240 - Cannot read IP mode file for STMicroelectronics.X-CUBE-ALS.1.0.1
2023-12-04 17:55:31,481 [WARN] PackLoader:240 - Cannot read IP mode file for STMicroelectronics.X-CUBE-AZRTOS-WB.1.1.0
2023-12-04 17:55:31,519 [WARN] PackLoader:240 - Cannot read IP mode file for STMicroelectronics.X-CUBE-MEMS1.8.3.0
2023-12-04 17:55:31,641 [WARN] PackLoader:240 - Cannot read IP mode file for STMicroelectronics.X-CUBE-AZRTOS-L5.1.0.0
2023-12-04 17:55:31,648 [WARN] PackLoader:240 - Cannot read IP mode file for STMicroelectronics.X-CUBE-EEPRMA1.3.1.1
2023-12-04 17:55:31,656 [WARN] PackLoader:240 - Cannot read IP mode file for STMicroelectronics.X-CUBE-GNSS1.5.2.0
2023-12-04 17:55:31,662 [WARN] PackLoader:240 - Cannot read IP mode file for STMicroelectronics.FP-ATR-ASTRA1.2.0.0
2023-12-04 17:55:31,675 [WARN] PackLoader:240 - Cannot read IP mode file for STMicroelectronics.X-CUBE-TOF1.3.4.0
2023-12-04 17:55:31,708 [WARN] PackLoader:240 - Cannot read IP mode file for STMicroelectronics.X-CUBE-AZRTOS-H7.3.2.0
2023-12-04 17:55:31,712 [INFO] ThirdParty:978 - Integrity check success = true
2023-12-04 17:55:31,712 [INFO] IntegrityCheckThread:100 - exiting critical section [integrity check]
2023-12-04 17:55:31,713 [INFO] IntegrityCheckThread:103 - End integrity checks thread
2023-12-04 17:55:47,478 [ERROR] LogOutputStream:75 - [STDERR_REDIRECT] SLF4J: Failed to load class "org.slf4j.impl.StaticLoggerBinder".
2023-12-04 17:55:47,479 [ERROR] LogOutputStream:75 - [STDERR_REDIRECT] SLF4J: Defaulting to no-operation (NOP) logger implementation
2023-12-04 17:55:47,481 [ERROR] LogOutputStream:75 - [STDERR_REDIRECT] SLF4J: See http://www.slf4j.org/codes.html#StaticLoggerBinder for further details.
2023-12-04 17:56:19,651 [ERROR] LogOutputStream:75 - [STDERR_REDIRECT] 
