2024-03-31 11:14:28,195 [INFO] Activator:176 - 


2024-03-31 11:14:28,201 [INFO] Activator:177 - !SESSION log4j initialized
2024-03-31 11:14:37,418 [INFO] LogOutputStream:77 - [STDOUT_REDIRECT] 
2024-03-31 11:14:51,771 [INFO] ApplicationProperties:184 - Using Application install path: C:\ST\STM32CubeIDE_1.14.0\STM32CubeIDE\plugins\com.st.stm32cube.common.mx_6.11.0.202403141607
2024-03-31 11:14:51,795 [INFO] DbMcusXml:78 - Set database path to: C:\ST\STM32CubeIDE_1.14.0\STM32CubeIDE\plugins\com.st.stm32cube.common.mx_6.11.0.202403141607\\db\/mcu/
2024-03-31 11:14:51,796 [INFO] ApiDb:274 - Set plugin database path to: C:\ST\STM32CubeIDE_1.14.0\STM32CubeIDE\plugins\com.st.stm32cube.common.mx_6.11.0.202403141607\\db\/plugins/boardmanager/
2024-03-31 11:14:51,797 [WARN] ApiDb:259 - Overriding images path with different value:  => C:\ST\STM32CubeIDE_1.14.0\STM32CubeIDE\plugins\com.st.stm32cube.common.mx_6.11.0.202403141607\\db\/plugins/mcufinder/images/
2024-03-31 11:14:51,810 [INFO] ApiDb:250 - Set database path to: C:\Users\Steven\.stmcufinder\plugins\mcufinder//mcu/
2024-03-31 11:14:51,811 [INFO] DbMcusAds:125 - Set database path to: C:\Users\Steven\.stmcufinder\plugins\mcufinder//mcu/
2024-03-31 11:14:54,327 [INFO] CrossReferenceDbSqlite:203 - Set database path to: C:\Users\Steven\.stmcufinder\plugins\mcufinder//mcu/cs/
2024-03-31 11:14:54,450 [INFO] RulesReader:64 - Compatibility file has been processed (297 Rules)
2024-03-31 11:14:54,538 [INFO] DbMcusXml:78 - Set database path to: C:\ST\STM32CubeIDE_1.14.0\STM32CubeIDE\plugins\com.st.stm32cube.common.mx_6.11.0.202403141607\\db\/mcu/
2024-03-31 11:14:54,538 [INFO] ApiDb:274 - Set plugin database path to: C:\ST\STM32CubeIDE_1.14.0\STM32CubeIDE\plugins\com.st.stm32cube.common.mx_6.11.0.202403141607\\db\/plugins/boardmanager/
2024-03-31 11:14:54,538 [INFO] ApiDb:261 - Set plugin images path to: C:\ST\STM32CubeIDE_1.14.0\STM32CubeIDE\plugins\com.st.stm32cube.common.mx_6.11.0.202403141607\\db\/plugins/mcufinder/images/
2024-03-31 11:14:54,538 [WARN] DbFile:41 - Overriding database path with different value: C:\Users\Steven\.stmcufinder\plugins\mcufinder/ => C:\Users\Steven\.stmcufinder\plugins\mcufinder
2024-03-31 11:14:54,539 [INFO] ApiDb:250 - Set database path to: C:\Users\Steven\.stmcufinder\plugins\mcufinder//mcu/
2024-03-31 11:14:54,539 [WARN] DbFile:41 - Overriding database path with different value: C:\Users\Steven\.stmcufinder\plugins\mcufinder/ => C:\Users\Steven\.stmcufinder\plugins\mcufinder
2024-03-31 11:14:54,539 [INFO] DbMcusAds:125 - Set database path to: C:\Users\Steven\.stmcufinder\plugins\mcufinder//mcu/
2024-03-31 11:14:54,539 [WARN] DbFile:41 - Overriding database path with different value: C:\Users\Steven\.stmcufinder\plugins\mcufinder/ => C:\Users\Steven\.stmcufinder\plugins\mcufinder
2024-03-31 11:14:54,539 [WARN] DbFile:41 - Overriding database path with different value: C:\Users\Steven\.stmcufinder\plugins\mcufinder/ => C:\Users\Steven\.stmcufinder\plugins\mcufinder
2024-03-31 11:14:54,539 [INFO] CrossReferenceDbSqlite:203 - Set database path to: C:\Users\Steven\.stmcufinder\plugins\mcufinder//mcu/cs/
2024-03-31 11:14:54,626 [INFO] MainPanel:264 - HeapMemory: 268435456
2024-03-31 11:14:54,732 [INFO] DbMcusXml:78 - Set database path to: C:\ST\STM32CubeIDE_1.14.0\STM32CubeIDE\plugins\com.st.stm32cube.common.mx_6.11.0.202403141607\\db\/mcu/
2024-03-31 11:14:54,732 [INFO] ApiDb:274 - Set plugin database path to: C:\ST\STM32CubeIDE_1.14.0\STM32CubeIDE\plugins\com.st.stm32cube.common.mx_6.11.0.202403141607\\db\/plugins/boardmanager/
2024-03-31 11:14:54,732 [INFO] ApiDb:261 - Set plugin images path to: C:\ST\STM32CubeIDE_1.14.0\STM32CubeIDE\plugins\com.st.stm32cube.common.mx_6.11.0.202403141607\\db\/plugins/mcufinder/images/
2024-03-31 11:14:54,733 [WARN] DbFile:41 - Overriding database path with different value: C:\Users\Steven\.stmcufinder\plugins\mcufinder/ => C:\Users\Steven\.stmcufinder\plugins\mcufinder
2024-03-31 11:14:54,733 [INFO] ApiDb:250 - Set database path to: C:\Users\Steven\.stmcufinder\plugins\mcufinder//mcu/
2024-03-31 11:14:54,733 [WARN] DbFile:41 - Overriding database path with different value: C:\Users\Steven\.stmcufinder\plugins\mcufinder/ => C:\Users\Steven\.stmcufinder\plugins\mcufinder
2024-03-31 11:14:54,733 [INFO] DbMcusAds:125 - Set database path to: C:\Users\Steven\.stmcufinder\plugins\mcufinder//mcu/
2024-03-31 11:14:54,733 [WARN] DbFile:41 - Overriding database path with different value: C:\Users\Steven\.stmcufinder\plugins\mcufinder/ => C:\Users\Steven\.stmcufinder\plugins\mcufinder
2024-03-31 11:14:54,733 [WARN] DbFile:41 - Overriding database path with different value: C:\Users\Steven\.stmcufinder\plugins\mcufinder/ => C:\Users\Steven\.stmcufinder\plugins\mcufinder
2024-03-31 11:14:54,733 [INFO] CrossReferenceDbSqlite:203 - Set database path to: C:\Users\Steven\.stmcufinder\plugins\mcufinder//mcu/cs/
2024-03-31 11:14:54,751 [INFO] ApplicationProperties:184 - Using Application install path: C:\ST\STM32CubeIDE_1.14.0\STM32CubeIDE\plugins\com.st.stm32cube.common.mx_6.11.0.202403141607
2024-03-31 11:14:54,752 [INFO] PluginManage:196 - Search for loadable plugins [exclusion list=, ]
2024-03-31 11:14:54,754 [INFO] PluginManage:310 - Check plugin analytics
2024-03-31 11:14:54,965 [INFO] AnalyticsPlugin:253 - Accepted Software Licenses: STM32CubeMX.6.10.0
2024-03-31 11:14:54,965 [INFO] AnalyticsPlugin:255 - Accepted CMSIS Pack Licenses: 
2024-03-31 11:14:54,965 [INFO] AnalyticsPlugin:257 - Accepted Firmware Licenses: 
2024-03-31 11:14:54,969 [INFO] PluginManage:359 - Loaded plugin analytics (category:tool,tabindex:-1)
2024-03-31 11:14:54,969 [INFO] PluginManage:310 - Check plugin cadmodel
2024-03-31 11:14:54,977 [INFO] CADModel:105 - Init CAD model plugin
2024-03-31 11:14:54,978 [INFO] PluginManage:359 - Loaded plugin cadmodel (category:power,tabindex:5)
2024-03-31 11:14:54,978 [INFO] PluginManage:310 - Check plugin clock
2024-03-31 11:14:54,993 [INFO] PluginManage:359 - Loaded plugin clock (category:base,tabindex:2)
2024-03-31 11:14:54,993 [INFO] PluginManage:310 - Check plugin ddr
2024-03-31 11:14:54,996 [INFO] PluginManage:359 - Loaded plugin ddr (category:tool,tabindex:6)
2024-03-31 11:14:54,996 [INFO] PluginManage:310 - Check plugin filemanager
2024-03-31 11:14:55,160 [INFO] PluginManage:359 - Loaded plugin filemanager (category:base,tabindex:10)
2024-03-31 11:14:55,160 [INFO] PluginManage:310 - Check plugin ipmanager
2024-03-31 11:14:55,167 [INFO] PluginManage:359 - Loaded plugin ipmanager (category:base,tabindex:5)
2024-03-31 11:14:55,168 [INFO] PluginManage:310 - Check plugin lpbam
2024-03-31 11:14:55,175 [INFO] PluginManage:359 - Loaded plugin lpbam (category:base,tabindex:0)
2024-03-31 11:14:55,176 [INFO] PluginManage:310 - Check plugin memorymap
2024-03-31 11:14:55,192 [INFO] PluginManage:359 - Loaded plugin memorymap (category:base,tabindex:4)
2024-03-31 11:14:55,192 [INFO] PluginManage:310 - Check plugin pinoutandconfiguration
2024-03-31 11:14:55,204 [INFO] PluginManage:359 - Loaded plugin pinoutandconfiguration (category:base,tabindex:1)
2024-03-31 11:14:55,205 [INFO] PluginManage:310 - Check plugin pinoutconfig
2024-03-31 11:14:55,318 [WARN] SupportedApi:132 - Cannot load RTOS API schema: s4s-elt-must-match.1: The content of 'definitions' must match (annotation?, (simpleType | complexType)?, (unique | key | keyref)*)). A problem was found starting at: attribute.
2024-03-31 11:14:55,490 [INFO] PluginManage:359 - Loaded plugin pinoutconfig (category:base,tabindex:0)
2024-03-31 11:14:55,490 [INFO] PluginManage:310 - Check plugin power
2024-03-31 11:14:55,501 [INFO] PluginManage:359 - Loaded plugin power (category:power,tabindex:4)
2024-03-31 11:14:55,501 [INFO] PluginManage:310 - Check plugin projectmanager
2024-03-31 11:14:55,519 [INFO] PluginManage:359 - Loaded plugin projectmanager (category:projectmanager,tabindex:3)
2024-03-31 11:14:55,520 [INFO] PluginManage:310 - Check plugin thirdparty
2024-03-31 11:14:55,675 [WARN] IntegrityCheckThread:84 - waiting for thirdparty lock release [integrity check]
2024-03-31 11:14:55,675 [INFO] IntegrityCheckThread:86 - entering critical section [integrity check]
2024-03-31 11:14:55,675 [INFO] PluginManage:359 - Loaded plugin thirdparty (category:base,tabindex:-1)
2024-03-31 11:14:55,675 [INFO] PluginManage:310 - Check plugin tools
2024-03-31 11:14:55,676 [INFO] ThirdPartyUpdaterWithRetryManager:70 - Updater plugin not ready yet. [1/15]
2024-03-31 11:14:55,679 [INFO] PluginManage:359 - Loaded plugin tools (category:base,tabindex:7)
2024-03-31 11:14:55,680 [INFO] PluginManage:310 - Check plugin tutovideos
2024-03-31 11:14:55,863 [INFO] PluginManage:359 - Loaded plugin tutovideos (category:base,tabindex:-1)
2024-03-31 11:14:55,863 [INFO] PluginManage:310 - Check plugin updater
2024-03-31 11:14:55,879 [INFO] PluginManage:359 - Loaded plugin updater (category:base,tabindex:12)
2024-03-31 11:14:55,879 [INFO] PluginManage:310 - Check plugin userauth
2024-03-31 11:14:55,886 [INFO] UserAuth:114 - Init User Auth plugin
2024-03-31 11:14:55,886 [INFO] PluginManage:359 - Loaded plugin userauth (category:base,tabindex:14)
2024-03-31 11:14:55,886 [INFO] PluginManage:283 - PluginManage : Loaded plugins [17]
2024-03-31 11:14:56,099 [INFO] PinOutPanel:1561 - setPackage(No Configuration,No Configuration)
2024-03-31 11:14:56,175 [INFO] CADModel:165 - CPN selected for project level
2024-03-31 11:14:56,176 [INFO] CADModel:114 - Register for checkConnection events
2024-03-31 11:14:56,192 [INFO] IPUIPlugin:80 - create IPUIPlugin
2024-03-31 11:14:56,192 [INFO] PluginManager:220 - loadIPPluginJar : add adc
2024-03-31 11:14:56,195 [INFO] IPUIPlugin:80 - create IPUIPlugin
2024-03-31 11:14:56,195 [INFO] PluginManager:220 - loadIPPluginJar : add aes
2024-03-31 11:14:56,198 [INFO] IPUIPlugin:80 - create IPUIPlugin
2024-03-31 11:14:56,198 [INFO] PluginManager:220 - loadIPPluginJar : add can
2024-03-31 11:14:56,200 [INFO] IPUIPlugin:80 - create IPUIPlugin
2024-03-31 11:14:56,201 [INFO] PluginManager:220 - loadIPPluginJar : add comp
2024-03-31 11:14:56,203 [INFO] IPUIPlugin:80 - create IPUIPlugin
2024-03-31 11:14:56,204 [INFO] PluginManager:220 - loadIPPluginJar : add cryp
2024-03-31 11:14:56,206 [INFO] IPUIPlugin:80 - create IPUIPlugin
2024-03-31 11:14:56,206 [INFO] PluginManager:220 - loadIPPluginJar : add dfsdm
2024-03-31 11:14:56,211 [INFO] IPUIPlugin:80 - create IPUIPlugin
2024-03-31 11:14:56,212 [INFO] PluginManager:220 - loadIPPluginJar : add dma
2024-03-31 11:14:56,215 [INFO] IPUIPlugin:80 - create IPUIPlugin
2024-03-31 11:14:56,215 [INFO] PluginManager:220 - loadIPPluginJar : add dma3
2024-03-31 11:14:56,218 [INFO] IPUIPlugin:80 - create IPUIPlugin
2024-03-31 11:14:56,219 [INFO] PluginManager:220 - loadIPPluginJar : add extmemmanager
2024-03-31 11:14:56,220 [INFO] IPUIPlugin:80 - create IPUIPlugin
2024-03-31 11:14:56,220 [INFO] PluginManager:220 - loadIPPluginJar : add fatfs
2024-03-31 11:14:56,225 [INFO] IPUIPlugin:80 - create IPUIPlugin
2024-03-31 11:14:56,225 [INFO] PluginManager:220 - loadIPPluginJar : add fmc
2024-03-31 11:14:56,230 [INFO] IPUIPlugin:80 - create IPUIPlugin
2024-03-31 11:14:56,231 [INFO] PluginManager:220 - loadIPPluginJar : add freertos
2024-03-31 11:14:56,232 [INFO] IPUIPlugin:80 - create IPUIPlugin
2024-03-31 11:14:56,233 [INFO] PluginManager:220 - loadIPPluginJar : add genericplugin
2024-03-31 11:14:56,236 [INFO] IPUIPlugin:80 - create IPUIPlugin
2024-03-31 11:14:56,236 [INFO] PluginManager:220 - loadIPPluginJar : add gfxmmu
2024-03-31 11:14:56,242 [INFO] IPUIPlugin:80 - create IPUIPlugin
2024-03-31 11:14:56,243 [INFO] PluginManager:220 - loadIPPluginJar : add gic
2024-03-31 11:14:56,248 [INFO] IPUIPlugin:80 - create IPUIPlugin
2024-03-31 11:14:56,248 [INFO] PluginManager:220 - loadIPPluginJar : add gpio
2024-03-31 11:14:56,254 [INFO] IPUIPlugin:80 - create IPUIPlugin
2024-03-31 11:14:56,255 [INFO] PluginManager:220 - loadIPPluginJar : add gtzc
2024-03-31 11:14:56,259 [INFO] IPUIPlugin:80 - create IPUIPlugin
2024-03-31 11:14:56,260 [INFO] PluginManager:220 - loadIPPluginJar : add hash
2024-03-31 11:14:56,265 [INFO] IPUIPlugin:80 - create IPUIPlugin
2024-03-31 11:14:56,265 [INFO] PluginManager:220 - loadIPPluginJar : add i2c
2024-03-31 11:14:56,269 [INFO] IPUIPlugin:80 - create IPUIPlugin
2024-03-31 11:14:56,269 [INFO] PluginManager:220 - loadIPPluginJar : add i2s
2024-03-31 11:14:56,274 [INFO] IPUIPlugin:80 - create IPUIPlugin
2024-03-31 11:14:56,274 [INFO] PluginManager:220 - loadIPPluginJar : add i3c
2024-03-31 11:14:56,278 [INFO] IPUIPlugin:80 - create IPUIPlugin
2024-03-31 11:14:56,278 [INFO] PluginManager:220 - loadIPPluginJar : add ipddr
2024-03-31 11:14:56,287 [INFO] IPUIPlugin:80 - create IPUIPlugin
2024-03-31 11:14:56,288 [INFO] PluginManager:220 - loadIPPluginJar : add linkedlist
2024-03-31 11:14:56,291 [INFO] IPUIPlugin:80 - create IPUIPlugin
2024-03-31 11:14:56,291 [INFO] PluginManager:220 - loadIPPluginJar : add lorawan
2024-03-31 11:14:56,293 [INFO] IPUIPlugin:80 - create IPUIPlugin
2024-03-31 11:14:56,294 [INFO] PluginManager:220 - loadIPPluginJar : add ltdc
2024-03-31 11:14:56,301 [INFO] IPUIPlugin:80 - create IPUIPlugin
2024-03-31 11:14:56,302 [INFO] PluginManager:220 - loadIPPluginJar : add mdma
2024-03-31 11:14:56,307 [INFO] IPUIPlugin:80 - create IPUIPlugin
2024-03-31 11:14:56,307 [INFO] PluginManager:220 - loadIPPluginJar : add nvic
2024-03-31 11:14:56,311 [INFO] IPUIPlugin:80 - create IPUIPlugin
2024-03-31 11:14:56,311 [INFO] PluginManager:220 - loadIPPluginJar : add opamp
2024-03-31 11:14:56,315 [INFO] IPUIPlugin:80 - create IPUIPlugin
2024-03-31 11:14:56,315 [INFO] PluginManager:220 - loadIPPluginJar : add openamp
2024-03-31 11:14:56,319 [INFO] IPUIPlugin:80 - create IPUIPlugin
2024-03-31 11:14:56,319 [INFO] PluginManager:220 - loadIPPluginJar : add pdm2pcm
2024-03-31 11:14:56,326 [INFO] IPUIPlugin:80 - create IPUIPlugin
2024-03-31 11:14:56,328 [INFO] PluginManager:220 - loadIPPluginJar : add plateformsettings
2024-03-31 11:14:56,330 [INFO] IPUIPlugin:80 - create IPUIPlugin
2024-03-31 11:14:56,330 [INFO] PluginManager:220 - loadIPPluginJar : add quadspi
2024-03-31 11:14:56,337 [INFO] IPUIPlugin:80 - create IPUIPlugin
2024-03-31 11:14:56,337 [INFO] PluginManager:220 - loadIPPluginJar : add resmgrutility
2024-03-31 11:14:56,340 [INFO] IPUIPlugin:80 - create IPUIPlugin
2024-03-31 11:14:56,340 [INFO] PluginManager:220 - loadIPPluginJar : add sai
2024-03-31 11:14:56,344 [INFO] IPUIPlugin:80 - create IPUIPlugin
2024-03-31 11:14:56,344 [INFO] PluginManager:220 - loadIPPluginJar : add spi
2024-03-31 11:14:56,349 [INFO] IPUIPlugin:80 - create IPUIPlugin
2024-03-31 11:14:56,349 [INFO] PluginManager:220 - loadIPPluginJar : add stm32_wpan
2024-03-31 11:14:56,351 [INFO] IPUIPlugin:80 - create IPUIPlugin
2024-03-31 11:14:56,352 [INFO] PluginManager:220 - loadIPPluginJar : add tim
2024-03-31 11:14:56,355 [INFO] IPUIPlugin:80 - create IPUIPlugin
2024-03-31 11:14:56,355 [INFO] PluginManager:220 - loadIPPluginJar : add touchsensing
2024-03-31 11:14:56,358 [INFO] IPUIPlugin:80 - create IPUIPlugin
2024-03-31 11:14:56,358 [INFO] PluginManager:220 - loadIPPluginJar : add tracer_emb
2024-03-31 11:14:56,360 [INFO] IPUIPlugin:80 - create IPUIPlugin
2024-03-31 11:14:56,361 [INFO] PluginManager:220 - loadIPPluginJar : add ts
2024-03-31 11:14:56,363 [INFO] IPUIPlugin:80 - create IPUIPlugin
2024-03-31 11:14:56,364 [INFO] PluginManager:220 - loadIPPluginJar : add tsc
2024-03-31 11:14:56,366 [INFO] IPUIPlugin:80 - create IPUIPlugin
2024-03-31 11:14:56,367 [INFO] PluginManager:220 - loadIPPluginJar : add ucpd
2024-03-31 11:14:56,370 [INFO] IPUIPlugin:80 - create IPUIPlugin
2024-03-31 11:14:56,370 [INFO] PluginManager:220 - loadIPPluginJar : add usart
2024-03-31 11:14:56,374 [INFO] IPUIPlugin:80 - create IPUIPlugin
2024-03-31 11:14:56,374 [INFO] PluginManager:220 - loadIPPluginJar : add usbx
2024-03-31 11:14:56,510 [INFO] CADModel:165 - CPN selected for project level
2024-03-31 11:14:56,511 [INFO] CADModel:114 - Register for checkConnection events
2024-03-31 11:14:56,511 [FATAL] Updater:308 - Updater called before beeing initialized
2024-03-31 11:14:56,511 [ERROR] CADModel:125 - Updater not yet initialized, retry later 
2024-03-31 11:14:56,652 [INFO] CADModel:165 - CPN selected for project level
2024-03-31 11:14:56,652 [INFO] CADModel:114 - Register for checkConnection events
2024-03-31 11:14:56,652 [FATAL] Updater:308 - Updater called before beeing initialized
2024-03-31 11:14:56,652 [ERROR] CADModel:125 - Updater not yet initialized, retry later 
2024-03-31 11:14:56,655 [FATAL] Updater:308 - Updater called before beeing initialized
2024-03-31 11:14:56,807 [FATAL] Updater:308 - Updater called before beeing initialized
2024-03-31 11:14:56,814 [INFO] DbMcusAds:53 - JSON generation date=Thu Sep 30 07:55:09 BST 2021 (1632984909247)
2024-03-31 11:14:56,814 [FATAL] Updater:308 - Updater called before beeing initialized
2024-03-31 11:14:56,878 [WARN] DetailPanel:346 - Failed to get advertising image, set to default
2024-03-31 11:14:56,994 [FATAL] Updater:308 - Updater called before beeing initialized
2024-03-31 11:14:56,996 [FATAL] Updater:308 - Updater called before beeing initialized
2024-03-31 11:14:56,996 [FATAL] Updater:308 - Updater called before beeing initialized
2024-03-31 11:14:56,996 [WARN] DetailPanel:346 - Failed to get advertising image, set to default
2024-03-31 11:14:56,997 [FATAL] Updater:308 - Updater called before beeing initialized
2024-03-31 11:14:57,054 [ERROR] Updater:1120 - MainUpdater not yet initialized. External WinMGr cannot be set.
2024-03-31 11:14:57,056 [INFO] Updater:1056 - Updater Version found : 6.11.0
2024-03-31 11:14:57,080 [INFO] ApplicationProperties:184 - Using Application install path: C:\ST\STM32CubeIDE_1.14.0\STM32CubeIDE\plugins\com.st.stm32cube.common.mx_6.11.0.202403141607
2024-03-31 11:14:58,655 [ERROR] LogOutputStream:75 - [STDERR_REDIRECT] Mar 31, 2024 11:14:58 AM java.util.prefs.WindowsPreferences <init>
2024-03-31 11:14:58,656 [ERROR] LogOutputStream:75 - [STDERR_REDIRECT] WARNING: Could not open/create prefs root node Software\JavaSoft\Prefs at root 0xffffffff80000002. Windows RegCreateKeyEx(...) returned error code 5.
2024-03-31 11:14:58,656 [ERROR] LogOutputStream:75 - [STDERR_REDIRECT] 
2024-03-31 11:14:58,677 [INFO] ThirdPartyUpdaterWithRetryManager:70 - Updater plugin not ready yet. [2/15]
2024-03-31 11:15:01,678 [FATAL] Updater:308 - Updater called before beeing initialized
2024-03-31 11:15:01,678 [ERROR] IntegrityCheckThread:130 - Cannot retrieve database content from updater: error 21
2024-03-31 11:15:01,679 [INFO] ThirdParty:978 - Integrity check success = false
2024-03-31 11:15:01,679 [INFO] IntegrityCheckThread:100 - exiting critical section [integrity check]
2024-03-31 11:15:01,679 [INFO] IntegrityCheckThread:103 - End integrity checks thread
2024-03-31 11:15:02,788 [INFO] MainUpdater:2873 - connection check result : 10
2024-03-31 11:15:02,788 [INFO] MainUpdater:3567 - Updater definition file requires update
2024-03-31 11:15:02,788 [INFO] MainUpdater:290 - Updater Check For Update Now.
2024-03-31 11:15:02,789 [INFO] MicroXplorer:498 - Change Database Version : DB.6.0.110
2024-03-31 11:15:02,794 [INFO] McuFinderGlobals:63 - Set McuFinder mode to 2 (CubeIDE integrated)
2024-03-31 11:15:02,801 [INFO] UserAuth:415 - Internet connection configuration mode: 1
2024-03-31 11:15:02,825 [INFO] JxBrowserEngine:152 - Initiate JxBrowser Engine with user profile folder
2024-03-31 11:15:03,697 [INFO] WebApp:161 - Instantiating new browser for Auth
2024-03-31 11:15:04,397 [INFO] WebApp:779 - Register for checkConnection events
2024-03-31 11:15:04,398 [INFO] WebApp:414 - Apply proxy settings
2024-03-31 11:15:04,398 [INFO] WebApp:499 - Chromium requires no authentication
2024-03-31 11:15:04,406 [INFO] WebApp:442 - Direct internet connection detected
2024-03-31 11:15:04,619 [INFO] WebApp:192 - Starting web application
2024-03-31 11:15:04,619 [INFO] WebApp:544 - Web application path used C:\ST\STM32CubeIDE_1.14.0\STM32CubeIDE\plugins\com.st.stm32cube.common.mx_6.11.0.202403141607\db\plugins\mcufinder\reactClient1\index.html
2024-03-31 11:15:07,642 [INFO] ServerAccessManage:473 - Download File updaters.zip
2024-03-31 11:15:12,060 [INFO] FileExtend:240 - Unzip File : updaters.zip
2024-03-31 11:15:12,060 [INFO] FileExtend:255 - Standard Zip Deflate
2024-03-31 11:15:13,998 [INFO] ServerAccessManage:473 - Download File PacksControlFlags.xml
2024-03-31 11:15:15,633 [INFO] ServerAccessManage:473 - Download File cubemx.pidx
2024-03-31 11:15:19,757 [INFO] ServerAccessManage:473 - Download File STMicroelectronics.FP-SNS-MOTENV1.pdsc
2024-03-31 11:15:26,442 [ERROR] LogOutputStream:75 - [STDERR_REDIRECT] SLF4J: Failed to load class "org.slf4j.impl.StaticLoggerBinder".
2024-03-31 11:15:26,443 [ERROR] LogOutputStream:75 - [STDERR_REDIRECT] SLF4J: Defaulting to no-operation (NOP) logger implementation
2024-03-31 11:15:26,444 [ERROR] LogOutputStream:75 - [STDERR_REDIRECT] SLF4J: See http://www.slf4j.org/codes.html#StaticLoggerBinder for further details.
2024-03-31 11:15:27,434 [ERROR] LogOutputStream:75 - [STDERR_REDIRECT] Mar 31, 2024 11:15:27 AM org.apache.jasper.servlet.TldScanner scanJars
2024-03-31 11:15:27,440 [ERROR] LogOutputStream:75 - [STDERR_REDIRECT] INFO: At least one JAR was scanned for TLDs yet contained no TLDs. Enable debug logging for this logger for a complete list of JARs that were scanned but no TLDs were found in them. Skipping unneeded JARs during scanning can improve startup time and JSP compilation time.
2024-03-31 11:15:27,440 [ERROR] LogOutputStream:75 - [STDERR_REDIRECT] 
2024-03-31 11:15:27,965 [INFO] ServerAccessManage:473 - Download File STMicroelectronics.X-CUBE-SAFEA1.pdsc
2024-03-31 11:15:28,074 [ERROR] LogOutputStream:75 - [STDERR_REDIRECT] Mar 31, 2024 11:15:28 AM org.apache.jasper.servlet.TldScanner scanJars
2024-03-31 11:15:28,082 [ERROR] LogOutputStream:75 - [STDERR_REDIRECT] INFO: At least one JAR was scanned for TLDs yet contained no TLDs. Enable debug logging for this logger for a complete list of JARs that were scanned but no TLDs were found in them. Skipping unneeded JARs during scanning can improve startup time and JSP compilation time.
2024-03-31 11:15:28,083 [ERROR] LogOutputStream:75 - [STDERR_REDIRECT] 
2024-03-31 11:15:35,731 [INFO] ServerAccessManage:473 - Download File STMicroelectronics.X-CUBE-TOUCHGFX.pdsc
2024-03-31 11:16:17,066 [WARN] PackLoader:240 - Cannot read IP mode file for STMicroelectronics.FP-SNS-MOTENV1.5.0.0
2024-03-31 11:16:17,087 [WARN] PackLoader:240 - Cannot read IP mode file for STMicroelectronics.X-CUBE-SAFEA1.1.2.2
2024-03-31 11:16:17,094 [WARN] PackLoader:240 - Cannot read IP mode file for STMicroelectronics.X-CUBE-TOUCHGFX.4.23.1
2024-03-31 11:16:17,094 [INFO] PopulateThirdPartyThread:66 - Ending populate Thread
2024-03-31 11:16:17,096 [INFO] ThirdParty:1030 - CMSIS Pack Vendor :STMicroelectronics X-CUBE-TOUCHGFX 4.23.1
2024-03-31 11:16:17,097 [INFO] ThirdParty:1030 - CMSIS Pack Vendor :STMicroelectronics FP-SNS-MOTENV1 5.0.0
2024-03-31 11:16:17,097 [INFO] ThirdParty:1030 - CMSIS Pack Vendor :STMicroelectronics X-CUBE-SAFEA1 1.2.2
2024-03-31 11:16:17,097 [INFO] LoadServerUpdatesThread:375 - End of LoadServerUpdate Thread
2024-03-31 11:16:17,176 [INFO] CheckServerUpdateThread:120 - End of CheckServer Thread
2024-03-31 11:47:27,696 [ERROR] LogOutputStream:75 - [STDERR_REDIRECT] 
